[0.137s] Invoking command in '/home/fu941/TDK_ros/build/camera': CMAKE_PREFIX_PATH=/home/fu941/TDK_ros/install/mainspace:/home/fu941/TDK_ros/install/camera:/home/fu941/TDK_ros/install/SerialTest:/opt/ros/humble /usr/bin/cmake --build /home/fu941/TDK_ros/build/camera -- -j4 -l4
[0.828s] [ 25%] Built target cameraDesk2_test
[0.838s] [ 50%] Built target cameraCoffee2
[0.855s] [ 75%] Built target cameraStage3
[0.879s] [100%] Built target cameraDesk2
[0.956s] Invoked command in '/home/fu941/TDK_ros/build/camera' returned '0': CMAKE_PREFIX_PATH=/home/fu941/TDK_ros/install/mainspace:/home/fu941/TDK_ros/install/camera:/home/fu941/TDK_ros/install/SerialTest:/opt/ros/humble /usr/bin/cmake --build /home/fu941/TDK_ros/build/camera -- -j4 -l4
[0.970s] Invoking command in '/home/fu941/TDK_ros/build/camera': CMAKE_PREFIX_PATH=/home/fu941/TDK_ros/install/mainspace:/home/fu941/TDK_ros/install/camera:/home/fu941/TDK_ros/install/SerialTest:/opt/ros/humble /usr/bin/cmake --install /home/fu941/TDK_ros/build/camera
[1.045s] -- Install configuration: ""
[1.047s] -- Up-to-date: /home/fu941/TDK_ros/install/camera/include/
[1.048s] -- Up-to-date: /home/fu941/TDK_ros/install/camera/include//camera
[1.049s] -- Up-to-date: /home/fu941/TDK_ros/install/camera/include//camera/cameraBackground.hpp
[1.065s] -- Up-to-date: /home/fu941/TDK_ros/install/camera/lib/camera/cameraCoffee2
[1.066s] -- Up-to-date: /home/fu941/TDK_ros/install/camera/lib/camera/cameraDesk2
[1.067s] -- Up-to-date: /home/fu941/TDK_ros/install/camera/lib/camera/cameraDesk2_test
[1.071s] -- Up-to-date: /home/fu941/TDK_ros/install/camera/lib/camera/cameraStage3
[1.075s] -- Up-to-date: /home/fu941/TDK_ros/install/camera/share/ament_index/resource_index/package_run_dependencies/camera
[1.077s] -- Up-to-date: /home/fu941/TDK_ros/install/camera/share/ament_index/resource_index/parent_prefix_path/camera
[1.078s] -- Up-to-date: /home/fu941/TDK_ros/install/camera/share/camera/environment/ament_prefix_path.sh
[1.080s] -- Up-to-date: /home/fu941/TDK_ros/install/camera/share/camera/environment/ament_prefix_path.dsv
[1.089s] -- Up-to-date: /home/fu941/TDK_ros/install/camera/share/camera/environment/path.sh
[1.090s] -- Up-to-date: /home/fu941/TDK_ros/install/camera/share/camera/environment/path.dsv
[1.092s] -- Up-to-date: /home/fu941/TDK_ros/install/camera/share/camera/local_setup.bash
[1.093s] -- Up-to-date: /home/fu941/TDK_ros/install/camera/share/camera/local_setup.sh
[1.094s] -- Up-to-date: /home/fu941/TDK_ros/install/camera/share/camera/local_setup.zsh
[1.095s] -- Up-to-date: /home/fu941/TDK_ros/install/camera/share/camera/local_setup.dsv
[1.097s] -- Installing: /home/fu941/TDK_ros/install/camera/share/camera/package.dsv
[1.098s] -- Up-to-date: /home/fu941/TDK_ros/install/camera/share/ament_index/resource_index/packages/camera
[1.103s] -- Up-to-date: /home/fu941/TDK_ros/install/camera/share/camera/cmake/cameraConfig.cmake
[1.113s] -- Up-to-date: /home/fu941/TDK_ros/install/camera/share/camera/cmake/cameraConfig-version.cmake
[1.115s] -- Up-to-date: /home/fu941/TDK_ros/install/camera/share/camera/package.xml
[1.118s] Invoked command in '/home/fu941/TDK_ros/build/camera' returned '0': CMAKE_PREFIX_PATH=/home/fu941/TDK_ros/install/mainspace:/home/fu941/TDK_ros/install/camera:/home/fu941/TDK_ros/install/SerialTest:/opt/ros/humble /usr/bin/cmake --install /home/fu941/TDK_ros/build/camera
