[0.126s] Invoking command in '/home/fu941/TDK_ros/build/camera': CMAKE_PREFIX_PATH=/home/fu941/TDK_ros/install/mainspace:/home/fu941/TDK_ros/install/camera:/home/fu941/TDK_ros/install/SerialTest:/opt/ros/humble /usr/bin/cmake --build /home/fu941/TDK_ros/build/camera -- -j4 -l4
[0.791s] [ 25%] Built target cameraCoffee2
[0.794s] [ 50%] Built target cameraStage3
[0.835s] [ 75%] Built target cameraDesk2
[0.843s] [100%] Built target cameraDesk2_test
[0.949s] Invoked command in '/home/fu941/TDK_ros/build/camera' returned '0': CMAKE_PREFIX_PATH=/home/fu941/TDK_ros/install/mainspace:/home/fu941/TDK_ros/install/camera:/home/fu941/TDK_ros/install/SerialTest:/opt/ros/humble /usr/bin/cmake --build /home/fu941/TDK_ros/build/camera -- -j4 -l4
[0.962s] Invoking command in '/home/fu941/TDK_ros/build/camera': CMAKE_PREFIX_PATH=/home/fu941/TDK_ros/install/mainspace:/home/fu941/TDK_ros/install/camera:/home/fu941/TDK_ros/install/SerialTest:/opt/ros/humble /usr/bin/cmake --install /home/fu941/TDK_ros/build/camera
[1.048s] -- Install configuration: ""
[1.050s] -- Up-to-date: /home/fu941/TDK_ros/install/camera/include/
[1.051s] -- Up-to-date: /home/fu941/TDK_ros/install/camera/include//camera
[1.053s] -- Up-to-date: /home/fu941/TDK_ros/install/camera/include//camera/cameraBackground.hpp
[1.057s] -- Up-to-date: /home/fu941/TDK_ros/install/camera/lib/camera/cameraCoffee2
[1.066s] -- Up-to-date: /home/fu941/TDK_ros/install/camera/lib/camera/cameraDesk2
[1.073s] -- Up-to-date: /home/fu941/TDK_ros/install/camera/lib/camera/cameraDesk2_test
[1.080s] -- Up-to-date: /home/fu941/TDK_ros/install/camera/lib/camera/cameraStage3
[1.084s] -- Up-to-date: /home/fu941/TDK_ros/install/camera/share/ament_index/resource_index/package_run_dependencies/camera
[1.086s] -- Up-to-date: /home/fu941/TDK_ros/install/camera/share/ament_index/resource_index/parent_prefix_path/camera
[1.088s] -- Up-to-date: /home/fu941/TDK_ros/install/camera/share/camera/environment/ament_prefix_path.sh
[1.089s] -- Up-to-date: /home/fu941/TDK_ros/install/camera/share/camera/environment/ament_prefix_path.dsv
[1.091s] -- Up-to-date: /home/fu941/TDK_ros/install/camera/share/camera/environment/path.sh
[1.093s] -- Up-to-date: /home/fu941/TDK_ros/install/camera/share/camera/environment/path.dsv
[1.095s] -- Up-to-date: /home/fu941/TDK_ros/install/camera/share/camera/local_setup.bash
[1.096s] -- Up-to-date: /home/fu941/TDK_ros/install/camera/share/camera/local_setup.sh
[1.098s] -- Up-to-date: /home/fu941/TDK_ros/install/camera/share/camera/local_setup.zsh
[1.100s] -- Up-to-date: /home/fu941/TDK_ros/install/camera/share/camera/local_setup.dsv
[1.102s] -- Installing: /home/fu941/TDK_ros/install/camera/share/camera/package.dsv
[1.105s] -- Up-to-date: /home/fu941/TDK_ros/install/camera/share/ament_index/resource_index/packages/camera
[1.107s] -- Up-to-date: /home/fu941/TDK_ros/install/camera/share/camera/cmake/cameraConfig.cmake
[1.108s] -- Up-to-date: /home/fu941/TDK_ros/install/camera/share/camera/cmake/cameraConfig-version.cmake
[1.109s] -- Up-to-date: /home/fu941/TDK_ros/install/camera/share/camera/package.xml
[1.126s] Invoked command in '/home/fu941/TDK_ros/build/camera' returned '0': CMAKE_PREFIX_PATH=/home/fu941/TDK_ros/install/mainspace:/home/fu941/TDK_ros/install/camera:/home/fu941/TDK_ros/install/SerialTest:/opt/ros/humble /usr/bin/cmake --install /home/fu941/TDK_ros/build/camera
