-- The C compiler identification is GNU 11.4.0
-- The CXX compiler identification is GNU 11.4.0
-- Detecting C compiler ABI info
-- Detecting C compiler ABI info - done
-- Check for working C compiler: /usr/bin/cc - skipped
-- Detecting C compile features
-- Detecting C compile features - done
-- Detecting CXX compiler ABI info
-- Detecting CXX compiler ABI info - done
-- Check for working CXX compiler: /usr/bin/c++ - skipped
-- Detecting CXX compile features
-- Detecting CXX compile features - done
-- Found ament_cmake: 1.3.12 (/opt/ros/humble/share/ament_cmake/cmake)
-- Found Python3: /usr/bin/python3 (found version "3.10.12") found components: Interpreter 
-- Found rclcpp: 16.0.14 (/opt/ros/humble/share/rclcpp/cmake)
-- Found rosidl_generator_c: 3.1.7 (/opt/ros/humble/share/rosidl_generator_c/cmake)
-- Found rosidl_adapter: 3.1.7 (/opt/ros/humble/share/rosidl_adapter/cmake)
-- Found rosidl_generator_cpp: 3.1.7 (/opt/ros/humble/share/rosidl_generator_cpp/cmake)
-- Using all available rosidl_typesupport_c: rosidl_typesupport_fastrtps_c;rosidl_typesupport_introspection_c
-- Using all available rosidl_typesupport_cpp: rosidl_typesupport_fastrtps_cpp;rosidl_typesupport_introspection_cpp
-- Found rmw_implementation_cmake: 6.1.2 (/opt/ros/humble/share/rmw_implementation_cmake/cmake)
-- Found rmw_fastrtps_cpp: 6.2.8 (/opt/ros/humble/share/rmw_fastrtps_cpp/cmake)
-- Found OpenSSL: /usr/lib/aarch64-linux-gnu/libcrypto.so (found version "3.0.2")  
-- Found FastRTPS: /opt/ros/humble/include  
-- Using RMW implementation 'rmw_fastrtps_cpp' as default
-- Looking for pthread.h
-- Looking for pthread.h - found
-- Performing Test CMAKE_HAVE_LIBC_PTHREAD
-- Performing Test CMAKE_HAVE_LIBC_PTHREAD - Success
-- Found Threads: TRUE  
-- Found nav_msgs: 4.9.0 (/opt/ros/humble/share/nav_msgs/cmake)
-- Found tf2: 0.25.15 (/opt/ros/humble/share/tf2/cmake)
-- Found tf2_ros: 0.25.15 (/opt/ros/humble/share/tf2_ros/cmake)
-- Found tf2_geometry_msgs: 0.25.15 (/opt/ros/humble/share/tf2_geometry_msgs/cmake)
-- Found eigen3_cmake_module: 0.1.1 (/opt/ros/humble/share/eigen3_cmake_module/cmake)
-- Found Eigen3: TRUE (found version "3.4.0") 
-- Ensuring Eigen3 include directory is part of orocos-kdl CMake target
-- Found rosidl_default_generators: 1.2.0 (/opt/ros/humble/share/rosidl_default_generators/cmake)
-- Found ament_cmake_ros: 0.10.0 (/opt/ros/humble/share/ament_cmake_ros/cmake)
-- Using all available rosidl_typesupport_c: rosidl_typesupport_fastrtps_c;rosidl_typesupport_introspection_c
-- Using all available rosidl_typesupport_cpp: rosidl_typesupport_fastrtps_cpp;rosidl_typesupport_introspection_cpp
-- Found PythonInterp: /usr/bin/python3 (found suitable version "3.10.12", minimum required is "3.6") 
-- Found python_cmake_module: 0.10.0 (/opt/ros/humble/share/python_cmake_module/cmake)
-- Found PythonLibs: /usr/lib/aarch64-linux-gnu/libpython3.10.so (found suitable version "3.10.12", minimum required is "3.5") 
-- Using PYTHON_EXECUTABLE: /usr/bin/python3
-- Using PYTHON_INCLUDE_DIRS: /usr/include/python3.10
-- Using PYTHON_LIBRARIES: /usr/lib/aarch64-linux-gnu/libpython3.10.so
-- Found PythonExtra: .so  
-- Found ament_lint_auto: 0.12.14 (/opt/ros/humble/share/ament_lint_auto/cmake)
-- Added test 'cppcheck' to perform static code analysis on C / C++ code
-- Configured cppcheck include dirs: 
-- Configured cppcheck exclude dirs and/or files: 
-- Added test 'flake8' to check Python code syntax and style conventions
-- Added test 'lint_cmake' to check CMake code style
-- Added test 'pep257' to check Python code against some of the docstring style conventions in PEP 257
-- Added test 'uncrustify' to check C / C++ code style
-- Configured uncrustify additional arguments: 
-- Added test 'xmllint' to check XML markup files
-- Configuring done
-- Generating done
-- Build files have been written to: /home/fu941/TDK_ros/build/mainspace
[  2%] [34m[1mGenerating C code for ROS interfaces[0m
[  4%] [34m[1mGenerating C++ code for ROS interfaces[0m
[  4%] Built target ament_cmake_python_copy_mainspace
running egg_info
creating mainspace.egg-info
writing mainspace.egg-info/PKG-INFO
writing dependency_links to mainspace.egg-info/dependency_links.txt
writing top-level names to mainspace.egg-info/top_level.txt
writing manifest file 'mainspace.egg-info/SOURCES.txt'
reading manifest file 'mainspace.egg-info/SOURCES.txt'
writing manifest file 'mainspace.egg-info/SOURCES.txt'
[  4%] Built target ament_cmake_python_build_mainspace_egg
[  4%] Built target mainspace__cpp
[  7%] [34m[1mGenerating C++ type support dispatch for ROS interfaces[0m
[  9%] [34m[1mGenerating C++ type support for eProsima Fast-RTPS[0m
[ 12%] [34m[1mGenerating C++ introspection for ROS interfaces[0m
[ 14%] [32mBuilding C object CMakeFiles/mainspace__rosidl_generator_c.dir/rosidl_generator_c/mainspace/msg/detail/encoder_speed__functions.c.o[0m
[ 17%] [32mBuilding C object CMakeFiles/mainspace__rosidl_generator_c.dir/rosidl_generator_c/mainspace/msg/detail/position__functions.c.o[0m
[ 19%] [32m[1mLinking C shared library libmainspace__rosidl_generator_c.so[0m
[ 19%] Built target mainspace__rosidl_generator_c
[ 21%] [34m[1mGenerating C type support for eProsima Fast-RTPS[0m
[ 24%] [32mBuilding CXX object CMakeFiles/mainspace__rosidl_typesupport_cpp.dir/rosidl_typesupport_cpp/mainspace/msg/encoder_speed__type_support.cpp.o[0m
[ 26%] [32mBuilding CXX object CMakeFiles/mainspace__rosidl_typesupport_introspection_cpp.dir/rosidl_typesupport_introspection_cpp/mainspace/msg/detail/encoder_speed__type_support.cpp.o[0m
[ 29%] [32mBuilding CXX object CMakeFiles/mainspace__rosidl_typesupport_fastrtps_cpp.dir/rosidl_typesupport_fastrtps_cpp/mainspace/msg/detail/dds_fastrtps/encoder_speed__type_support.cpp.o[0m
[ 31%] [32mBuilding CXX object CMakeFiles/mainspace__rosidl_typesupport_fastrtps_c.dir/rosidl_typesupport_fastrtps_c/mainspace/msg/detail/encoder_speed__type_support_c.cpp.o[0m
[ 34%] [32mBuilding CXX object CMakeFiles/mainspace__rosidl_typesupport_cpp.dir/rosidl_typesupport_cpp/mainspace/msg/position__type_support.cpp.o[0m
[ 36%] [32mBuilding CXX object CMakeFiles/mainspace__rosidl_typesupport_introspection_cpp.dir/rosidl_typesupport_introspection_cpp/mainspace/msg/detail/position__type_support.cpp.o[0m
[ 39%] [32mBuilding CXX object CMakeFiles/mainspace__rosidl_typesupport_fastrtps_cpp.dir/rosidl_typesupport_fastrtps_cpp/mainspace/msg/detail/dds_fastrtps/position__type_support.cpp.o[0m
[ 41%] [32mBuilding CXX object CMakeFiles/mainspace__rosidl_typesupport_fastrtps_c.dir/rosidl_typesupport_fastrtps_c/mainspace/msg/detail/position__type_support_c.cpp.o[0m
[ 43%] [32m[1mLinking CXX shared library libmainspace__rosidl_typesupport_cpp.so[0m
[ 43%] Built target mainspace__rosidl_typesupport_cpp
[ 46%] [34m[1mGenerating C introspection for ROS interfaces[0m
[ 48%] [32m[1mLinking CXX shared library libmainspace__rosidl_typesupport_introspection_cpp.so[0m
[ 48%] Built target mainspace__rosidl_typesupport_introspection_cpp
[ 51%] [34m[1mGenerating C type support dispatch for ROS interfaces[0m
[ 53%] [32m[1mLinking CXX shared library libmainspace__rosidl_typesupport_fastrtps_cpp.so[0m
[ 56%] [32m[1mLinking CXX shared library libmainspace__rosidl_typesupport_fastrtps_c.so[0m
[ 58%] [32mBuilding C object CMakeFiles/mainspace__rosidl_typesupport_introspection_c.dir/rosidl_typesupport_introspection_c/mainspace/msg/detail/encoder_speed__type_support.c.o[0m
[ 58%] Built target mainspace__rosidl_typesupport_fastrtps_cpp
[ 60%] [32mBuilding C object CMakeFiles/mainspace__rosidl_typesupport_introspection_c.dir/rosidl_typesupport_introspection_c/mainspace/msg/detail/position__type_support.c.o[0m
[ 63%] [32mBuilding CXX object CMakeFiles/navigator.dir/src/navigator.cpp.o[0m
[ 63%] Built target mainspace__rosidl_typesupport_fastrtps_c
[ 65%] [32m[1mLinking C shared library libmainspace__rosidl_typesupport_introspection_c.so[0m
[ 65%] Built target mainspace__rosidl_typesupport_introspection_c
[ 68%] [32mBuilding CXX object CMakeFiles/mainspace__rosidl_typesupport_c.dir/rosidl_typesupport_c/mainspace/msg/encoder_speed__type_support.cpp.o[0m
[ 70%] [32mBuilding CXX object CMakeFiles/mainspace__rosidl_typesupport_c.dir/rosidl_typesupport_c/mainspace/msg/position__type_support.cpp.o[0m
[ 73%] [32m[1mLinking CXX shared library libmainspace__rosidl_typesupport_c.so[0m
[ 73%] Built target mainspace__rosidl_typesupport_c
[ 73%] Built target mainspace
[ 75%] [34m[1mGenerating Python code for ROS interfaces[0m
[ 75%] Built target mainspace__py
[ 78%] [32mBuilding C object CMakeFiles/mainspace__rosidl_generator_py.dir/rosidl_generator_py/mainspace/msg/_encoder_speed_s.c.o[0m
[ 80%] [32mBuilding C object CMakeFiles/mainspace__rosidl_generator_py.dir/rosidl_generator_py/mainspace/msg/_position_s.c.o[0m
[ 82%] [32m[1mLinking C shared library rosidl_generator_py/mainspace/libmainspace__rosidl_generator_py.so[0m
[ 82%] Built target mainspace__rosidl_generator_py
[ 87%] [32mBuilding C object CMakeFiles/mainspace__rosidl_typesupport_fastrtps_c__pyext.dir/rosidl_generator_py/mainspace/_mainspace_s.ep.rosidl_typesupport_fastrtps_c.c.o[0m
[ 87%] [32mBuilding C object CMakeFiles/mainspace__rosidl_typesupport_introspection_c__pyext.dir/rosidl_generator_py/mainspace/_mainspace_s.ep.rosidl_typesupport_introspection_c.c.o[0m
[ 90%] [32mBuilding C object CMakeFiles/mainspace__rosidl_typesupport_c__pyext.dir/rosidl_generator_py/mainspace/_mainspace_s.ep.rosidl_typesupport_c.c.o[0m
[ 92%] [32m[1mLinking C shared library rosidl_generator_py/mainspace/mainspace_s__rosidl_typesupport_c.cpython-310-aarch64-linux-gnu.so[0m
[ 95%] [32m[1mLinking C shared library rosidl_generator_py/mainspace/mainspace_s__rosidl_typesupport_fastrtps_c.cpython-310-aarch64-linux-gnu.so[0m
[ 97%] [32m[1mLinking C shared library rosidl_generator_py/mainspace/mainspace_s__rosidl_typesupport_introspection_c.cpython-310-aarch64-linux-gnu.so[0m
[ 97%] Built target mainspace__rosidl_typesupport_c__pyext
[ 97%] Built target mainspace__rosidl_typesupport_introspection_c__pyext
[ 97%] Built target mainspace__rosidl_typesupport_fastrtps_c__pyext
