[0.129s] Invoking command in '/home/fu941/TDK_ros/build/mainspace': CMAKE_PREFIX_PATH=/opt/ros/humble /usr/bin/cmake --build /home/fu941/TDK_ros/build/mainspace -- -j4 -l4
[0.866s] [  1%] Built target mainspace__cpp
[0.921s] [ 10%] Built target mainspace__rosidl_generator_c
[1.028s] [ 10%] Built target ament_cmake_python_copy_mainspace
[1.260s] [ 20%] Built target mainspace__rosidl_typesupport_cpp
[1.330s] [ 30%] Built target mainspace__rosidl_typesupport_fastrtps_cpp
[1.394s] [ 40%] Built target mainspace__rosidl_typesupport_introspection_cpp
[1.480s] [ 50%] Built target mainspace__rosidl_typesupport_fastrtps_c
[1.682s] [ 60%] Built target mainspace__rosidl_typesupport_introspection_c
[1.737s] [ 70%] Built target mainspace__rosidl_typesupport_c
[2.063s] [ 70%] Built target mainspace
[2.154s] [ 72%] Built target navigator_lib
[2.401s] [35m[1mConsolidate compiler generated dependencies of target Stage2[0m
[2.457s] [ 73%] Built target mainspace__py
[2.598s] [ 75%] Built target navigator_main
[2.854s] [ 78%] Built target Stage2
[2.939s] [ 80%] Built target Stage3
[3.036s] [ 82%] Built target Stage4
[3.279s] [ 84%] Built target StageManager
[3.317s] [ 93%] Built target mainspace__rosidl_generator_py
[3.714s] [ 95%] Built target mainspace__rosidl_typesupport_fastrtps_c__pyext
[3.727s] [ 97%] Built target mainspace__rosidl_typesupport_introspection_c__pyext
[3.757s] [100%] Built target mainspace__rosidl_typesupport_c__pyext
[4.957s] running egg_info
[4.963s] writing mainspace.egg-info/PKG-INFO
[4.965s] writing dependency_links to mainspace.egg-info/dependency_links.txt
[4.969s] writing top-level names to mainspace.egg-info/top_level.txt
[4.997s] reading manifest file 'mainspace.egg-info/SOURCES.txt'
[5.005s] writing manifest file 'mainspace.egg-info/SOURCES.txt'
[5.257s] [100%] Built target ament_cmake_python_build_mainspace_egg
[5.376s] Invoked command in '/home/fu941/TDK_ros/build/mainspace' returned '0': CMAKE_PREFIX_PATH=/opt/ros/humble /usr/bin/cmake --build /home/fu941/TDK_ros/build/mainspace -- -j4 -l4
[5.473s] Invoking command in '/home/fu941/TDK_ros/build/mainspace': CMAKE_PREFIX_PATH=/opt/ros/humble /usr/bin/cmake --install /home/fu941/TDK_ros/build/mainspace
[5.548s] -- Install configuration: ""
[5.551s] -- Up-to-date: /home/fu941/TDK_ros/install/mainspace/share/ament_index/resource_index/rosidl_interfaces/mainspace
[5.553s] -- Up-to-date: /home/fu941/TDK_ros/install/mainspace/include/mainspace/mainspace
[5.557s] -- Up-to-date: /home/fu941/TDK_ros/install/mainspace/include/mainspace/mainspace/msg
[5.560s] -- Up-to-date: /home/fu941/TDK_ros/install/mainspace/include/mainspace/mainspace/msg/position.h
[5.564s] -- Up-to-date: /home/fu941/TDK_ros/install/mainspace/include/mainspace/mainspace/msg/encoder_speed.h
[5.568s] -- Up-to-date: /home/fu941/TDK_ros/install/mainspace/include/mainspace/mainspace/msg/command.h
[5.570s] -- Up-to-date: /home/fu941/TDK_ros/install/mainspace/include/mainspace/mainspace/msg/pause.h
[5.572s] -- Up-to-date: /home/fu941/TDK_ros/install/mainspace/include/mainspace/mainspace/msg/desk.h
[5.575s] -- Up-to-date: /home/fu941/TDK_ros/install/mainspace/include/mainspace/mainspace/msg/csv_file.h
[5.577s] -- Up-to-date: /home/fu941/TDK_ros/install/mainspace/include/mainspace/mainspace/msg/to_stm_speed.h
[5.579s] -- Up-to-date: /home/fu941/TDK_ros/install/mainspace/include/mainspace/mainspace/msg/rosidl_generator_c__visibility_control.h
[5.582s] -- Up-to-date: /home/fu941/TDK_ros/install/mainspace/include/mainspace/mainspace/msg/detail
[5.584s] -- Up-to-date: /home/fu941/TDK_ros/install/mainspace/include/mainspace/mainspace/msg/detail/desk__functions.c
[5.586s] -- Up-to-date: /home/fu941/TDK_ros/install/mainspace/include/mainspace/mainspace/msg/detail/coffee__functions.c
[5.589s] -- Up-to-date: /home/fu941/TDK_ros/install/mainspace/include/mainspace/mainspace/msg/detail/to_stm_speed__functions.h
[5.594s] -- Up-to-date: /home/fu941/TDK_ros/install/mainspace/include/mainspace/mainspace/msg/detail/pause__functions.h
[5.597s] -- Up-to-date: /home/fu941/TDK_ros/install/mainspace/include/mainspace/mainspace/msg/detail/command__functions.c
[5.598s] -- Up-to-date: /home/fu941/TDK_ros/install/mainspace/include/mainspace/mainspace/msg/detail/position__functions.h
[5.599s] -- Up-to-date: /home/fu941/TDK_ros/install/mainspace/include/mainspace/mainspace/msg/detail/desk__type_support.h
[5.605s] -- Up-to-date: /home/fu941/TDK_ros/install/mainspace/include/mainspace/mainspace/msg/detail/to_stm_speed__type_support.h
[5.622s] -- Up-to-date: /home/fu941/TDK_ros/install/mainspace/include/mainspace/mainspace/msg/detail/desk__functions.h
[5.623s] -- Up-to-date: /home/fu941/TDK_ros/install/mainspace/include/mainspace/mainspace/msg/detail/coffee__type_support.h
[5.625s] -- Up-to-date: /home/fu941/TDK_ros/install/mainspace/include/mainspace/mainspace/msg/detail/position__struct.h
[5.630s] -- Up-to-date: /home/fu941/TDK_ros/install/mainspace/include/mainspace/mainspace/msg/detail/pause__functions.c
[5.633s] -- Up-to-date: /home/fu941/TDK_ros/install/mainspace/include/mainspace/mainspace/msg/detail/position__functions.c
[5.635s] -- Up-to-date: /home/fu941/TDK_ros/install/mainspace/include/mainspace/mainspace/msg/detail/coffee__struct.h
[5.636s] -- Up-to-date: /home/fu941/TDK_ros/install/mainspace/include/mainspace/mainspace/msg/detail/csv_file__type_support.h
[5.638s] -- Up-to-date: /home/fu941/TDK_ros/install/mainspace/include/mainspace/mainspace/msg/detail/position__type_support.h
[5.639s] -- Up-to-date: /home/fu941/TDK_ros/install/mainspace/include/mainspace/mainspace/msg/detail/command__struct.h
[5.641s] -- Up-to-date: /home/fu941/TDK_ros/install/mainspace/include/mainspace/mainspace/msg/detail/csv_file__functions.h
[5.642s] -- Up-to-date: /home/fu941/TDK_ros/install/mainspace/include/mainspace/mainspace/msg/detail/command__type_support.h
[5.643s] -- Up-to-date: /home/fu941/TDK_ros/install/mainspace/include/mainspace/mainspace/msg/detail/command__functions.h
[5.645s] -- Up-to-date: /home/fu941/TDK_ros/install/mainspace/include/mainspace/mainspace/msg/detail/encoder_speed__struct.h
[5.646s] -- Up-to-date: /home/fu941/TDK_ros/install/mainspace/include/mainspace/mainspace/msg/detail/encoder_speed__functions.c
[5.648s] -- Up-to-date: /home/fu941/TDK_ros/install/mainspace/include/mainspace/mainspace/msg/detail/desk__struct.h
[5.649s] -- Up-to-date: /home/fu941/TDK_ros/install/mainspace/include/mainspace/mainspace/msg/detail/encoder_speed__functions.h
[5.651s] -- Up-to-date: /home/fu941/TDK_ros/install/mainspace/include/mainspace/mainspace/msg/detail/encoder_speed__type_support.h
[5.652s] -- Up-to-date: /home/fu941/TDK_ros/install/mainspace/include/mainspace/mainspace/msg/detail/coffee__functions.h
[5.654s] -- Up-to-date: /home/fu941/TDK_ros/install/mainspace/include/mainspace/mainspace/msg/detail/pause__struct.h
[5.655s] -- Up-to-date: /home/fu941/TDK_ros/install/mainspace/include/mainspace/mainspace/msg/detail/to_stm_speed__functions.c
[5.657s] -- Up-to-date: /home/fu941/TDK_ros/install/mainspace/include/mainspace/mainspace/msg/detail/csv_file__functions.c
[5.659s] -- Up-to-date: /home/fu941/TDK_ros/install/mainspace/include/mainspace/mainspace/msg/detail/csv_file__struct.h
[5.670s] -- Up-to-date: /home/fu941/TDK_ros/install/mainspace/include/mainspace/mainspace/msg/detail/to_stm_speed__struct.h
[5.671s] -- Up-to-date: /home/fu941/TDK_ros/install/mainspace/include/mainspace/mainspace/msg/detail/pause__type_support.h
[5.685s] -- Up-to-date: /home/fu941/TDK_ros/install/mainspace/include/mainspace/mainspace/msg/coffee.h
[5.687s] -- Up-to-date: /home/fu941/TDK_ros/install/mainspace/share/mainspace/environment/library_path.sh
[5.689s] -- Up-to-date: /home/fu941/TDK_ros/install/mainspace/share/mainspace/environment/library_path.dsv
[5.691s] -- Up-to-date: /home/fu941/TDK_ros/install/mainspace/lib/libmainspace__rosidl_generator_c.so
[5.693s] -- Up-to-date: /home/fu941/TDK_ros/install/mainspace/include/mainspace/mainspace
[5.694s] -- Up-to-date: /home/fu941/TDK_ros/install/mainspace/include/mainspace/mainspace/msg
[5.696s] -- Up-to-date: /home/fu941/TDK_ros/install/mainspace/include/mainspace/mainspace/msg/rosidl_typesupport_fastrtps_c__visibility_control.h
[5.701s] -- Up-to-date: /home/fu941/TDK_ros/install/mainspace/include/mainspace/mainspace/msg/detail
[5.709s] -- Up-to-date: /home/fu941/TDK_ros/install/mainspace/include/mainspace/mainspace/msg/detail/pause__rosidl_typesupport_fastrtps_c.h
[5.711s] -- Up-to-date: /home/fu941/TDK_ros/install/mainspace/include/mainspace/mainspace/msg/detail/csv_file__rosidl_typesupport_fastrtps_c.h
[5.713s] -- Up-to-date: /home/fu941/TDK_ros/install/mainspace/include/mainspace/mainspace/msg/detail/coffee__rosidl_typesupport_fastrtps_c.h
[5.714s] -- Up-to-date: /home/fu941/TDK_ros/install/mainspace/include/mainspace/mainspace/msg/detail/encoder_speed__rosidl_typesupport_fastrtps_c.h
[5.717s] -- Up-to-date: /home/fu941/TDK_ros/install/mainspace/include/mainspace/mainspace/msg/detail/desk__rosidl_typesupport_fastrtps_c.h
[5.719s] -- Up-to-date: /home/fu941/TDK_ros/install/mainspace/include/mainspace/mainspace/msg/detail/command__rosidl_typesupport_fastrtps_c.h
[5.721s] -- Up-to-date: /home/fu941/TDK_ros/install/mainspace/include/mainspace/mainspace/msg/detail/position__rosidl_typesupport_fastrtps_c.h
[5.724s] -- Up-to-date: /home/fu941/TDK_ros/install/mainspace/include/mainspace/mainspace/msg/detail/to_stm_speed__rosidl_typesupport_fastrtps_c.h
[5.727s] -- Up-to-date: /home/fu941/TDK_ros/install/mainspace/lib/libmainspace__rosidl_typesupport_fastrtps_c.so
[5.729s] -- Up-to-date: /home/fu941/TDK_ros/install/mainspace/include/mainspace/mainspace
[5.731s] -- Up-to-date: /home/fu941/TDK_ros/install/mainspace/include/mainspace/mainspace/msg
[5.733s] -- Up-to-date: /home/fu941/TDK_ros/install/mainspace/include/mainspace/mainspace/msg/csv_file.hpp
[5.734s] -- Up-to-date: /home/fu941/TDK_ros/install/mainspace/include/mainspace/mainspace/msg/command.hpp
[5.736s] -- Up-to-date: /home/fu941/TDK_ros/install/mainspace/include/mainspace/mainspace/msg/coffee.hpp
[5.737s] -- Up-to-date: /home/fu941/TDK_ros/install/mainspace/include/mainspace/mainspace/msg/to_stm_speed.hpp
[5.738s] -- Up-to-date: /home/fu941/TDK_ros/install/mainspace/include/mainspace/mainspace/msg/pause.hpp
[5.739s] -- Up-to-date: /home/fu941/TDK_ros/install/mainspace/include/mainspace/mainspace/msg/encoder_speed.hpp
[5.740s] -- Up-to-date: /home/fu941/TDK_ros/install/mainspace/include/mainspace/mainspace/msg/position.hpp
[5.742s] -- Up-to-date: /home/fu941/TDK_ros/install/mainspace/include/mainspace/mainspace/msg/detail
[5.743s] -- Up-to-date: /home/fu941/TDK_ros/install/mainspace/include/mainspace/mainspace/msg/detail/desk__struct.hpp
[5.745s] -- Up-to-date: /home/fu941/TDK_ros/install/mainspace/include/mainspace/mainspace/msg/detail/to_stm_speed__builder.hpp
[5.746s] -- Up-to-date: /home/fu941/TDK_ros/install/mainspace/include/mainspace/mainspace/msg/detail/command__builder.hpp
[5.748s] -- Up-to-date: /home/fu941/TDK_ros/install/mainspace/include/mainspace/mainspace/msg/detail/pause__builder.hpp
[5.751s] -- Up-to-date: /home/fu941/TDK_ros/install/mainspace/include/mainspace/mainspace/msg/detail/csv_file__traits.hpp
[5.755s] -- Up-to-date: /home/fu941/TDK_ros/install/mainspace/include/mainspace/mainspace/msg/detail/desk__type_support.hpp
[5.756s] -- Up-to-date: /home/fu941/TDK_ros/install/mainspace/include/mainspace/mainspace/msg/detail/position__struct.hpp
[5.758s] -- Up-to-date: /home/fu941/TDK_ros/install/mainspace/include/mainspace/mainspace/msg/detail/encoder_speed__builder.hpp
[5.759s] -- Up-to-date: /home/fu941/TDK_ros/install/mainspace/include/mainspace/mainspace/msg/detail/command__struct.hpp
[5.761s] -- Up-to-date: /home/fu941/TDK_ros/install/mainspace/include/mainspace/mainspace/msg/detail/coffee__struct.hpp
[5.762s] -- Up-to-date: /home/fu941/TDK_ros/install/mainspace/include/mainspace/mainspace/msg/detail/position__traits.hpp
[5.763s] -- Up-to-date: /home/fu941/TDK_ros/install/mainspace/include/mainspace/mainspace/msg/detail/csv_file__struct.hpp
[5.774s] -- Up-to-date: /home/fu941/TDK_ros/install/mainspace/include/mainspace/mainspace/msg/detail/coffee__traits.hpp
[5.775s] -- Up-to-date: /home/fu941/TDK_ros/install/mainspace/include/mainspace/mainspace/msg/detail/encoder_speed__traits.hpp
[5.777s] -- Up-to-date: /home/fu941/TDK_ros/install/mainspace/include/mainspace/mainspace/msg/detail/pause__traits.hpp
[5.778s] -- Up-to-date: /home/fu941/TDK_ros/install/mainspace/include/mainspace/mainspace/msg/detail/command__type_support.hpp
[5.779s] -- Up-to-date: /home/fu941/TDK_ros/install/mainspace/include/mainspace/mainspace/msg/detail/command__traits.hpp
[5.780s] -- Up-to-date: /home/fu941/TDK_ros/install/mainspace/include/mainspace/mainspace/msg/detail/pause__type_support.hpp
[5.782s] -- Up-to-date: /home/fu941/TDK_ros/install/mainspace/include/mainspace/mainspace/msg/detail/encoder_speed__struct.hpp
[5.783s] -- Up-to-date: /home/fu941/TDK_ros/install/mainspace/include/mainspace/mainspace/msg/detail/csv_file__type_support.hpp
[5.784s] -- Up-to-date: /home/fu941/TDK_ros/install/mainspace/include/mainspace/mainspace/msg/detail/coffee__builder.hpp
[5.785s] -- Up-to-date: /home/fu941/TDK_ros/install/mainspace/include/mainspace/mainspace/msg/detail/to_stm_speed__struct.hpp
[5.789s] -- Up-to-date: /home/fu941/TDK_ros/install/mainspace/include/mainspace/mainspace/msg/detail/coffee__type_support.hpp
[5.791s] -- Up-to-date: /home/fu941/TDK_ros/install/mainspace/include/mainspace/mainspace/msg/detail/position__builder.hpp
[5.798s] -- Up-to-date: /home/fu941/TDK_ros/install/mainspace/include/mainspace/mainspace/msg/detail/pause__struct.hpp
[5.799s] -- Up-to-date: /home/fu941/TDK_ros/install/mainspace/include/mainspace/mainspace/msg/detail/position__type_support.hpp
[5.800s] -- Up-to-date: /home/fu941/TDK_ros/install/mainspace/include/mainspace/mainspace/msg/detail/desk__builder.hpp
[5.802s] -- Up-to-date: /home/fu941/TDK_ros/install/mainspace/include/mainspace/mainspace/msg/detail/encoder_speed__type_support.hpp
[5.803s] -- Up-to-date: /home/fu941/TDK_ros/install/mainspace/include/mainspace/mainspace/msg/detail/to_stm_speed__traits.hpp
[5.804s] -- Up-to-date: /home/fu941/TDK_ros/install/mainspace/include/mainspace/mainspace/msg/detail/to_stm_speed__type_support.hpp
[5.805s] -- Up-to-date: /home/fu941/TDK_ros/install/mainspace/include/mainspace/mainspace/msg/detail/desk__traits.hpp
[5.807s] -- Up-to-date: /home/fu941/TDK_ros/install/mainspace/include/mainspace/mainspace/msg/detail/csv_file__builder.hpp
[5.810s] -- Up-to-date: /home/fu941/TDK_ros/install/mainspace/include/mainspace/mainspace/msg/rosidl_generator_cpp__visibility_control.hpp
[5.812s] -- Up-to-date: /home/fu941/TDK_ros/install/mainspace/include/mainspace/mainspace/msg/desk.hpp
[5.814s] -- Up-to-date: /home/fu941/TDK_ros/install/mainspace/include/mainspace/mainspace
[5.815s] -- Up-to-date: /home/fu941/TDK_ros/install/mainspace/include/mainspace/mainspace/msg
[5.816s] -- Up-to-date: /home/fu941/TDK_ros/install/mainspace/include/mainspace/mainspace/msg/rosidl_typesupport_fastrtps_cpp__visibility_control.h
[5.818s] -- Up-to-date: /home/fu941/TDK_ros/install/mainspace/include/mainspace/mainspace/msg/detail
[5.819s] -- Up-to-date: /home/fu941/TDK_ros/install/mainspace/include/mainspace/mainspace/msg/detail/csv_file__rosidl_typesupport_fastrtps_cpp.hpp
[5.821s] -- Up-to-date: /home/fu941/TDK_ros/install/mainspace/include/mainspace/mainspace/msg/detail/position__rosidl_typesupport_fastrtps_cpp.hpp
[5.822s] -- Up-to-date: /home/fu941/TDK_ros/install/mainspace/include/mainspace/mainspace/msg/detail/dds_fastrtps
[5.823s] -- Up-to-date: /home/fu941/TDK_ros/install/mainspace/include/mainspace/mainspace/msg/detail/desk__rosidl_typesupport_fastrtps_cpp.hpp
[5.825s] -- Up-to-date: /home/fu941/TDK_ros/install/mainspace/include/mainspace/mainspace/msg/detail/pause__rosidl_typesupport_fastrtps_cpp.hpp
[5.826s] -- Up-to-date: /home/fu941/TDK_ros/install/mainspace/include/mainspace/mainspace/msg/detail/to_stm_speed__rosidl_typesupport_fastrtps_cpp.hpp
[5.828s] -- Up-to-date: /home/fu941/TDK_ros/install/mainspace/include/mainspace/mainspace/msg/detail/command__rosidl_typesupport_fastrtps_cpp.hpp
[5.829s] -- Up-to-date: /home/fu941/TDK_ros/install/mainspace/include/mainspace/mainspace/msg/detail/coffee__rosidl_typesupport_fastrtps_cpp.hpp
[5.831s] -- Up-to-date: /home/fu941/TDK_ros/install/mainspace/include/mainspace/mainspace/msg/detail/encoder_speed__rosidl_typesupport_fastrtps_cpp.hpp
[5.832s] -- Up-to-date: /home/fu941/TDK_ros/install/mainspace/lib/libmainspace__rosidl_typesupport_fastrtps_cpp.so
[5.834s] -- Up-to-date: /home/fu941/TDK_ros/install/mainspace/include/mainspace/mainspace
[5.835s] -- Up-to-date: /home/fu941/TDK_ros/install/mainspace/include/mainspace/mainspace/msg
[5.837s] -- Up-to-date: /home/fu941/TDK_ros/install/mainspace/include/mainspace/mainspace/msg/detail
[5.838s] -- Up-to-date: /home/fu941/TDK_ros/install/mainspace/include/mainspace/mainspace/msg/detail/csv_file__rosidl_typesupport_introspection_c.h
[5.839s] -- Up-to-date: /home/fu941/TDK_ros/install/mainspace/include/mainspace/mainspace/msg/detail/position__type_support.c
[5.841s] -- Up-to-date: /home/fu941/TDK_ros/install/mainspace/include/mainspace/mainspace/msg/detail/command__rosidl_typesupport_introspection_c.h
[5.842s] -- Up-to-date: /home/fu941/TDK_ros/install/mainspace/include/mainspace/mainspace/msg/detail/pause__type_support.c
[5.843s] -- Up-to-date: /home/fu941/TDK_ros/install/mainspace/include/mainspace/mainspace/msg/detail/position__rosidl_typesupport_introspection_c.h
[5.845s] -- Up-to-date: /home/fu941/TDK_ros/install/mainspace/include/mainspace/mainspace/msg/detail/pause__rosidl_typesupport_introspection_c.h
[5.846s] -- Up-to-date: /home/fu941/TDK_ros/install/mainspace/include/mainspace/mainspace/msg/detail/to_stm_speed__type_support.c
[5.847s] -- Up-to-date: /home/fu941/TDK_ros/install/mainspace/include/mainspace/mainspace/msg/detail/coffee__type_support.c
[5.849s] -- Up-to-date: /home/fu941/TDK_ros/install/mainspace/include/mainspace/mainspace/msg/detail/desk__type_support.c
[5.850s] -- Up-to-date: /home/fu941/TDK_ros/install/mainspace/include/mainspace/mainspace/msg/detail/to_stm_speed__rosidl_typesupport_introspection_c.h
[5.851s] -- Up-to-date: /home/fu941/TDK_ros/install/mainspace/include/mainspace/mainspace/msg/detail/coffee__rosidl_typesupport_introspection_c.h
[5.853s] -- Up-to-date: /home/fu941/TDK_ros/install/mainspace/include/mainspace/mainspace/msg/detail/command__type_support.c
[5.855s] -- Up-to-date: /home/fu941/TDK_ros/install/mainspace/include/mainspace/mainspace/msg/detail/desk__rosidl_typesupport_introspection_c.h
[5.856s] -- Up-to-date: /home/fu941/TDK_ros/install/mainspace/include/mainspace/mainspace/msg/detail/csv_file__type_support.c
[5.858s] -- Up-to-date: /home/fu941/TDK_ros/install/mainspace/include/mainspace/mainspace/msg/detail/encoder_speed__rosidl_typesupport_introspection_c.h
[5.860s] -- Up-to-date: /home/fu941/TDK_ros/install/mainspace/include/mainspace/mainspace/msg/detail/encoder_speed__type_support.c
[5.863s] -- Up-to-date: /home/fu941/TDK_ros/install/mainspace/include/mainspace/mainspace/msg/rosidl_typesupport_introspection_c__visibility_control.h
[5.865s] -- Up-to-date: /home/fu941/TDK_ros/install/mainspace/lib/libmainspace__rosidl_typesupport_introspection_c.so
[5.866s] -- Up-to-date: /home/fu941/TDK_ros/install/mainspace/lib/libmainspace__rosidl_typesupport_c.so
[5.868s] -- Up-to-date: /home/fu941/TDK_ros/install/mainspace/include/mainspace/mainspace
[5.869s] -- Up-to-date: /home/fu941/TDK_ros/install/mainspace/include/mainspace/mainspace/msg
[5.871s] -- Up-to-date: /home/fu941/TDK_ros/install/mainspace/include/mainspace/mainspace/msg/detail
[5.873s] -- Up-to-date: /home/fu941/TDK_ros/install/mainspace/include/mainspace/mainspace/msg/detail/encoder_speed__type_support.cpp
[5.875s] -- Up-to-date: /home/fu941/TDK_ros/install/mainspace/include/mainspace/mainspace/msg/detail/to_stm_speed__type_support.cpp
[5.877s] -- Up-to-date: /home/fu941/TDK_ros/install/mainspace/include/mainspace/mainspace/msg/detail/csv_file__rosidl_typesupport_introspection_cpp.hpp
[5.879s] -- Up-to-date: /home/fu941/TDK_ros/install/mainspace/include/mainspace/mainspace/msg/detail/pause__type_support.cpp
[5.880s] -- Up-to-date: /home/fu941/TDK_ros/install/mainspace/include/mainspace/mainspace/msg/detail/position__rosidl_typesupport_introspection_cpp.hpp
[5.882s] -- Up-to-date: /home/fu941/TDK_ros/install/mainspace/include/mainspace/mainspace/msg/detail/command__rosidl_typesupport_introspection_cpp.hpp
[5.883s] -- Up-to-date: /home/fu941/TDK_ros/install/mainspace/include/mainspace/mainspace/msg/detail/coffee__type_support.cpp
[5.885s] -- Up-to-date: /home/fu941/TDK_ros/install/mainspace/include/mainspace/mainspace/msg/detail/pause__rosidl_typesupport_introspection_cpp.hpp
[5.886s] -- Up-to-date: /home/fu941/TDK_ros/install/mainspace/include/mainspace/mainspace/msg/detail/desk__type_support.cpp
[5.891s] -- Up-to-date: /home/fu941/TDK_ros/install/mainspace/include/mainspace/mainspace/msg/detail/to_stm_speed__rosidl_typesupport_introspection_cpp.hpp
[5.895s] -- Up-to-date: /home/fu941/TDK_ros/install/mainspace/include/mainspace/mainspace/msg/detail/coffee__rosidl_typesupport_introspection_cpp.hpp
[5.897s] -- Up-to-date: /home/fu941/TDK_ros/install/mainspace/include/mainspace/mainspace/msg/detail/encoder_speed__rosidl_typesupport_introspection_cpp.hpp
[5.899s] -- Up-to-date: /home/fu941/TDK_ros/install/mainspace/include/mainspace/mainspace/msg/detail/csv_file__type_support.cpp
[5.900s] -- Up-to-date: /home/fu941/TDK_ros/install/mainspace/include/mainspace/mainspace/msg/detail/position__type_support.cpp
[5.901s] -- Up-to-date: /home/fu941/TDK_ros/install/mainspace/include/mainspace/mainspace/msg/detail/command__type_support.cpp
[5.902s] -- Up-to-date: /home/fu941/TDK_ros/install/mainspace/include/mainspace/mainspace/msg/detail/desk__rosidl_typesupport_introspection_cpp.hpp
[5.903s] -- Up-to-date: /home/fu941/TDK_ros/install/mainspace/lib/libmainspace__rosidl_typesupport_introspection_cpp.so
[5.906s] -- Up-to-date: /home/fu941/TDK_ros/install/mainspace/lib/libmainspace__rosidl_typesupport_cpp.so
[5.907s] -- Up-to-date: /home/fu941/TDK_ros/install/mainspace/share/mainspace/environment/pythonpath.sh
[5.908s] -- Up-to-date: /home/fu941/TDK_ros/install/mainspace/share/mainspace/environment/pythonpath.dsv
[5.909s] -- Up-to-date: /home/fu941/TDK_ros/install/mainspace/local/lib/python3.10/dist-packages/mainspace-0.0.0-py3.10.egg-info
[5.910s] -- Installing: /home/fu941/TDK_ros/install/mainspace/local/lib/python3.10/dist-packages/mainspace-0.0.0-py3.10.egg-info/PKG-INFO
[5.911s] -- Installing: /home/fu941/TDK_ros/install/mainspace/local/lib/python3.10/dist-packages/mainspace-0.0.0-py3.10.egg-info/top_level.txt
[5.912s] -- Installing: /home/fu941/TDK_ros/install/mainspace/local/lib/python3.10/dist-packages/mainspace-0.0.0-py3.10.egg-info/SOURCES.txt
[5.914s] -- Installing: /home/fu941/TDK_ros/install/mainspace/local/lib/python3.10/dist-packages/mainspace-0.0.0-py3.10.egg-info/dependency_links.txt
[5.915s] -- Up-to-date: /home/fu941/TDK_ros/install/mainspace/local/lib/python3.10/dist-packages/mainspace
[5.916s] -- Up-to-date: /home/fu941/TDK_ros/install/mainspace/local/lib/python3.10/dist-packages/mainspace/__init__.py
[5.918s] -- Up-to-date: /home/fu941/TDK_ros/install/mainspace/local/lib/python3.10/dist-packages/mainspace/mainspace_s__rosidl_typesupport_c.cpython-310-aarch64-linux-gnu.so
[5.919s] -- Up-to-date: /home/fu941/TDK_ros/install/mainspace/local/lib/python3.10/dist-packages/mainspace/_mainspace_s.ep.rosidl_typesupport_fastrtps_c.c
[5.932s] -- Up-to-date: /home/fu941/TDK_ros/install/mainspace/local/lib/python3.10/dist-packages/mainspace/_mainspace_s.ep.rosidl_typesupport_c.c
[5.933s] -- Up-to-date: /home/fu941/TDK_ros/install/mainspace/local/lib/python3.10/dist-packages/mainspace/_mainspace_s.ep.rosidl_typesupport_introspection_c.c
[5.934s] -- Up-to-date: /home/fu941/TDK_ros/install/mainspace/local/lib/python3.10/dist-packages/mainspace/libmainspace__rosidl_generator_py.so
[5.935s] -- Up-to-date: /home/fu941/TDK_ros/install/mainspace/local/lib/python3.10/dist-packages/mainspace/msg
[5.936s] -- Up-to-date: /home/fu941/TDK_ros/install/mainspace/local/lib/python3.10/dist-packages/mainspace/msg/_coffee.py
[5.938s] -- Up-to-date: /home/fu941/TDK_ros/install/mainspace/local/lib/python3.10/dist-packages/mainspace/msg/__init__.py
[5.939s] -- Up-to-date: /home/fu941/TDK_ros/install/mainspace/local/lib/python3.10/dist-packages/mainspace/msg/_command_s.c
[5.940s] -- Up-to-date: /home/fu941/TDK_ros/install/mainspace/local/lib/python3.10/dist-packages/mainspace/msg/_csv_file_s.c
[5.941s] -- Up-to-date: /home/fu941/TDK_ros/install/mainspace/local/lib/python3.10/dist-packages/mainspace/msg/_encoder_speed.py
[5.942s] -- Up-to-date: /home/fu941/TDK_ros/install/mainspace/local/lib/python3.10/dist-packages/mainspace/msg/_desk.py
[5.943s] -- Up-to-date: /home/fu941/TDK_ros/install/mainspace/local/lib/python3.10/dist-packages/mainspace/msg/_pause.py
[5.945s] -- Up-to-date: /home/fu941/TDK_ros/install/mainspace/local/lib/python3.10/dist-packages/mainspace/msg/_to_stm_speed.py
[5.946s] -- Up-to-date: /home/fu941/TDK_ros/install/mainspace/local/lib/python3.10/dist-packages/mainspace/msg/_command.py
[5.947s] -- Up-to-date: /home/fu941/TDK_ros/install/mainspace/local/lib/python3.10/dist-packages/mainspace/msg/_desk_s.c
[5.948s] -- Up-to-date: /home/fu941/TDK_ros/install/mainspace/local/lib/python3.10/dist-packages/mainspace/msg/_pause_s.c
[5.950s] -- Up-to-date: /home/fu941/TDK_ros/install/mainspace/local/lib/python3.10/dist-packages/mainspace/msg/_csv_file.py
[5.951s] -- Up-to-date: /home/fu941/TDK_ros/install/mainspace/local/lib/python3.10/dist-packages/mainspace/msg/_position_s.c
[5.952s] -- Up-to-date: /home/fu941/TDK_ros/install/mainspace/local/lib/python3.10/dist-packages/mainspace/msg/_coffee_s.c
[5.954s] -- Up-to-date: /home/fu941/TDK_ros/install/mainspace/local/lib/python3.10/dist-packages/mainspace/msg/_encoder_speed_s.c
[5.955s] -- Up-to-date: /home/fu941/TDK_ros/install/mainspace/local/lib/python3.10/dist-packages/mainspace/msg/_to_stm_speed_s.c
[5.956s] -- Up-to-date: /home/fu941/TDK_ros/install/mainspace/local/lib/python3.10/dist-packages/mainspace/msg/_position.py
[5.957s] -- Up-to-date: /home/fu941/TDK_ros/install/mainspace/local/lib/python3.10/dist-packages/mainspace/mainspace_s__rosidl_typesupport_introspection_c.cpython-310-aarch64-linux-gnu.so
[5.958s] -- Up-to-date: /home/fu941/TDK_ros/install/mainspace/local/lib/python3.10/dist-packages/mainspace/mainspace_s__rosidl_typesupport_fastrtps_c.cpython-310-aarch64-linux-gnu.so
[6.235s] Listing '/home/fu941/TDK_ros/install/mainspace/local/lib/python3.10/dist-packages/mainspace'...
[6.239s] Listing '/home/fu941/TDK_ros/install/mainspace/local/lib/python3.10/dist-packages/mainspace/msg'...
[6.277s] -- Up-to-date: /home/fu941/TDK_ros/install/mainspace/local/lib/python3.10/dist-packages/mainspace/mainspace_s__rosidl_typesupport_fastrtps_c.cpython-310-aarch64-linux-gnu.so
[6.280s] -- Up-to-date: /home/fu941/TDK_ros/install/mainspace/local/lib/python3.10/dist-packages/mainspace/mainspace_s__rosidl_typesupport_introspection_c.cpython-310-aarch64-linux-gnu.so
[6.282s] -- Up-to-date: /home/fu941/TDK_ros/install/mainspace/local/lib/python3.10/dist-packages/mainspace/mainspace_s__rosidl_typesupport_c.cpython-310-aarch64-linux-gnu.so
[6.285s] -- Up-to-date: /home/fu941/TDK_ros/install/mainspace/lib/libmainspace__rosidl_generator_py.so
[6.288s] -- Up-to-date: /home/fu941/TDK_ros/install/mainspace/share/mainspace/msg/ToStmSpeed.idl
[6.289s] -- Up-to-date: /home/fu941/TDK_ros/install/mainspace/share/mainspace/msg/Position.idl
[6.290s] -- Up-to-date: /home/fu941/TDK_ros/install/mainspace/share/mainspace/msg/Desk.idl
[6.292s] -- Up-to-date: /home/fu941/TDK_ros/install/mainspace/share/mainspace/msg/Coffee.idl
[6.293s] -- Up-to-date: /home/fu941/TDK_ros/install/mainspace/share/mainspace/msg/CsvFile.idl
[6.296s] -- Up-to-date: /home/fu941/TDK_ros/install/mainspace/share/mainspace/msg/Command.idl
[6.298s] -- Up-to-date: /home/fu941/TDK_ros/install/mainspace/share/mainspace/msg/Pause.idl
[6.299s] -- Up-to-date: /home/fu941/TDK_ros/install/mainspace/share/mainspace/msg/ToStmSpeed.msg
[6.301s] -- Up-to-date: /home/fu941/TDK_ros/install/mainspace/share/mainspace/msg/Position.msg
[6.306s] -- Up-to-date: /home/fu941/TDK_ros/install/mainspace/share/mainspace/msg/Desk.msg
[6.309s] -- Up-to-date: /home/fu941/TDK_ros/install/mainspace/share/mainspace/msg/Coffee.msg
[6.310s] -- Up-to-date: /home/fu941/TDK_ros/install/mainspace/share/mainspace/msg/CsvFile.msg
[6.311s] -- Up-to-date: /home/fu941/TDK_ros/install/mainspace/share/mainspace/msg/Command.msg
[6.313s] -- Up-to-date: /home/fu941/TDK_ros/install/mainspace/share/mainspace/msg/Pause.msg
[6.314s] -- Up-to-date: /home/fu941/TDK_ros/install/mainspace/include/
[6.315s] -- Up-to-date: /home/fu941/TDK_ros/install/mainspace/include//mainspace
[6.316s] -- Up-to-date: /home/fu941/TDK_ros/install/mainspace/include//mainspace/navigator.hpp
[6.317s] -- Up-to-date: /home/fu941/TDK_ros/install/mainspace/lib/libnavigator_lib.so
[6.319s] -- Up-to-date: /home/fu941/TDK_ros/install/mainspace/lib/mainspace/navigator_main
[6.326s] -- Up-to-date: /home/fu941/TDK_ros/install/mainspace/lib/mainspace/Stage2
[6.332s] -- Up-to-date: /home/fu941/TDK_ros/install/mainspace/lib/mainspace/Stage3
[6.339s] -- Up-to-date: /home/fu941/TDK_ros/install/mainspace/lib/mainspace/Stage4
[6.345s] -- Up-to-date: /home/fu941/TDK_ros/install/mainspace/lib/mainspace/StageManager
[6.350s] -- Up-to-date: /home/fu941/TDK_ros/install/mainspace/share/mainspace/MainPath_csv
[6.353s] -- Up-to-date: /home/fu941/TDK_ros/install/mainspace/share/mainspace/MainPath_csv/Stage3.csv
[6.354s] -- Up-to-date: /home/fu941/TDK_ros/install/mainspace/share/mainspace/MainPath_csv/Stage4.csv
[6.357s] -- Up-to-date: /home/fu941/TDK_ros/install/mainspace/share/mainspace/MainPath_csv/Stage2.csv
[6.359s] -- Up-to-date: /home/fu941/TDK_ros/install/mainspace/share/mainspace/Stage2Path_csv
[6.361s] -- Up-to-date: /home/fu941/TDK_ros/install/mainspace/share/mainspace/Stage2Path_csv/desk4.csv
[6.362s] -- Up-to-date: /home/fu941/TDK_ros/install/mainspace/share/mainspace/Stage2Path_csv/coffee1.csv
[6.364s] -- Up-to-date: /home/fu941/TDK_ros/install/mainspace/share/mainspace/Stage2Path_csv/coffee2.csv
[6.366s] -- Up-to-date: /home/fu941/TDK_ros/install/mainspace/share/mainspace/Stage2Path_csv/coffee4.csv
[6.367s] -- Up-to-date: /home/fu941/TDK_ros/install/mainspace/share/mainspace/Stage2Path_csv/desk2.csv
[6.369s] -- Up-to-date: /home/fu941/TDK_ros/install/mainspace/share/mainspace/Stage2Path_csv/desk3.csv
[6.371s] -- Up-to-date: /home/fu941/TDK_ros/install/mainspace/share/mainspace/Stage2Path_csv/desk1.csv
[6.373s] -- Up-to-date: /home/fu941/TDK_ros/install/mainspace/share/mainspace/Stage2Path_csv/coffee3.csv
[6.375s] -- Up-to-date: /home/fu941/TDK_ros/install/mainspace/share/mainspace/launch
[6.377s] -- Up-to-date: /home/fu941/TDK_ros/install/mainspace/share/mainspace/launch/rviz.launch.py
[6.379s] -- Installing: /home/fu941/TDK_ros/install/mainspace/share/mainspace/launch/mainNodes.launch.py
[6.380s] -- Up-to-date: /home/fu941/TDK_ros/install/mainspace/share/mainspace/rviz
[6.381s] -- Up-to-date: /home/fu941/TDK_ros/install/mainspace/share/mainspace/rviz/BasePosition.rviz
[6.383s] -- Up-to-date: /home/fu941/TDK_ros/install/mainspace/share/ament_index/resource_index/package_run_dependencies/mainspace
[6.385s] -- Up-to-date: /home/fu941/TDK_ros/install/mainspace/share/ament_index/resource_index/parent_prefix_path/mainspace
[6.387s] -- Up-to-date: /home/fu941/TDK_ros/install/mainspace/share/mainspace/environment/ament_prefix_path.sh
[6.388s] -- Up-to-date: /home/fu941/TDK_ros/install/mainspace/share/mainspace/environment/ament_prefix_path.dsv
[6.390s] -- Up-to-date: /home/fu941/TDK_ros/install/mainspace/share/mainspace/environment/path.sh
[6.392s] -- Up-to-date: /home/fu941/TDK_ros/install/mainspace/share/mainspace/environment/path.dsv
[6.394s] -- Up-to-date: /home/fu941/TDK_ros/install/mainspace/share/mainspace/local_setup.bash
[6.400s] -- Up-to-date: /home/fu941/TDK_ros/install/mainspace/share/mainspace/local_setup.sh
[6.401s] -- Up-to-date: /home/fu941/TDK_ros/install/mainspace/share/mainspace/local_setup.zsh
[6.404s] -- Up-to-date: /home/fu941/TDK_ros/install/mainspace/share/mainspace/local_setup.dsv
[6.406s] -- Installing: /home/fu941/TDK_ros/install/mainspace/share/mainspace/package.dsv
[6.408s] -- Up-to-date: /home/fu941/TDK_ros/install/mainspace/share/ament_index/resource_index/packages/mainspace
[6.410s] -- Up-to-date: /home/fu941/TDK_ros/install/mainspace/share/mainspace/cmake/export_mainspace__rosidl_generator_cExport.cmake
[6.412s] -- Up-to-date: /home/fu941/TDK_ros/install/mainspace/share/mainspace/cmake/export_mainspace__rosidl_generator_cExport-noconfig.cmake
[6.413s] -- Up-to-date: /home/fu941/TDK_ros/install/mainspace/share/mainspace/cmake/export_mainspace__rosidl_typesupport_fastrtps_cExport.cmake
[6.415s] -- Up-to-date: /home/fu941/TDK_ros/install/mainspace/share/mainspace/cmake/export_mainspace__rosidl_typesupport_fastrtps_cExport-noconfig.cmake
[6.416s] -- Up-to-date: /home/fu941/TDK_ros/install/mainspace/share/mainspace/cmake/export_mainspace__rosidl_generator_cppExport.cmake
[6.417s] -- Up-to-date: /home/fu941/TDK_ros/install/mainspace/share/mainspace/cmake/export_mainspace__rosidl_typesupport_fastrtps_cppExport.cmake
[6.419s] -- Up-to-date: /home/fu941/TDK_ros/install/mainspace/share/mainspace/cmake/export_mainspace__rosidl_typesupport_fastrtps_cppExport-noconfig.cmake
[6.420s] -- Up-to-date: /home/fu941/TDK_ros/install/mainspace/share/mainspace/cmake/mainspace__rosidl_typesupport_introspection_cExport.cmake
[6.422s] -- Up-to-date: /home/fu941/TDK_ros/install/mainspace/share/mainspace/cmake/mainspace__rosidl_typesupport_introspection_cExport-noconfig.cmake
[6.423s] -- Up-to-date: /home/fu941/TDK_ros/install/mainspace/share/mainspace/cmake/mainspace__rosidl_typesupport_cExport.cmake
[6.424s] -- Up-to-date: /home/fu941/TDK_ros/install/mainspace/share/mainspace/cmake/mainspace__rosidl_typesupport_cExport-noconfig.cmake
[6.426s] -- Up-to-date: /home/fu941/TDK_ros/install/mainspace/share/mainspace/cmake/mainspace__rosidl_typesupport_introspection_cppExport.cmake
[6.427s] -- Up-to-date: /home/fu941/TDK_ros/install/mainspace/share/mainspace/cmake/mainspace__rosidl_typesupport_introspection_cppExport-noconfig.cmake
[6.428s] -- Up-to-date: /home/fu941/TDK_ros/install/mainspace/share/mainspace/cmake/mainspace__rosidl_typesupport_cppExport.cmake
[6.429s] -- Up-to-date: /home/fu941/TDK_ros/install/mainspace/share/mainspace/cmake/mainspace__rosidl_typesupport_cppExport-noconfig.cmake
[6.430s] -- Up-to-date: /home/fu941/TDK_ros/install/mainspace/share/mainspace/cmake/export_mainspace__rosidl_generator_pyExport.cmake
[6.432s] -- Up-to-date: /home/fu941/TDK_ros/install/mainspace/share/mainspace/cmake/export_mainspace__rosidl_generator_pyExport-noconfig.cmake
[6.433s] -- Up-to-date: /home/fu941/TDK_ros/install/mainspace/share/mainspace/cmake/rosidl_cmake-extras.cmake
[6.434s] -- Up-to-date: /home/fu941/TDK_ros/install/mainspace/share/mainspace/cmake/ament_cmake_export_dependencies-extras.cmake
[6.436s] -- Up-to-date: /home/fu941/TDK_ros/install/mainspace/share/mainspace/cmake/ament_cmake_export_include_directories-extras.cmake
[6.450s] -- Up-to-date: /home/fu941/TDK_ros/install/mainspace/share/mainspace/cmake/ament_cmake_export_libraries-extras.cmake
[6.452s] -- Up-to-date: /home/fu941/TDK_ros/install/mainspace/share/mainspace/cmake/ament_cmake_export_targets-extras.cmake
[6.453s] -- Up-to-date: /home/fu941/TDK_ros/install/mainspace/share/mainspace/cmake/rosidl_cmake_export_typesupport_targets-extras.cmake
[6.454s] -- Up-to-date: /home/fu941/TDK_ros/install/mainspace/share/mainspace/cmake/rosidl_cmake_export_typesupport_libraries-extras.cmake
[6.456s] -- Up-to-date: /home/fu941/TDK_ros/install/mainspace/share/mainspace/cmake/mainspaceConfig.cmake
[6.458s] -- Up-to-date: /home/fu941/TDK_ros/install/mainspace/share/mainspace/cmake/mainspaceConfig-version.cmake
[6.463s] -- Up-to-date: /home/fu941/TDK_ros/install/mainspace/share/mainspace/package.xml
[6.486s] Invoked command in '/home/fu941/TDK_ros/build/mainspace' returned '0': CMAKE_PREFIX_PATH=/opt/ros/humble /usr/bin/cmake --install /home/fu941/TDK_ros/build/mainspace
