-- The C compiler identification is GNU 11.4.0
-- The CXX compiler identification is GNU 11.4.0
-- Detecting C compiler ABI info
-- Detecting C compiler ABI info - done
-- Check for working C compiler: /usr/bin/cc - skipped
-- Detecting C compile features
-- Detecting C compile features - done
-- Detecting CXX compiler ABI info
-- Detecting CXX compiler ABI info - done
-- Check for working CXX compiler: /usr/bin/c++ - skipped
-- Detecting CXX compile features
-- Detecting CXX compile features - done
-- Found ament_cmake: 1.3.12 (/opt/ros/humble/share/ament_cmake/cmake)
-- Found Python3: /usr/bin/python3 (found version "3.10.12") found components: Interpreter 
-- Found OpenCV: /usr (found version "4.5.4") 
-- Found ament_lint_auto: 0.12.14 (/opt/ros/humble/share/ament_lint_auto/cmake)
-- Added test 'cppcheck' to perform static code analysis on C / C++ code
-- Configured cppcheck include dirs: /home/fu941/TDK_ros/src/camera/include
-- Configured cppcheck exclude dirs and/or files: 
-- Added test 'lint_cmake' to check CMake code style
-- Added test 'uncrustify' to check C / C++ code style
-- Configured uncrustify additional arguments: 
-- Added test 'xmllint' to check XML markup files
-- Configuring done
-- Generating done
-- Build files have been written to: /home/fu941/TDK_ros/build/camera
[ 22%] [32mBuilding CXX object CMakeFiles/cameraStage2.dir/src/cameraStage2.cpp.o[0m
[ 22%] [32mBuilding CXX object CMakeFiles/cameraStage3.dir/src/cameraStage3.cpp.o[0m
[ 33%] [32mBuilding CXX object CMakeFiles/cameraStage2.dir/src/cameraBackground.cpp.o[0m
[ 44%] [32mBuilding CXX object CMakeFiles/cameraDesk2.dir/src/cameraDesk2.cpp.o[0m
[ 55%] [32mBuilding CXX object CMakeFiles/cameraDesk2.dir/src/cameraBackground.cpp.o[0m
[ 66%] [32mBuilding CXX object CMakeFiles/cameraStage3.dir/src/cameraBackground.cpp.o[0m
[ 77%] [32m[1mLinking CXX executable cameraStage2[0m
[ 77%] Built target cameraStage2
[ 88%] [32m[1mLinking CXX executable cameraDesk2[0m
[100%] [32m[1mLinking CXX executable cameraStage3[0m
[100%] Built target cameraDesk2
[100%] Built target cameraStage3
-- Install configuration: ""
-- Installing: /home/fu941/TDK_ros/install/camera/include/
-- Installing: /home/fu941/TDK_ros/install/camera/include//camera
-- Installing: /home/fu941/TDK_ros/install/camera/include//camera/cameraBackground.hpp
-- Installing: /home/fu941/TDK_ros/install/camera/lib/camera/cameraStage2
-- Installing: /home/fu941/TDK_ros/install/camera/lib/camera/cameraDesk2
-- Installing: /home/fu941/TDK_ros/install/camera/lib/camera/cameraStage3
-- Installing: /home/fu941/TDK_ros/install/camera/share/ament_index/resource_index/package_run_dependencies/camera
-- Installing: /home/fu941/TDK_ros/install/camera/share/ament_index/resource_index/parent_prefix_path/camera
-- Installing: /home/fu941/TDK_ros/install/camera/share/camera/environment/ament_prefix_path.sh
-- Installing: /home/fu941/TDK_ros/install/camera/share/camera/environment/ament_prefix_path.dsv
-- Installing: /home/fu941/TDK_ros/install/camera/share/camera/environment/path.sh
-- Installing: /home/fu941/TDK_ros/install/camera/share/camera/environment/path.dsv
-- Installing: /home/fu941/TDK_ros/install/camera/share/camera/local_setup.bash
-- Installing: /home/fu941/TDK_ros/install/camera/share/camera/local_setup.sh
-- Installing: /home/fu941/TDK_ros/install/camera/share/camera/local_setup.zsh
-- Installing: /home/fu941/TDK_ros/install/camera/share/camera/local_setup.dsv
-- Installing: /home/fu941/TDK_ros/install/camera/share/camera/package.dsv
-- Installing: /home/fu941/TDK_ros/install/camera/share/ament_index/resource_index/packages/camera
-- Installing: /home/fu941/TDK_ros/install/camera/share/camera/cmake/cameraConfig.cmake
-- Installing: /home/fu941/TDK_ros/install/camera/share/camera/cmake/cameraConfig-version.cmake
-- Installing: /home/fu941/TDK_ros/install/camera/share/camera/package.xml
