[0.043s] Invoking command in '/home/fu941/TDK_ros/build/camera': CMAKE_PREFIX_PATH=/opt/ros/humble /usr/bin/cmake /home/fu941/TDK_ros/src/camera -DCMAKE_INSTALL_PREFIX=/home/fu941/TDK_ros/install/camera
[0.287s] -- The C compiler identification is GNU 11.4.0
[0.527s] -- The CXX compiler identification is GNU 11.4.0
[0.559s] -- Detecting C compiler ABI info
[0.856s] -- Detecting C compiler ABI info - done
[0.882s] -- Check for working C compiler: /usr/bin/cc - skipped
[0.882s] -- Detecting C compile features
[0.884s] -- Detecting C compile features - done
[0.894s] -- Detecting CXX compiler ABI info
[1.222s] -- Detecting CXX compiler ABI info - done
[1.251s] -- Check for working CXX compiler: /usr/bin/c++ - skipped
[1.252s] -- Detecting CXX compile features
[1.254s] -- Detecting CXX compile features - done
[1.277s] -- Found ament_cmake: 1.3.12 (/opt/ros/humble/share/ament_cmake/cmake)
[1.957s] -- Found Python3: /usr/bin/python3 (found version "3.10.12") found components: Interpreter 
[2.507s] -- Found OpenCV: /usr (found version "4.5.4") 
[2.529s] -- Found ament_lint_auto: 0.12.14 (/opt/ros/humble/share/ament_lint_auto/cmake)
[2.927s] -- Added test 'cppcheck' to perform static code analysis on C / C++ code
[2.928s] -- Configured cppcheck include dirs: /home/fu941/TDK_ros/src/camera/include
[2.928s] -- Configured cppcheck exclude dirs and/or files: 
[2.932s] -- Added test 'lint_cmake' to check CMake code style
[2.940s] -- Added test 'uncrustify' to check C / C++ code style
[2.941s] -- Configured uncrustify additional arguments: 
[2.943s] -- Added test 'xmllint' to check XML markup files
[2.949s] -- Configuring done
[3.001s] -- Generating done
[3.019s] -- Build files have been written to: /home/fu941/TDK_ros/build/camera
[3.036s] Invoked command in '/home/fu941/TDK_ros/build/camera' returned '0': CMAKE_PREFIX_PATH=/opt/ros/humble /usr/bin/cmake /home/fu941/TDK_ros/src/camera -DCMAKE_INSTALL_PREFIX=/home/fu941/TDK_ros/install/camera
[3.045s] Invoking command in '/home/fu941/TDK_ros/build/camera': CMAKE_PREFIX_PATH=/opt/ros/humble /usr/bin/cmake --build /home/fu941/TDK_ros/build/camera -- -j4 -l4
[3.276s] [ 22%] [32mBuilding CXX object CMakeFiles/cameraStage2.dir/src/cameraStage2.cpp.o[0m
[3.277s] [ 22%] [32mBuilding CXX object CMakeFiles/cameraStage3.dir/src/cameraStage3.cpp.o[0m
[3.282s] [ 33%] [32mBuilding CXX object CMakeFiles/cameraStage2.dir/src/cameraBackground.cpp.o[0m
[3.287s] [ 44%] [32mBuilding CXX object CMakeFiles/cameraDesk2.dir/src/cameraDesk2.cpp.o[0m
[27.375s] [ 55%] [32mBuilding CXX object CMakeFiles/cameraDesk2.dir/src/cameraBackground.cpp.o[0m
[27.660s] [ 66%] [32mBuilding CXX object CMakeFiles/cameraStage3.dir/src/cameraBackground.cpp.o[0m
[29.028s] [ 77%] [32m[1mLinking CXX executable cameraStage2[0m
[32.656s] [ 77%] Built target cameraStage2
[45.431s] [ 88%] [32m[1mLinking CXX executable cameraDesk2[0m
[45.806s] [100%] [32m[1mLinking CXX executable cameraStage3[0m
[48.267s] [100%] Built target cameraDesk2
[48.637s] [100%] Built target cameraStage3
[48.730s] Invoked command in '/home/fu941/TDK_ros/build/camera' returned '0': CMAKE_PREFIX_PATH=/opt/ros/humble /usr/bin/cmake --build /home/fu941/TDK_ros/build/camera -- -j4 -l4
[48.815s] Invoking command in '/home/fu941/TDK_ros/build/camera': CMAKE_PREFIX_PATH=/opt/ros/humble /usr/bin/cmake --install /home/fu941/TDK_ros/build/camera
[48.883s] -- Install configuration: ""
[48.884s] -- Installing: /home/fu941/TDK_ros/install/camera/include/
[48.885s] -- Installing: /home/fu941/TDK_ros/install/camera/include//camera
[48.886s] -- Installing: /home/fu941/TDK_ros/install/camera/include//camera/cameraBackground.hpp
[48.890s] -- Installing: /home/fu941/TDK_ros/install/camera/lib/camera/cameraStage2
[48.895s] -- Installing: /home/fu941/TDK_ros/install/camera/lib/camera/cameraDesk2
[48.898s] -- Installing: /home/fu941/TDK_ros/install/camera/lib/camera/cameraStage3
[48.904s] -- Installing: /home/fu941/TDK_ros/install/camera/share/ament_index/resource_index/package_run_dependencies/camera
[48.908s] -- Installing: /home/fu941/TDK_ros/install/camera/share/ament_index/resource_index/parent_prefix_path/camera
[48.912s] -- Installing: /home/fu941/TDK_ros/install/camera/share/camera/environment/ament_prefix_path.sh
[48.914s] -- Installing: /home/fu941/TDK_ros/install/camera/share/camera/environment/ament_prefix_path.dsv
[48.917s] -- Installing: /home/fu941/TDK_ros/install/camera/share/camera/environment/path.sh
[48.920s] -- Installing: /home/fu941/TDK_ros/install/camera/share/camera/environment/path.dsv
[48.922s] -- Installing: /home/fu941/TDK_ros/install/camera/share/camera/local_setup.bash
[48.925s] -- Installing: /home/fu941/TDK_ros/install/camera/share/camera/local_setup.sh
[48.928s] -- Installing: /home/fu941/TDK_ros/install/camera/share/camera/local_setup.zsh
[48.930s] -- Installing: /home/fu941/TDK_ros/install/camera/share/camera/local_setup.dsv
[48.933s] -- Installing: /home/fu941/TDK_ros/install/camera/share/camera/package.dsv
[48.937s] -- Installing: /home/fu941/TDK_ros/install/camera/share/ament_index/resource_index/packages/camera
[48.940s] -- Installing: /home/fu941/TDK_ros/install/camera/share/camera/cmake/cameraConfig.cmake
[48.942s] -- Installing: /home/fu941/TDK_ros/install/camera/share/camera/cmake/cameraConfig-version.cmake
[48.945s] -- Installing: /home/fu941/TDK_ros/install/camera/share/camera/package.xml
[48.959s] Invoked command in '/home/fu941/TDK_ros/build/camera' returned '0': CMAKE_PREFIX_PATH=/opt/ros/humble /usr/bin/cmake --install /home/fu941/TDK_ros/build/camera
