[ 25%] Built target cameraDesk2_test
[ 58%] Built target cameraCoffee2
[ 83%] Built target cameraStage3
[100%] Built target cameraDesk2
-- Install configuration: ""
-- Up-to-date: /home/fu941/TDK_ros/install/camera/include/
-- Up-to-date: /home/fu941/TDK_ros/install/camera/include//camera
-- Up-to-date: /home/fu941/TDK_ros/install/camera/include//camera/cameraBackground.hpp
-- Up-to-date: /home/fu941/TDK_ros/install/camera/lib/camera/cameraCoffee2
-- Up-to-date: /home/fu941/TDK_ros/install/camera/lib/camera/cameraDesk2
-- Up-to-date: /home/fu941/TDK_ros/install/camera/lib/camera/cameraDesk2_test
-- Up-to-date: /home/fu941/TDK_ros/install/camera/lib/camera/cameraStage3
-- Up-to-date: /home/fu941/TDK_ros/install/camera/share/ament_index/resource_index/package_run_dependencies/camera
-- Up-to-date: /home/fu941/TDK_ros/install/camera/share/ament_index/resource_index/parent_prefix_path/camera
-- Up-to-date: /home/fu941/TDK_ros/install/camera/share/camera/environment/ament_prefix_path.sh
-- Up-to-date: /home/fu941/TDK_ros/install/camera/share/camera/environment/ament_prefix_path.dsv
-- Up-to-date: /home/fu941/TDK_ros/install/camera/share/camera/environment/path.sh
-- Up-to-date: /home/fu941/TDK_ros/install/camera/share/camera/environment/path.dsv
-- Up-to-date: /home/fu941/TDK_ros/install/camera/share/camera/local_setup.bash
-- Up-to-date: /home/fu941/TDK_ros/install/camera/share/camera/local_setup.sh
-- Up-to-date: /home/fu941/TDK_ros/install/camera/share/camera/local_setup.zsh
-- Up-to-date: /home/fu941/TDK_ros/install/camera/share/camera/local_setup.dsv
-- Installing: /home/fu941/TDK_ros/install/camera/share/camera/package.dsv
-- Up-to-date: /home/fu941/TDK_ros/install/camera/share/ament_index/resource_index/packages/camera
-- Up-to-date: /home/fu941/TDK_ros/install/camera/share/camera/cmake/cameraConfig.cmake
-- Up-to-date: /home/fu941/TDK_ros/install/camera/share/camera/cmake/cameraConfig-version.cmake
-- Up-to-date: /home/fu941/TDK_ros/install/camera/share/camera/package.xml
