[0.133s] Invoking command in '/home/fu941/TDK_ros/build/camera': CMAKE_PREFIX_PATH=/home/fu941/TDK_ros/install/mainspace:/home/fu941/TDK_ros/install/camera:/home/fu941/TDK_ros/install/SerialTest:/opt/ros/humble /usr/bin/cmake --build /home/fu941/TDK_ros/build/camera -- -j4 -l4
[0.675s] [ 25%] Built target cameraDesk2_test
[0.690s] [ 58%] Built target cameraCoffee2
[0.693s] [ 83%] Built target cameraStage3
[0.697s] [100%] Built target cameraDesk2
[0.799s] Invoked command in '/home/fu941/TDK_ros/build/camera' returned '0': CMAKE_PREFIX_PATH=/home/fu941/TDK_ros/install/mainspace:/home/fu941/TDK_ros/install/camera:/home/fu941/TDK_ros/install/SerialTest:/opt/ros/humble /usr/bin/cmake --build /home/fu941/TDK_ros/build/camera -- -j4 -l4
[0.812s] Invoking command in '/home/fu941/TDK_ros/build/camera': CMAKE_PREFIX_PATH=/home/fu941/TDK_ros/install/mainspace:/home/fu941/TDK_ros/install/camera:/home/fu941/TDK_ros/install/SerialTest:/opt/ros/humble /usr/bin/cmake --install /home/fu941/TDK_ros/build/camera
[0.888s] -- Install configuration: ""
[0.889s] -- Up-to-date: /home/fu941/TDK_ros/install/camera/include/
[0.891s] -- Up-to-date: /home/fu941/TDK_ros/install/camera/include//camera
[0.891s] -- Up-to-date: /home/fu941/TDK_ros/install/camera/include//camera/cameraBackground.hpp
[0.894s] -- Up-to-date: /home/fu941/TDK_ros/install/camera/lib/camera/cameraCoffee2
[0.899s] -- Up-to-date: /home/fu941/TDK_ros/install/camera/lib/camera/cameraDesk2
[0.905s] -- Up-to-date: /home/fu941/TDK_ros/install/camera/lib/camera/cameraDesk2_test
[0.911s] -- Up-to-date: /home/fu941/TDK_ros/install/camera/lib/camera/cameraStage3
[0.915s] -- Up-to-date: /home/fu941/TDK_ros/install/camera/share/ament_index/resource_index/package_run_dependencies/camera
[0.916s] -- Up-to-date: /home/fu941/TDK_ros/install/camera/share/ament_index/resource_index/parent_prefix_path/camera
[0.917s] -- Up-to-date: /home/fu941/TDK_ros/install/camera/share/camera/environment/ament_prefix_path.sh
[0.918s] -- Up-to-date: /home/fu941/TDK_ros/install/camera/share/camera/environment/ament_prefix_path.dsv
[0.919s] -- Up-to-date: /home/fu941/TDK_ros/install/camera/share/camera/environment/path.sh
[0.921s] -- Up-to-date: /home/fu941/TDK_ros/install/camera/share/camera/environment/path.dsv
[0.922s] -- Up-to-date: /home/fu941/TDK_ros/install/camera/share/camera/local_setup.bash
[0.923s] -- Up-to-date: /home/fu941/TDK_ros/install/camera/share/camera/local_setup.sh
[0.924s] -- Up-to-date: /home/fu941/TDK_ros/install/camera/share/camera/local_setup.zsh
[0.925s] -- Up-to-date: /home/fu941/TDK_ros/install/camera/share/camera/local_setup.dsv
[0.926s] -- Installing: /home/fu941/TDK_ros/install/camera/share/camera/package.dsv
[0.928s] -- Up-to-date: /home/fu941/TDK_ros/install/camera/share/ament_index/resource_index/packages/camera
[0.931s] -- Up-to-date: /home/fu941/TDK_ros/install/camera/share/camera/cmake/cameraConfig.cmake
[0.932s] -- Up-to-date: /home/fu941/TDK_ros/install/camera/share/camera/cmake/cameraConfig-version.cmake
[0.933s] -- Up-to-date: /home/fu941/TDK_ros/install/camera/share/camera/package.xml
[0.947s] Invoked command in '/home/fu941/TDK_ros/build/camera' returned '0': CMAKE_PREFIX_PATH=/home/fu941/TDK_ros/install/mainspace:/home/fu941/TDK_ros/install/camera:/home/fu941/TDK_ros/install/SerialTest:/opt/ros/humble /usr/bin/cmake --install /home/fu941/TDK_ros/build/camera
