[35m[1mConsolidate compiler generated dependencies of target cameraStage2[0m
[35m[1mConsolidate compiler generated dependencies of target cameraStage3[0m
[35m[1mConsolidate compiler generated dependencies of target cameraDesk2[0m
[ 11%] [32mBuilding CXX object CMakeFiles/cameraStage2.dir/src/cameraBackground.cpp.o[0m
[ 22%] [32mBuilding CXX object CMakeFiles/cameraStage3.dir/src/cameraStage3.cpp.o[0m
[ 33%] [32mBuilding CXX object CMakeFiles/cameraDesk2.dir/src/cameraBackground.cpp.o[0m
[ 44%] [32mBuilding CXX object CMakeFiles/cameraStage3.dir/src/cameraBackground.cpp.o[0m
[01m[K/home/fu941/TDK_ros/src/camera/src/cameraStage3.cpp:[m[K In member function ‘[01m[Kcv::Mat CameraStage3::FindOrange(cv::Mat)[m[K’:
[01m[K/home/fu941/TDK_ros/src/camera/src/cameraStage3.cpp:42:20:[m[K [01;35m[Kwarning: [m[Kvariable ‘[01m[KPointColor[m[K’ set but not used [[01;35m[K]8;;https://gcc.gnu.org/onlinedocs/gcc/Warning-Options.html#index-Wunused-but-set-variable-Wunused-but-set-variable]8;;[m[K]
   42 |             Scalar [01;35m[KPointColor[m[K = (abs(orange_center_x) + abs(orange_center_y) > 50) ? Scalar(0, 0, 255) : Scalar(0, 255, 0);
      |                    [01;35m[K^~~~~~~~~~[m[K
[ 55%] [32m[1mLinking CXX executable cameraStage2[0m
[ 66%] [32m[1mLinking CXX executable cameraDesk2[0m
[ 77%] [32m[1mLinking CXX executable cameraStage3[0m
[ 88%] Built target cameraStage2
[100%] Built target cameraDesk2
[100%] Built target cameraStage3
-- Install configuration: ""
-- Up-to-date: /home/fu941/TDK_ros/install/camera/include/
-- Up-to-date: /home/fu941/TDK_ros/install/camera/include//camera
-- Up-to-date: /home/fu941/TDK_ros/install/camera/include//camera/cameraBackground.hpp
-- Installing: /home/fu941/TDK_ros/install/camera/lib/camera/cameraStage2
-- Installing: /home/fu941/TDK_ros/install/camera/lib/camera/cameraDesk2
-- Installing: /home/fu941/TDK_ros/install/camera/lib/camera/cameraStage3
-- Up-to-date: /home/fu941/TDK_ros/install/camera/share/ament_index/resource_index/package_run_dependencies/camera
-- Up-to-date: /home/fu941/TDK_ros/install/camera/share/ament_index/resource_index/parent_prefix_path/camera
-- Up-to-date: /home/fu941/TDK_ros/install/camera/share/camera/environment/ament_prefix_path.sh
-- Up-to-date: /home/fu941/TDK_ros/install/camera/share/camera/environment/ament_prefix_path.dsv
-- Up-to-date: /home/fu941/TDK_ros/install/camera/share/camera/environment/path.sh
-- Up-to-date: /home/fu941/TDK_ros/install/camera/share/camera/environment/path.dsv
-- Up-to-date: /home/fu941/TDK_ros/install/camera/share/camera/local_setup.bash
-- Up-to-date: /home/fu941/TDK_ros/install/camera/share/camera/local_setup.sh
-- Up-to-date: /home/fu941/TDK_ros/install/camera/share/camera/local_setup.zsh
-- Up-to-date: /home/fu941/TDK_ros/install/camera/share/camera/local_setup.dsv
-- Installing: /home/fu941/TDK_ros/install/camera/share/camera/package.dsv
-- Up-to-date: /home/fu941/TDK_ros/install/camera/share/ament_index/resource_index/packages/camera
-- Up-to-date: /home/fu941/TDK_ros/install/camera/share/camera/cmake/cameraConfig.cmake
-- Up-to-date: /home/fu941/TDK_ros/install/camera/share/camera/cmake/cameraConfig-version.cmake
-- Up-to-date: /home/fu941/TDK_ros/install/camera/share/camera/package.xml
