[35m[1mConsolidate compiler generated dependencies of target cameraStage2[0m
[35m[1mConsolidate compiler generated dependencies of target cameraStage3[0m
[35m[1mConsolidate compiler generated dependencies of target cameraDesk2[0m
[ 11%] [32mBuilding CXX object CMakeFiles/cameraStage2.dir/src/cameraBackground.cpp.o[0m
[ 22%] [32mBuilding CXX object CMakeFiles/cameraStage3.dir/src/cameraStage3.cpp.o[0m
[ 33%] [32mBuilding CXX object CMakeFiles/cameraDesk2.dir/src/cameraBackground.cpp.o[0m
[ 44%] [32mBuilding CXX object CMakeFiles/cameraStage3.dir/src/cameraBackground.cpp.o[0m
[ 55%] [32m[1mLinking CXX executable cameraStage2[0m
[ 66%] [32m[1mLinking CXX executable cameraDesk2[0m
[ 77%] [32m[1mLinking CXX executable cameraStage3[0m
[ 88%] Built target cameraStage2
[100%] Built target cameraDesk2
[100%] Built target cameraStage3
-- Install configuration: ""
-- Up-to-date: /home/fu941/TDK_ros/install/camera/include/
-- Up-to-date: /home/fu941/TDK_ros/install/camera/include//camera
-- Up-to-date: /home/fu941/TDK_ros/install/camera/include//camera/cameraBackground.hpp
-- Installing: /home/fu941/TDK_ros/install/camera/lib/camera/cameraStage2
-- Installing: /home/fu941/TDK_ros/install/camera/lib/camera/cameraDesk2
-- Installing: /home/fu941/TDK_ros/install/camera/lib/camera/cameraStage3
-- Up-to-date: /home/fu941/TDK_ros/install/camera/share/ament_index/resource_index/package_run_dependencies/camera
-- Up-to-date: /home/fu941/TDK_ros/install/camera/share/ament_index/resource_index/parent_prefix_path/camera
-- Up-to-date: /home/fu941/TDK_ros/install/camera/share/camera/environment/ament_prefix_path.sh
-- Up-to-date: /home/fu941/TDK_ros/install/camera/share/camera/environment/ament_prefix_path.dsv
-- Up-to-date: /home/fu941/TDK_ros/install/camera/share/camera/environment/path.sh
-- Up-to-date: /home/fu941/TDK_ros/install/camera/share/camera/environment/path.dsv
-- Up-to-date: /home/fu941/TDK_ros/install/camera/share/camera/local_setup.bash
-- Up-to-date: /home/fu941/TDK_ros/install/camera/share/camera/local_setup.sh
-- Up-to-date: /home/fu941/TDK_ros/install/camera/share/camera/local_setup.zsh
-- Up-to-date: /home/fu941/TDK_ros/install/camera/share/camera/local_setup.dsv
-- Installing: /home/fu941/TDK_ros/install/camera/share/camera/package.dsv
-- Up-to-date: /home/fu941/TDK_ros/install/camera/share/ament_index/resource_index/packages/camera
-- Up-to-date: /home/fu941/TDK_ros/install/camera/share/camera/cmake/cameraConfig.cmake
-- Up-to-date: /home/fu941/TDK_ros/install/camera/share/camera/cmake/cameraConfig-version.cmake
-- Up-to-date: /home/fu941/TDK_ros/install/camera/share/camera/package.xml
