[1.145s] DEBUG:colcon:Command line arguments: ['/usr/bin/colcon', 'build']
[1.146s] DEBUG:colcon:Parsed command line arguments: Namespace(log_base=None, log_level=None, verb_name='build', build_base='build', install_base='install', merge_install=False, symlink_install=False, test_result_base=None, continue_on_error=False, executor='parallel', parallel_workers=4, event_handlers=None, ignore_user_meta=False, metas=['./colcon.meta'], base_paths=['.'], packages_ignore=None, packages_ignore_regex=None, paths=None, packages_up_to=None, packages_up_to_regex=None, packages_above=None, packages_above_and_dependencies=None, packages_above_depth=None, packages_select_by_dep=None, packages_skip_by_dep=None, packages_skip_up_to=None, packages_select_build_failed=False, packages_skip_build_finished=False, packages_select_test_failures=False, packages_skip_test_passed=False, packages_select=None, packages_skip=None, packages_select_regex=None, packages_skip_regex=None, packages_start=None, packages_end=None, allow_overriding=[], cmake_args=None, cmake_target=None, cmake_target_skip_unavailable=False, cmake_clean_cache=False, cmake_clean_first=False, cmake_force_configure=False, ament_cmake_args=None, catkin_cmake_args=None, catkin_skip_building_tests=False, verb_parser=<colcon_defaults.argument_parser.defaults.DefaultArgumentsDecorator object at 0xffffad493970>, verb_extension=<colcon_core.verb.build.BuildVerb object at 0xffffad5ccd00>, main=<bound method BuildVerb.main of <colcon_core.verb.build.BuildVerb object at 0xffffad5ccd00>>)
[3.252s] Level 1:colcon.colcon_core.package_discovery:discover_packages(colcon_meta) check parameters
[3.253s] Level 1:colcon.colcon_core.package_discovery:discover_packages(recursive) check parameters
[3.254s] Level 1:colcon.colcon_core.package_discovery:discover_packages(ignore) check parameters
[3.254s] Level 1:colcon.colcon_core.package_discovery:discover_packages(path) check parameters
[3.255s] Level 1:colcon.colcon_core.package_discovery:discover_packages(colcon_meta) discover
[3.255s] Level 1:colcon.colcon_core.package_discovery:discover_packages(recursive) discover
[3.256s] INFO:colcon.colcon_core.package_discovery:Crawling recursively for packages in '/home/fu941/TDK_ros'
[3.257s] Level 1:colcon.colcon_core.package_identification:_identify(.) by extensions ['ignore', 'ignore_ament_install']
[3.260s] Level 1:colcon.colcon_core.package_identification:_identify(.) by extension 'ignore'
[3.261s] Level 1:colcon.colcon_core.package_identification:_identify(.) by extension 'ignore_ament_install'
[3.262s] Level 1:colcon.colcon_core.package_identification:_identify(.) by extensions ['colcon_pkg']
[3.262s] Level 1:colcon.colcon_core.package_identification:_identify(.) by extension 'colcon_pkg'
[3.263s] Level 1:colcon.colcon_core.package_identification:_identify(.) by extensions ['colcon_meta']
[3.263s] Level 1:colcon.colcon_core.package_identification:_identify(.) by extension 'colcon_meta'
[3.264s] Level 1:colcon.colcon_core.package_identification:_identify(.) by extensions ['ros']
[3.264s] Level 1:colcon.colcon_core.package_identification:_identify(.) by extension 'ros'
[3.394s] Level 1:colcon.colcon_core.package_identification:_identify(.) by extensions ['cmake', 'python']
[3.395s] Level 1:colcon.colcon_core.package_identification:_identify(.) by extension 'cmake'
[3.395s] Level 1:colcon.colcon_core.package_identification:_identify(.) by extension 'python'
[3.396s] Level 1:colcon.colcon_core.package_identification:_identify(.) by extensions ['python_setup_py']
[3.397s] Level 1:colcon.colcon_core.package_identification:_identify(.) by extension 'python_setup_py'
[3.398s] Level 1:colcon.colcon_core.package_identification:_identify(build) by extensions ['ignore', 'ignore_ament_install']
[3.400s] Level 1:colcon.colcon_core.package_identification:_identify(build) by extension 'ignore'
[3.400s] Level 1:colcon.colcon_core.package_identification:_identify(build) ignored
[3.402s] Level 1:colcon.colcon_core.package_identification:_identify(install) by extensions ['ignore', 'ignore_ament_install']
[3.403s] Level 1:colcon.colcon_core.package_identification:_identify(install) by extension 'ignore'
[3.404s] Level 1:colcon.colcon_core.package_identification:_identify(install) ignored
[3.406s] Level 1:colcon.colcon_core.package_identification:_identify(log) by extensions ['ignore', 'ignore_ament_install']
[3.407s] Level 1:colcon.colcon_core.package_identification:_identify(log) by extension 'ignore'
[3.408s] Level 1:colcon.colcon_core.package_identification:_identify(log) ignored
[3.409s] Level 1:colcon.colcon_core.package_identification:_identify(src) by extensions ['ignore', 'ignore_ament_install']
[3.410s] Level 1:colcon.colcon_core.package_identification:_identify(src) by extension 'ignore'
[3.411s] Level 1:colcon.colcon_core.package_identification:_identify(src) by extension 'ignore_ament_install'
[3.412s] Level 1:colcon.colcon_core.package_identification:_identify(src) by extensions ['colcon_pkg']
[3.412s] Level 1:colcon.colcon_core.package_identification:_identify(src) by extension 'colcon_pkg'
[3.413s] Level 1:colcon.colcon_core.package_identification:_identify(src) by extensions ['colcon_meta']
[3.414s] Level 1:colcon.colcon_core.package_identification:_identify(src) by extension 'colcon_meta'
[3.414s] Level 1:colcon.colcon_core.package_identification:_identify(src) by extensions ['ros']
[3.415s] Level 1:colcon.colcon_core.package_identification:_identify(src) by extension 'ros'
[3.416s] Level 1:colcon.colcon_core.package_identification:_identify(src) by extensions ['cmake', 'python']
[3.417s] Level 1:colcon.colcon_core.package_identification:_identify(src) by extension 'cmake'
[3.417s] Level 1:colcon.colcon_core.package_identification:_identify(src) by extension 'python'
[3.418s] Level 1:colcon.colcon_core.package_identification:_identify(src) by extensions ['python_setup_py']
[3.418s] Level 1:colcon.colcon_core.package_identification:_identify(src) by extension 'python_setup_py'
[3.420s] Level 1:colcon.colcon_core.package_identification:_identify(src/SerialTest) by extensions ['ignore', 'ignore_ament_install']
[3.421s] Level 1:colcon.colcon_core.package_identification:_identify(src/SerialTest) by extension 'ignore'
[3.422s] Level 1:colcon.colcon_core.package_identification:_identify(src/SerialTest) by extension 'ignore_ament_install'
[3.423s] Level 1:colcon.colcon_core.package_identification:_identify(src/SerialTest) by extensions ['colcon_pkg']
[3.423s] Level 1:colcon.colcon_core.package_identification:_identify(src/SerialTest) by extension 'colcon_pkg'
[3.424s] Level 1:colcon.colcon_core.package_identification:_identify(src/SerialTest) by extensions ['colcon_meta']
[3.424s] Level 1:colcon.colcon_core.package_identification:_identify(src/SerialTest) by extension 'colcon_meta'
[3.425s] Level 1:colcon.colcon_core.package_identification:_identify(src/SerialTest) by extensions ['ros']
[3.426s] Level 1:colcon.colcon_core.package_identification:_identify(src/SerialTest) by extension 'ros'
[3.450s] DEBUG:colcon.colcon_core.package_identification:Package 'src/SerialTest' with type 'ros.ament_python' and name 'SerialTest'
[3.452s] Level 1:colcon.colcon_core.package_identification:_identify(src/camera) by extensions ['ignore', 'ignore_ament_install']
[3.453s] Level 1:colcon.colcon_core.package_identification:_identify(src/camera) by extension 'ignore'
[3.454s] Level 1:colcon.colcon_core.package_identification:_identify(src/camera) by extension 'ignore_ament_install'
[3.455s] Level 1:colcon.colcon_core.package_identification:_identify(src/camera) by extensions ['colcon_pkg']
[3.456s] Level 1:colcon.colcon_core.package_identification:_identify(src/camera) by extension 'colcon_pkg'
[3.457s] Level 1:colcon.colcon_core.package_identification:_identify(src/camera) by extensions ['colcon_meta']
[3.457s] Level 1:colcon.colcon_core.package_identification:_identify(src/camera) by extension 'colcon_meta'
[3.458s] Level 1:colcon.colcon_core.package_identification:_identify(src/camera) by extensions ['ros']
[3.459s] Level 1:colcon.colcon_core.package_identification:_identify(src/camera) by extension 'ros'
[3.468s] DEBUG:colcon.colcon_core.package_identification:Package 'src/camera' with type 'ros.ament_cmake' and name 'camera'
[3.470s] Level 1:colcon.colcon_core.package_identification:_identify(src/mainspace) by extensions ['ignore', 'ignore_ament_install']
[3.472s] Level 1:colcon.colcon_core.package_identification:_identify(src/mainspace) by extension 'ignore'
[3.473s] Level 1:colcon.colcon_core.package_identification:_identify(src/mainspace) by extension 'ignore_ament_install'
[3.474s] Level 1:colcon.colcon_core.package_identification:_identify(src/mainspace) by extensions ['colcon_pkg']
[3.474s] Level 1:colcon.colcon_core.package_identification:_identify(src/mainspace) by extension 'colcon_pkg'
[3.475s] Level 1:colcon.colcon_core.package_identification:_identify(src/mainspace) by extensions ['colcon_meta']
[3.475s] Level 1:colcon.colcon_core.package_identification:_identify(src/mainspace) by extension 'colcon_meta'
[3.476s] Level 1:colcon.colcon_core.package_identification:_identify(src/mainspace) by extensions ['ros']
[3.477s] Level 1:colcon.colcon_core.package_identification:_identify(src/mainspace) by extension 'ros'
[3.485s] DEBUG:colcon.colcon_core.package_identification:Package 'src/mainspace' with type 'ros.ament_cmake' and name 'mainspace'
[3.486s] Level 1:colcon.colcon_core.package_discovery:discover_packages(recursive) using defaults
[3.487s] Level 1:colcon.colcon_core.package_discovery:discover_packages(ignore) discover
[3.487s] Level 1:colcon.colcon_core.package_discovery:discover_packages(ignore) using defaults
[3.487s] Level 1:colcon.colcon_core.package_discovery:discover_packages(path) discover
[3.488s] Level 1:colcon.colcon_core.package_discovery:discover_packages(path) using defaults
[3.713s] Level 1:colcon.colcon_core.package_discovery:discover_packages(prefix_path) check parameters
[3.714s] Level 1:colcon.colcon_core.package_discovery:discover_packages(prefix_path) discover
[3.739s] DEBUG:colcon.colcon_installed_package_information.package_discovery:Found 3 installed packages in /home/fu941/TDK_ros/install
[3.766s] DEBUG:colcon.colcon_installed_package_information.package_discovery:Found 271 installed packages in /opt/ros/humble
[3.793s] Level 1:colcon.colcon_core.package_discovery:discover_packages(prefix_path) using defaults
[4.400s] Level 5:colcon.colcon_core.verb:set package 'mainspace' build argument 'cmake_args' from command line to 'None'
[4.401s] Level 5:colcon.colcon_core.verb:set package 'mainspace' build argument 'cmake_target' from command line to 'None'
[4.401s] Level 5:colcon.colcon_core.verb:set package 'mainspace' build argument 'cmake_target_skip_unavailable' from command line to 'False'
[4.402s] Level 5:colcon.colcon_core.verb:set package 'mainspace' build argument 'cmake_clean_cache' from command line to 'False'
[4.402s] Level 5:colcon.colcon_core.verb:set package 'mainspace' build argument 'cmake_clean_first' from command line to 'False'
[4.402s] Level 5:colcon.colcon_core.verb:set package 'mainspace' build argument 'cmake_force_configure' from command line to 'False'
[4.403s] Level 5:colcon.colcon_core.verb:set package 'mainspace' build argument 'ament_cmake_args' from command line to 'None'
[4.403s] Level 5:colcon.colcon_core.verb:set package 'mainspace' build argument 'catkin_cmake_args' from command line to 'None'
[4.403s] Level 5:colcon.colcon_core.verb:set package 'mainspace' build argument 'catkin_skip_building_tests' from command line to 'False'
[4.404s] DEBUG:colcon.colcon_core.verb:Building package 'mainspace' with the following arguments: {'ament_cmake_args': None, 'build_base': '/home/fu941/TDK_ros/build/mainspace', 'catkin_cmake_args': None, 'catkin_skip_building_tests': False, 'cmake_args': None, 'cmake_clean_cache': False, 'cmake_clean_first': False, 'cmake_force_configure': False, 'cmake_target': None, 'cmake_target_skip_unavailable': False, 'install_base': '/home/fu941/TDK_ros/install/mainspace', 'merge_install': False, 'path': '/home/fu941/TDK_ros/src/mainspace', 'symlink_install': False, 'test_result_base': None}
[4.408s] Level 5:colcon.colcon_core.verb:set package 'camera' build argument 'cmake_args' from command line to 'None'
[4.409s] Level 5:colcon.colcon_core.verb:set package 'camera' build argument 'cmake_target' from command line to 'None'
[4.409s] Level 5:colcon.colcon_core.verb:set package 'camera' build argument 'cmake_target_skip_unavailable' from command line to 'False'
[4.410s] Level 5:colcon.colcon_core.verb:set package 'camera' build argument 'cmake_clean_cache' from command line to 'False'
[4.410s] Level 5:colcon.colcon_core.verb:set package 'camera' build argument 'cmake_clean_first' from command line to 'False'
[4.410s] Level 5:colcon.colcon_core.verb:set package 'camera' build argument 'cmake_force_configure' from command line to 'False'
[4.411s] Level 5:colcon.colcon_core.verb:set package 'camera' build argument 'ament_cmake_args' from command line to 'None'
[4.411s] Level 5:colcon.colcon_core.verb:set package 'camera' build argument 'catkin_cmake_args' from command line to 'None'
[4.411s] Level 5:colcon.colcon_core.verb:set package 'camera' build argument 'catkin_skip_building_tests' from command line to 'False'
[4.412s] DEBUG:colcon.colcon_core.verb:Building package 'camera' with the following arguments: {'ament_cmake_args': None, 'build_base': '/home/fu941/TDK_ros/build/camera', 'catkin_cmake_args': None, 'catkin_skip_building_tests': False, 'cmake_args': None, 'cmake_clean_cache': False, 'cmake_clean_first': False, 'cmake_force_configure': False, 'cmake_target': None, 'cmake_target_skip_unavailable': False, 'install_base': '/home/fu941/TDK_ros/install/camera', 'merge_install': False, 'path': '/home/fu941/TDK_ros/src/camera', 'symlink_install': False, 'test_result_base': None}
[4.416s] Level 5:colcon.colcon_core.verb:set package 'SerialTest' build argument 'cmake_args' from command line to 'None'
[4.417s] Level 5:colcon.colcon_core.verb:set package 'SerialTest' build argument 'cmake_target' from command line to 'None'
[4.417s] Level 5:colcon.colcon_core.verb:set package 'SerialTest' build argument 'cmake_target_skip_unavailable' from command line to 'False'
[4.418s] Level 5:colcon.colcon_core.verb:set package 'SerialTest' build argument 'cmake_clean_cache' from command line to 'False'
[4.418s] Level 5:colcon.colcon_core.verb:set package 'SerialTest' build argument 'cmake_clean_first' from command line to 'False'
[4.419s] Level 5:colcon.colcon_core.verb:set package 'SerialTest' build argument 'cmake_force_configure' from command line to 'False'
[4.419s] Level 5:colcon.colcon_core.verb:set package 'SerialTest' build argument 'ament_cmake_args' from command line to 'None'
[4.419s] Level 5:colcon.colcon_core.verb:set package 'SerialTest' build argument 'catkin_cmake_args' from command line to 'None'
[4.419s] Level 5:colcon.colcon_core.verb:set package 'SerialTest' build argument 'catkin_skip_building_tests' from command line to 'False'
[4.420s] DEBUG:colcon.colcon_core.verb:Building package 'SerialTest' with the following arguments: {'ament_cmake_args': None, 'build_base': '/home/fu941/TDK_ros/build/SerialTest', 'catkin_cmake_args': None, 'catkin_skip_building_tests': False, 'cmake_args': None, 'cmake_clean_cache': False, 'cmake_clean_first': False, 'cmake_force_configure': False, 'cmake_target': None, 'cmake_target_skip_unavailable': False, 'install_base': '/home/fu941/TDK_ros/install/SerialTest', 'merge_install': False, 'path': '/home/fu941/TDK_ros/src/SerialTest', 'symlink_install': False, 'test_result_base': None}
[4.422s] INFO:colcon.colcon_core.executor:Executing jobs using 'parallel' executor
[4.430s] DEBUG:colcon.colcon_parallel_executor.executor.parallel:run_until_complete
[4.432s] INFO:colcon.colcon_ros.task.ament_cmake.build:Building ROS package in '/home/fu941/TDK_ros/src/mainspace' with build type 'ament_cmake'
[4.433s] INFO:colcon.colcon_cmake.task.cmake.build:Building CMake package in '/home/fu941/TDK_ros/src/mainspace'
[4.460s] INFO:colcon.colcon_core.plugin_system:Skipping extension 'colcon_core.shell.bat': Not used on non-Windows systems
[4.463s] INFO:colcon.colcon_core.shell:Skip shell extension 'powershell' for command environment: Not usable outside of PowerShell
[4.463s] DEBUG:colcon.colcon_core.shell:Skip shell extension 'dsv' for command environment
[4.571s] DEBUG:colcon.colcon_core.event_handler.log_command:Invoking command in '/home/fu941/TDK_ros/build/mainspace': CMAKE_PREFIX_PATH=${CMAKE_PREFIX_PATH}:/home/fu941/TDK_ros/install/SerialTest:/opt/ros/humble /usr/bin/cmake --build /home/fu941/TDK_ros/build/mainspace -- -j4 -l4
[160.681s] DEBUG:colcon.colcon_core.event_handler.log_command:Invoked command in '/home/fu941/TDK_ros/build/mainspace' returned '0': CMAKE_PREFIX_PATH=${CMAKE_PREFIX_PATH}:/home/fu941/TDK_ros/install/SerialTest:/opt/ros/humble /usr/bin/cmake --build /home/fu941/TDK_ros/build/mainspace -- -j4 -l4
[160.776s] DEBUG:colcon.colcon_core.event_handler.log_command:Invoking command in '/home/fu941/TDK_ros/build/mainspace': CMAKE_PREFIX_PATH=${CMAKE_PREFIX_PATH}:/home/fu941/TDK_ros/install/SerialTest:/opt/ros/humble /usr/bin/cmake --install /home/fu941/TDK_ros/build/mainspace
[161.953s] Level 1:colcon.colcon_core.environment:create_environment_scripts_only(mainspace)
[161.958s] DEBUG:colcon.colcon_core.event_handler.log_command:Invoked command in '/home/fu941/TDK_ros/build/mainspace' returned '0': CMAKE_PREFIX_PATH=${CMAKE_PREFIX_PATH}:/home/fu941/TDK_ros/install/SerialTest:/opt/ros/humble /usr/bin/cmake --install /home/fu941/TDK_ros/build/mainspace
[161.985s] Level 1:colcon.colcon_core.environment:checking '/home/fu941/TDK_ros/install/mainspace' for CMake module files
[161.998s] Level 1:colcon.colcon_core.environment:checking '/home/fu941/TDK_ros/install/mainspace' for CMake config files
[162.007s] Level 1:colcon.colcon_core.shell:create_environment_hook('mainspace', 'cmake_prefix_path')
[162.010s] INFO:colcon.colcon_core.shell:Creating environment hook '/home/fu941/TDK_ros/install/mainspace/share/mainspace/hook/cmake_prefix_path.ps1'
[162.016s] INFO:colcon.colcon_core.shell:Creating environment descriptor '/home/fu941/TDK_ros/install/mainspace/share/mainspace/hook/cmake_prefix_path.dsv'
[162.022s] INFO:colcon.colcon_core.shell:Creating environment hook '/home/fu941/TDK_ros/install/mainspace/share/mainspace/hook/cmake_prefix_path.sh'
[162.032s] Level 1:colcon.colcon_core.environment:checking '/home/fu941/TDK_ros/install/mainspace/lib'
[162.034s] Level 1:colcon.colcon_core.shell:create_environment_hook('mainspace', 'ld_library_path_lib')
[162.037s] INFO:colcon.colcon_core.shell:Creating environment hook '/home/fu941/TDK_ros/install/mainspace/share/mainspace/hook/ld_library_path_lib.ps1'
[162.042s] INFO:colcon.colcon_core.shell:Creating environment descriptor '/home/fu941/TDK_ros/install/mainspace/share/mainspace/hook/ld_library_path_lib.dsv'
[162.046s] INFO:colcon.colcon_core.shell:Creating environment hook '/home/fu941/TDK_ros/install/mainspace/share/mainspace/hook/ld_library_path_lib.sh'
[162.054s] Level 1:colcon.colcon_core.environment:checking '/home/fu941/TDK_ros/install/mainspace/bin'
[162.055s] Level 1:colcon.colcon_core.environment:checking '/home/fu941/TDK_ros/install/mainspace/lib/pkgconfig/mainspace.pc'
[162.058s] Level 1:colcon.colcon_core.environment:checking '/home/fu941/TDK_ros/install/mainspace/lib/python3.10/site-packages'
[162.061s] Level 1:colcon.colcon_core.environment:checking '/home/fu941/TDK_ros/install/mainspace/bin'
[162.065s] INFO:colcon.colcon_core.shell:Creating package script '/home/fu941/TDK_ros/install/mainspace/share/mainspace/package.ps1'
[162.076s] INFO:colcon.colcon_core.shell:Creating package descriptor '/home/fu941/TDK_ros/install/mainspace/share/mainspace/package.dsv'
[162.083s] INFO:colcon.colcon_core.shell:Creating package script '/home/fu941/TDK_ros/install/mainspace/share/mainspace/package.sh'
[162.092s] INFO:colcon.colcon_core.shell:Creating package script '/home/fu941/TDK_ros/install/mainspace/share/mainspace/package.bash'
[162.101s] INFO:colcon.colcon_core.shell:Creating package script '/home/fu941/TDK_ros/install/mainspace/share/mainspace/package.zsh'
[162.111s] Level 1:colcon.colcon_core.environment:create_file_with_runtime_dependencies(/home/fu941/TDK_ros/install/mainspace/share/colcon-core/packages/mainspace)
[162.121s] Level 1:colcon.colcon_core.environment:create_environment_scripts_only(mainspace)
[162.123s] Level 1:colcon.colcon_core.environment:checking '/home/fu941/TDK_ros/install/mainspace' for CMake module files
[162.137s] Level 1:colcon.colcon_core.environment:checking '/home/fu941/TDK_ros/install/mainspace' for CMake config files
[162.146s] Level 1:colcon.colcon_core.shell:create_environment_hook('mainspace', 'cmake_prefix_path')
[162.149s] INFO:colcon.colcon_core.shell:Creating environment hook '/home/fu941/TDK_ros/install/mainspace/share/mainspace/hook/cmake_prefix_path.ps1'
[162.155s] INFO:colcon.colcon_core.shell:Creating environment descriptor '/home/fu941/TDK_ros/install/mainspace/share/mainspace/hook/cmake_prefix_path.dsv'
[162.159s] INFO:colcon.colcon_core.shell:Creating environment hook '/home/fu941/TDK_ros/install/mainspace/share/mainspace/hook/cmake_prefix_path.sh'
[162.166s] Level 1:colcon.colcon_core.environment:checking '/home/fu941/TDK_ros/install/mainspace/lib'
[162.167s] Level 1:colcon.colcon_core.shell:create_environment_hook('mainspace', 'ld_library_path_lib')
[162.169s] INFO:colcon.colcon_core.shell:Creating environment hook '/home/fu941/TDK_ros/install/mainspace/share/mainspace/hook/ld_library_path_lib.ps1'
[162.174s] INFO:colcon.colcon_core.shell:Creating environment descriptor '/home/fu941/TDK_ros/install/mainspace/share/mainspace/hook/ld_library_path_lib.dsv'
[162.178s] INFO:colcon.colcon_core.shell:Creating environment hook '/home/fu941/TDK_ros/install/mainspace/share/mainspace/hook/ld_library_path_lib.sh'
[162.183s] Level 1:colcon.colcon_core.environment:checking '/home/fu941/TDK_ros/install/mainspace/bin'
[162.183s] Level 1:colcon.colcon_core.environment:checking '/home/fu941/TDK_ros/install/mainspace/lib/pkgconfig/mainspace.pc'
[162.186s] Level 1:colcon.colcon_core.environment:checking '/home/fu941/TDK_ros/install/mainspace/lib/python3.10/site-packages'
[162.189s] Level 1:colcon.colcon_core.environment:checking '/home/fu941/TDK_ros/install/mainspace/bin'
[162.192s] INFO:colcon.colcon_core.shell:Creating package script '/home/fu941/TDK_ros/install/mainspace/share/mainspace/package.ps1'
[162.198s] INFO:colcon.colcon_core.shell:Creating package descriptor '/home/fu941/TDK_ros/install/mainspace/share/mainspace/package.dsv'
[162.204s] INFO:colcon.colcon_core.shell:Creating package script '/home/fu941/TDK_ros/install/mainspace/share/mainspace/package.sh'
[162.209s] INFO:colcon.colcon_core.shell:Creating package script '/home/fu941/TDK_ros/install/mainspace/share/mainspace/package.bash'
[162.214s] INFO:colcon.colcon_core.shell:Creating package script '/home/fu941/TDK_ros/install/mainspace/share/mainspace/package.zsh'
[162.219s] Level 1:colcon.colcon_core.environment:create_file_with_runtime_dependencies(/home/fu941/TDK_ros/install/mainspace/share/colcon-core/packages/mainspace)
[162.222s] INFO:colcon.colcon_ros.task.ament_cmake.build:Building ROS package in '/home/fu941/TDK_ros/src/camera' with build type 'ament_cmake'
[162.224s] INFO:colcon.colcon_cmake.task.cmake.build:Building CMake package in '/home/fu941/TDK_ros/src/camera'
[162.226s] INFO:colcon.colcon_core.shell:Skip shell extension 'powershell' for command environment: Not usable outside of PowerShell
[162.228s] DEBUG:colcon.colcon_core.shell:Skip shell extension 'dsv' for command environment
[162.358s] DEBUG:colcon.colcon_core.event_handler.log_command:Invoking command in '/home/fu941/TDK_ros/build/camera': CMAKE_PREFIX_PATH=/home/fu941/TDK_ros/install/mainspace:/home/fu941/TDK_ros/install/camera:/home/fu941/TDK_ros/install/SerialTest:/opt/ros/humble /usr/bin/cmake --build /home/fu941/TDK_ros/build/camera -- -j4 -l4
[163.260s] DEBUG:colcon.colcon_core.event_handler.log_command:Invoked command in '/home/fu941/TDK_ros/build/camera' returned '0': CMAKE_PREFIX_PATH=/home/fu941/TDK_ros/install/mainspace:/home/fu941/TDK_ros/install/camera:/home/fu941/TDK_ros/install/SerialTest:/opt/ros/humble /usr/bin/cmake --build /home/fu941/TDK_ros/build/camera -- -j4 -l4
[163.281s] DEBUG:colcon.colcon_core.event_handler.log_command:Invoking command in '/home/fu941/TDK_ros/build/camera': CMAKE_PREFIX_PATH=/home/fu941/TDK_ros/install/mainspace:/home/fu941/TDK_ros/install/camera:/home/fu941/TDK_ros/install/SerialTest:/opt/ros/humble /usr/bin/cmake --install /home/fu941/TDK_ros/build/camera
[163.399s] Level 1:colcon.colcon_core.environment:create_environment_scripts_only(camera)
[163.401s] Level 1:colcon.colcon_core.environment:checking '/home/fu941/TDK_ros/install/camera' for CMake module files
[163.418s] DEBUG:colcon.colcon_core.event_handler.log_command:Invoked command in '/home/fu941/TDK_ros/build/camera' returned '0': CMAKE_PREFIX_PATH=/home/fu941/TDK_ros/install/mainspace:/home/fu941/TDK_ros/install/camera:/home/fu941/TDK_ros/install/SerialTest:/opt/ros/humble /usr/bin/cmake --install /home/fu941/TDK_ros/build/camera
[163.422s] Level 1:colcon.colcon_core.environment:checking '/home/fu941/TDK_ros/install/camera' for CMake config files
[163.427s] Level 1:colcon.colcon_core.shell:create_environment_hook('camera', 'cmake_prefix_path')
[163.429s] INFO:colcon.colcon_core.shell:Creating environment hook '/home/fu941/TDK_ros/install/camera/share/camera/hook/cmake_prefix_path.ps1'
[163.434s] INFO:colcon.colcon_core.shell:Creating environment descriptor '/home/fu941/TDK_ros/install/camera/share/camera/hook/cmake_prefix_path.dsv'
[163.438s] INFO:colcon.colcon_core.shell:Creating environment hook '/home/fu941/TDK_ros/install/camera/share/camera/hook/cmake_prefix_path.sh'
[163.444s] Level 1:colcon.colcon_core.environment:checking '/home/fu941/TDK_ros/install/camera/lib'
[163.445s] Level 1:colcon.colcon_core.environment:checking '/home/fu941/TDK_ros/install/camera/bin'
[163.446s] Level 1:colcon.colcon_core.environment:checking '/home/fu941/TDK_ros/install/camera/lib/pkgconfig/camera.pc'
[163.449s] Level 1:colcon.colcon_core.environment:checking '/home/fu941/TDK_ros/install/camera/lib/python3.10/site-packages'
[163.451s] Level 1:colcon.colcon_core.environment:checking '/home/fu941/TDK_ros/install/camera/bin'
[163.454s] INFO:colcon.colcon_core.shell:Creating package script '/home/fu941/TDK_ros/install/camera/share/camera/package.ps1'
[163.459s] INFO:colcon.colcon_core.shell:Creating package descriptor '/home/fu941/TDK_ros/install/camera/share/camera/package.dsv'
[163.463s] INFO:colcon.colcon_core.shell:Creating package script '/home/fu941/TDK_ros/install/camera/share/camera/package.sh'
[163.468s] INFO:colcon.colcon_core.shell:Creating package script '/home/fu941/TDK_ros/install/camera/share/camera/package.bash'
[163.472s] INFO:colcon.colcon_core.shell:Creating package script '/home/fu941/TDK_ros/install/camera/share/camera/package.zsh'
[163.476s] Level 1:colcon.colcon_core.environment:create_file_with_runtime_dependencies(/home/fu941/TDK_ros/install/camera/share/colcon-core/packages/camera)
[163.483s] Level 1:colcon.colcon_core.environment:create_environment_scripts_only(camera)
[163.486s] Level 1:colcon.colcon_core.environment:checking '/home/fu941/TDK_ros/install/camera' for CMake module files
[163.494s] Level 1:colcon.colcon_core.environment:checking '/home/fu941/TDK_ros/install/camera' for CMake config files
[163.498s] Level 1:colcon.colcon_core.shell:create_environment_hook('camera', 'cmake_prefix_path')
[163.501s] INFO:colcon.colcon_core.shell:Creating environment hook '/home/fu941/TDK_ros/install/camera/share/camera/hook/cmake_prefix_path.ps1'
[163.505s] INFO:colcon.colcon_core.shell:Creating environment descriptor '/home/fu941/TDK_ros/install/camera/share/camera/hook/cmake_prefix_path.dsv'
[163.509s] INFO:colcon.colcon_core.shell:Creating environment hook '/home/fu941/TDK_ros/install/camera/share/camera/hook/cmake_prefix_path.sh'
[163.516s] Level 1:colcon.colcon_core.environment:checking '/home/fu941/TDK_ros/install/camera/lib'
[163.517s] Level 1:colcon.colcon_core.environment:checking '/home/fu941/TDK_ros/install/camera/bin'
[163.517s] Level 1:colcon.colcon_core.environment:checking '/home/fu941/TDK_ros/install/camera/lib/pkgconfig/camera.pc'
[163.519s] Level 1:colcon.colcon_core.environment:checking '/home/fu941/TDK_ros/install/camera/lib/python3.10/site-packages'
[163.522s] Level 1:colcon.colcon_core.environment:checking '/home/fu941/TDK_ros/install/camera/bin'
[163.525s] INFO:colcon.colcon_core.shell:Creating package script '/home/fu941/TDK_ros/install/camera/share/camera/package.ps1'
[163.530s] INFO:colcon.colcon_core.shell:Creating package descriptor '/home/fu941/TDK_ros/install/camera/share/camera/package.dsv'
[163.536s] INFO:colcon.colcon_core.shell:Creating package script '/home/fu941/TDK_ros/install/camera/share/camera/package.sh'
[163.541s] INFO:colcon.colcon_core.shell:Creating package script '/home/fu941/TDK_ros/install/camera/share/camera/package.bash'
[163.545s] INFO:colcon.colcon_core.shell:Creating package script '/home/fu941/TDK_ros/install/camera/share/camera/package.zsh'
[163.550s] Level 1:colcon.colcon_core.environment:create_file_with_runtime_dependencies(/home/fu941/TDK_ros/install/camera/share/colcon-core/packages/camera)
[163.554s] INFO:colcon.colcon_ros.task.ament_python.build:Building ROS package in '/home/fu941/TDK_ros/src/SerialTest' with build type 'ament_python'
[163.555s] Level 1:colcon.colcon_core.shell:create_environment_hook('SerialTest', 'ament_prefix_path')
[163.558s] INFO:colcon.colcon_core.shell:Creating environment hook '/home/fu941/TDK_ros/install/SerialTest/share/SerialTest/hook/ament_prefix_path.ps1'
[163.565s] INFO:colcon.colcon_core.shell:Creating environment descriptor '/home/fu941/TDK_ros/install/SerialTest/share/SerialTest/hook/ament_prefix_path.dsv'
[163.570s] INFO:colcon.colcon_core.shell:Creating environment hook '/home/fu941/TDK_ros/install/SerialTest/share/SerialTest/hook/ament_prefix_path.sh'
[163.577s] INFO:colcon.colcon_core.shell:Skip shell extension 'powershell' for command environment: Not usable outside of PowerShell
[163.577s] DEBUG:colcon.colcon_core.shell:Skip shell extension 'dsv' for command environment
[167.120s] INFO:colcon.colcon_core.task.python.build:Building Python package in '/home/fu941/TDK_ros/src/SerialTest'
[167.122s] INFO:colcon.colcon_core.shell:Skip shell extension 'powershell' for command environment: Not usable outside of PowerShell
[167.123s] DEBUG:colcon.colcon_core.shell:Skip shell extension 'dsv' for command environment
[171.323s] DEBUG:colcon.colcon_core.event_handler.log_command:Invoking command in '/home/fu941/TDK_ros/src/SerialTest': PYTHONPATH=/home/fu941/TDK_ros/build/SerialTest/prefix_override:/usr/lib/python3/dist-packages/colcon_core/task/python/colcon_distutils_commands:/home/fu941/TDK_ros/install/SerialTest/lib/python3.10/site-packages:${PYTHONPATH} /usr/bin/python3 -W ignore:setup.py install is deprecated -W ignore:easy_install command is deprecated setup.py egg_info --egg-base ../../build/SerialTest build --build-base /home/fu941/TDK_ros/build/SerialTest/build install --record /home/fu941/TDK_ros/build/SerialTest/install.log --single-version-externally-managed install_data
[174.630s] Level 1:colcon.colcon_core.environment:checking '/home/fu941/TDK_ros/install/SerialTest' for CMake module files
[174.635s] DEBUG:colcon.colcon_core.event_handler.log_command:Invoked command in '/home/fu941/TDK_ros/src/SerialTest' returned '0': PYTHONPATH=/home/fu941/TDK_ros/build/SerialTest/prefix_override:/usr/lib/python3/dist-packages/colcon_core/task/python/colcon_distutils_commands:/home/fu941/TDK_ros/install/SerialTest/lib/python3.10/site-packages:${PYTHONPATH} /usr/bin/python3 -W ignore:setup.py install is deprecated -W ignore:easy_install command is deprecated setup.py egg_info --egg-base ../../build/SerialTest build --build-base /home/fu941/TDK_ros/build/SerialTest/build install --record /home/fu941/TDK_ros/build/SerialTest/install.log --single-version-externally-managed install_data
[174.640s] Level 1:colcon.colcon_core.environment:checking '/home/fu941/TDK_ros/install/SerialTest' for CMake config files
[174.650s] Level 1:colcon.colcon_core.environment:checking '/home/fu941/TDK_ros/install/SerialTest/lib'
[174.651s] Level 1:colcon.colcon_core.environment:checking '/home/fu941/TDK_ros/install/SerialTest/bin'
[174.652s] Level 1:colcon.colcon_core.environment:checking '/home/fu941/TDK_ros/install/SerialTest/lib/pkgconfig/SerialTest.pc'
[174.655s] Level 1:colcon.colcon_core.environment:checking '/home/fu941/TDK_ros/install/SerialTest/lib/python3.10/site-packages'
[174.656s] Level 1:colcon.colcon_core.shell:create_environment_hook('SerialTest', 'pythonpath')
[174.658s] INFO:colcon.colcon_core.shell:Creating environment hook '/home/fu941/TDK_ros/install/SerialTest/share/SerialTest/hook/pythonpath.ps1'
[174.663s] INFO:colcon.colcon_core.shell:Creating environment descriptor '/home/fu941/TDK_ros/install/SerialTest/share/SerialTest/hook/pythonpath.dsv'
[174.669s] INFO:colcon.colcon_core.shell:Creating environment hook '/home/fu941/TDK_ros/install/SerialTest/share/SerialTest/hook/pythonpath.sh'
[174.677s] Level 1:colcon.colcon_core.environment:checking '/home/fu941/TDK_ros/install/SerialTest/bin'
[174.678s] Level 1:colcon.colcon_core.environment:create_environment_scripts_only(SerialTest)
[174.682s] INFO:colcon.colcon_core.shell:Creating package script '/home/fu941/TDK_ros/install/SerialTest/share/SerialTest/package.ps1'
[174.688s] INFO:colcon.colcon_core.shell:Creating package descriptor '/home/fu941/TDK_ros/install/SerialTest/share/SerialTest/package.dsv'
[174.695s] INFO:colcon.colcon_core.shell:Creating package script '/home/fu941/TDK_ros/install/SerialTest/share/SerialTest/package.sh'
[174.700s] INFO:colcon.colcon_core.shell:Creating package script '/home/fu941/TDK_ros/install/SerialTest/share/SerialTest/package.bash'
[174.705s] INFO:colcon.colcon_core.shell:Creating package script '/home/fu941/TDK_ros/install/SerialTest/share/SerialTest/package.zsh'
[174.709s] Level 1:colcon.colcon_core.environment:create_file_with_runtime_dependencies(/home/fu941/TDK_ros/install/SerialTest/share/colcon-core/packages/SerialTest)
[174.713s] DEBUG:colcon.colcon_parallel_executor.executor.parallel:closing loop
[174.716s] DEBUG:colcon.colcon_parallel_executor.executor.parallel:loop closed
[174.717s] DEBUG:colcon.colcon_parallel_executor.executor.parallel:run_until_complete finished with '0'
[174.717s] DEBUG:colcon.colcon_core.event_reactor:joining thread
[174.771s] INFO:colcon.colcon_core.plugin_system:Skipping extension 'colcon_notification.desktop_notification.notify_send': Could not find 'notify-send'
[174.772s] INFO:colcon.colcon_core.plugin_system:Skipping extension 'colcon_notification.desktop_notification.terminal_notifier': Not used on non-Darwin systems
[174.772s] INFO:colcon.colcon_core.plugin_system:Skipping extension 'colcon_notification.desktop_notification.win32': Not used on non-Windows systems
[174.773s] INFO:colcon.colcon_notification.desktop_notification:Sending desktop notification using 'notify2'
[174.780s] DEBUG:colcon.colcon_notification.desktop_notification.notify2:Failed to initialize notify2: org.freedesktop.DBus.Error.ServiceUnknown: The name org.freedesktop.Notifications was not provided by any .service files
[174.781s] DEBUG:colcon.colcon_core.event_reactor:joined thread
[174.783s] INFO:colcon.colcon_core.shell:Creating prefix script '/home/fu941/TDK_ros/install/local_setup.ps1'
[174.793s] INFO:colcon.colcon_core.shell:Creating prefix util module '/home/fu941/TDK_ros/install/_local_setup_util_ps1.py'
[174.810s] INFO:colcon.colcon_core.shell:Creating prefix chain script '/home/fu941/TDK_ros/install/setup.ps1'
[174.822s] INFO:colcon.colcon_core.shell:Creating prefix script '/home/fu941/TDK_ros/install/local_setup.sh'
[174.829s] INFO:colcon.colcon_core.shell:Creating prefix util module '/home/fu941/TDK_ros/install/_local_setup_util_sh.py'
[174.835s] INFO:colcon.colcon_core.shell:Creating prefix chain script '/home/fu941/TDK_ros/install/setup.sh'
[174.849s] INFO:colcon.colcon_core.shell:Creating prefix script '/home/fu941/TDK_ros/install/local_setup.bash'
[174.855s] INFO:colcon.colcon_core.shell:Creating prefix chain script '/home/fu941/TDK_ros/install/setup.bash'
[174.868s] INFO:colcon.colcon_core.shell:Creating prefix script '/home/fu941/TDK_ros/install/local_setup.zsh'
[174.874s] INFO:colcon.colcon_core.shell:Creating prefix chain script '/home/fu941/TDK_ros/install/setup.zsh'
