[1.164s] DEBUG:colcon:Command line arguments: ['/usr/bin/colcon', 'build']
[1.165s] DEBUG:colcon:Parsed command line arguments: Namespace(log_base=None, log_level=None, verb_name='build', build_base='build', install_base='install', merge_install=False, symlink_install=False, test_result_base=None, continue_on_error=False, executor='parallel', parallel_workers=4, event_handlers=None, ignore_user_meta=False, metas=['./colcon.meta'], base_paths=['.'], packages_ignore=None, packages_ignore_regex=None, paths=None, packages_up_to=None, packages_up_to_regex=None, packages_above=None, packages_above_and_dependencies=None, packages_above_depth=None, packages_select_by_dep=None, packages_skip_by_dep=None, packages_skip_up_to=None, packages_select_build_failed=False, packages_skip_build_finished=False, packages_select_test_failures=False, packages_skip_test_passed=False, packages_select=None, packages_skip=None, packages_select_regex=None, packages_skip_regex=None, packages_start=None, packages_end=None, allow_overriding=[], cmake_args=None, cmake_target=None, cmake_target_skip_unavailable=False, cmake_clean_cache=False, cmake_clean_first=False, cmake_force_configure=False, ament_cmake_args=None, catkin_cmake_args=None, catkin_skip_building_tests=False, verb_parser=<colcon_defaults.argument_parser.defaults.DefaultArgumentsDecorator object at 0xffffa8683940>, verb_extension=<colcon_core.verb.build.BuildVerb object at 0xffffa87bccd0>, main=<bound method BuildVerb.main of <colcon_core.verb.build.BuildVerb object at 0xffffa87bccd0>>)
[3.219s] Level 1:colcon.colcon_core.package_discovery:discover_packages(colcon_meta) check parameters
[3.220s] Level 1:colcon.colcon_core.package_discovery:discover_packages(recursive) check parameters
[3.220s] Level 1:colcon.colcon_core.package_discovery:discover_packages(ignore) check parameters
[3.221s] Level 1:colcon.colcon_core.package_discovery:discover_packages(path) check parameters
[3.221s] Level 1:colcon.colcon_core.package_discovery:discover_packages(colcon_meta) discover
[3.222s] Level 1:colcon.colcon_core.package_discovery:discover_packages(recursive) discover
[3.223s] INFO:colcon.colcon_core.package_discovery:Crawling recursively for packages in '/home/fu941/TDK_ros'
[3.224s] Level 1:colcon.colcon_core.package_identification:_identify(.) by extensions ['ignore', 'ignore_ament_install']
[3.226s] Level 1:colcon.colcon_core.package_identification:_identify(.) by extension 'ignore'
[3.227s] Level 1:colcon.colcon_core.package_identification:_identify(.) by extension 'ignore_ament_install'
[3.228s] Level 1:colcon.colcon_core.package_identification:_identify(.) by extensions ['colcon_pkg']
[3.228s] Level 1:colcon.colcon_core.package_identification:_identify(.) by extension 'colcon_pkg'
[3.229s] Level 1:colcon.colcon_core.package_identification:_identify(.) by extensions ['colcon_meta']
[3.229s] Level 1:colcon.colcon_core.package_identification:_identify(.) by extension 'colcon_meta'
[3.230s] Level 1:colcon.colcon_core.package_identification:_identify(.) by extensions ['ros']
[3.230s] Level 1:colcon.colcon_core.package_identification:_identify(.) by extension 'ros'
[3.352s] Level 1:colcon.colcon_core.package_identification:_identify(.) by extensions ['cmake', 'python']
[3.353s] Level 1:colcon.colcon_core.package_identification:_identify(.) by extension 'cmake'
[3.354s] Level 1:colcon.colcon_core.package_identification:_identify(.) by extension 'python'
[3.354s] Level 1:colcon.colcon_core.package_identification:_identify(.) by extensions ['python_setup_py']
[3.355s] Level 1:colcon.colcon_core.package_identification:_identify(.) by extension 'python_setup_py'
[3.356s] Level 1:colcon.colcon_core.package_identification:_identify(build) by extensions ['ignore', 'ignore_ament_install']
[3.357s] Level 1:colcon.colcon_core.package_identification:_identify(build) by extension 'ignore'
[3.358s] Level 1:colcon.colcon_core.package_identification:_identify(build) ignored
[3.359s] Level 1:colcon.colcon_core.package_identification:_identify(install) by extensions ['ignore', 'ignore_ament_install']
[3.360s] Level 1:colcon.colcon_core.package_identification:_identify(install) by extension 'ignore'
[3.361s] Level 1:colcon.colcon_core.package_identification:_identify(install) ignored
[3.363s] Level 1:colcon.colcon_core.package_identification:_identify(log) by extensions ['ignore', 'ignore_ament_install']
[3.364s] Level 1:colcon.colcon_core.package_identification:_identify(log) by extension 'ignore'
[3.364s] Level 1:colcon.colcon_core.package_identification:_identify(log) ignored
[3.365s] Level 1:colcon.colcon_core.package_identification:_identify(src) by extensions ['ignore', 'ignore_ament_install']
[3.366s] Level 1:colcon.colcon_core.package_identification:_identify(src) by extension 'ignore'
[3.367s] Level 1:colcon.colcon_core.package_identification:_identify(src) by extension 'ignore_ament_install'
[3.368s] Level 1:colcon.colcon_core.package_identification:_identify(src) by extensions ['colcon_pkg']
[3.368s] Level 1:colcon.colcon_core.package_identification:_identify(src) by extension 'colcon_pkg'
[3.369s] Level 1:colcon.colcon_core.package_identification:_identify(src) by extensions ['colcon_meta']
[3.369s] Level 1:colcon.colcon_core.package_identification:_identify(src) by extension 'colcon_meta'
[3.370s] Level 1:colcon.colcon_core.package_identification:_identify(src) by extensions ['ros']
[3.370s] Level 1:colcon.colcon_core.package_identification:_identify(src) by extension 'ros'
[3.371s] Level 1:colcon.colcon_core.package_identification:_identify(src) by extensions ['cmake', 'python']
[3.371s] Level 1:colcon.colcon_core.package_identification:_identify(src) by extension 'cmake'
[3.372s] Level 1:colcon.colcon_core.package_identification:_identify(src) by extension 'python'
[3.372s] Level 1:colcon.colcon_core.package_identification:_identify(src) by extensions ['python_setup_py']
[3.373s] Level 1:colcon.colcon_core.package_identification:_identify(src) by extension 'python_setup_py'
[3.374s] Level 1:colcon.colcon_core.package_identification:_identify(src/SerialTest) by extensions ['ignore', 'ignore_ament_install']
[3.375s] Level 1:colcon.colcon_core.package_identification:_identify(src/SerialTest) by extension 'ignore'
[3.376s] Level 1:colcon.colcon_core.package_identification:_identify(src/SerialTest) by extension 'ignore_ament_install'
[3.377s] Level 1:colcon.colcon_core.package_identification:_identify(src/SerialTest) by extensions ['colcon_pkg']
[3.377s] Level 1:colcon.colcon_core.package_identification:_identify(src/SerialTest) by extension 'colcon_pkg'
[3.378s] Level 1:colcon.colcon_core.package_identification:_identify(src/SerialTest) by extensions ['colcon_meta']
[3.378s] Level 1:colcon.colcon_core.package_identification:_identify(src/SerialTest) by extension 'colcon_meta'
[3.379s] Level 1:colcon.colcon_core.package_identification:_identify(src/SerialTest) by extensions ['ros']
[3.379s] Level 1:colcon.colcon_core.package_identification:_identify(src/SerialTest) by extension 'ros'
[3.403s] DEBUG:colcon.colcon_core.package_identification:Package 'src/SerialTest' with type 'ros.ament_python' and name 'SerialTest'
[3.405s] Level 1:colcon.colcon_core.package_identification:_identify(src/camera) by extensions ['ignore', 'ignore_ament_install']
[3.406s] Level 1:colcon.colcon_core.package_identification:_identify(src/camera) by extension 'ignore'
[3.407s] Level 1:colcon.colcon_core.package_identification:_identify(src/camera) by extension 'ignore_ament_install'
[3.408s] Level 1:colcon.colcon_core.package_identification:_identify(src/camera) by extensions ['colcon_pkg']
[3.408s] Level 1:colcon.colcon_core.package_identification:_identify(src/camera) by extension 'colcon_pkg'
[3.409s] Level 1:colcon.colcon_core.package_identification:_identify(src/camera) by extensions ['colcon_meta']
[3.409s] Level 1:colcon.colcon_core.package_identification:_identify(src/camera) by extension 'colcon_meta'
[3.410s] Level 1:colcon.colcon_core.package_identification:_identify(src/camera) by extensions ['ros']
[3.411s] Level 1:colcon.colcon_core.package_identification:_identify(src/camera) by extension 'ros'
[3.419s] DEBUG:colcon.colcon_core.package_identification:Package 'src/camera' with type 'ros.ament_cmake' and name 'camera'
[3.421s] Level 1:colcon.colcon_core.package_identification:_identify(src/mainspace) by extensions ['ignore', 'ignore_ament_install']
[3.422s] Level 1:colcon.colcon_core.package_identification:_identify(src/mainspace) by extension 'ignore'
[3.423s] Level 1:colcon.colcon_core.package_identification:_identify(src/mainspace) by extension 'ignore_ament_install'
[3.423s] Level 1:colcon.colcon_core.package_identification:_identify(src/mainspace) by extensions ['colcon_pkg']
[3.424s] Level 1:colcon.colcon_core.package_identification:_identify(src/mainspace) by extension 'colcon_pkg'
[3.424s] Level 1:colcon.colcon_core.package_identification:_identify(src/mainspace) by extensions ['colcon_meta']
[3.425s] Level 1:colcon.colcon_core.package_identification:_identify(src/mainspace) by extension 'colcon_meta'
[3.426s] Level 1:colcon.colcon_core.package_identification:_identify(src/mainspace) by extensions ['ros']
[3.426s] Level 1:colcon.colcon_core.package_identification:_identify(src/mainspace) by extension 'ros'
[3.434s] DEBUG:colcon.colcon_core.package_identification:Package 'src/mainspace' with type 'ros.ament_cmake' and name 'mainspace'
[3.434s] Level 1:colcon.colcon_core.package_discovery:discover_packages(recursive) using defaults
[3.435s] Level 1:colcon.colcon_core.package_discovery:discover_packages(ignore) discover
[3.436s] Level 1:colcon.colcon_core.package_discovery:discover_packages(ignore) using defaults
[3.436s] Level 1:colcon.colcon_core.package_discovery:discover_packages(path) discover
[3.436s] Level 1:colcon.colcon_core.package_discovery:discover_packages(path) using defaults
[3.653s] Level 1:colcon.colcon_core.package_discovery:discover_packages(prefix_path) check parameters
[3.654s] Level 1:colcon.colcon_core.package_discovery:discover_packages(prefix_path) discover
[3.679s] DEBUG:colcon.colcon_installed_package_information.package_discovery:Found 3 installed packages in /home/fu941/TDK_ros/install
[3.706s] DEBUG:colcon.colcon_installed_package_information.package_discovery:Found 271 installed packages in /opt/ros/humble
[3.733s] Level 1:colcon.colcon_core.package_discovery:discover_packages(prefix_path) using defaults
[4.350s] Level 5:colcon.colcon_core.verb:set package 'mainspace' build argument 'cmake_args' from command line to 'None'
[4.351s] Level 5:colcon.colcon_core.verb:set package 'mainspace' build argument 'cmake_target' from command line to 'None'
[4.351s] Level 5:colcon.colcon_core.verb:set package 'mainspace' build argument 'cmake_target_skip_unavailable' from command line to 'False'
[4.352s] Level 5:colcon.colcon_core.verb:set package 'mainspace' build argument 'cmake_clean_cache' from command line to 'False'
[4.352s] Level 5:colcon.colcon_core.verb:set package 'mainspace' build argument 'cmake_clean_first' from command line to 'False'
[4.352s] Level 5:colcon.colcon_core.verb:set package 'mainspace' build argument 'cmake_force_configure' from command line to 'False'
[4.353s] Level 5:colcon.colcon_core.verb:set package 'mainspace' build argument 'ament_cmake_args' from command line to 'None'
[4.353s] Level 5:colcon.colcon_core.verb:set package 'mainspace' build argument 'catkin_cmake_args' from command line to 'None'
[4.354s] Level 5:colcon.colcon_core.verb:set package 'mainspace' build argument 'catkin_skip_building_tests' from command line to 'False'
[4.354s] DEBUG:colcon.colcon_core.verb:Building package 'mainspace' with the following arguments: {'ament_cmake_args': None, 'build_base': '/home/fu941/TDK_ros/build/mainspace', 'catkin_cmake_args': None, 'catkin_skip_building_tests': False, 'cmake_args': None, 'cmake_clean_cache': False, 'cmake_clean_first': False, 'cmake_force_configure': False, 'cmake_target': None, 'cmake_target_skip_unavailable': False, 'install_base': '/home/fu941/TDK_ros/install/mainspace', 'merge_install': False, 'path': '/home/fu941/TDK_ros/src/mainspace', 'symlink_install': False, 'test_result_base': None}
[4.358s] Level 5:colcon.colcon_core.verb:set package 'camera' build argument 'cmake_args' from command line to 'None'
[4.359s] Level 5:colcon.colcon_core.verb:set package 'camera' build argument 'cmake_target' from command line to 'None'
[4.360s] Level 5:colcon.colcon_core.verb:set package 'camera' build argument 'cmake_target_skip_unavailable' from command line to 'False'
[4.360s] Level 5:colcon.colcon_core.verb:set package 'camera' build argument 'cmake_clean_cache' from command line to 'False'
[4.360s] Level 5:colcon.colcon_core.verb:set package 'camera' build argument 'cmake_clean_first' from command line to 'False'
[4.361s] Level 5:colcon.colcon_core.verb:set package 'camera' build argument 'cmake_force_configure' from command line to 'False'
[4.361s] Level 5:colcon.colcon_core.verb:set package 'camera' build argument 'ament_cmake_args' from command line to 'None'
[4.361s] Level 5:colcon.colcon_core.verb:set package 'camera' build argument 'catkin_cmake_args' from command line to 'None'
[4.362s] Level 5:colcon.colcon_core.verb:set package 'camera' build argument 'catkin_skip_building_tests' from command line to 'False'
[4.362s] DEBUG:colcon.colcon_core.verb:Building package 'camera' with the following arguments: {'ament_cmake_args': None, 'build_base': '/home/fu941/TDK_ros/build/camera', 'catkin_cmake_args': None, 'catkin_skip_building_tests': False, 'cmake_args': None, 'cmake_clean_cache': False, 'cmake_clean_first': False, 'cmake_force_configure': False, 'cmake_target': None, 'cmake_target_skip_unavailable': False, 'install_base': '/home/fu941/TDK_ros/install/camera', 'merge_install': False, 'path': '/home/fu941/TDK_ros/src/camera', 'symlink_install': False, 'test_result_base': None}
[4.367s] Level 5:colcon.colcon_core.verb:set package 'SerialTest' build argument 'cmake_args' from command line to 'None'
[4.367s] Level 5:colcon.colcon_core.verb:set package 'SerialTest' build argument 'cmake_target' from command line to 'None'
[4.368s] Level 5:colcon.colcon_core.verb:set package 'SerialTest' build argument 'cmake_target_skip_unavailable' from command line to 'False'
[4.368s] Level 5:colcon.colcon_core.verb:set package 'SerialTest' build argument 'cmake_clean_cache' from command line to 'False'
[4.368s] Level 5:colcon.colcon_core.verb:set package 'SerialTest' build argument 'cmake_clean_first' from command line to 'False'
[4.369s] Level 5:colcon.colcon_core.verb:set package 'SerialTest' build argument 'cmake_force_configure' from command line to 'False'
[4.369s] Level 5:colcon.colcon_core.verb:set package 'SerialTest' build argument 'ament_cmake_args' from command line to 'None'
[4.370s] Level 5:colcon.colcon_core.verb:set package 'SerialTest' build argument 'catkin_cmake_args' from command line to 'None'
[4.370s] Level 5:colcon.colcon_core.verb:set package 'SerialTest' build argument 'catkin_skip_building_tests' from command line to 'False'
[4.370s] DEBUG:colcon.colcon_core.verb:Building package 'SerialTest' with the following arguments: {'ament_cmake_args': None, 'build_base': '/home/fu941/TDK_ros/build/SerialTest', 'catkin_cmake_args': None, 'catkin_skip_building_tests': False, 'cmake_args': None, 'cmake_clean_cache': False, 'cmake_clean_first': False, 'cmake_force_configure': False, 'cmake_target': None, 'cmake_target_skip_unavailable': False, 'install_base': '/home/fu941/TDK_ros/install/SerialTest', 'merge_install': False, 'path': '/home/fu941/TDK_ros/src/SerialTest', 'symlink_install': False, 'test_result_base': None}
[4.372s] INFO:colcon.colcon_core.executor:Executing jobs using 'parallel' executor
[4.380s] DEBUG:colcon.colcon_parallel_executor.executor.parallel:run_until_complete
[4.382s] INFO:colcon.colcon_ros.task.ament_cmake.build:Building ROS package in '/home/fu941/TDK_ros/src/mainspace' with build type 'ament_cmake'
[4.383s] INFO:colcon.colcon_cmake.task.cmake.build:Building CMake package in '/home/fu941/TDK_ros/src/mainspace'
[4.411s] INFO:colcon.colcon_core.plugin_system:Skipping extension 'colcon_core.shell.bat': Not used on non-Windows systems
[4.414s] INFO:colcon.colcon_core.shell:Skip shell extension 'powershell' for command environment: Not usable outside of PowerShell
[4.415s] DEBUG:colcon.colcon_core.shell:Skip shell extension 'dsv' for command environment
[4.523s] DEBUG:colcon.colcon_core.event_handler.log_command:Invoking command in '/home/fu941/TDK_ros/build/mainspace': CMAKE_PREFIX_PATH=${CMAKE_PREFIX_PATH}:/home/fu941/TDK_ros/install/SerialTest:/opt/ros/humble /usr/bin/cmake --build /home/fu941/TDK_ros/build/mainspace -- -j4 -l4
[9.679s] DEBUG:colcon.colcon_core.event_handler.log_command:Invoked command in '/home/fu941/TDK_ros/build/mainspace' returned '0': CMAKE_PREFIX_PATH=${CMAKE_PREFIX_PATH}:/home/fu941/TDK_ros/install/SerialTest:/opt/ros/humble /usr/bin/cmake --build /home/fu941/TDK_ros/build/mainspace -- -j4 -l4
[9.768s] DEBUG:colcon.colcon_core.event_handler.log_command:Invoking command in '/home/fu941/TDK_ros/build/mainspace': CMAKE_PREFIX_PATH=${CMAKE_PREFIX_PATH}:/home/fu941/TDK_ros/install/SerialTest:/opt/ros/humble /usr/bin/cmake --install /home/fu941/TDK_ros/build/mainspace
[10.815s] Level 1:colcon.colcon_core.environment:create_environment_scripts_only(mainspace)
[10.822s] DEBUG:colcon.colcon_core.event_handler.log_command:Invoked command in '/home/fu941/TDK_ros/build/mainspace' returned '0': CMAKE_PREFIX_PATH=${CMAKE_PREFIX_PATH}:/home/fu941/TDK_ros/install/SerialTest:/opt/ros/humble /usr/bin/cmake --install /home/fu941/TDK_ros/build/mainspace
[10.853s] Level 1:colcon.colcon_core.environment:checking '/home/fu941/TDK_ros/install/mainspace' for CMake module files
[10.867s] Level 1:colcon.colcon_core.environment:checking '/home/fu941/TDK_ros/install/mainspace' for CMake config files
[10.877s] Level 1:colcon.colcon_core.shell:create_environment_hook('mainspace', 'cmake_prefix_path')
[10.879s] INFO:colcon.colcon_core.shell:Creating environment hook '/home/fu941/TDK_ros/install/mainspace/share/mainspace/hook/cmake_prefix_path.ps1'
[10.886s] INFO:colcon.colcon_core.shell:Creating environment descriptor '/home/fu941/TDK_ros/install/mainspace/share/mainspace/hook/cmake_prefix_path.dsv'
[10.892s] INFO:colcon.colcon_core.shell:Creating environment hook '/home/fu941/TDK_ros/install/mainspace/share/mainspace/hook/cmake_prefix_path.sh'
[10.903s] Level 1:colcon.colcon_core.environment:checking '/home/fu941/TDK_ros/install/mainspace/lib'
[10.906s] Level 1:colcon.colcon_core.shell:create_environment_hook('mainspace', 'ld_library_path_lib')
[10.908s] INFO:colcon.colcon_core.shell:Creating environment hook '/home/fu941/TDK_ros/install/mainspace/share/mainspace/hook/ld_library_path_lib.ps1'
[10.913s] INFO:colcon.colcon_core.shell:Creating environment descriptor '/home/fu941/TDK_ros/install/mainspace/share/mainspace/hook/ld_library_path_lib.dsv'
[10.918s] INFO:colcon.colcon_core.shell:Creating environment hook '/home/fu941/TDK_ros/install/mainspace/share/mainspace/hook/ld_library_path_lib.sh'
[10.923s] Level 1:colcon.colcon_core.environment:checking '/home/fu941/TDK_ros/install/mainspace/bin'
[10.924s] Level 1:colcon.colcon_core.environment:checking '/home/fu941/TDK_ros/install/mainspace/lib/pkgconfig/mainspace.pc'
[10.927s] Level 1:colcon.colcon_core.environment:checking '/home/fu941/TDK_ros/install/mainspace/lib/python3.10/site-packages'
[10.929s] Level 1:colcon.colcon_core.environment:checking '/home/fu941/TDK_ros/install/mainspace/bin'
[10.933s] INFO:colcon.colcon_core.shell:Creating package script '/home/fu941/TDK_ros/install/mainspace/share/mainspace/package.ps1'
[10.942s] INFO:colcon.colcon_core.shell:Creating package descriptor '/home/fu941/TDK_ros/install/mainspace/share/mainspace/package.dsv'
[10.949s] INFO:colcon.colcon_core.shell:Creating package script '/home/fu941/TDK_ros/install/mainspace/share/mainspace/package.sh'
[10.959s] INFO:colcon.colcon_core.shell:Creating package script '/home/fu941/TDK_ros/install/mainspace/share/mainspace/package.bash'
[10.968s] INFO:colcon.colcon_core.shell:Creating package script '/home/fu941/TDK_ros/install/mainspace/share/mainspace/package.zsh'
[10.977s] Level 1:colcon.colcon_core.environment:create_file_with_runtime_dependencies(/home/fu941/TDK_ros/install/mainspace/share/colcon-core/packages/mainspace)
[10.985s] Level 1:colcon.colcon_core.environment:create_environment_scripts_only(mainspace)
[10.988s] Level 1:colcon.colcon_core.environment:checking '/home/fu941/TDK_ros/install/mainspace' for CMake module files
[11.003s] Level 1:colcon.colcon_core.environment:checking '/home/fu941/TDK_ros/install/mainspace' for CMake config files
[11.014s] Level 1:colcon.colcon_core.shell:create_environment_hook('mainspace', 'cmake_prefix_path')
[11.016s] INFO:colcon.colcon_core.shell:Creating environment hook '/home/fu941/TDK_ros/install/mainspace/share/mainspace/hook/cmake_prefix_path.ps1'
[11.022s] INFO:colcon.colcon_core.shell:Creating environment descriptor '/home/fu941/TDK_ros/install/mainspace/share/mainspace/hook/cmake_prefix_path.dsv'
[11.027s] INFO:colcon.colcon_core.shell:Creating environment hook '/home/fu941/TDK_ros/install/mainspace/share/mainspace/hook/cmake_prefix_path.sh'
[11.034s] Level 1:colcon.colcon_core.environment:checking '/home/fu941/TDK_ros/install/mainspace/lib'
[11.035s] Level 1:colcon.colcon_core.shell:create_environment_hook('mainspace', 'ld_library_path_lib')
[11.038s] INFO:colcon.colcon_core.shell:Creating environment hook '/home/fu941/TDK_ros/install/mainspace/share/mainspace/hook/ld_library_path_lib.ps1'
[11.043s] INFO:colcon.colcon_core.shell:Creating environment descriptor '/home/fu941/TDK_ros/install/mainspace/share/mainspace/hook/ld_library_path_lib.dsv'
[11.047s] INFO:colcon.colcon_core.shell:Creating environment hook '/home/fu941/TDK_ros/install/mainspace/share/mainspace/hook/ld_library_path_lib.sh'
[11.052s] Level 1:colcon.colcon_core.environment:checking '/home/fu941/TDK_ros/install/mainspace/bin'
[11.053s] Level 1:colcon.colcon_core.environment:checking '/home/fu941/TDK_ros/install/mainspace/lib/pkgconfig/mainspace.pc'
[11.055s] Level 1:colcon.colcon_core.environment:checking '/home/fu941/TDK_ros/install/mainspace/lib/python3.10/site-packages'
[11.058s] Level 1:colcon.colcon_core.environment:checking '/home/fu941/TDK_ros/install/mainspace/bin'
[11.062s] INFO:colcon.colcon_core.shell:Creating package script '/home/fu941/TDK_ros/install/mainspace/share/mainspace/package.ps1'
[11.069s] INFO:colcon.colcon_core.shell:Creating package descriptor '/home/fu941/TDK_ros/install/mainspace/share/mainspace/package.dsv'
[11.075s] INFO:colcon.colcon_core.shell:Creating package script '/home/fu941/TDK_ros/install/mainspace/share/mainspace/package.sh'
[11.081s] INFO:colcon.colcon_core.shell:Creating package script '/home/fu941/TDK_ros/install/mainspace/share/mainspace/package.bash'
[11.086s] INFO:colcon.colcon_core.shell:Creating package script '/home/fu941/TDK_ros/install/mainspace/share/mainspace/package.zsh'
[11.091s] Level 1:colcon.colcon_core.environment:create_file_with_runtime_dependencies(/home/fu941/TDK_ros/install/mainspace/share/colcon-core/packages/mainspace)
[11.094s] INFO:colcon.colcon_ros.task.ament_cmake.build:Building ROS package in '/home/fu941/TDK_ros/src/camera' with build type 'ament_cmake'
[11.095s] INFO:colcon.colcon_cmake.task.cmake.build:Building CMake package in '/home/fu941/TDK_ros/src/camera'
[11.098s] INFO:colcon.colcon_core.shell:Skip shell extension 'powershell' for command environment: Not usable outside of PowerShell
[11.098s] DEBUG:colcon.colcon_core.shell:Skip shell extension 'dsv' for command environment
[11.232s] DEBUG:colcon.colcon_core.event_handler.log_command:Invoking command in '/home/fu941/TDK_ros/build/camera': CMAKE_PREFIX_PATH=/home/fu941/TDK_ros/install/mainspace:/home/fu941/TDK_ros/install/camera:/home/fu941/TDK_ros/install/SerialTest:/opt/ros/humble /usr/bin/cmake --build /home/fu941/TDK_ros/build/camera -- -j4 -l4
[12.055s] DEBUG:colcon.colcon_core.event_handler.log_command:Invoked command in '/home/fu941/TDK_ros/build/camera' returned '0': CMAKE_PREFIX_PATH=/home/fu941/TDK_ros/install/mainspace:/home/fu941/TDK_ros/install/camera:/home/fu941/TDK_ros/install/SerialTest:/opt/ros/humble /usr/bin/cmake --build /home/fu941/TDK_ros/build/camera -- -j4 -l4
[12.075s] DEBUG:colcon.colcon_core.event_handler.log_command:Invoking command in '/home/fu941/TDK_ros/build/camera': CMAKE_PREFIX_PATH=/home/fu941/TDK_ros/install/mainspace:/home/fu941/TDK_ros/install/camera:/home/fu941/TDK_ros/install/SerialTest:/opt/ros/humble /usr/bin/cmake --install /home/fu941/TDK_ros/build/camera
[12.224s] Level 1:colcon.colcon_core.environment:create_environment_scripts_only(camera)
[12.227s] Level 1:colcon.colcon_core.environment:checking '/home/fu941/TDK_ros/install/camera' for CMake module files
[12.232s] DEBUG:colcon.colcon_core.event_handler.log_command:Invoked command in '/home/fu941/TDK_ros/build/camera' returned '0': CMAKE_PREFIX_PATH=/home/fu941/TDK_ros/install/mainspace:/home/fu941/TDK_ros/install/camera:/home/fu941/TDK_ros/install/SerialTest:/opt/ros/humble /usr/bin/cmake --install /home/fu941/TDK_ros/build/camera
[12.239s] Level 1:colcon.colcon_core.environment:checking '/home/fu941/TDK_ros/install/camera' for CMake config files
[12.243s] Level 1:colcon.colcon_core.shell:create_environment_hook('camera', 'cmake_prefix_path')
[12.245s] INFO:colcon.colcon_core.shell:Creating environment hook '/home/fu941/TDK_ros/install/camera/share/camera/hook/cmake_prefix_path.ps1'
[12.250s] INFO:colcon.colcon_core.shell:Creating environment descriptor '/home/fu941/TDK_ros/install/camera/share/camera/hook/cmake_prefix_path.dsv'
[12.254s] INFO:colcon.colcon_core.shell:Creating environment hook '/home/fu941/TDK_ros/install/camera/share/camera/hook/cmake_prefix_path.sh'
[12.260s] Level 1:colcon.colcon_core.environment:checking '/home/fu941/TDK_ros/install/camera/lib'
[12.262s] Level 1:colcon.colcon_core.environment:checking '/home/fu941/TDK_ros/install/camera/bin'
[12.262s] Level 1:colcon.colcon_core.environment:checking '/home/fu941/TDK_ros/install/camera/lib/pkgconfig/camera.pc'
[12.264s] Level 1:colcon.colcon_core.environment:checking '/home/fu941/TDK_ros/install/camera/lib/python3.10/site-packages'
[12.267s] Level 1:colcon.colcon_core.environment:checking '/home/fu941/TDK_ros/install/camera/bin'
[12.270s] INFO:colcon.colcon_core.shell:Creating package script '/home/fu941/TDK_ros/install/camera/share/camera/package.ps1'
[12.275s] INFO:colcon.colcon_core.shell:Creating package descriptor '/home/fu941/TDK_ros/install/camera/share/camera/package.dsv'
[12.280s] INFO:colcon.colcon_core.shell:Creating package script '/home/fu941/TDK_ros/install/camera/share/camera/package.sh'
[12.285s] INFO:colcon.colcon_core.shell:Creating package script '/home/fu941/TDK_ros/install/camera/share/camera/package.bash'
[12.290s] INFO:colcon.colcon_core.shell:Creating package script '/home/fu941/TDK_ros/install/camera/share/camera/package.zsh'
[12.294s] Level 1:colcon.colcon_core.environment:create_file_with_runtime_dependencies(/home/fu941/TDK_ros/install/camera/share/colcon-core/packages/camera)
[12.300s] Level 1:colcon.colcon_core.environment:create_environment_scripts_only(camera)
[12.303s] Level 1:colcon.colcon_core.environment:checking '/home/fu941/TDK_ros/install/camera' for CMake module files
[12.310s] Level 1:colcon.colcon_core.environment:checking '/home/fu941/TDK_ros/install/camera' for CMake config files
[12.315s] Level 1:colcon.colcon_core.shell:create_environment_hook('camera', 'cmake_prefix_path')
[12.317s] INFO:colcon.colcon_core.shell:Creating environment hook '/home/fu941/TDK_ros/install/camera/share/camera/hook/cmake_prefix_path.ps1'
[12.322s] INFO:colcon.colcon_core.shell:Creating environment descriptor '/home/fu941/TDK_ros/install/camera/share/camera/hook/cmake_prefix_path.dsv'
[12.327s] INFO:colcon.colcon_core.shell:Creating environment hook '/home/fu941/TDK_ros/install/camera/share/camera/hook/cmake_prefix_path.sh'
[12.333s] Level 1:colcon.colcon_core.environment:checking '/home/fu941/TDK_ros/install/camera/lib'
[12.334s] Level 1:colcon.colcon_core.environment:checking '/home/fu941/TDK_ros/install/camera/bin'
[12.335s] Level 1:colcon.colcon_core.environment:checking '/home/fu941/TDK_ros/install/camera/lib/pkgconfig/camera.pc'
[12.338s] Level 1:colcon.colcon_core.environment:checking '/home/fu941/TDK_ros/install/camera/lib/python3.10/site-packages'
[12.341s] Level 1:colcon.colcon_core.environment:checking '/home/fu941/TDK_ros/install/camera/bin'
[12.344s] INFO:colcon.colcon_core.shell:Creating package script '/home/fu941/TDK_ros/install/camera/share/camera/package.ps1'
[12.350s] INFO:colcon.colcon_core.shell:Creating package descriptor '/home/fu941/TDK_ros/install/camera/share/camera/package.dsv'
[12.355s] INFO:colcon.colcon_core.shell:Creating package script '/home/fu941/TDK_ros/install/camera/share/camera/package.sh'
[12.360s] INFO:colcon.colcon_core.shell:Creating package script '/home/fu941/TDK_ros/install/camera/share/camera/package.bash'
[12.365s] INFO:colcon.colcon_core.shell:Creating package script '/home/fu941/TDK_ros/install/camera/share/camera/package.zsh'
[12.370s] Level 1:colcon.colcon_core.environment:create_file_with_runtime_dependencies(/home/fu941/TDK_ros/install/camera/share/colcon-core/packages/camera)
[12.373s] INFO:colcon.colcon_ros.task.ament_python.build:Building ROS package in '/home/fu941/TDK_ros/src/SerialTest' with build type 'ament_python'
[12.375s] Level 1:colcon.colcon_core.shell:create_environment_hook('SerialTest', 'ament_prefix_path')
[12.377s] INFO:colcon.colcon_core.shell:Creating environment hook '/home/fu941/TDK_ros/install/SerialTest/share/SerialTest/hook/ament_prefix_path.ps1'
[12.385s] INFO:colcon.colcon_core.shell:Creating environment descriptor '/home/fu941/TDK_ros/install/SerialTest/share/SerialTest/hook/ament_prefix_path.dsv'
[12.391s] INFO:colcon.colcon_core.shell:Creating environment hook '/home/fu941/TDK_ros/install/SerialTest/share/SerialTest/hook/ament_prefix_path.sh'
[12.398s] INFO:colcon.colcon_core.shell:Skip shell extension 'powershell' for command environment: Not usable outside of PowerShell
[12.399s] DEBUG:colcon.colcon_core.shell:Skip shell extension 'dsv' for command environment
[15.441s] INFO:colcon.colcon_core.task.python.build:Building Python package in '/home/fu941/TDK_ros/src/SerialTest'
[15.443s] INFO:colcon.colcon_core.shell:Skip shell extension 'powershell' for command environment: Not usable outside of PowerShell
[15.444s] DEBUG:colcon.colcon_core.shell:Skip shell extension 'dsv' for command environment
[19.607s] DEBUG:colcon.colcon_core.event_handler.log_command:Invoking command in '/home/fu941/TDK_ros/src/SerialTest': PYTHONPATH=/home/fu941/TDK_ros/build/SerialTest/prefix_override:/usr/lib/python3/dist-packages/colcon_core/task/python/colcon_distutils_commands:/home/fu941/TDK_ros/install/SerialTest/lib/python3.10/site-packages:${PYTHONPATH} /usr/bin/python3 -W ignore:setup.py install is deprecated -W ignore:easy_install command is deprecated setup.py egg_info --egg-base ../../build/SerialTest build --build-base /home/fu941/TDK_ros/build/SerialTest/build install --record /home/fu941/TDK_ros/build/SerialTest/install.log --single-version-externally-managed install_data
[22.939s] Level 1:colcon.colcon_core.environment:checking '/home/fu941/TDK_ros/install/SerialTest' for CMake module files
[22.944s] DEBUG:colcon.colcon_core.event_handler.log_command:Invoked command in '/home/fu941/TDK_ros/src/SerialTest' returned '0': PYTHONPATH=/home/fu941/TDK_ros/build/SerialTest/prefix_override:/usr/lib/python3/dist-packages/colcon_core/task/python/colcon_distutils_commands:/home/fu941/TDK_ros/install/SerialTest/lib/python3.10/site-packages:${PYTHONPATH} /usr/bin/python3 -W ignore:setup.py install is deprecated -W ignore:easy_install command is deprecated setup.py egg_info --egg-base ../../build/SerialTest build --build-base /home/fu941/TDK_ros/build/SerialTest/build install --record /home/fu941/TDK_ros/build/SerialTest/install.log --single-version-externally-managed install_data
[22.949s] Level 1:colcon.colcon_core.environment:checking '/home/fu941/TDK_ros/install/SerialTest' for CMake config files
[22.959s] Level 1:colcon.colcon_core.environment:checking '/home/fu941/TDK_ros/install/SerialTest/lib'
[22.960s] Level 1:colcon.colcon_core.environment:checking '/home/fu941/TDK_ros/install/SerialTest/bin'
[22.961s] Level 1:colcon.colcon_core.environment:checking '/home/fu941/TDK_ros/install/SerialTest/lib/pkgconfig/SerialTest.pc'
[22.963s] Level 1:colcon.colcon_core.environment:checking '/home/fu941/TDK_ros/install/SerialTest/lib/python3.10/site-packages'
[22.964s] Level 1:colcon.colcon_core.shell:create_environment_hook('SerialTest', 'pythonpath')
[22.967s] INFO:colcon.colcon_core.shell:Creating environment hook '/home/fu941/TDK_ros/install/SerialTest/share/SerialTest/hook/pythonpath.ps1'
[22.972s] INFO:colcon.colcon_core.shell:Creating environment descriptor '/home/fu941/TDK_ros/install/SerialTest/share/SerialTest/hook/pythonpath.dsv'
[22.976s] INFO:colcon.colcon_core.shell:Creating environment hook '/home/fu941/TDK_ros/install/SerialTest/share/SerialTest/hook/pythonpath.sh'
[22.983s] Level 1:colcon.colcon_core.environment:checking '/home/fu941/TDK_ros/install/SerialTest/bin'
[22.984s] Level 1:colcon.colcon_core.environment:create_environment_scripts_only(SerialTest)
[22.988s] INFO:colcon.colcon_core.shell:Creating package script '/home/fu941/TDK_ros/install/SerialTest/share/SerialTest/package.ps1'
[22.995s] INFO:colcon.colcon_core.shell:Creating package descriptor '/home/fu941/TDK_ros/install/SerialTest/share/SerialTest/package.dsv'
[23.001s] INFO:colcon.colcon_core.shell:Creating package script '/home/fu941/TDK_ros/install/SerialTest/share/SerialTest/package.sh'
[23.006s] INFO:colcon.colcon_core.shell:Creating package script '/home/fu941/TDK_ros/install/SerialTest/share/SerialTest/package.bash'
[23.011s] INFO:colcon.colcon_core.shell:Creating package script '/home/fu941/TDK_ros/install/SerialTest/share/SerialTest/package.zsh'
[23.016s] Level 1:colcon.colcon_core.environment:create_file_with_runtime_dependencies(/home/fu941/TDK_ros/install/SerialTest/share/colcon-core/packages/SerialTest)
[23.019s] DEBUG:colcon.colcon_parallel_executor.executor.parallel:closing loop
[23.022s] DEBUG:colcon.colcon_parallel_executor.executor.parallel:loop closed
[23.022s] DEBUG:colcon.colcon_parallel_executor.executor.parallel:run_until_complete finished with '0'
[23.023s] DEBUG:colcon.colcon_core.event_reactor:joining thread
[23.078s] INFO:colcon.colcon_core.plugin_system:Skipping extension 'colcon_notification.desktop_notification.notify_send': Could not find 'notify-send'
[23.079s] INFO:colcon.colcon_core.plugin_system:Skipping extension 'colcon_notification.desktop_notification.terminal_notifier': Not used on non-Darwin systems
[23.080s] INFO:colcon.colcon_core.plugin_system:Skipping extension 'colcon_notification.desktop_notification.win32': Not used on non-Windows systems
[23.080s] INFO:colcon.colcon_notification.desktop_notification:Sending desktop notification using 'notify2'
[23.087s] DEBUG:colcon.colcon_notification.desktop_notification.notify2:Failed to initialize notify2: org.freedesktop.DBus.Error.ServiceUnknown: The name org.freedesktop.Notifications was not provided by any .service files
[23.088s] DEBUG:colcon.colcon_core.event_reactor:joined thread
[23.090s] INFO:colcon.colcon_core.shell:Creating prefix script '/home/fu941/TDK_ros/install/local_setup.ps1'
[23.100s] INFO:colcon.colcon_core.shell:Creating prefix util module '/home/fu941/TDK_ros/install/_local_setup_util_ps1.py'
[23.116s] INFO:colcon.colcon_core.shell:Creating prefix chain script '/home/fu941/TDK_ros/install/setup.ps1'
[23.129s] INFO:colcon.colcon_core.shell:Creating prefix script '/home/fu941/TDK_ros/install/local_setup.sh'
[23.135s] INFO:colcon.colcon_core.shell:Creating prefix util module '/home/fu941/TDK_ros/install/_local_setup_util_sh.py'
[23.141s] INFO:colcon.colcon_core.shell:Creating prefix chain script '/home/fu941/TDK_ros/install/setup.sh'
[23.155s] INFO:colcon.colcon_core.shell:Creating prefix script '/home/fu941/TDK_ros/install/local_setup.bash'
[23.161s] INFO:colcon.colcon_core.shell:Creating prefix chain script '/home/fu941/TDK_ros/install/setup.bash'
[23.174s] INFO:colcon.colcon_core.shell:Creating prefix script '/home/fu941/TDK_ros/install/local_setup.zsh'
[23.181s] INFO:colcon.colcon_core.shell:Creating prefix chain script '/home/fu941/TDK_ros/install/setup.zsh'
