[1.133s] DEBUG:colcon:Command line arguments: ['/usr/bin/colcon', 'build']
[1.134s] DEBUG:colcon:Parsed command line arguments: Namespace(log_base=None, log_level=None, verb_name='build', build_base='build', install_base='install', merge_install=False, symlink_install=False, test_result_base=None, continue_on_error=False, executor='parallel', parallel_workers=4, event_handlers=None, ignore_user_meta=False, metas=['./colcon.meta'], base_paths=['.'], packages_ignore=None, packages_ignore_regex=None, paths=None, packages_up_to=None, packages_up_to_regex=None, packages_above=None, packages_above_and_dependencies=None, packages_above_depth=None, packages_select_by_dep=None, packages_skip_by_dep=None, packages_skip_up_to=None, packages_select_build_failed=False, packages_skip_build_finished=False, packages_select_test_failures=False, packages_skip_test_passed=False, packages_select=None, packages_skip=None, packages_select_regex=None, packages_skip_regex=None, packages_start=None, packages_end=None, allow_overriding=[], cmake_args=None, cmake_target=None, cmake_target_skip_unavailable=False, cmake_clean_cache=False, cmake_clean_first=False, cmake_force_configure=False, ament_cmake_args=None, catkin_cmake_args=None, catkin_skip_building_tests=False, verb_parser=<colcon_defaults.argument_parser.defaults.DefaultArgumentsDecorator object at 0xffff9e5e33d0>, verb_extension=<colcon_core.verb.build.BuildVerb object at 0xffff9e728880>, main=<bound method BuildVerb.main of <colcon_core.verb.build.BuildVerb object at 0xffff9e728880>>)
[3.207s] Level 1:colcon.colcon_core.package_discovery:discover_packages(colcon_meta) check parameters
[3.208s] Level 1:colcon.colcon_core.package_discovery:discover_packages(recursive) check parameters
[3.209s] Level 1:colcon.colcon_core.package_discovery:discover_packages(ignore) check parameters
[3.209s] Level 1:colcon.colcon_core.package_discovery:discover_packages(path) check parameters
[3.209s] Level 1:colcon.colcon_core.package_discovery:discover_packages(colcon_meta) discover
[3.210s] Level 1:colcon.colcon_core.package_discovery:discover_packages(recursive) discover
[3.211s] INFO:colcon.colcon_core.package_discovery:Crawling recursively for packages in '/home/fu941/TDK_ros'
[3.212s] Level 1:colcon.colcon_core.package_identification:_identify(.) by extensions ['ignore', 'ignore_ament_install']
[3.213s] Level 1:colcon.colcon_core.package_identification:_identify(.) by extension 'ignore'
[3.214s] Level 1:colcon.colcon_core.package_identification:_identify(.) by extension 'ignore_ament_install'
[3.215s] Level 1:colcon.colcon_core.package_identification:_identify(.) by extensions ['colcon_pkg']
[3.215s] Level 1:colcon.colcon_core.package_identification:_identify(.) by extension 'colcon_pkg'
[3.216s] Level 1:colcon.colcon_core.package_identification:_identify(.) by extensions ['colcon_meta']
[3.216s] Level 1:colcon.colcon_core.package_identification:_identify(.) by extension 'colcon_meta'
[3.217s] Level 1:colcon.colcon_core.package_identification:_identify(.) by extensions ['ros']
[3.218s] Level 1:colcon.colcon_core.package_identification:_identify(.) by extension 'ros'
[3.348s] Level 1:colcon.colcon_core.package_identification:_identify(.) by extensions ['cmake', 'python']
[3.349s] Level 1:colcon.colcon_core.package_identification:_identify(.) by extension 'cmake'
[3.349s] Level 1:colcon.colcon_core.package_identification:_identify(.) by extension 'python'
[3.350s] Level 1:colcon.colcon_core.package_identification:_identify(.) by extensions ['python_setup_py']
[3.351s] Level 1:colcon.colcon_core.package_identification:_identify(.) by extension 'python_setup_py'
[3.352s] Level 1:colcon.colcon_core.package_identification:_identify(build) by extensions ['ignore', 'ignore_ament_install']
[3.354s] Level 1:colcon.colcon_core.package_identification:_identify(build) by extension 'ignore'
[3.355s] Level 1:colcon.colcon_core.package_identification:_identify(build) ignored
[3.357s] Level 1:colcon.colcon_core.package_identification:_identify(install) by extensions ['ignore', 'ignore_ament_install']
[3.358s] Level 1:colcon.colcon_core.package_identification:_identify(install) by extension 'ignore'
[3.359s] Level 1:colcon.colcon_core.package_identification:_identify(install) ignored
[3.361s] Level 1:colcon.colcon_core.package_identification:_identify(log) by extensions ['ignore', 'ignore_ament_install']
[3.362s] Level 1:colcon.colcon_core.package_identification:_identify(log) by extension 'ignore'
[3.363s] Level 1:colcon.colcon_core.package_identification:_identify(log) ignored
[3.364s] Level 1:colcon.colcon_core.package_identification:_identify(src) by extensions ['ignore', 'ignore_ament_install']
[3.365s] Level 1:colcon.colcon_core.package_identification:_identify(src) by extension 'ignore'
[3.366s] Level 1:colcon.colcon_core.package_identification:_identify(src) by extension 'ignore_ament_install'
[3.367s] Level 1:colcon.colcon_core.package_identification:_identify(src) by extensions ['colcon_pkg']
[3.367s] Level 1:colcon.colcon_core.package_identification:_identify(src) by extension 'colcon_pkg'
[3.368s] Level 1:colcon.colcon_core.package_identification:_identify(src) by extensions ['colcon_meta']
[3.368s] Level 1:colcon.colcon_core.package_identification:_identify(src) by extension 'colcon_meta'
[3.369s] Level 1:colcon.colcon_core.package_identification:_identify(src) by extensions ['ros']
[3.369s] Level 1:colcon.colcon_core.package_identification:_identify(src) by extension 'ros'
[3.370s] Level 1:colcon.colcon_core.package_identification:_identify(src) by extensions ['cmake', 'python']
[3.371s] Level 1:colcon.colcon_core.package_identification:_identify(src) by extension 'cmake'
[3.372s] Level 1:colcon.colcon_core.package_identification:_identify(src) by extension 'python'
[3.372s] Level 1:colcon.colcon_core.package_identification:_identify(src) by extensions ['python_setup_py']
[3.373s] Level 1:colcon.colcon_core.package_identification:_identify(src) by extension 'python_setup_py'
[3.374s] Level 1:colcon.colcon_core.package_identification:_identify(src/SerialTest) by extensions ['ignore', 'ignore_ament_install']
[3.375s] Level 1:colcon.colcon_core.package_identification:_identify(src/SerialTest) by extension 'ignore'
[3.376s] Level 1:colcon.colcon_core.package_identification:_identify(src/SerialTest) by extension 'ignore_ament_install'
[3.377s] Level 1:colcon.colcon_core.package_identification:_identify(src/SerialTest) by extensions ['colcon_pkg']
[3.377s] Level 1:colcon.colcon_core.package_identification:_identify(src/SerialTest) by extension 'colcon_pkg'
[3.378s] Level 1:colcon.colcon_core.package_identification:_identify(src/SerialTest) by extensions ['colcon_meta']
[3.379s] Level 1:colcon.colcon_core.package_identification:_identify(src/SerialTest) by extension 'colcon_meta'
[3.379s] Level 1:colcon.colcon_core.package_identification:_identify(src/SerialTest) by extensions ['ros']
[3.380s] Level 1:colcon.colcon_core.package_identification:_identify(src/SerialTest) by extension 'ros'
[3.404s] DEBUG:colcon.colcon_core.package_identification:Package 'src/SerialTest' with type 'ros.ament_python' and name 'SerialTest'
[3.406s] Level 1:colcon.colcon_core.package_identification:_identify(src/camera) by extensions ['ignore', 'ignore_ament_install']
[3.407s] Level 1:colcon.colcon_core.package_identification:_identify(src/camera) by extension 'ignore'
[3.408s] Level 1:colcon.colcon_core.package_identification:_identify(src/camera) by extension 'ignore_ament_install'
[3.409s] Level 1:colcon.colcon_core.package_identification:_identify(src/camera) by extensions ['colcon_pkg']
[3.409s] Level 1:colcon.colcon_core.package_identification:_identify(src/camera) by extension 'colcon_pkg'
[3.410s] Level 1:colcon.colcon_core.package_identification:_identify(src/camera) by extensions ['colcon_meta']
[3.411s] Level 1:colcon.colcon_core.package_identification:_identify(src/camera) by extension 'colcon_meta'
[3.412s] Level 1:colcon.colcon_core.package_identification:_identify(src/camera) by extensions ['ros']
[3.412s] Level 1:colcon.colcon_core.package_identification:_identify(src/camera) by extension 'ros'
[3.421s] DEBUG:colcon.colcon_core.package_identification:Package 'src/camera' with type 'ros.ament_cmake' and name 'camera'
[3.422s] Level 1:colcon.colcon_core.package_identification:_identify(src/mainspace) by extensions ['ignore', 'ignore_ament_install']
[3.424s] Level 1:colcon.colcon_core.package_identification:_identify(src/mainspace) by extension 'ignore'
[3.424s] Level 1:colcon.colcon_core.package_identification:_identify(src/mainspace) by extension 'ignore_ament_install'
[3.425s] Level 1:colcon.colcon_core.package_identification:_identify(src/mainspace) by extensions ['colcon_pkg']
[3.426s] Level 1:colcon.colcon_core.package_identification:_identify(src/mainspace) by extension 'colcon_pkg'
[3.427s] Level 1:colcon.colcon_core.package_identification:_identify(src/mainspace) by extensions ['colcon_meta']
[3.427s] Level 1:colcon.colcon_core.package_identification:_identify(src/mainspace) by extension 'colcon_meta'
[3.428s] Level 1:colcon.colcon_core.package_identification:_identify(src/mainspace) by extensions ['ros']
[3.428s] Level 1:colcon.colcon_core.package_identification:_identify(src/mainspace) by extension 'ros'
[3.438s] DEBUG:colcon.colcon_core.package_identification:Package 'src/mainspace' with type 'ros.ament_cmake' and name 'mainspace'
[3.438s] Level 1:colcon.colcon_core.package_discovery:discover_packages(recursive) using defaults
[3.439s] Level 1:colcon.colcon_core.package_discovery:discover_packages(ignore) discover
[3.440s] Level 1:colcon.colcon_core.package_discovery:discover_packages(ignore) using defaults
[3.440s] Level 1:colcon.colcon_core.package_discovery:discover_packages(path) discover
[3.440s] Level 1:colcon.colcon_core.package_discovery:discover_packages(path) using defaults
[3.660s] Level 1:colcon.colcon_core.package_discovery:discover_packages(prefix_path) check parameters
[3.661s] Level 1:colcon.colcon_core.package_discovery:discover_packages(prefix_path) discover
[3.702s] DEBUG:colcon.colcon_installed_package_information.package_discovery:Found 271 installed packages in /opt/ros/humble
[3.728s] Level 1:colcon.colcon_core.package_discovery:discover_packages(prefix_path) using defaults
[4.329s] Level 5:colcon.colcon_core.verb:set package 'mainspace' build argument 'cmake_args' from command line to 'None'
[4.329s] Level 5:colcon.colcon_core.verb:set package 'mainspace' build argument 'cmake_target' from command line to 'None'
[4.330s] Level 5:colcon.colcon_core.verb:set package 'mainspace' build argument 'cmake_target_skip_unavailable' from command line to 'False'
[4.330s] Level 5:colcon.colcon_core.verb:set package 'mainspace' build argument 'cmake_clean_cache' from command line to 'False'
[4.331s] Level 5:colcon.colcon_core.verb:set package 'mainspace' build argument 'cmake_clean_first' from command line to 'False'
[4.331s] Level 5:colcon.colcon_core.verb:set package 'mainspace' build argument 'cmake_force_configure' from command line to 'False'
[4.332s] Level 5:colcon.colcon_core.verb:set package 'mainspace' build argument 'ament_cmake_args' from command line to 'None'
[4.332s] Level 5:colcon.colcon_core.verb:set package 'mainspace' build argument 'catkin_cmake_args' from command line to 'None'
[4.332s] Level 5:colcon.colcon_core.verb:set package 'mainspace' build argument 'catkin_skip_building_tests' from command line to 'False'
[4.333s] DEBUG:colcon.colcon_core.verb:Building package 'mainspace' with the following arguments: {'ament_cmake_args': None, 'build_base': '/home/fu941/TDK_ros/build/mainspace', 'catkin_cmake_args': None, 'catkin_skip_building_tests': False, 'cmake_args': None, 'cmake_clean_cache': False, 'cmake_clean_first': False, 'cmake_force_configure': False, 'cmake_target': None, 'cmake_target_skip_unavailable': False, 'install_base': '/home/fu941/TDK_ros/install/mainspace', 'merge_install': False, 'path': '/home/fu941/TDK_ros/src/mainspace', 'symlink_install': False, 'test_result_base': None}
[4.338s] Level 5:colcon.colcon_core.verb:set package 'camera' build argument 'cmake_args' from command line to 'None'
[4.338s] Level 5:colcon.colcon_core.verb:set package 'camera' build argument 'cmake_target' from command line to 'None'
[4.339s] Level 5:colcon.colcon_core.verb:set package 'camera' build argument 'cmake_target_skip_unavailable' from command line to 'False'
[4.339s] Level 5:colcon.colcon_core.verb:set package 'camera' build argument 'cmake_clean_cache' from command line to 'False'
[4.340s] Level 5:colcon.colcon_core.verb:set package 'camera' build argument 'cmake_clean_first' from command line to 'False'
[4.340s] Level 5:colcon.colcon_core.verb:set package 'camera' build argument 'cmake_force_configure' from command line to 'False'
[4.341s] Level 5:colcon.colcon_core.verb:set package 'camera' build argument 'ament_cmake_args' from command line to 'None'
[4.341s] Level 5:colcon.colcon_core.verb:set package 'camera' build argument 'catkin_cmake_args' from command line to 'None'
[4.342s] Level 5:colcon.colcon_core.verb:set package 'camera' build argument 'catkin_skip_building_tests' from command line to 'False'
[4.342s] DEBUG:colcon.colcon_core.verb:Building package 'camera' with the following arguments: {'ament_cmake_args': None, 'build_base': '/home/fu941/TDK_ros/build/camera', 'catkin_cmake_args': None, 'catkin_skip_building_tests': False, 'cmake_args': None, 'cmake_clean_cache': False, 'cmake_clean_first': False, 'cmake_force_configure': False, 'cmake_target': None, 'cmake_target_skip_unavailable': False, 'install_base': '/home/fu941/TDK_ros/install/camera', 'merge_install': False, 'path': '/home/fu941/TDK_ros/src/camera', 'symlink_install': False, 'test_result_base': None}
[4.347s] Level 5:colcon.colcon_core.verb:set package 'SerialTest' build argument 'cmake_args' from command line to 'None'
[4.348s] Level 5:colcon.colcon_core.verb:set package 'SerialTest' build argument 'cmake_target' from command line to 'None'
[4.349s] Level 5:colcon.colcon_core.verb:set package 'SerialTest' build argument 'cmake_target_skip_unavailable' from command line to 'False'
[4.349s] Level 5:colcon.colcon_core.verb:set package 'SerialTest' build argument 'cmake_clean_cache' from command line to 'False'
[4.350s] Level 5:colcon.colcon_core.verb:set package 'SerialTest' build argument 'cmake_clean_first' from command line to 'False'
[4.350s] Level 5:colcon.colcon_core.verb:set package 'SerialTest' build argument 'cmake_force_configure' from command line to 'False'
[4.351s] Level 5:colcon.colcon_core.verb:set package 'SerialTest' build argument 'ament_cmake_args' from command line to 'None'
[4.351s] Level 5:colcon.colcon_core.verb:set package 'SerialTest' build argument 'catkin_cmake_args' from command line to 'None'
[4.352s] Level 5:colcon.colcon_core.verb:set package 'SerialTest' build argument 'catkin_skip_building_tests' from command line to 'False'
[4.352s] DEBUG:colcon.colcon_core.verb:Building package 'SerialTest' with the following arguments: {'ament_cmake_args': None, 'build_base': '/home/fu941/TDK_ros/build/SerialTest', 'catkin_cmake_args': None, 'catkin_skip_building_tests': False, 'cmake_args': None, 'cmake_clean_cache': False, 'cmake_clean_first': False, 'cmake_force_configure': False, 'cmake_target': None, 'cmake_target_skip_unavailable': False, 'install_base': '/home/fu941/TDK_ros/install/SerialTest', 'merge_install': False, 'path': '/home/fu941/TDK_ros/src/SerialTest', 'symlink_install': False, 'test_result_base': None}
[4.354s] INFO:colcon.colcon_core.executor:Executing jobs using 'parallel' executor
[4.363s] DEBUG:colcon.colcon_parallel_executor.executor.parallel:run_until_complete
[4.367s] INFO:colcon.colcon_ros.task.ament_cmake.build:Building ROS package in '/home/fu941/TDK_ros/src/mainspace' with build type 'ament_cmake'
[4.371s] INFO:colcon.colcon_cmake.task.cmake.build:Building CMake package in '/home/fu941/TDK_ros/src/mainspace'
[4.396s] INFO:colcon.colcon_core.plugin_system:Skipping extension 'colcon_core.shell.bat': Not used on non-Windows systems
[4.399s] INFO:colcon.colcon_core.shell:Skip shell extension 'powershell' for command environment: Not usable outside of PowerShell
[4.401s] DEBUG:colcon.colcon_core.shell:Skip shell extension 'dsv' for command environment
[4.503s] DEBUG:colcon.colcon_core.event_handler.log_command:Invoking command in '/home/fu941/TDK_ros/build/mainspace': CMAKE_PREFIX_PATH=/opt/ros/humble /usr/bin/cmake --build /home/fu941/TDK_ros/build/mainspace -- -j4 -l4
[9.923s] DEBUG:colcon.colcon_core.event_handler.log_command:Invoked command in '/home/fu941/TDK_ros/build/mainspace' returned '0': CMAKE_PREFIX_PATH=/opt/ros/humble /usr/bin/cmake --build /home/fu941/TDK_ros/build/mainspace -- -j4 -l4
[10.031s] DEBUG:colcon.colcon_core.event_handler.log_command:Invoking command in '/home/fu941/TDK_ros/build/mainspace': CMAKE_PREFIX_PATH=/opt/ros/humble /usr/bin/cmake --install /home/fu941/TDK_ros/build/mainspace
[10.982s] Level 1:colcon.colcon_core.environment:create_environment_scripts_only(mainspace)
[11.007s] DEBUG:colcon.colcon_core.event_handler.log_command:Invoked command in '/home/fu941/TDK_ros/build/mainspace' returned '0': CMAKE_PREFIX_PATH=/opt/ros/humble /usr/bin/cmake --install /home/fu941/TDK_ros/build/mainspace
[11.023s] Level 1:colcon.colcon_core.environment:checking '/home/fu941/TDK_ros/install/mainspace' for CMake module files
[11.036s] Level 1:colcon.colcon_core.environment:checking '/home/fu941/TDK_ros/install/mainspace' for CMake config files
[11.047s] Level 1:colcon.colcon_core.shell:create_environment_hook('mainspace', 'cmake_prefix_path')
[11.049s] INFO:colcon.colcon_core.shell:Creating environment hook '/home/fu941/TDK_ros/install/mainspace/share/mainspace/hook/cmake_prefix_path.ps1'
[11.056s] INFO:colcon.colcon_core.shell:Creating environment descriptor '/home/fu941/TDK_ros/install/mainspace/share/mainspace/hook/cmake_prefix_path.dsv'
[11.061s] INFO:colcon.colcon_core.shell:Creating environment hook '/home/fu941/TDK_ros/install/mainspace/share/mainspace/hook/cmake_prefix_path.sh'
[11.071s] Level 1:colcon.colcon_core.environment:checking '/home/fu941/TDK_ros/install/mainspace/lib'
[11.073s] Level 1:colcon.colcon_core.shell:create_environment_hook('mainspace', 'ld_library_path_lib')
[11.075s] INFO:colcon.colcon_core.shell:Creating environment hook '/home/fu941/TDK_ros/install/mainspace/share/mainspace/hook/ld_library_path_lib.ps1'
[11.080s] INFO:colcon.colcon_core.shell:Creating environment descriptor '/home/fu941/TDK_ros/install/mainspace/share/mainspace/hook/ld_library_path_lib.dsv'
[11.084s] INFO:colcon.colcon_core.shell:Creating environment hook '/home/fu941/TDK_ros/install/mainspace/share/mainspace/hook/ld_library_path_lib.sh'
[11.088s] Level 1:colcon.colcon_core.environment:checking '/home/fu941/TDK_ros/install/mainspace/bin'
[11.089s] Level 1:colcon.colcon_core.environment:checking '/home/fu941/TDK_ros/install/mainspace/lib/pkgconfig/mainspace.pc'
[11.091s] Level 1:colcon.colcon_core.environment:checking '/home/fu941/TDK_ros/install/mainspace/lib/python3.10/site-packages'
[11.094s] Level 1:colcon.colcon_core.environment:checking '/home/fu941/TDK_ros/install/mainspace/bin'
[11.097s] INFO:colcon.colcon_core.shell:Creating package script '/home/fu941/TDK_ros/install/mainspace/share/mainspace/package.ps1'
[11.106s] INFO:colcon.colcon_core.shell:Creating package descriptor '/home/fu941/TDK_ros/install/mainspace/share/mainspace/package.dsv'
[11.112s] INFO:colcon.colcon_core.shell:Creating package script '/home/fu941/TDK_ros/install/mainspace/share/mainspace/package.sh'
[11.121s] INFO:colcon.colcon_core.shell:Creating package script '/home/fu941/TDK_ros/install/mainspace/share/mainspace/package.bash'
[11.129s] INFO:colcon.colcon_core.shell:Creating package script '/home/fu941/TDK_ros/install/mainspace/share/mainspace/package.zsh'
[11.138s] Level 1:colcon.colcon_core.environment:create_file_with_runtime_dependencies(/home/fu941/TDK_ros/install/mainspace/share/colcon-core/packages/mainspace)
[11.145s] Level 1:colcon.colcon_core.environment:create_environment_scripts_only(mainspace)
[11.148s] Level 1:colcon.colcon_core.environment:checking '/home/fu941/TDK_ros/install/mainspace' for CMake module files
[11.162s] Level 1:colcon.colcon_core.environment:checking '/home/fu941/TDK_ros/install/mainspace' for CMake config files
[11.171s] Level 1:colcon.colcon_core.shell:create_environment_hook('mainspace', 'cmake_prefix_path')
[11.173s] INFO:colcon.colcon_core.shell:Creating environment hook '/home/fu941/TDK_ros/install/mainspace/share/mainspace/hook/cmake_prefix_path.ps1'
[11.178s] INFO:colcon.colcon_core.shell:Creating environment descriptor '/home/fu941/TDK_ros/install/mainspace/share/mainspace/hook/cmake_prefix_path.dsv'
[11.183s] INFO:colcon.colcon_core.shell:Creating environment hook '/home/fu941/TDK_ros/install/mainspace/share/mainspace/hook/cmake_prefix_path.sh'
[11.189s] Level 1:colcon.colcon_core.environment:checking '/home/fu941/TDK_ros/install/mainspace/lib'
[11.190s] Level 1:colcon.colcon_core.shell:create_environment_hook('mainspace', 'ld_library_path_lib')
[11.192s] INFO:colcon.colcon_core.shell:Creating environment hook '/home/fu941/TDK_ros/install/mainspace/share/mainspace/hook/ld_library_path_lib.ps1'
[11.197s] INFO:colcon.colcon_core.shell:Creating environment descriptor '/home/fu941/TDK_ros/install/mainspace/share/mainspace/hook/ld_library_path_lib.dsv'
[11.201s] INFO:colcon.colcon_core.shell:Creating environment hook '/home/fu941/TDK_ros/install/mainspace/share/mainspace/hook/ld_library_path_lib.sh'
[11.205s] Level 1:colcon.colcon_core.environment:checking '/home/fu941/TDK_ros/install/mainspace/bin'
[11.206s] Level 1:colcon.colcon_core.environment:checking '/home/fu941/TDK_ros/install/mainspace/lib/pkgconfig/mainspace.pc'
[11.208s] Level 1:colcon.colcon_core.environment:checking '/home/fu941/TDK_ros/install/mainspace/lib/python3.10/site-packages'
[11.210s] Level 1:colcon.colcon_core.environment:checking '/home/fu941/TDK_ros/install/mainspace/bin'
[11.214s] INFO:colcon.colcon_core.shell:Creating package script '/home/fu941/TDK_ros/install/mainspace/share/mainspace/package.ps1'
[11.220s] INFO:colcon.colcon_core.shell:Creating package descriptor '/home/fu941/TDK_ros/install/mainspace/share/mainspace/package.dsv'
[11.226s] INFO:colcon.colcon_core.shell:Creating package script '/home/fu941/TDK_ros/install/mainspace/share/mainspace/package.sh'
[11.232s] INFO:colcon.colcon_core.shell:Creating package script '/home/fu941/TDK_ros/install/mainspace/share/mainspace/package.bash'
[11.237s] INFO:colcon.colcon_core.shell:Creating package script '/home/fu941/TDK_ros/install/mainspace/share/mainspace/package.zsh'
[11.243s] Level 1:colcon.colcon_core.environment:create_file_with_runtime_dependencies(/home/fu941/TDK_ros/install/mainspace/share/colcon-core/packages/mainspace)
[11.247s] INFO:colcon.colcon_ros.task.ament_cmake.build:Building ROS package in '/home/fu941/TDK_ros/src/camera' with build type 'ament_cmake'
[11.248s] INFO:colcon.colcon_cmake.task.cmake.build:Building CMake package in '/home/fu941/TDK_ros/src/camera'
[11.250s] INFO:colcon.colcon_core.shell:Skip shell extension 'powershell' for command environment: Not usable outside of PowerShell
[11.252s] DEBUG:colcon.colcon_core.shell:Skip shell extension 'dsv' for command environment
[11.370s] DEBUG:colcon.colcon_core.event_handler.log_command:Invoking command in '/home/fu941/TDK_ros/build/camera': AMENT_PREFIX_PATH=/home/fu941/TDK_ros/install/mainspace:${AMENT_PREFIX_PATH} CMAKE_PREFIX_PATH=/home/fu941/TDK_ros/install/mainspace:/opt/ros/humble LD_LIBRARY_PATH=/home/fu941/TDK_ros/install/mainspace/lib:${LD_LIBRARY_PATH} PYTHONPATH=/home/fu941/TDK_ros/install/mainspace/local/lib/python3.10/dist-packages:${PYTHONPATH} /usr/bin/cmake --build /home/fu941/TDK_ros/build/camera -- -j4 -l4
[134.252s] DEBUG:colcon.colcon_core.event_handler.log_command:Invoked command in '/home/fu941/TDK_ros/build/camera' returned '0': AMENT_PREFIX_PATH=/home/fu941/TDK_ros/install/mainspace:${AMENT_PREFIX_PATH} CMAKE_PREFIX_PATH=/home/fu941/TDK_ros/install/mainspace:/opt/ros/humble LD_LIBRARY_PATH=/home/fu941/TDK_ros/install/mainspace/lib:${LD_LIBRARY_PATH} PYTHONPATH=/home/fu941/TDK_ros/install/mainspace/local/lib/python3.10/dist-packages:${PYTHONPATH} /usr/bin/cmake --build /home/fu941/TDK_ros/build/camera -- -j4 -l4
[134.273s] DEBUG:colcon.colcon_core.event_handler.log_command:Invoking command in '/home/fu941/TDK_ros/build/camera': AMENT_PREFIX_PATH=/home/fu941/TDK_ros/install/mainspace:${AMENT_PREFIX_PATH} CMAKE_PREFIX_PATH=/home/fu941/TDK_ros/install/mainspace:/opt/ros/humble LD_LIBRARY_PATH=/home/fu941/TDK_ros/install/mainspace/lib:${LD_LIBRARY_PATH} PYTHONPATH=/home/fu941/TDK_ros/install/mainspace/local/lib/python3.10/dist-packages:${PYTHONPATH} /usr/bin/cmake --install /home/fu941/TDK_ros/build/camera
[134.477s] Level 1:colcon.colcon_core.environment:create_environment_scripts_only(camera)
[134.479s] Level 1:colcon.colcon_core.environment:checking '/home/fu941/TDK_ros/install/camera' for CMake module files
[134.484s] DEBUG:colcon.colcon_core.event_handler.log_command:Invoked command in '/home/fu941/TDK_ros/build/camera' returned '0': AMENT_PREFIX_PATH=/home/fu941/TDK_ros/install/mainspace:${AMENT_PREFIX_PATH} CMAKE_PREFIX_PATH=/home/fu941/TDK_ros/install/mainspace:/opt/ros/humble LD_LIBRARY_PATH=/home/fu941/TDK_ros/install/mainspace/lib:${LD_LIBRARY_PATH} PYTHONPATH=/home/fu941/TDK_ros/install/mainspace/local/lib/python3.10/dist-packages:${PYTHONPATH} /usr/bin/cmake --install /home/fu941/TDK_ros/build/camera
[134.491s] Level 1:colcon.colcon_core.environment:checking '/home/fu941/TDK_ros/install/camera' for CMake config files
[134.495s] Level 1:colcon.colcon_core.shell:create_environment_hook('camera', 'cmake_prefix_path')
[134.498s] INFO:colcon.colcon_core.shell:Creating environment hook '/home/fu941/TDK_ros/install/camera/share/camera/hook/cmake_prefix_path.ps1'
[134.503s] INFO:colcon.colcon_core.shell:Creating environment descriptor '/home/fu941/TDK_ros/install/camera/share/camera/hook/cmake_prefix_path.dsv'
[134.507s] INFO:colcon.colcon_core.shell:Creating environment hook '/home/fu941/TDK_ros/install/camera/share/camera/hook/cmake_prefix_path.sh'
[134.516s] Level 1:colcon.colcon_core.environment:checking '/home/fu941/TDK_ros/install/camera/lib'
[134.517s] Level 1:colcon.colcon_core.environment:checking '/home/fu941/TDK_ros/install/camera/bin'
[134.518s] Level 1:colcon.colcon_core.environment:checking '/home/fu941/TDK_ros/install/camera/lib/pkgconfig/camera.pc'
[134.521s] Level 1:colcon.colcon_core.environment:checking '/home/fu941/TDK_ros/install/camera/lib/python3.10/site-packages'
[134.525s] Level 1:colcon.colcon_core.environment:checking '/home/fu941/TDK_ros/install/camera/bin'
[134.528s] INFO:colcon.colcon_core.shell:Creating package script '/home/fu941/TDK_ros/install/camera/share/camera/package.ps1'
[134.533s] INFO:colcon.colcon_core.shell:Creating package descriptor '/home/fu941/TDK_ros/install/camera/share/camera/package.dsv'
[134.538s] INFO:colcon.colcon_core.shell:Creating package script '/home/fu941/TDK_ros/install/camera/share/camera/package.sh'
[134.543s] INFO:colcon.colcon_core.shell:Creating package script '/home/fu941/TDK_ros/install/camera/share/camera/package.bash'
[134.548s] INFO:colcon.colcon_core.shell:Creating package script '/home/fu941/TDK_ros/install/camera/share/camera/package.zsh'
[134.552s] Level 1:colcon.colcon_core.environment:create_file_with_runtime_dependencies(/home/fu941/TDK_ros/install/camera/share/colcon-core/packages/camera)
[134.558s] Level 1:colcon.colcon_core.environment:create_environment_scripts_only(camera)
[134.560s] Level 1:colcon.colcon_core.environment:checking '/home/fu941/TDK_ros/install/camera' for CMake module files
[134.568s] Level 1:colcon.colcon_core.environment:checking '/home/fu941/TDK_ros/install/camera' for CMake config files
[134.571s] Level 1:colcon.colcon_core.shell:create_environment_hook('camera', 'cmake_prefix_path')
[134.574s] INFO:colcon.colcon_core.shell:Creating environment hook '/home/fu941/TDK_ros/install/camera/share/camera/hook/cmake_prefix_path.ps1'
[134.578s] INFO:colcon.colcon_core.shell:Creating environment descriptor '/home/fu941/TDK_ros/install/camera/share/camera/hook/cmake_prefix_path.dsv'
[134.583s] INFO:colcon.colcon_core.shell:Creating environment hook '/home/fu941/TDK_ros/install/camera/share/camera/hook/cmake_prefix_path.sh'
[134.589s] Level 1:colcon.colcon_core.environment:checking '/home/fu941/TDK_ros/install/camera/lib'
[134.590s] Level 1:colcon.colcon_core.environment:checking '/home/fu941/TDK_ros/install/camera/bin'
[134.591s] Level 1:colcon.colcon_core.environment:checking '/home/fu941/TDK_ros/install/camera/lib/pkgconfig/camera.pc'
[134.593s] Level 1:colcon.colcon_core.environment:checking '/home/fu941/TDK_ros/install/camera/lib/python3.10/site-packages'
[134.595s] Level 1:colcon.colcon_core.environment:checking '/home/fu941/TDK_ros/install/camera/bin'
[134.598s] INFO:colcon.colcon_core.shell:Creating package script '/home/fu941/TDK_ros/install/camera/share/camera/package.ps1'
[134.603s] INFO:colcon.colcon_core.shell:Creating package descriptor '/home/fu941/TDK_ros/install/camera/share/camera/package.dsv'
[134.609s] INFO:colcon.colcon_core.shell:Creating package script '/home/fu941/TDK_ros/install/camera/share/camera/package.sh'
[134.614s] INFO:colcon.colcon_core.shell:Creating package script '/home/fu941/TDK_ros/install/camera/share/camera/package.bash'
[134.620s] INFO:colcon.colcon_core.shell:Creating package script '/home/fu941/TDK_ros/install/camera/share/camera/package.zsh'
[134.626s] Level 1:colcon.colcon_core.environment:create_file_with_runtime_dependencies(/home/fu941/TDK_ros/install/camera/share/colcon-core/packages/camera)
[134.630s] INFO:colcon.colcon_ros.task.ament_python.build:Building ROS package in '/home/fu941/TDK_ros/src/SerialTest' with build type 'ament_python'
[134.631s] Level 1:colcon.colcon_core.shell:create_environment_hook('SerialTest', 'ament_prefix_path')
[134.634s] INFO:colcon.colcon_core.shell:Creating environment hook '/home/fu941/TDK_ros/install/SerialTest/share/SerialTest/hook/ament_prefix_path.ps1'
[134.640s] INFO:colcon.colcon_core.shell:Creating environment descriptor '/home/fu941/TDK_ros/install/SerialTest/share/SerialTest/hook/ament_prefix_path.dsv'
[134.647s] INFO:colcon.colcon_core.shell:Creating environment hook '/home/fu941/TDK_ros/install/SerialTest/share/SerialTest/hook/ament_prefix_path.sh'
[134.654s] INFO:colcon.colcon_core.shell:Skip shell extension 'powershell' for command environment: Not usable outside of PowerShell
[134.654s] DEBUG:colcon.colcon_core.shell:Skip shell extension 'dsv' for command environment
[137.598s] INFO:colcon.colcon_core.task.python.build:Building Python package in '/home/fu941/TDK_ros/src/SerialTest'
[137.600s] INFO:colcon.colcon_core.shell:Skip shell extension 'powershell' for command environment: Not usable outside of PowerShell
[137.601s] DEBUG:colcon.colcon_core.shell:Skip shell extension 'dsv' for command environment
[141.369s] DEBUG:colcon.colcon_core.event_handler.log_command:Invoking command in '/home/fu941/TDK_ros/src/SerialTest': AMENT_PREFIX_PATH=/home/fu941/TDK_ros/install/camera:/home/fu941/TDK_ros/install/mainspace:${AMENT_PREFIX_PATH} CMAKE_PREFIX_PATH=/home/fu941/TDK_ros/install/camera:/home/fu941/TDK_ros/install/mainspace LD_LIBRARY_PATH=/home/fu941/TDK_ros/install/mainspace/lib:${LD_LIBRARY_PATH} PYTHONPATH=/home/fu941/TDK_ros/build/SerialTest/prefix_override:/usr/lib/python3/dist-packages/colcon_core/task/python/colcon_distutils_commands:/home/fu941/TDK_ros/install/SerialTest/lib/python3.10/site-packages:/home/fu941/TDK_ros/install/mainspace/local/lib/python3.10/dist-packages:${PYTHONPATH} /usr/bin/python3 -W ignore:setup.py install is deprecated -W ignore:easy_install command is deprecated setup.py egg_info --egg-base ../../build/SerialTest build --build-base /home/fu941/TDK_ros/build/SerialTest/build install --record /home/fu941/TDK_ros/build/SerialTest/install.log --single-version-externally-managed install_data
[144.760s] Level 1:colcon.colcon_core.environment:checking '/home/fu941/TDK_ros/install/SerialTest' for CMake module files
[144.765s] DEBUG:colcon.colcon_core.event_handler.log_command:Invoked command in '/home/fu941/TDK_ros/src/SerialTest' returned '0': AMENT_PREFIX_PATH=/home/fu941/TDK_ros/install/camera:/home/fu941/TDK_ros/install/mainspace:${AMENT_PREFIX_PATH} CMAKE_PREFIX_PATH=/home/fu941/TDK_ros/install/camera:/home/fu941/TDK_ros/install/mainspace LD_LIBRARY_PATH=/home/fu941/TDK_ros/install/mainspace/lib:${LD_LIBRARY_PATH} PYTHONPATH=/home/fu941/TDK_ros/build/SerialTest/prefix_override:/usr/lib/python3/dist-packages/colcon_core/task/python/colcon_distutils_commands:/home/fu941/TDK_ros/install/SerialTest/lib/python3.10/site-packages:/home/fu941/TDK_ros/install/mainspace/local/lib/python3.10/dist-packages:${PYTHONPATH} /usr/bin/python3 -W ignore:setup.py install is deprecated -W ignore:easy_install command is deprecated setup.py egg_info --egg-base ../../build/SerialTest build --build-base /home/fu941/TDK_ros/build/SerialTest/build install --record /home/fu941/TDK_ros/build/SerialTest/install.log --single-version-externally-managed install_data
[144.770s] Level 1:colcon.colcon_core.environment:checking '/home/fu941/TDK_ros/install/SerialTest' for CMake config files
[144.779s] Level 1:colcon.colcon_core.environment:checking '/home/fu941/TDK_ros/install/SerialTest/lib'
[144.780s] Level 1:colcon.colcon_core.environment:checking '/home/fu941/TDK_ros/install/SerialTest/bin'
[144.781s] Level 1:colcon.colcon_core.environment:checking '/home/fu941/TDK_ros/install/SerialTest/lib/pkgconfig/SerialTest.pc'
[144.784s] Level 1:colcon.colcon_core.environment:checking '/home/fu941/TDK_ros/install/SerialTest/lib/python3.10/site-packages'
[144.784s] Level 1:colcon.colcon_core.shell:create_environment_hook('SerialTest', 'pythonpath')
[144.787s] INFO:colcon.colcon_core.shell:Creating environment hook '/home/fu941/TDK_ros/install/SerialTest/share/SerialTest/hook/pythonpath.ps1'
[144.792s] INFO:colcon.colcon_core.shell:Creating environment descriptor '/home/fu941/TDK_ros/install/SerialTest/share/SerialTest/hook/pythonpath.dsv'
[144.796s] INFO:colcon.colcon_core.shell:Creating environment hook '/home/fu941/TDK_ros/install/SerialTest/share/SerialTest/hook/pythonpath.sh'
[144.803s] Level 1:colcon.colcon_core.environment:checking '/home/fu941/TDK_ros/install/SerialTest/bin'
[144.804s] Level 1:colcon.colcon_core.environment:create_environment_scripts_only(SerialTest)
[144.808s] INFO:colcon.colcon_core.shell:Creating package script '/home/fu941/TDK_ros/install/SerialTest/share/SerialTest/package.ps1'
[144.813s] INFO:colcon.colcon_core.shell:Creating package descriptor '/home/fu941/TDK_ros/install/SerialTest/share/SerialTest/package.dsv'
[144.819s] INFO:colcon.colcon_core.shell:Creating package script '/home/fu941/TDK_ros/install/SerialTest/share/SerialTest/package.sh'
[144.825s] INFO:colcon.colcon_core.shell:Creating package script '/home/fu941/TDK_ros/install/SerialTest/share/SerialTest/package.bash'
[144.829s] INFO:colcon.colcon_core.shell:Creating package script '/home/fu941/TDK_ros/install/SerialTest/share/SerialTest/package.zsh'
[144.833s] Level 1:colcon.colcon_core.environment:create_file_with_runtime_dependencies(/home/fu941/TDK_ros/install/SerialTest/share/colcon-core/packages/SerialTest)
[144.836s] DEBUG:colcon.colcon_parallel_executor.executor.parallel:closing loop
[144.840s] DEBUG:colcon.colcon_parallel_executor.executor.parallel:loop closed
[144.840s] DEBUG:colcon.colcon_parallel_executor.executor.parallel:run_until_complete finished with '0'
[144.841s] DEBUG:colcon.colcon_core.event_reactor:joining thread
[144.889s] INFO:colcon.colcon_core.plugin_system:Skipping extension 'colcon_notification.desktop_notification.notify_send': Could not find 'notify-send'
[144.891s] INFO:colcon.colcon_core.plugin_system:Skipping extension 'colcon_notification.desktop_notification.terminal_notifier': Not used on non-Darwin systems
[144.891s] INFO:colcon.colcon_core.plugin_system:Skipping extension 'colcon_notification.desktop_notification.win32': Not used on non-Windows systems
[144.892s] INFO:colcon.colcon_notification.desktop_notification:Sending desktop notification using 'notify2'
[144.899s] DEBUG:colcon.colcon_notification.desktop_notification.notify2:Failed to initialize notify2: org.freedesktop.DBus.Error.ServiceUnknown: The name org.freedesktop.Notifications was not provided by any .service files
[144.899s] DEBUG:colcon.colcon_core.event_reactor:joined thread
[144.902s] INFO:colcon.colcon_core.shell:Creating prefix script '/home/fu941/TDK_ros/install/local_setup.ps1'
[144.912s] INFO:colcon.colcon_core.shell:Creating prefix util module '/home/fu941/TDK_ros/install/_local_setup_util_ps1.py'
[144.928s] INFO:colcon.colcon_core.shell:Creating prefix chain script '/home/fu941/TDK_ros/install/setup.ps1'
[144.938s] INFO:colcon.colcon_core.shell:Creating prefix script '/home/fu941/TDK_ros/install/local_setup.sh'
[144.945s] INFO:colcon.colcon_core.shell:Creating prefix util module '/home/fu941/TDK_ros/install/_local_setup_util_sh.py'
[144.952s] INFO:colcon.colcon_core.shell:Creating prefix chain script '/home/fu941/TDK_ros/install/setup.sh'
[144.962s] INFO:colcon.colcon_core.shell:Creating prefix script '/home/fu941/TDK_ros/install/local_setup.bash'
[144.968s] INFO:colcon.colcon_core.shell:Creating prefix chain script '/home/fu941/TDK_ros/install/setup.bash'
[144.978s] INFO:colcon.colcon_core.shell:Creating prefix script '/home/fu941/TDK_ros/install/local_setup.zsh'
[144.984s] INFO:colcon.colcon_core.shell:Creating prefix chain script '/home/fu941/TDK_ros/install/setup.zsh'
