[0.138s] Invoking command in '/home/fu941/TDK_ros/build/camera': CMAKE_PREFIX_PATH=/home/fu941/TDK_ros/install/mainspace:/home/fu941/TDK_ros/install/camera:/home/fu941/TDK_ros/install/SerialTest:/opt/ros/humble /usr/bin/cmake --build /home/fu941/TDK_ros/build/camera -- -j4 -l4
[0.704s] [35m[1mConsolidate compiler generated dependencies of target cameraDesk2_test[0m
[0.928s] [ 25%] Built target cameraDesk2
[0.932s] [ 50%] Built target cameraStage3
[0.960s] [ 75%] Built target cameraCoffee2
[1.085s] [100%] Built target cameraDesk2_test
[1.187s] Invoked command in '/home/fu941/TDK_ros/build/camera' returned '0': CMAKE_PREFIX_PATH=/home/fu941/TDK_ros/install/mainspace:/home/fu941/TDK_ros/install/camera:/home/fu941/TDK_ros/install/SerialTest:/opt/ros/humble /usr/bin/cmake --build /home/fu941/TDK_ros/build/camera -- -j4 -l4
[1.210s] Invoking command in '/home/fu941/TDK_ros/build/camera': CMAKE_PREFIX_PATH=/home/fu941/TDK_ros/install/mainspace:/home/fu941/TDK_ros/install/camera:/home/fu941/TDK_ros/install/SerialTest:/opt/ros/humble /usr/bin/cmake --install /home/fu941/TDK_ros/build/camera
[1.281s] -- Install configuration: ""
[1.283s] -- Up-to-date: /home/fu941/TDK_ros/install/camera/include/
[1.284s] -- Up-to-date: /home/fu941/TDK_ros/install/camera/include//camera
[1.285s] -- Up-to-date: /home/fu941/TDK_ros/install/camera/include//camera/cameraBackground.hpp
[1.288s] -- Up-to-date: /home/fu941/TDK_ros/install/camera/lib/camera/cameraCoffee2
[1.294s] -- Up-to-date: /home/fu941/TDK_ros/install/camera/lib/camera/cameraDesk2
[1.301s] -- Up-to-date: /home/fu941/TDK_ros/install/camera/lib/camera/cameraDesk2_test
[1.307s] -- Up-to-date: /home/fu941/TDK_ros/install/camera/lib/camera/cameraStage3
[1.311s] -- Up-to-date: /home/fu941/TDK_ros/install/camera/share/ament_index/resource_index/package_run_dependencies/camera
[1.314s] -- Up-to-date: /home/fu941/TDK_ros/install/camera/share/ament_index/resource_index/parent_prefix_path/camera
[1.315s] -- Up-to-date: /home/fu941/TDK_ros/install/camera/share/camera/environment/ament_prefix_path.sh
[1.317s] -- Up-to-date: /home/fu941/TDK_ros/install/camera/share/camera/environment/ament_prefix_path.dsv
[1.319s] -- Up-to-date: /home/fu941/TDK_ros/install/camera/share/camera/environment/path.sh
[1.320s] -- Up-to-date: /home/fu941/TDK_ros/install/camera/share/camera/environment/path.dsv
[1.321s] -- Up-to-date: /home/fu941/TDK_ros/install/camera/share/camera/local_setup.bash
[1.322s] -- Up-to-date: /home/fu941/TDK_ros/install/camera/share/camera/local_setup.sh
[1.323s] -- Up-to-date: /home/fu941/TDK_ros/install/camera/share/camera/local_setup.zsh
[1.324s] -- Up-to-date: /home/fu941/TDK_ros/install/camera/share/camera/local_setup.dsv
[1.325s] -- Installing: /home/fu941/TDK_ros/install/camera/share/camera/package.dsv
[1.326s] -- Up-to-date: /home/fu941/TDK_ros/install/camera/share/ament_index/resource_index/packages/camera
[1.327s] -- Up-to-date: /home/fu941/TDK_ros/install/camera/share/camera/cmake/cameraConfig.cmake
[1.328s] -- Up-to-date: /home/fu941/TDK_ros/install/camera/share/camera/cmake/cameraConfig-version.cmake
[1.329s] -- Up-to-date: /home/fu941/TDK_ros/install/camera/share/camera/package.xml
[1.345s] Invoked command in '/home/fu941/TDK_ros/build/camera' returned '0': CMAKE_PREFIX_PATH=/home/fu941/TDK_ros/install/mainspace:/home/fu941/TDK_ros/install/camera:/home/fu941/TDK_ros/install/SerialTest:/opt/ros/humble /usr/bin/cmake --install /home/fu941/TDK_ros/build/camera
