[0.125s] Invoking command in '/home/fu941/TDK_ros/build/mainspace': CMAKE_PREFIX_PATH=${CMAKE_PREFIX_PATH}:/home/fu941/TDK_ros/install/SerialTest:/opt/ros/humble /usr/bin/cmake --build /home/fu941/TDK_ros/build/mainspace -- -j4 -l4
[0.550s] [  1%] Built target mainspace__cpp
[0.723s] [ 10%] Built target mainspace__rosidl_generator_c
[0.841s] [ 10%] Built target ament_cmake_python_copy_mainspace
[1.187s] [ 20%] Built target mainspace__rosidl_typesupport_fastrtps_cpp
[1.200s] [ 30%] Built target mainspace__rosidl_typesupport_cpp
[1.315s] [ 49%] Built target mainspace__rosidl_typesupport_introspection_cpp
[1.328s] [ 50%] Built target mainspace__rosidl_typesupport_fastrtps_c
[1.649s] [ 62%] Built target mainspace__rosidl_typesupport_introspection_c
[1.660s] [ 70%] Built target mainspace__rosidl_typesupport_c
[1.663s] [35m[1mConsolidate compiler generated dependencies of target navigator_lib[0m
[1.991s] [ 70%] Built target mainspace
[2.132s] [ 72%] Built target navigator_lib
[2.514s] [ 73%] Built target mainspace__py
[2.649s] [ 75%] Built target navigator_main
[2.717s] [ 78%] Built target Stage2
[3.091s] [ 80%] Built target Stage3
[3.255s] [ 82%] Built target Stage4
[3.297s] [ 84%] Built target StageManager
[3.508s] [ 93%] Built target mainspace__rosidl_generator_py
[3.876s] [ 95%] Built target mainspace__rosidl_typesupport_c__pyext
[3.888s] [ 97%] Built target mainspace__rosidl_typesupport_fastrtps_c__pyext
[3.942s] [100%] Built target mainspace__rosidl_typesupport_introspection_c__pyext
[5.334s] running egg_info
[5.341s] writing mainspace.egg-info/PKG-INFO
[5.345s] writing dependency_links to mainspace.egg-info/dependency_links.txt
[5.347s] writing top-level names to mainspace.egg-info/top_level.txt
[5.375s] reading manifest file 'mainspace.egg-info/SOURCES.txt'
[5.385s] writing manifest file 'mainspace.egg-info/SOURCES.txt'
[5.677s] [100%] Built target ament_cmake_python_build_mainspace_egg
[5.830s] Invoked command in '/home/fu941/TDK_ros/build/mainspace' returned '0': CMAKE_PREFIX_PATH=${CMAKE_PREFIX_PATH}:/home/fu941/TDK_ros/install/SerialTest:/opt/ros/humble /usr/bin/cmake --build /home/fu941/TDK_ros/build/mainspace -- -j4 -l4
[5.929s] Invoking command in '/home/fu941/TDK_ros/build/mainspace': CMAKE_PREFIX_PATH=${CMAKE_PREFIX_PATH}:/home/fu941/TDK_ros/install/SerialTest:/opt/ros/humble /usr/bin/cmake --install /home/fu941/TDK_ros/build/mainspace
[6.018s] -- Install configuration: ""
[6.020s] -- Up-to-date: /home/fu941/TDK_ros/install/mainspace/share/ament_index/resource_index/rosidl_interfaces/mainspace
[6.022s] -- Up-to-date: /home/fu941/TDK_ros/install/mainspace/include/mainspace/mainspace
[6.025s] -- Up-to-date: /home/fu941/TDK_ros/install/mainspace/include/mainspace/mainspace/msg
[6.028s] -- Up-to-date: /home/fu941/TDK_ros/install/mainspace/include/mainspace/mainspace/msg/position.h
[6.030s] -- Up-to-date: /home/fu941/TDK_ros/install/mainspace/include/mainspace/mainspace/msg/encoder_speed.h
[6.033s] -- Up-to-date: /home/fu941/TDK_ros/install/mainspace/include/mainspace/mainspace/msg/command.h
[6.036s] -- Up-to-date: /home/fu941/TDK_ros/install/mainspace/include/mainspace/mainspace/msg/pause.h
[6.040s] -- Up-to-date: /home/fu941/TDK_ros/install/mainspace/include/mainspace/mainspace/msg/desk.h
[6.042s] -- Up-to-date: /home/fu941/TDK_ros/install/mainspace/include/mainspace/mainspace/msg/csv_file.h
[6.045s] -- Up-to-date: /home/fu941/TDK_ros/install/mainspace/include/mainspace/mainspace/msg/to_stm_speed.h
[6.050s] -- Up-to-date: /home/fu941/TDK_ros/install/mainspace/include/mainspace/mainspace/msg/rosidl_generator_c__visibility_control.h
[6.052s] -- Up-to-date: /home/fu941/TDK_ros/install/mainspace/include/mainspace/mainspace/msg/detail
[6.055s] -- Up-to-date: /home/fu941/TDK_ros/install/mainspace/include/mainspace/mainspace/msg/detail/desk__functions.c
[6.058s] -- Up-to-date: /home/fu941/TDK_ros/install/mainspace/include/mainspace/mainspace/msg/detail/coffee__functions.c
[6.059s] -- Up-to-date: /home/fu941/TDK_ros/install/mainspace/include/mainspace/mainspace/msg/detail/to_stm_speed__functions.h
[6.060s] -- Up-to-date: /home/fu941/TDK_ros/install/mainspace/include/mainspace/mainspace/msg/detail/pause__functions.h
[6.062s] -- Up-to-date: /home/fu941/TDK_ros/install/mainspace/include/mainspace/mainspace/msg/detail/command__functions.c
[6.063s] -- Up-to-date: /home/fu941/TDK_ros/install/mainspace/include/mainspace/mainspace/msg/detail/position__functions.h
[6.073s] -- Up-to-date: /home/fu941/TDK_ros/install/mainspace/include/mainspace/mainspace/msg/detail/desk__type_support.h
[6.075s] -- Up-to-date: /home/fu941/TDK_ros/install/mainspace/include/mainspace/mainspace/msg/detail/to_stm_speed__type_support.h
[6.078s] -- Up-to-date: /home/fu941/TDK_ros/install/mainspace/include/mainspace/mainspace/msg/detail/desk__functions.h
[6.081s] -- Up-to-date: /home/fu941/TDK_ros/install/mainspace/include/mainspace/mainspace/msg/detail/coffee__type_support.h
[6.083s] -- Up-to-date: /home/fu941/TDK_ros/install/mainspace/include/mainspace/mainspace/msg/detail/position__struct.h
[6.084s] -- Up-to-date: /home/fu941/TDK_ros/install/mainspace/include/mainspace/mainspace/msg/detail/pause__functions.c
[6.087s] -- Up-to-date: /home/fu941/TDK_ros/install/mainspace/include/mainspace/mainspace/msg/detail/position__functions.c
[6.089s] -- Up-to-date: /home/fu941/TDK_ros/install/mainspace/include/mainspace/mainspace/msg/detail/coffee__struct.h
[6.092s] -- Up-to-date: /home/fu941/TDK_ros/install/mainspace/include/mainspace/mainspace/msg/detail/csv_file__type_support.h
[6.093s] -- Up-to-date: /home/fu941/TDK_ros/install/mainspace/include/mainspace/mainspace/msg/detail/position__type_support.h
[6.096s] -- Up-to-date: /home/fu941/TDK_ros/install/mainspace/include/mainspace/mainspace/msg/detail/command__struct.h
[6.102s] -- Up-to-date: /home/fu941/TDK_ros/install/mainspace/include/mainspace/mainspace/msg/detail/csv_file__functions.h
[6.110s] -- Up-to-date: /home/fu941/TDK_ros/install/mainspace/include/mainspace/mainspace/msg/detail/command__type_support.h
[6.112s] -- Up-to-date: /home/fu941/TDK_ros/install/mainspace/include/mainspace/mainspace/msg/detail/command__functions.h
[6.114s] -- Up-to-date: /home/fu941/TDK_ros/install/mainspace/include/mainspace/mainspace/msg/detail/encoder_speed__struct.h
[6.118s] -- Up-to-date: /home/fu941/TDK_ros/install/mainspace/include/mainspace/mainspace/msg/detail/encoder_speed__functions.c
[6.122s] -- Up-to-date: /home/fu941/TDK_ros/install/mainspace/include/mainspace/mainspace/msg/detail/desk__struct.h
[6.125s] -- Up-to-date: /home/fu941/TDK_ros/install/mainspace/include/mainspace/mainspace/msg/detail/encoder_speed__functions.h
[6.127s] -- Up-to-date: /home/fu941/TDK_ros/install/mainspace/include/mainspace/mainspace/msg/detail/encoder_speed__type_support.h
[6.129s] -- Up-to-date: /home/fu941/TDK_ros/install/mainspace/include/mainspace/mainspace/msg/detail/coffee__functions.h
[6.131s] -- Up-to-date: /home/fu941/TDK_ros/install/mainspace/include/mainspace/mainspace/msg/detail/pause__struct.h
[6.133s] -- Up-to-date: /home/fu941/TDK_ros/install/mainspace/include/mainspace/mainspace/msg/detail/to_stm_speed__functions.c
[6.134s] -- Up-to-date: /home/fu941/TDK_ros/install/mainspace/include/mainspace/mainspace/msg/detail/csv_file__functions.c
[6.136s] -- Up-to-date: /home/fu941/TDK_ros/install/mainspace/include/mainspace/mainspace/msg/detail/csv_file__struct.h
[6.138s] -- Up-to-date: /home/fu941/TDK_ros/install/mainspace/include/mainspace/mainspace/msg/detail/to_stm_speed__struct.h
[6.159s] -- Up-to-date: /home/fu941/TDK_ros/install/mainspace/include/mainspace/mainspace/msg/detail/pause__type_support.h
[6.160s] -- Up-to-date: /home/fu941/TDK_ros/install/mainspace/include/mainspace/mainspace/msg/coffee.h
[6.162s] -- Up-to-date: /home/fu941/TDK_ros/install/mainspace/share/mainspace/environment/library_path.sh
[6.164s] -- Up-to-date: /home/fu941/TDK_ros/install/mainspace/share/mainspace/environment/library_path.dsv
[6.168s] -- Up-to-date: /home/fu941/TDK_ros/install/mainspace/lib/libmainspace__rosidl_generator_c.so
[6.170s] -- Up-to-date: /home/fu941/TDK_ros/install/mainspace/include/mainspace/mainspace
[6.178s] -- Up-to-date: /home/fu941/TDK_ros/install/mainspace/include/mainspace/mainspace/msg
[6.180s] -- Up-to-date: /home/fu941/TDK_ros/install/mainspace/include/mainspace/mainspace/msg/rosidl_typesupport_fastrtps_c__visibility_control.h
[6.182s] -- Up-to-date: /home/fu941/TDK_ros/install/mainspace/include/mainspace/mainspace/msg/detail
[6.183s] -- Up-to-date: /home/fu941/TDK_ros/install/mainspace/include/mainspace/mainspace/msg/detail/pause__rosidl_typesupport_fastrtps_c.h
[6.185s] -- Up-to-date: /home/fu941/TDK_ros/install/mainspace/include/mainspace/mainspace/msg/detail/csv_file__rosidl_typesupport_fastrtps_c.h
[6.186s] -- Up-to-date: /home/fu941/TDK_ros/install/mainspace/include/mainspace/mainspace/msg/detail/coffee__rosidl_typesupport_fastrtps_c.h
[6.193s] -- Up-to-date: /home/fu941/TDK_ros/install/mainspace/include/mainspace/mainspace/msg/detail/encoder_speed__rosidl_typesupport_fastrtps_c.h
[6.203s] -- Up-to-date: /home/fu941/TDK_ros/install/mainspace/include/mainspace/mainspace/msg/detail/desk__rosidl_typesupport_fastrtps_c.h
[6.209s] -- Up-to-date: /home/fu941/TDK_ros/install/mainspace/include/mainspace/mainspace/msg/detail/command__rosidl_typesupport_fastrtps_c.h
[6.211s] -- Up-to-date: /home/fu941/TDK_ros/install/mainspace/include/mainspace/mainspace/msg/detail/position__rosidl_typesupport_fastrtps_c.h
[6.216s] -- Up-to-date: /home/fu941/TDK_ros/install/mainspace/include/mainspace/mainspace/msg/detail/to_stm_speed__rosidl_typesupport_fastrtps_c.h
[6.217s] -- Up-to-date: /home/fu941/TDK_ros/install/mainspace/lib/libmainspace__rosidl_typesupport_fastrtps_c.so
[6.219s] -- Up-to-date: /home/fu941/TDK_ros/install/mainspace/include/mainspace/mainspace
[6.220s] -- Up-to-date: /home/fu941/TDK_ros/install/mainspace/include/mainspace/mainspace/msg
[6.221s] -- Up-to-date: /home/fu941/TDK_ros/install/mainspace/include/mainspace/mainspace/msg/csv_file.hpp
[6.223s] -- Up-to-date: /home/fu941/TDK_ros/install/mainspace/include/mainspace/mainspace/msg/command.hpp
[6.226s] -- Up-to-date: /home/fu941/TDK_ros/install/mainspace/include/mainspace/mainspace/msg/coffee.hpp
[6.229s] -- Up-to-date: /home/fu941/TDK_ros/install/mainspace/include/mainspace/mainspace/msg/to_stm_speed.hpp
[6.230s] -- Up-to-date: /home/fu941/TDK_ros/install/mainspace/include/mainspace/mainspace/msg/pause.hpp
[6.232s] -- Up-to-date: /home/fu941/TDK_ros/install/mainspace/include/mainspace/mainspace/msg/encoder_speed.hpp
[6.233s] -- Up-to-date: /home/fu941/TDK_ros/install/mainspace/include/mainspace/mainspace/msg/position.hpp
[6.234s] -- Up-to-date: /home/fu941/TDK_ros/install/mainspace/include/mainspace/mainspace/msg/detail
[6.236s] -- Up-to-date: /home/fu941/TDK_ros/install/mainspace/include/mainspace/mainspace/msg/detail/desk__struct.hpp
[6.237s] -- Up-to-date: /home/fu941/TDK_ros/install/mainspace/include/mainspace/mainspace/msg/detail/to_stm_speed__builder.hpp
[6.238s] -- Up-to-date: /home/fu941/TDK_ros/install/mainspace/include/mainspace/mainspace/msg/detail/command__builder.hpp
[6.239s] -- Up-to-date: /home/fu941/TDK_ros/install/mainspace/include/mainspace/mainspace/msg/detail/pause__builder.hpp
[6.240s] -- Up-to-date: /home/fu941/TDK_ros/install/mainspace/include/mainspace/mainspace/msg/detail/csv_file__traits.hpp
[6.241s] -- Up-to-date: /home/fu941/TDK_ros/install/mainspace/include/mainspace/mainspace/msg/detail/desk__type_support.hpp
[6.243s] -- Up-to-date: /home/fu941/TDK_ros/install/mainspace/include/mainspace/mainspace/msg/detail/position__struct.hpp
[6.246s] -- Up-to-date: /home/fu941/TDK_ros/install/mainspace/include/mainspace/mainspace/msg/detail/encoder_speed__builder.hpp
[6.249s] -- Up-to-date: /home/fu941/TDK_ros/install/mainspace/include/mainspace/mainspace/msg/detail/command__struct.hpp
[6.250s] -- Up-to-date: /home/fu941/TDK_ros/install/mainspace/include/mainspace/mainspace/msg/detail/coffee__struct.hpp
[6.252s] -- Up-to-date: /home/fu941/TDK_ros/install/mainspace/include/mainspace/mainspace/msg/detail/position__traits.hpp
[6.255s] -- Up-to-date: /home/fu941/TDK_ros/install/mainspace/include/mainspace/mainspace/msg/detail/csv_file__struct.hpp
[6.257s] -- Up-to-date: /home/fu941/TDK_ros/install/mainspace/include/mainspace/mainspace/msg/detail/coffee__traits.hpp
[6.260s] -- Up-to-date: /home/fu941/TDK_ros/install/mainspace/include/mainspace/mainspace/msg/detail/encoder_speed__traits.hpp
[6.262s] -- Up-to-date: /home/fu941/TDK_ros/install/mainspace/include/mainspace/mainspace/msg/detail/pause__traits.hpp
[6.264s] -- Up-to-date: /home/fu941/TDK_ros/install/mainspace/include/mainspace/mainspace/msg/detail/command__type_support.hpp
[6.266s] -- Up-to-date: /home/fu941/TDK_ros/install/mainspace/include/mainspace/mainspace/msg/detail/command__traits.hpp
[6.267s] -- Up-to-date: /home/fu941/TDK_ros/install/mainspace/include/mainspace/mainspace/msg/detail/pause__type_support.hpp
[6.268s] -- Up-to-date: /home/fu941/TDK_ros/install/mainspace/include/mainspace/mainspace/msg/detail/encoder_speed__struct.hpp
[6.269s] -- Up-to-date: /home/fu941/TDK_ros/install/mainspace/include/mainspace/mainspace/msg/detail/csv_file__type_support.hpp
[6.270s] -- Up-to-date: /home/fu941/TDK_ros/install/mainspace/include/mainspace/mainspace/msg/detail/coffee__builder.hpp
[6.273s] -- Up-to-date: /home/fu941/TDK_ros/install/mainspace/include/mainspace/mainspace/msg/detail/to_stm_speed__struct.hpp
[6.274s] -- Up-to-date: /home/fu941/TDK_ros/install/mainspace/include/mainspace/mainspace/msg/detail/coffee__type_support.hpp
[6.275s] -- Up-to-date: /home/fu941/TDK_ros/install/mainspace/include/mainspace/mainspace/msg/detail/position__builder.hpp
[6.276s] -- Up-to-date: /home/fu941/TDK_ros/install/mainspace/include/mainspace/mainspace/msg/detail/pause__struct.hpp
[6.277s] -- Up-to-date: /home/fu941/TDK_ros/install/mainspace/include/mainspace/mainspace/msg/detail/position__type_support.hpp
[6.278s] -- Up-to-date: /home/fu941/TDK_ros/install/mainspace/include/mainspace/mainspace/msg/detail/desk__builder.hpp
[6.280s] -- Up-to-date: /home/fu941/TDK_ros/install/mainspace/include/mainspace/mainspace/msg/detail/encoder_speed__type_support.hpp
[6.281s] -- Up-to-date: /home/fu941/TDK_ros/install/mainspace/include/mainspace/mainspace/msg/detail/to_stm_speed__traits.hpp
[6.282s] -- Up-to-date: /home/fu941/TDK_ros/install/mainspace/include/mainspace/mainspace/msg/detail/to_stm_speed__type_support.hpp
[6.283s] -- Up-to-date: /home/fu941/TDK_ros/install/mainspace/include/mainspace/mainspace/msg/detail/desk__traits.hpp
[6.285s] -- Up-to-date: /home/fu941/TDK_ros/install/mainspace/include/mainspace/mainspace/msg/detail/csv_file__builder.hpp
[6.286s] -- Up-to-date: /home/fu941/TDK_ros/install/mainspace/include/mainspace/mainspace/msg/rosidl_generator_cpp__visibility_control.hpp
[6.288s] -- Up-to-date: /home/fu941/TDK_ros/install/mainspace/include/mainspace/mainspace/msg/desk.hpp
[6.289s] -- Up-to-date: /home/fu941/TDK_ros/install/mainspace/include/mainspace/mainspace
[6.290s] -- Up-to-date: /home/fu941/TDK_ros/install/mainspace/include/mainspace/mainspace/msg
[6.291s] -- Up-to-date: /home/fu941/TDK_ros/install/mainspace/include/mainspace/mainspace/msg/rosidl_typesupport_fastrtps_cpp__visibility_control.h
[6.292s] -- Up-to-date: /home/fu941/TDK_ros/install/mainspace/include/mainspace/mainspace/msg/detail
[6.293s] -- Up-to-date: /home/fu941/TDK_ros/install/mainspace/include/mainspace/mainspace/msg/detail/csv_file__rosidl_typesupport_fastrtps_cpp.hpp
[6.295s] -- Up-to-date: /home/fu941/TDK_ros/install/mainspace/include/mainspace/mainspace/msg/detail/position__rosidl_typesupport_fastrtps_cpp.hpp
[6.296s] -- Up-to-date: /home/fu941/TDK_ros/install/mainspace/include/mainspace/mainspace/msg/detail/dds_fastrtps
[6.297s] -- Up-to-date: /home/fu941/TDK_ros/install/mainspace/include/mainspace/mainspace/msg/detail/desk__rosidl_typesupport_fastrtps_cpp.hpp
[6.298s] -- Up-to-date: /home/fu941/TDK_ros/install/mainspace/include/mainspace/mainspace/msg/detail/pause__rosidl_typesupport_fastrtps_cpp.hpp
[6.300s] -- Up-to-date: /home/fu941/TDK_ros/install/mainspace/include/mainspace/mainspace/msg/detail/to_stm_speed__rosidl_typesupport_fastrtps_cpp.hpp
[6.301s] -- Up-to-date: /home/fu941/TDK_ros/install/mainspace/include/mainspace/mainspace/msg/detail/command__rosidl_typesupport_fastrtps_cpp.hpp
[6.302s] -- Up-to-date: /home/fu941/TDK_ros/install/mainspace/include/mainspace/mainspace/msg/detail/coffee__rosidl_typesupport_fastrtps_cpp.hpp
[6.303s] -- Up-to-date: /home/fu941/TDK_ros/install/mainspace/include/mainspace/mainspace/msg/detail/encoder_speed__rosidl_typesupport_fastrtps_cpp.hpp
[6.307s] -- Up-to-date: /home/fu941/TDK_ros/install/mainspace/lib/libmainspace__rosidl_typesupport_fastrtps_cpp.so
[6.308s] -- Up-to-date: /home/fu941/TDK_ros/install/mainspace/include/mainspace/mainspace
[6.309s] -- Up-to-date: /home/fu941/TDK_ros/install/mainspace/include/mainspace/mainspace/msg
[6.314s] -- Up-to-date: /home/fu941/TDK_ros/install/mainspace/include/mainspace/mainspace/msg/detail
[6.316s] -- Up-to-date: /home/fu941/TDK_ros/install/mainspace/include/mainspace/mainspace/msg/detail/csv_file__rosidl_typesupport_introspection_c.h
[6.317s] -- Up-to-date: /home/fu941/TDK_ros/install/mainspace/include/mainspace/mainspace/msg/detail/position__type_support.c
[6.318s] -- Up-to-date: /home/fu941/TDK_ros/install/mainspace/include/mainspace/mainspace/msg/detail/command__rosidl_typesupport_introspection_c.h
[6.319s] -- Up-to-date: /home/fu941/TDK_ros/install/mainspace/include/mainspace/mainspace/msg/detail/pause__type_support.c
[6.320s] -- Up-to-date: /home/fu941/TDK_ros/install/mainspace/include/mainspace/mainspace/msg/detail/position__rosidl_typesupport_introspection_c.h
[6.321s] -- Up-to-date: /home/fu941/TDK_ros/install/mainspace/include/mainspace/mainspace/msg/detail/pause__rosidl_typesupport_introspection_c.h
[6.323s] -- Up-to-date: /home/fu941/TDK_ros/install/mainspace/include/mainspace/mainspace/msg/detail/to_stm_speed__type_support.c
[6.324s] -- Up-to-date: /home/fu941/TDK_ros/install/mainspace/include/mainspace/mainspace/msg/detail/coffee__type_support.c
[6.327s] -- Up-to-date: /home/fu941/TDK_ros/install/mainspace/include/mainspace/mainspace/msg/detail/desk__type_support.c
[6.328s] -- Up-to-date: /home/fu941/TDK_ros/install/mainspace/include/mainspace/mainspace/msg/detail/to_stm_speed__rosidl_typesupport_introspection_c.h
[6.330s] -- Up-to-date: /home/fu941/TDK_ros/install/mainspace/include/mainspace/mainspace/msg/detail/coffee__rosidl_typesupport_introspection_c.h
[6.340s] -- Up-to-date: /home/fu941/TDK_ros/install/mainspace/include/mainspace/mainspace/msg/detail/command__type_support.c
[6.341s] -- Up-to-date: /home/fu941/TDK_ros/install/mainspace/include/mainspace/mainspace/msg/detail/desk__rosidl_typesupport_introspection_c.h
[6.342s] -- Up-to-date: /home/fu941/TDK_ros/install/mainspace/include/mainspace/mainspace/msg/detail/csv_file__type_support.c
[6.343s] -- Up-to-date: /home/fu941/TDK_ros/install/mainspace/include/mainspace/mainspace/msg/detail/encoder_speed__rosidl_typesupport_introspection_c.h
[6.344s] -- Up-to-date: /home/fu941/TDK_ros/install/mainspace/include/mainspace/mainspace/msg/detail/encoder_speed__type_support.c
[6.346s] -- Up-to-date: /home/fu941/TDK_ros/install/mainspace/include/mainspace/mainspace/msg/rosidl_typesupport_introspection_c__visibility_control.h
[6.347s] -- Up-to-date: /home/fu941/TDK_ros/install/mainspace/lib/libmainspace__rosidl_typesupport_introspection_c.so
[6.349s] -- Up-to-date: /home/fu941/TDK_ros/install/mainspace/lib/libmainspace__rosidl_typesupport_c.so
[6.350s] -- Up-to-date: /home/fu941/TDK_ros/install/mainspace/include/mainspace/mainspace
[6.351s] -- Up-to-date: /home/fu941/TDK_ros/install/mainspace/include/mainspace/mainspace/msg
[6.353s] -- Up-to-date: /home/fu941/TDK_ros/install/mainspace/include/mainspace/mainspace/msg/detail
[6.354s] -- Up-to-date: /home/fu941/TDK_ros/install/mainspace/include/mainspace/mainspace/msg/detail/encoder_speed__type_support.cpp
[6.355s] -- Up-to-date: /home/fu941/TDK_ros/install/mainspace/include/mainspace/mainspace/msg/detail/to_stm_speed__type_support.cpp
[6.356s] -- Up-to-date: /home/fu941/TDK_ros/install/mainspace/include/mainspace/mainspace/msg/detail/csv_file__rosidl_typesupport_introspection_cpp.hpp
[6.358s] -- Up-to-date: /home/fu941/TDK_ros/install/mainspace/include/mainspace/mainspace/msg/detail/pause__type_support.cpp
[6.359s] -- Up-to-date: /home/fu941/TDK_ros/install/mainspace/include/mainspace/mainspace/msg/detail/position__rosidl_typesupport_introspection_cpp.hpp
[6.360s] -- Up-to-date: /home/fu941/TDK_ros/install/mainspace/include/mainspace/mainspace/msg/detail/command__rosidl_typesupport_introspection_cpp.hpp
[6.362s] -- Up-to-date: /home/fu941/TDK_ros/install/mainspace/include/mainspace/mainspace/msg/detail/coffee__type_support.cpp
[6.363s] -- Up-to-date: /home/fu941/TDK_ros/install/mainspace/include/mainspace/mainspace/msg/detail/pause__rosidl_typesupport_introspection_cpp.hpp
[6.364s] -- Up-to-date: /home/fu941/TDK_ros/install/mainspace/include/mainspace/mainspace/msg/detail/desk__type_support.cpp
[6.365s] -- Up-to-date: /home/fu941/TDK_ros/install/mainspace/include/mainspace/mainspace/msg/detail/to_stm_speed__rosidl_typesupport_introspection_cpp.hpp
[6.366s] -- Up-to-date: /home/fu941/TDK_ros/install/mainspace/include/mainspace/mainspace/msg/detail/coffee__rosidl_typesupport_introspection_cpp.hpp
[6.368s] -- Up-to-date: /home/fu941/TDK_ros/install/mainspace/include/mainspace/mainspace/msg/detail/encoder_speed__rosidl_typesupport_introspection_cpp.hpp
[6.371s] -- Up-to-date: /home/fu941/TDK_ros/install/mainspace/include/mainspace/mainspace/msg/detail/csv_file__type_support.cpp
[6.372s] -- Up-to-date: /home/fu941/TDK_ros/install/mainspace/include/mainspace/mainspace/msg/detail/position__type_support.cpp
[6.373s] -- Up-to-date: /home/fu941/TDK_ros/install/mainspace/include/mainspace/mainspace/msg/detail/command__type_support.cpp
[6.374s] -- Up-to-date: /home/fu941/TDK_ros/install/mainspace/include/mainspace/mainspace/msg/detail/desk__rosidl_typesupport_introspection_cpp.hpp
[6.376s] -- Up-to-date: /home/fu941/TDK_ros/install/mainspace/lib/libmainspace__rosidl_typesupport_introspection_cpp.so
[6.377s] -- Up-to-date: /home/fu941/TDK_ros/install/mainspace/lib/libmainspace__rosidl_typesupport_cpp.so
[6.378s] -- Up-to-date: /home/fu941/TDK_ros/install/mainspace/share/mainspace/environment/pythonpath.sh
[6.379s] -- Up-to-date: /home/fu941/TDK_ros/install/mainspace/share/mainspace/environment/pythonpath.dsv
[6.381s] -- Up-to-date: /home/fu941/TDK_ros/install/mainspace/local/lib/python3.10/dist-packages/mainspace-0.0.0-py3.10.egg-info
[6.383s] -- Installing: /home/fu941/TDK_ros/install/mainspace/local/lib/python3.10/dist-packages/mainspace-0.0.0-py3.10.egg-info/PKG-INFO
[6.384s] -- Installing: /home/fu941/TDK_ros/install/mainspace/local/lib/python3.10/dist-packages/mainspace-0.0.0-py3.10.egg-info/top_level.txt
[6.386s] -- Installing: /home/fu941/TDK_ros/install/mainspace/local/lib/python3.10/dist-packages/mainspace-0.0.0-py3.10.egg-info/SOURCES.txt
[6.387s] -- Installing: /home/fu941/TDK_ros/install/mainspace/local/lib/python3.10/dist-packages/mainspace-0.0.0-py3.10.egg-info/dependency_links.txt
[6.388s] -- Up-to-date: /home/fu941/TDK_ros/install/mainspace/local/lib/python3.10/dist-packages/mainspace
[6.390s] -- Up-to-date: /home/fu941/TDK_ros/install/mainspace/local/lib/python3.10/dist-packages/mainspace/__init__.py
[6.391s] -- Up-to-date: /home/fu941/TDK_ros/install/mainspace/local/lib/python3.10/dist-packages/mainspace/mainspace_s__rosidl_typesupport_c.cpython-310-aarch64-linux-gnu.so
[6.393s] -- Up-to-date: /home/fu941/TDK_ros/install/mainspace/local/lib/python3.10/dist-packages/mainspace/_mainspace_s.ep.rosidl_typesupport_fastrtps_c.c
[6.395s] -- Up-to-date: /home/fu941/TDK_ros/install/mainspace/local/lib/python3.10/dist-packages/mainspace/_mainspace_s.ep.rosidl_typesupport_c.c
[6.397s] -- Up-to-date: /home/fu941/TDK_ros/install/mainspace/local/lib/python3.10/dist-packages/mainspace/_mainspace_s.ep.rosidl_typesupport_introspection_c.c
[6.398s] -- Up-to-date: /home/fu941/TDK_ros/install/mainspace/local/lib/python3.10/dist-packages/mainspace/libmainspace__rosidl_generator_py.so
[6.399s] -- Up-to-date: /home/fu941/TDK_ros/install/mainspace/local/lib/python3.10/dist-packages/mainspace/msg
[6.401s] -- Up-to-date: /home/fu941/TDK_ros/install/mainspace/local/lib/python3.10/dist-packages/mainspace/msg/_coffee.py
[6.402s] -- Up-to-date: /home/fu941/TDK_ros/install/mainspace/local/lib/python3.10/dist-packages/mainspace/msg/__init__.py
[6.403s] -- Up-to-date: /home/fu941/TDK_ros/install/mainspace/local/lib/python3.10/dist-packages/mainspace/msg/_command_s.c
[6.407s] -- Up-to-date: /home/fu941/TDK_ros/install/mainspace/local/lib/python3.10/dist-packages/mainspace/msg/_csv_file_s.c
[6.408s] -- Up-to-date: /home/fu941/TDK_ros/install/mainspace/local/lib/python3.10/dist-packages/mainspace/msg/_encoder_speed.py
[6.409s] -- Up-to-date: /home/fu941/TDK_ros/install/mainspace/local/lib/python3.10/dist-packages/mainspace/msg/_desk.py
[6.425s] -- Up-to-date: /home/fu941/TDK_ros/install/mainspace/local/lib/python3.10/dist-packages/mainspace/msg/_pause.py
[6.427s] -- Up-to-date: /home/fu941/TDK_ros/install/mainspace/local/lib/python3.10/dist-packages/mainspace/msg/_to_stm_speed.py
[6.428s] -- Up-to-date: /home/fu941/TDK_ros/install/mainspace/local/lib/python3.10/dist-packages/mainspace/msg/_command.py
[6.429s] -- Up-to-date: /home/fu941/TDK_ros/install/mainspace/local/lib/python3.10/dist-packages/mainspace/msg/_desk_s.c
[6.431s] -- Up-to-date: /home/fu941/TDK_ros/install/mainspace/local/lib/python3.10/dist-packages/mainspace/msg/_pause_s.c
[6.432s] -- Up-to-date: /home/fu941/TDK_ros/install/mainspace/local/lib/python3.10/dist-packages/mainspace/msg/_csv_file.py
[6.433s] -- Up-to-date: /home/fu941/TDK_ros/install/mainspace/local/lib/python3.10/dist-packages/mainspace/msg/_position_s.c
[6.434s] -- Up-to-date: /home/fu941/TDK_ros/install/mainspace/local/lib/python3.10/dist-packages/mainspace/msg/_coffee_s.c
[6.435s] -- Up-to-date: /home/fu941/TDK_ros/install/mainspace/local/lib/python3.10/dist-packages/mainspace/msg/_encoder_speed_s.c
[6.436s] -- Up-to-date: /home/fu941/TDK_ros/install/mainspace/local/lib/python3.10/dist-packages/mainspace/msg/_to_stm_speed_s.c
[6.437s] -- Up-to-date: /home/fu941/TDK_ros/install/mainspace/local/lib/python3.10/dist-packages/mainspace/msg/_position.py
[6.438s] -- Up-to-date: /home/fu941/TDK_ros/install/mainspace/local/lib/python3.10/dist-packages/mainspace/mainspace_s__rosidl_typesupport_introspection_c.cpython-310-aarch64-linux-gnu.so
[6.439s] -- Up-to-date: /home/fu941/TDK_ros/install/mainspace/local/lib/python3.10/dist-packages/mainspace/mainspace_s__rosidl_typesupport_fastrtps_c.cpython-310-aarch64-linux-gnu.so
[6.708s] Listing '/home/fu941/TDK_ros/install/mainspace/local/lib/python3.10/dist-packages/mainspace'...
[6.713s] Listing '/home/fu941/TDK_ros/install/mainspace/local/lib/python3.10/dist-packages/mainspace/msg'...
[6.763s] -- Up-to-date: /home/fu941/TDK_ros/install/mainspace/local/lib/python3.10/dist-packages/mainspace/mainspace_s__rosidl_typesupport_fastrtps_c.cpython-310-aarch64-linux-gnu.so
[6.769s] -- Up-to-date: /home/fu941/TDK_ros/install/mainspace/local/lib/python3.10/dist-packages/mainspace/mainspace_s__rosidl_typesupport_introspection_c.cpython-310-aarch64-linux-gnu.so
[6.777s] -- Up-to-date: /home/fu941/TDK_ros/install/mainspace/local/lib/python3.10/dist-packages/mainspace/mainspace_s__rosidl_typesupport_c.cpython-310-aarch64-linux-gnu.so
[6.783s] -- Up-to-date: /home/fu941/TDK_ros/install/mainspace/lib/libmainspace__rosidl_generator_py.so
[6.791s] -- Up-to-date: /home/fu941/TDK_ros/install/mainspace/share/mainspace/msg/ToStmSpeed.idl
[6.793s] -- Up-to-date: /home/fu941/TDK_ros/install/mainspace/share/mainspace/msg/Position.idl
[6.797s] -- Up-to-date: /home/fu941/TDK_ros/install/mainspace/share/mainspace/msg/Desk.idl
[6.802s] -- Up-to-date: /home/fu941/TDK_ros/install/mainspace/share/mainspace/msg/Coffee.idl
[6.803s] -- Up-to-date: /home/fu941/TDK_ros/install/mainspace/share/mainspace/msg/CsvFile.idl
[6.804s] -- Up-to-date: /home/fu941/TDK_ros/install/mainspace/share/mainspace/msg/Command.idl
[6.805s] -- Up-to-date: /home/fu941/TDK_ros/install/mainspace/share/mainspace/msg/Pause.idl
[6.816s] -- Up-to-date: /home/fu941/TDK_ros/install/mainspace/share/mainspace/msg/ToStmSpeed.msg
[6.818s] -- Up-to-date: /home/fu941/TDK_ros/install/mainspace/share/mainspace/msg/Position.msg
[6.820s] -- Up-to-date: /home/fu941/TDK_ros/install/mainspace/share/mainspace/msg/Desk.msg
[6.821s] -- Up-to-date: /home/fu941/TDK_ros/install/mainspace/share/mainspace/msg/Coffee.msg
[6.822s] -- Up-to-date: /home/fu941/TDK_ros/install/mainspace/share/mainspace/msg/CsvFile.msg
[6.823s] -- Up-to-date: /home/fu941/TDK_ros/install/mainspace/share/mainspace/msg/Command.msg
[6.824s] -- Up-to-date: /home/fu941/TDK_ros/install/mainspace/share/mainspace/msg/Pause.msg
[6.826s] -- Up-to-date: /home/fu941/TDK_ros/install/mainspace/include/
[6.827s] -- Up-to-date: /home/fu941/TDK_ros/install/mainspace/include//mainspace
[6.828s] -- Up-to-date: /home/fu941/TDK_ros/install/mainspace/include//mainspace/navigator.hpp
[6.830s] -- Up-to-date: /home/fu941/TDK_ros/install/mainspace/lib/libnavigator_lib.so
[6.831s] -- Up-to-date: /home/fu941/TDK_ros/install/mainspace/lib/mainspace/navigator_main
[6.833s] -- Up-to-date: /home/fu941/TDK_ros/install/mainspace/lib/mainspace/Stage2
[6.834s] -- Up-to-date: /home/fu941/TDK_ros/install/mainspace/lib/mainspace/Stage3
[6.836s] -- Up-to-date: /home/fu941/TDK_ros/install/mainspace/lib/mainspace/Stage4
[6.840s] -- Up-to-date: /home/fu941/TDK_ros/install/mainspace/lib/mainspace/StageManager
[6.844s] -- Up-to-date: /home/fu941/TDK_ros/install/mainspace/share/mainspace/MainPath_csv
[6.849s] -- Up-to-date: /home/fu941/TDK_ros/install/mainspace/share/mainspace/MainPath_csv/Stage3.csv
[6.855s] -- Up-to-date: /home/fu941/TDK_ros/install/mainspace/share/mainspace/MainPath_csv/Stage4.csv
[6.861s] -- Up-to-date: /home/fu941/TDK_ros/install/mainspace/share/mainspace/MainPath_csv/Stage2.csv
[6.864s] -- Up-to-date: /home/fu941/TDK_ros/install/mainspace/share/mainspace/Stage2Path_csv
[6.879s] -- Up-to-date: /home/fu941/TDK_ros/install/mainspace/share/mainspace/Stage2Path_csv/desk4.csv
[6.881s] -- Up-to-date: /home/fu941/TDK_ros/install/mainspace/share/mainspace/Stage2Path_csv/coffee1.csv
[6.882s] -- Up-to-date: /home/fu941/TDK_ros/install/mainspace/share/mainspace/Stage2Path_csv/coffee2.csv
[6.883s] -- Up-to-date: /home/fu941/TDK_ros/install/mainspace/share/mainspace/Stage2Path_csv/coffee4.csv
[6.884s] -- Up-to-date: /home/fu941/TDK_ros/install/mainspace/share/mainspace/Stage2Path_csv/desk2.csv
[6.885s] -- Up-to-date: /home/fu941/TDK_ros/install/mainspace/share/mainspace/Stage2Path_csv/desk3.csv
[6.887s] -- Up-to-date: /home/fu941/TDK_ros/install/mainspace/share/mainspace/Stage2Path_csv/desk1.csv
[6.891s] -- Up-to-date: /home/fu941/TDK_ros/install/mainspace/share/mainspace/Stage2Path_csv/coffee3.csv
[6.892s] -- Up-to-date: /home/fu941/TDK_ros/install/mainspace/share/mainspace/launch
[6.894s] -- Up-to-date: /home/fu941/TDK_ros/install/mainspace/share/mainspace/launch/rviz.launch.py
[6.895s] -- Up-to-date: /home/fu941/TDK_ros/install/mainspace/share/mainspace/launch/mainNodes.launch.py
[6.897s] -- Up-to-date: /home/fu941/TDK_ros/install/mainspace/share/mainspace/rviz
[6.899s] -- Up-to-date: /home/fu941/TDK_ros/install/mainspace/share/mainspace/rviz/BasePosition.rviz
[6.900s] -- Up-to-date: /home/fu941/TDK_ros/install/mainspace/share/ament_index/resource_index/package_run_dependencies/mainspace
[6.902s] -- Up-to-date: /home/fu941/TDK_ros/install/mainspace/share/ament_index/resource_index/parent_prefix_path/mainspace
[6.904s] -- Up-to-date: /home/fu941/TDK_ros/install/mainspace/share/mainspace/environment/ament_prefix_path.sh
[6.907s] -- Up-to-date: /home/fu941/TDK_ros/install/mainspace/share/mainspace/environment/ament_prefix_path.dsv
[6.908s] -- Up-to-date: /home/fu941/TDK_ros/install/mainspace/share/mainspace/environment/path.sh
[6.910s] -- Up-to-date: /home/fu941/TDK_ros/install/mainspace/share/mainspace/environment/path.dsv
[6.912s] -- Up-to-date: /home/fu941/TDK_ros/install/mainspace/share/mainspace/local_setup.bash
[6.914s] -- Up-to-date: /home/fu941/TDK_ros/install/mainspace/share/mainspace/local_setup.sh
[6.920s] -- Up-to-date: /home/fu941/TDK_ros/install/mainspace/share/mainspace/local_setup.zsh
[6.924s] -- Up-to-date: /home/fu941/TDK_ros/install/mainspace/share/mainspace/local_setup.dsv
[6.928s] -- Installing: /home/fu941/TDK_ros/install/mainspace/share/mainspace/package.dsv
[6.929s] -- Up-to-date: /home/fu941/TDK_ros/install/mainspace/share/ament_index/resource_index/packages/mainspace
[6.931s] -- Up-to-date: /home/fu941/TDK_ros/install/mainspace/share/mainspace/cmake/export_mainspace__rosidl_generator_cExport.cmake
[6.933s] -- Up-to-date: /home/fu941/TDK_ros/install/mainspace/share/mainspace/cmake/export_mainspace__rosidl_generator_cExport-noconfig.cmake
[6.934s] -- Up-to-date: /home/fu941/TDK_ros/install/mainspace/share/mainspace/cmake/export_mainspace__rosidl_typesupport_fastrtps_cExport.cmake
[6.935s] -- Up-to-date: /home/fu941/TDK_ros/install/mainspace/share/mainspace/cmake/export_mainspace__rosidl_typesupport_fastrtps_cExport-noconfig.cmake
[6.937s] -- Up-to-date: /home/fu941/TDK_ros/install/mainspace/share/mainspace/cmake/export_mainspace__rosidl_generator_cppExport.cmake
[6.938s] -- Up-to-date: /home/fu941/TDK_ros/install/mainspace/share/mainspace/cmake/export_mainspace__rosidl_typesupport_fastrtps_cppExport.cmake
[6.940s] -- Up-to-date: /home/fu941/TDK_ros/install/mainspace/share/mainspace/cmake/export_mainspace__rosidl_typesupport_fastrtps_cppExport-noconfig.cmake
[6.942s] -- Up-to-date: /home/fu941/TDK_ros/install/mainspace/share/mainspace/cmake/mainspace__rosidl_typesupport_introspection_cExport.cmake
[6.945s] -- Up-to-date: /home/fu941/TDK_ros/install/mainspace/share/mainspace/cmake/mainspace__rosidl_typesupport_introspection_cExport-noconfig.cmake
[6.955s] -- Up-to-date: /home/fu941/TDK_ros/install/mainspace/share/mainspace/cmake/mainspace__rosidl_typesupport_cExport.cmake
[6.957s] -- Up-to-date: /home/fu941/TDK_ros/install/mainspace/share/mainspace/cmake/mainspace__rosidl_typesupport_cExport-noconfig.cmake
[6.961s] -- Up-to-date: /home/fu941/TDK_ros/install/mainspace/share/mainspace/cmake/mainspace__rosidl_typesupport_introspection_cppExport.cmake
[6.963s] -- Up-to-date: /home/fu941/TDK_ros/install/mainspace/share/mainspace/cmake/mainspace__rosidl_typesupport_introspection_cppExport-noconfig.cmake
[6.964s] -- Up-to-date: /home/fu941/TDK_ros/install/mainspace/share/mainspace/cmake/mainspace__rosidl_typesupport_cppExport.cmake
[6.966s] -- Up-to-date: /home/fu941/TDK_ros/install/mainspace/share/mainspace/cmake/mainspace__rosidl_typesupport_cppExport-noconfig.cmake
[6.968s] -- Up-to-date: /home/fu941/TDK_ros/install/mainspace/share/mainspace/cmake/export_mainspace__rosidl_generator_pyExport.cmake
[6.969s] -- Up-to-date: /home/fu941/TDK_ros/install/mainspace/share/mainspace/cmake/export_mainspace__rosidl_generator_pyExport-noconfig.cmake
[6.971s] -- Up-to-date: /home/fu941/TDK_ros/install/mainspace/share/mainspace/cmake/rosidl_cmake-extras.cmake
[6.973s] -- Up-to-date: /home/fu941/TDK_ros/install/mainspace/share/mainspace/cmake/ament_cmake_export_dependencies-extras.cmake
[6.974s] -- Up-to-date: /home/fu941/TDK_ros/install/mainspace/share/mainspace/cmake/ament_cmake_export_include_directories-extras.cmake
[6.976s] -- Up-to-date: /home/fu941/TDK_ros/install/mainspace/share/mainspace/cmake/ament_cmake_export_libraries-extras.cmake
[6.977s] -- Up-to-date: /home/fu941/TDK_ros/install/mainspace/share/mainspace/cmake/ament_cmake_export_targets-extras.cmake
[6.979s] -- Up-to-date: /home/fu941/TDK_ros/install/mainspace/share/mainspace/cmake/rosidl_cmake_export_typesupport_targets-extras.cmake
[6.980s] -- Up-to-date: /home/fu941/TDK_ros/install/mainspace/share/mainspace/cmake/rosidl_cmake_export_typesupport_libraries-extras.cmake
[6.983s] -- Up-to-date: /home/fu941/TDK_ros/install/mainspace/share/mainspace/cmake/mainspaceConfig.cmake
[6.985s] -- Up-to-date: /home/fu941/TDK_ros/install/mainspace/share/mainspace/cmake/mainspaceConfig-version.cmake
[6.986s] -- Up-to-date: /home/fu941/TDK_ros/install/mainspace/share/mainspace/package.xml
[6.988s] Invoked command in '/home/fu941/TDK_ros/build/mainspace' returned '0': CMAKE_PREFIX_PATH=${CMAKE_PREFIX_PATH}:/home/fu941/TDK_ros/install/SerialTest:/opt/ros/humble /usr/bin/cmake --install /home/fu941/TDK_ros/build/mainspace
