-- Found ament_cmake: 1.3.12 (/opt/ros/humble/share/ament_cmake/cmake)
-- Found rclcpp: 16.0.14 (/opt/ros/humble/share/rclcpp/cmake)
-- Found rosidl_generator_c: 3.1.7 (/opt/ros/humble/share/rosidl_generator_c/cmake)
-- Found rosidl_adapter: 3.1.7 (/opt/ros/humble/share/rosidl_adapter/cmake)
-- Found rosidl_generator_cpp: 3.1.7 (/opt/ros/humble/share/rosidl_generator_cpp/cmake)
-- Using all available rosidl_typesupport_c: rosidl_typesupport_fastrtps_c;rosidl_typesupport_introspection_c
-- Using all available rosidl_typesupport_cpp: rosidl_typesupport_fastrtps_cpp;rosidl_typesupport_introspection_cpp
-- Found rmw_implementation_cmake: 6.1.2 (/opt/ros/humble/share/rmw_implementation_cmake/cmake)
-- Found rmw_fastrtps_cpp: 6.2.8 (/opt/ros/humble/share/rmw_fastrtps_cpp/cmake)
-- Using RMW implementation 'rmw_fastrtps_cpp' as default
-- Found mainspace: 0.0.0 (/home/fu941/TDK_ros/install/mainspace/share/mainspace/cmake)
-- Found rosidl_default_generators: 1.2.0 (/opt/ros/humble/share/rosidl_default_generators/cmake)
-- Found ament_lint_auto: 0.12.14 (/opt/ros/humble/share/ament_lint_auto/cmake)
-- Added test 'cppcheck' to perform static code analysis on C / C++ code
-- Configured cppcheck include dirs: /home/fu941/TDK_ros/src/camera/include
-- Configured cppcheck exclude dirs and/or files: 
-- Added test 'lint_cmake' to check CMake code style
-- Added test 'uncrustify' to check C / C++ code style
-- Configured uncrustify additional arguments: 
-- Added test 'xmllint' to check XML markup files
-- Configuring done
-- Generating done
-- Build files have been written to: /home/fu941/TDK_ros/build/camera
[35m[1mConsolidate compiler generated dependencies of target cameraCoffee2[0m
[35m[1mConsolidate compiler generated dependencies of target cameraStage3[0m
[35m[1mConsolidate compiler generated dependencies of target cameraDesk2[0m
[  8%] [32mBuilding CXX object CMakeFiles/cameraDesk2_test.dir/src/cameraDesk2_test.cpp.o[0m
[ 33%] Built target cameraStage3
[ 58%] Built target cameraCoffee2
[ 83%] Built target cameraDesk2
[ 91%] [32mBuilding CXX object CMakeFiles/cameraDesk2_test.dir/src/cameraBackground.cpp.o[0m
[100%] [32m[1mLinking CXX executable cameraDesk2_test[0m
[100%] Built target cameraDesk2_test
-- Install configuration: ""
-- Up-to-date: /home/fu941/TDK_ros/install/camera/include/
-- Up-to-date: /home/fu941/TDK_ros/install/camera/include//camera
-- Up-to-date: /home/fu941/TDK_ros/install/camera/include//camera/cameraBackground.hpp
-- Up-to-date: /home/fu941/TDK_ros/install/camera/lib/camera/cameraCoffee2
-- Up-to-date: /home/fu941/TDK_ros/install/camera/lib/camera/cameraDesk2
-- Installing: /home/fu941/TDK_ros/install/camera/lib/camera/cameraDesk2_test
-- Set runtime path of "/home/fu941/TDK_ros/install/camera/lib/camera/cameraDesk2_test" to ""
-- Up-to-date: /home/fu941/TDK_ros/install/camera/lib/camera/cameraStage3
-- Up-to-date: /home/fu941/TDK_ros/install/camera/share/ament_index/resource_index/package_run_dependencies/camera
-- Up-to-date: /home/fu941/TDK_ros/install/camera/share/ament_index/resource_index/parent_prefix_path/camera
-- Up-to-date: /home/fu941/TDK_ros/install/camera/share/camera/environment/ament_prefix_path.sh
-- Installing: /home/fu941/TDK_ros/install/camera/share/camera/environment/ament_prefix_path.dsv
-- Up-to-date: /home/fu941/TDK_ros/install/camera/share/camera/environment/path.sh
-- Installing: /home/fu941/TDK_ros/install/camera/share/camera/environment/path.dsv
-- Up-to-date: /home/fu941/TDK_ros/install/camera/share/camera/local_setup.bash
-- Up-to-date: /home/fu941/TDK_ros/install/camera/share/camera/local_setup.sh
-- Up-to-date: /home/fu941/TDK_ros/install/camera/share/camera/local_setup.zsh
-- Installing: /home/fu941/TDK_ros/install/camera/share/camera/local_setup.dsv
-- Installing: /home/fu941/TDK_ros/install/camera/share/camera/package.dsv
-- Up-to-date: /home/fu941/TDK_ros/install/camera/share/ament_index/resource_index/packages/camera
-- Up-to-date: /home/fu941/TDK_ros/install/camera/share/camera/cmake/cameraConfig.cmake
-- Up-to-date: /home/fu941/TDK_ros/install/camera/share/camera/cmake/cameraConfig-version.cmake
-- Up-to-date: /home/fu941/TDK_ros/install/camera/share/camera/package.xml
