[0.141s] Invoking command in '/home/fu941/TDK_ros/build/camera': AMENT_PREFIX_PATH=/home/fu941/TDK_ros/install/mainspace:${AMENT_PREFIX_PATH} CMAKE_PREFIX_PATH=/home/fu941/TDK_ros/install/mainspace:/opt/ros/humble LD_LIBRARY_PATH=/home/fu941/TDK_ros/install/mainspace/lib:${LD_LIBRARY_PATH} PYTHONPATH=/home/fu941/TDK_ros/install/mainspace/local/lib/python3.10/dist-packages:${PYTHONPATH} /usr/bin/cmake --build /home/fu941/TDK_ros/build/camera -- -j4 -l4
[0.457s] -- Found ament_cmake: 1.3.12 (/opt/ros/humble/share/ament_cmake/cmake)
[2.125s] -- Found rclcpp: 16.0.14 (/opt/ros/humble/share/rclcpp/cmake)
[2.669s] -- Found rosidl_generator_c: 3.1.7 (/opt/ros/humble/share/rosidl_generator_c/cmake)
[2.708s] -- Found rosidl_adapter: 3.1.7 (/opt/ros/humble/share/rosidl_adapter/cmake)
[2.798s] -- Found rosidl_generator_cpp: 3.1.7 (/opt/ros/humble/share/rosidl_generator_cpp/cmake)
[2.889s] -- Using all available rosidl_typesupport_c: rosidl_typesupport_fastrtps_c;rosidl_typesupport_introspection_c
[2.967s] -- Using all available rosidl_typesupport_cpp: rosidl_typesupport_fastrtps_cpp;rosidl_typesupport_introspection_cpp
[3.164s] -- Found rmw_implementation_cmake: 6.1.2 (/opt/ros/humble/share/rmw_implementation_cmake/cmake)
[3.175s] -- Found rmw_fastrtps_cpp: 6.2.8 (/opt/ros/humble/share/rmw_fastrtps_cpp/cmake)
[5.454s] -- Using RMW implementation 'rmw_fastrtps_cpp' as default
[5.911s] -- Found mainspace: 0.0.0 (/home/fu941/TDK_ros/install/mainspace/share/mainspace/cmake)
[6.043s] -- Found rosidl_default_generators: 1.2.0 (/opt/ros/humble/share/rosidl_default_generators/cmake)
[6.197s] -- Found ament_lint_auto: 0.12.14 (/opt/ros/humble/share/ament_lint_auto/cmake)
[7.009s] -- Added test 'cppcheck' to perform static code analysis on C / C++ code
[7.013s] -- Configured cppcheck include dirs: /home/fu941/TDK_ros/src/camera/include
[7.014s] -- Configured cppcheck exclude dirs and/or files: 
[7.028s] -- Added test 'lint_cmake' to check CMake code style
[7.056s] -- Added test 'uncrustify' to check C / C++ code style
[7.057s] -- Configured uncrustify additional arguments: 
[7.064s] -- Added test 'xmllint' to check XML markup files
[7.076s] -- Configuring done
[7.411s] -- Generating done
[7.529s] -- Build files have been written to: /home/fu941/TDK_ros/build/camera
[7.845s] [35m[1mConsolidate compiler generated dependencies of target cameraCoffee2[0m
[7.861s] [35m[1mConsolidate compiler generated dependencies of target cameraStage3[0m
[7.871s] [35m[1mConsolidate compiler generated dependencies of target cameraDesk2[0m
[8.119s] [  8%] [32mBuilding CXX object CMakeFiles/cameraDesk2_test.dir/src/cameraDesk2_test.cpp.o[0m
[8.277s] [ 33%] Built target cameraStage3
[8.310s] [ 58%] Built target cameraCoffee2
[8.363s] [ 83%] Built target cameraDesk2
[8.379s] [ 91%] [32mBuilding CXX object CMakeFiles/cameraDesk2_test.dir/src/cameraBackground.cpp.o[0m
[50.087s] [01m[K/home/fu941/TDK_ros/src/camera/src/cameraDesk2_test.cpp:[m[K In function ‘[01m[Kint main(int, char**)[m[K’:
[50.088s] [01m[K/home/fu941/TDK_ros/src/camera/src/cameraDesk2_test.cpp:158:14:[m[K [01;35m[Kwarning: [m[Kunused parameter ‘[01m[Kargc[m[K’ [[01;35m[K]8;;https://gcc.gnu.org/onlinedocs/gcc/Warning-Options.html#index-Wunused-parameter-Wunused-parameter]8;;[m[K]
[50.090s]   158 | int main([01;35m[Kint argc[m[K, char **argv)
[50.091s]       |          [01;35m[K~~~~^~~~[m[K
[50.093s] [01m[K/home/fu941/TDK_ros/src/camera/src/cameraDesk2_test.cpp:158:27:[m[K [01;35m[Kwarning: [m[Kunused parameter ‘[01m[Kargv[m[K’ [[01;35m[K]8;;https://gcc.gnu.org/onlinedocs/gcc/Warning-Options.html#index-Wunused-parameter-Wunused-parameter]8;;[m[K]
[50.095s]   158 | int main(int argc, [01;35m[Kchar **argv[m[K)
[50.096s]       |                    [01;35m[K~~~~~~~^~~~[m[K
[58.777s] [100%] [32m[1mLinking CXX executable cameraDesk2_test[0m
[63.452s] [100%] Built target cameraDesk2_test
[63.554s] Invoked command in '/home/fu941/TDK_ros/build/camera' returned '0': AMENT_PREFIX_PATH=/home/fu941/TDK_ros/install/mainspace:${AMENT_PREFIX_PATH} CMAKE_PREFIX_PATH=/home/fu941/TDK_ros/install/mainspace:/opt/ros/humble LD_LIBRARY_PATH=/home/fu941/TDK_ros/install/mainspace/lib:${LD_LIBRARY_PATH} PYTHONPATH=/home/fu941/TDK_ros/install/mainspace/local/lib/python3.10/dist-packages:${PYTHONPATH} /usr/bin/cmake --build /home/fu941/TDK_ros/build/camera -- -j4 -l4
[63.570s] Invoking command in '/home/fu941/TDK_ros/build/camera': AMENT_PREFIX_PATH=/home/fu941/TDK_ros/install/mainspace:${AMENT_PREFIX_PATH} CMAKE_PREFIX_PATH=/home/fu941/TDK_ros/install/mainspace:/opt/ros/humble LD_LIBRARY_PATH=/home/fu941/TDK_ros/install/mainspace/lib:${LD_LIBRARY_PATH} PYTHONPATH=/home/fu941/TDK_ros/install/mainspace/local/lib/python3.10/dist-packages:${PYTHONPATH} /usr/bin/cmake --install /home/fu941/TDK_ros/build/camera
[63.647s] -- Install configuration: ""
[63.648s] -- Up-to-date: /home/fu941/TDK_ros/install/camera/include/
[63.650s] -- Up-to-date: /home/fu941/TDK_ros/install/camera/include//camera
[63.650s] -- Up-to-date: /home/fu941/TDK_ros/install/camera/include//camera/cameraBackground.hpp
[63.653s] -- Up-to-date: /home/fu941/TDK_ros/install/camera/lib/camera/cameraCoffee2
[63.659s] -- Up-to-date: /home/fu941/TDK_ros/install/camera/lib/camera/cameraDesk2
[63.663s] -- Installing: /home/fu941/TDK_ros/install/camera/lib/camera/cameraDesk2_test
[63.672s] -- Set runtime path of "/home/fu941/TDK_ros/install/camera/lib/camera/cameraDesk2_test" to ""
[63.675s] -- Up-to-date: /home/fu941/TDK_ros/install/camera/lib/camera/cameraStage3
[63.679s] -- Up-to-date: /home/fu941/TDK_ros/install/camera/share/ament_index/resource_index/package_run_dependencies/camera
[63.680s] -- Up-to-date: /home/fu941/TDK_ros/install/camera/share/ament_index/resource_index/parent_prefix_path/camera
[63.681s] -- Up-to-date: /home/fu941/TDK_ros/install/camera/share/camera/environment/ament_prefix_path.sh
[63.682s] -- Installing: /home/fu941/TDK_ros/install/camera/share/camera/environment/ament_prefix_path.dsv
[63.685s] -- Up-to-date: /home/fu941/TDK_ros/install/camera/share/camera/environment/path.sh
[63.686s] -- Installing: /home/fu941/TDK_ros/install/camera/share/camera/environment/path.dsv
[63.689s] -- Up-to-date: /home/fu941/TDK_ros/install/camera/share/camera/local_setup.bash
[63.690s] -- Up-to-date: /home/fu941/TDK_ros/install/camera/share/camera/local_setup.sh
[63.691s] -- Up-to-date: /home/fu941/TDK_ros/install/camera/share/camera/local_setup.zsh
[63.692s] -- Installing: /home/fu941/TDK_ros/install/camera/share/camera/local_setup.dsv
[63.695s] -- Installing: /home/fu941/TDK_ros/install/camera/share/camera/package.dsv
[63.698s] -- Up-to-date: /home/fu941/TDK_ros/install/camera/share/ament_index/resource_index/packages/camera
[63.699s] -- Up-to-date: /home/fu941/TDK_ros/install/camera/share/camera/cmake/cameraConfig.cmake
[63.700s] -- Up-to-date: /home/fu941/TDK_ros/install/camera/share/camera/cmake/cameraConfig-version.cmake
[63.701s] -- Up-to-date: /home/fu941/TDK_ros/install/camera/share/camera/package.xml
[63.721s] Invoked command in '/home/fu941/TDK_ros/build/camera' returned '0': AMENT_PREFIX_PATH=/home/fu941/TDK_ros/install/mainspace:${AMENT_PREFIX_PATH} CMAKE_PREFIX_PATH=/home/fu941/TDK_ros/install/mainspace:/opt/ros/humble LD_LIBRARY_PATH=/home/fu941/TDK_ros/install/mainspace/lib:${LD_LIBRARY_PATH} PYTHONPATH=/home/fu941/TDK_ros/install/mainspace/local/lib/python3.10/dist-packages:${PYTHONPATH} /usr/bin/cmake --install /home/fu941/TDK_ros/build/camera
