-- Found ament_cmake: 1.3.12 (/opt/ros/humble/share/ament_cmake/cmake)
-- Found rclcpp: 16.0.14 (/opt/ros/humble/share/rclcpp/cmake)
-- Found rosidl_generator_c: 3.1.7 (/opt/ros/humble/share/rosidl_generator_c/cmake)
-- Found rosidl_adapter: 3.1.7 (/opt/ros/humble/share/rosidl_adapter/cmake)
-- Found rosidl_generator_cpp: 3.1.7 (/opt/ros/humble/share/rosidl_generator_cpp/cmake)
-- Using all available rosidl_typesupport_c: rosidl_typesupport_fastrtps_c;rosidl_typesupport_introspection_c
-- Using all available rosidl_typesupport_cpp: rosidl_typesupport_fastrtps_cpp;rosidl_typesupport_introspection_cpp
-- Found rmw_implementation_cmake: 6.1.2 (/opt/ros/humble/share/rmw_implementation_cmake/cmake)
-- Found rmw_fastrtps_cpp: 6.2.8 (/opt/ros/humble/share/rmw_fastrtps_cpp/cmake)
-- Using RMW implementation 'rmw_fastrtps_cpp' as default
-- Found nav_msgs: 4.9.0 (/opt/ros/humble/share/nav_msgs/cmake)
-- Found tf2: 0.25.15 (/opt/ros/humble/share/tf2/cmake)
-- Found tf2_ros: 0.25.15 (/opt/ros/humble/share/tf2_ros/cmake)
-- Found tf2_geometry_msgs: 0.25.15 (/opt/ros/humble/share/tf2_geometry_msgs/cmake)
-- Found eigen3_cmake_module: 0.1.1 (/opt/ros/humble/share/eigen3_cmake_module/cmake)
-- Ensuring Eigen3 include directory is part of orocos-kdl CMake target
-- Found rosidl_default_generators: 1.2.0 (/opt/ros/humble/share/rosidl_default_generators/cmake)
-- Found ament_cmake_ros: 0.10.0 (/opt/ros/humble/share/ament_cmake_ros/cmake)
-- Using all available rosidl_typesupport_c: rosidl_typesupport_fastrtps_c;rosidl_typesupport_introspection_c
-- Using all available rosidl_typesupport_cpp: rosidl_typesupport_fastrtps_cpp;rosidl_typesupport_introspection_cpp
-- Found python_cmake_module: 0.10.0 (/opt/ros/humble/share/python_cmake_module/cmake)
-- Using PYTHON_EXECUTABLE: /usr/bin/python3
-- Using PYTHON_INCLUDE_DIRS: /usr/include/python3.10
-- Using PYTHON_LIBRARIES: /usr/lib/aarch64-linux-gnu/libpython3.10.so
-- Found ament_lint_auto: 0.12.14 (/opt/ros/humble/share/ament_lint_auto/cmake)
-- Added test 'cppcheck' to perform static code analysis on C / C++ code
-- Configured cppcheck include dirs: /home/fu941/TDK_ros/src/mainspace/include
-- Configured cppcheck exclude dirs and/or files: 
-- Added test 'flake8' to check Python code syntax and style conventions
-- Added test 'lint_cmake' to check CMake code style
-- Added test 'pep257' to check Python code against some of the docstring style conventions in PEP 257
-- Added test 'uncrustify' to check C / C++ code style
-- Configured uncrustify additional arguments: 
-- Added test 'xmllint' to check XML markup files
-- Configuring done
-- Generating done
-- Build files have been written to: /home/fu941/TDK_ros/build/mainspace
[  1%] [34m[1mGenerating C code for ROS interfaces[0m
[  2%] [34m[1mGenerating C++ code for ROS interfaces[0m
[  2%] Built target ament_cmake_python_copy_mainspace
running egg_info
writing mainspace.egg-info/PKG-INFO
writing dependency_links to mainspace.egg-info/dependency_links.txt
writing top-level names to mainspace.egg-info/top_level.txt
reading manifest file 'mainspace.egg-info/SOURCES.txt'
writing manifest file 'mainspace.egg-info/SOURCES.txt'
[  2%] Built target ament_cmake_python_build_mainspace_egg
[  2%] Built target mainspace__cpp
[  3%] [34m[1mGenerating C++ type support dispatch for ROS interfaces[0m
[  4%] [34m[1mGenerating C++ type support for eProsima Fast-RTPS[0m
[  5%] [34m[1mGenerating C++ introspection for ROS interfaces[0m
[35m[1mConsolidate compiler generated dependencies of target mainspace__rosidl_generator_c[0m
[  6%] [32mBuilding C object CMakeFiles/mainspace__rosidl_generator_c.dir/rosidl_generator_c/mainspace/msg/detail/to_stm_speed__functions.c.o[0m
[  7%] [32mBuilding C object CMakeFiles/mainspace__rosidl_generator_c.dir/rosidl_generator_c/mainspace/msg/detail/position__functions.c.o[0m
[  8%] [32mBuilding C object CMakeFiles/mainspace__rosidl_generator_c.dir/rosidl_generator_c/mainspace/msg/detail/desk__functions.c.o[0m
[  9%] [32mBuilding C object CMakeFiles/mainspace__rosidl_generator_c.dir/rosidl_generator_c/mainspace/msg/detail/coffee__functions.c.o[0m
[ 10%] [32mBuilding C object CMakeFiles/mainspace__rosidl_generator_c.dir/rosidl_generator_c/mainspace/msg/detail/csv_file__functions.c.o[0m
[35m[1mConsolidate compiler generated dependencies of target mainspace__rosidl_typesupport_cpp[0m
[ 12%] [32mBuilding CXX object CMakeFiles/mainspace__rosidl_typesupport_cpp.dir/rosidl_typesupport_cpp/mainspace/msg/to_stm_speed__type_support.cpp.o[0m
[ 13%] [32mBuilding C object CMakeFiles/mainspace__rosidl_generator_c.dir/rosidl_generator_c/mainspace/msg/detail/command__functions.c.o[0m
[ 14%] [32mBuilding C object CMakeFiles/mainspace__rosidl_generator_c.dir/rosidl_generator_c/mainspace/msg/detail/pause__functions.c.o[0m
[35m[1mConsolidate compiler generated dependencies of target mainspace__rosidl_typesupport_introspection_cpp[0m
[ 15%] [32mBuilding CXX object CMakeFiles/mainspace__rosidl_typesupport_introspection_cpp.dir/rosidl_typesupport_introspection_cpp/mainspace/msg/detail/to_stm_speed__type_support.cpp.o[0m
[ 16%] [32m[1mLinking C shared library libmainspace__rosidl_generator_c.so[0m
[35m[1mConsolidate compiler generated dependencies of target mainspace__rosidl_typesupport_fastrtps_cpp[0m
[ 16%] Built target mainspace__rosidl_generator_c
[ 17%] [32mBuilding CXX object CMakeFiles/mainspace__rosidl_typesupport_fastrtps_cpp.dir/rosidl_typesupport_fastrtps_cpp/mainspace/msg/detail/dds_fastrtps/to_stm_speed__type_support.cpp.o[0m
[ 18%] [34m[1mGenerating C type support for eProsima Fast-RTPS[0m
[ 19%] [32mBuilding CXX object CMakeFiles/mainspace__rosidl_typesupport_cpp.dir/rosidl_typesupport_cpp/mainspace/msg/position__type_support.cpp.o[0m
[ 20%] [32mBuilding CXX object CMakeFiles/mainspace__rosidl_typesupport_introspection_cpp.dir/rosidl_typesupport_introspection_cpp/mainspace/msg/detail/position__type_support.cpp.o[0m
[ 21%] [32mBuilding CXX object CMakeFiles/mainspace__rosidl_typesupport_fastrtps_cpp.dir/rosidl_typesupport_fastrtps_cpp/mainspace/msg/detail/dds_fastrtps/position__type_support.cpp.o[0m
[ 23%] [32mBuilding CXX object CMakeFiles/mainspace__rosidl_typesupport_cpp.dir/rosidl_typesupport_cpp/mainspace/msg/desk__type_support.cpp.o[0m
[35m[1mConsolidate compiler generated dependencies of target mainspace__rosidl_typesupport_fastrtps_c[0m
[ 24%] [32mBuilding CXX object CMakeFiles/mainspace__rosidl_typesupport_fastrtps_c.dir/rosidl_typesupport_fastrtps_c/mainspace/msg/detail/to_stm_speed__type_support_c.cpp.o[0m
[ 25%] [32mBuilding CXX object CMakeFiles/mainspace__rosidl_typesupport_introspection_cpp.dir/rosidl_typesupport_introspection_cpp/mainspace/msg/detail/desk__type_support.cpp.o[0m
[ 26%] [32mBuilding CXX object CMakeFiles/mainspace__rosidl_typesupport_cpp.dir/rosidl_typesupport_cpp/mainspace/msg/coffee__type_support.cpp.o[0m
[ 27%] [32mBuilding CXX object CMakeFiles/mainspace__rosidl_typesupport_fastrtps_cpp.dir/rosidl_typesupport_fastrtps_cpp/mainspace/msg/detail/dds_fastrtps/desk__type_support.cpp.o[0m
[ 28%] [32mBuilding CXX object CMakeFiles/mainspace__rosidl_typesupport_fastrtps_c.dir/rosidl_typesupport_fastrtps_c/mainspace/msg/detail/position__type_support_c.cpp.o[0m
[ 29%] [32mBuilding CXX object CMakeFiles/mainspace__rosidl_typesupport_cpp.dir/rosidl_typesupport_cpp/mainspace/msg/csv_file__type_support.cpp.o[0m
[ 30%] [32mBuilding CXX object CMakeFiles/mainspace__rosidl_typesupport_introspection_cpp.dir/rosidl_typesupport_introspection_cpp/mainspace/msg/detail/coffee__type_support.cpp.o[0m
[ 31%] [32mBuilding CXX object CMakeFiles/mainspace__rosidl_typesupport_fastrtps_c.dir/rosidl_typesupport_fastrtps_c/mainspace/msg/detail/desk__type_support_c.cpp.o[0m
[ 32%] [32mBuilding CXX object CMakeFiles/mainspace__rosidl_typesupport_fastrtps_cpp.dir/rosidl_typesupport_fastrtps_cpp/mainspace/msg/detail/dds_fastrtps/coffee__type_support.cpp.o[0m
[ 34%] [32mBuilding CXX object CMakeFiles/mainspace__rosidl_typesupport_cpp.dir/rosidl_typesupport_cpp/mainspace/msg/command__type_support.cpp.o[0m
[ 35%] [32mBuilding CXX object CMakeFiles/mainspace__rosidl_typesupport_introspection_cpp.dir/rosidl_typesupport_introspection_cpp/mainspace/msg/detail/csv_file__type_support.cpp.o[0m
[ 36%] [32mBuilding CXX object CMakeFiles/mainspace__rosidl_typesupport_fastrtps_c.dir/rosidl_typesupport_fastrtps_c/mainspace/msg/detail/coffee__type_support_c.cpp.o[0m
[ 37%] [32mBuilding CXX object CMakeFiles/mainspace__rosidl_typesupport_cpp.dir/rosidl_typesupport_cpp/mainspace/msg/pause__type_support.cpp.o[0m
[ 38%] [32mBuilding CXX object CMakeFiles/mainspace__rosidl_typesupport_fastrtps_cpp.dir/rosidl_typesupport_fastrtps_cpp/mainspace/msg/detail/dds_fastrtps/csv_file__type_support.cpp.o[0m
[ 39%] [32mBuilding CXX object CMakeFiles/mainspace__rosidl_typesupport_introspection_cpp.dir/rosidl_typesupport_introspection_cpp/mainspace/msg/detail/command__type_support.cpp.o[0m
[ 40%] [32mBuilding CXX object CMakeFiles/mainspace__rosidl_typesupport_fastrtps_c.dir/rosidl_typesupport_fastrtps_c/mainspace/msg/detail/csv_file__type_support_c.cpp.o[0m
[ 41%] [32m[1mLinking CXX shared library libmainspace__rosidl_typesupport_cpp.so[0m
[ 41%] Built target mainspace__rosidl_typesupport_cpp
[ 42%] [32mBuilding CXX object CMakeFiles/mainspace__rosidl_typesupport_fastrtps_c.dir/rosidl_typesupport_fastrtps_c/mainspace/msg/detail/command__type_support_c.cpp.o[0m
[ 43%] [32mBuilding CXX object CMakeFiles/mainspace__rosidl_typesupport_fastrtps_cpp.dir/rosidl_typesupport_fastrtps_cpp/mainspace/msg/detail/dds_fastrtps/command__type_support.cpp.o[0m
[ 45%] [32mBuilding CXX object CMakeFiles/mainspace__rosidl_typesupport_fastrtps_c.dir/rosidl_typesupport_fastrtps_c/mainspace/msg/detail/pause__type_support_c.cpp.o[0m
[ 46%] [32mBuilding CXX object CMakeFiles/mainspace__rosidl_typesupport_introspection_cpp.dir/rosidl_typesupport_introspection_cpp/mainspace/msg/detail/pause__type_support.cpp.o[0m
[ 47%] [32mBuilding CXX object CMakeFiles/mainspace__rosidl_typesupport_fastrtps_cpp.dir/rosidl_typesupport_fastrtps_cpp/mainspace/msg/detail/dds_fastrtps/pause__type_support.cpp.o[0m
[ 48%] [34m[1mGenerating C introspection for ROS interfaces[0m
[ 49%] [32m[1mLinking CXX shared library libmainspace__rosidl_typesupport_fastrtps_c.so[0m
[ 49%] Built target mainspace__rosidl_typesupport_fastrtps_c
[ 50%] [34m[1mGenerating C type support dispatch for ROS interfaces[0m
[ 51%] [32m[1mLinking CXX shared library libmainspace__rosidl_typesupport_introspection_cpp.so[0m
[ 52%] [32m[1mLinking CXX shared library libmainspace__rosidl_typesupport_fastrtps_cpp.so[0m
[ 52%] Built target mainspace__rosidl_typesupport_introspection_cpp
[ 53%] [32mBuilding CXX object CMakeFiles/navigator_lib.dir/src/navigator.cpp.o[0m
[ 53%] Built target mainspace__rosidl_typesupport_fastrtps_cpp
[35m[1mConsolidate compiler generated dependencies of target mainspace__rosidl_typesupport_introspection_c[0m
[35m[1mConsolidate compiler generated dependencies of target mainspace__rosidl_typesupport_c[0m
[ 54%] [32mBuilding C object CMakeFiles/mainspace__rosidl_typesupport_introspection_c.dir/rosidl_typesupport_introspection_c/mainspace/msg/detail/to_stm_speed__type_support.c.o[0m
[ 56%] [32mBuilding C object CMakeFiles/mainspace__rosidl_typesupport_introspection_c.dir/rosidl_typesupport_introspection_c/mainspace/msg/detail/position__type_support.c.o[0m
[ 57%] [32mBuilding CXX object CMakeFiles/mainspace__rosidl_typesupport_c.dir/rosidl_typesupport_c/mainspace/msg/to_stm_speed__type_support.cpp.o[0m
[ 58%] [32mBuilding CXX object CMakeFiles/mainspace__rosidl_typesupport_c.dir/rosidl_typesupport_c/mainspace/msg/position__type_support.cpp.o[0m
[ 59%] [32mBuilding CXX object CMakeFiles/mainspace__rosidl_typesupport_c.dir/rosidl_typesupport_c/mainspace/msg/desk__type_support.cpp.o[0m
[ 60%] [32mBuilding C object CMakeFiles/mainspace__rosidl_typesupport_introspection_c.dir/rosidl_typesupport_introspection_c/mainspace/msg/detail/desk__type_support.c.o[0m
[ 61%] [32mBuilding C object CMakeFiles/mainspace__rosidl_typesupport_introspection_c.dir/rosidl_typesupport_introspection_c/mainspace/msg/detail/coffee__type_support.c.o[0m
[ 62%] [32mBuilding CXX object CMakeFiles/mainspace__rosidl_typesupport_c.dir/rosidl_typesupport_c/mainspace/msg/coffee__type_support.cpp.o[0m
[ 63%] [32mBuilding C object CMakeFiles/mainspace__rosidl_typesupport_introspection_c.dir/rosidl_typesupport_introspection_c/mainspace/msg/detail/csv_file__type_support.c.o[0m
[ 64%] [32mBuilding C object CMakeFiles/mainspace__rosidl_typesupport_introspection_c.dir/rosidl_typesupport_introspection_c/mainspace/msg/detail/command__type_support.c.o[0m
[ 65%] [32mBuilding CXX object CMakeFiles/mainspace__rosidl_typesupport_c.dir/rosidl_typesupport_c/mainspace/msg/csv_file__type_support.cpp.o[0m
[ 67%] [32mBuilding C object CMakeFiles/mainspace__rosidl_typesupport_introspection_c.dir/rosidl_typesupport_introspection_c/mainspace/msg/detail/pause__type_support.c.o[0m
[ 68%] [32mBuilding CXX object CMakeFiles/mainspace__rosidl_typesupport_c.dir/rosidl_typesupport_c/mainspace/msg/pause__type_support.cpp.o[0m
[ 69%] [32mBuilding CXX object CMakeFiles/mainspace__rosidl_typesupport_c.dir/rosidl_typesupport_c/mainspace/msg/command__type_support.cpp.o[0m
[ 70%] [32m[1mLinking C shared library libmainspace__rosidl_typesupport_introspection_c.so[0m
[ 70%] Built target mainspace__rosidl_typesupport_introspection_c
[ 71%] [32m[1mLinking CXX shared library libmainspace__rosidl_typesupport_c.so[0m
[ 71%] Built target mainspace__rosidl_typesupport_c
[ 71%] Built target mainspace
[ 72%] [34m[1mGenerating Python code for ROS interfaces[0m
[ 72%] Built target mainspace__py
[35m[1mConsolidate compiler generated dependencies of target mainspace__rosidl_generator_py[0m
[ 73%] [32mBuilding C object CMakeFiles/mainspace__rosidl_generator_py.dir/rosidl_generator_py/mainspace/msg/_to_stm_speed_s.c.o[0m
[ 74%] [32mBuilding C object CMakeFiles/mainspace__rosidl_generator_py.dir/rosidl_generator_py/mainspace/msg/_desk_s.c.o[0m
[ 75%] [32mBuilding C object CMakeFiles/mainspace__rosidl_generator_py.dir/rosidl_generator_py/mainspace/msg/_position_s.c.o[0m
[ 76%] [32mBuilding C object CMakeFiles/mainspace__rosidl_generator_py.dir/rosidl_generator_py/mainspace/msg/_coffee_s.c.o[0m
[ 78%] [32mBuilding C object CMakeFiles/mainspace__rosidl_generator_py.dir/rosidl_generator_py/mainspace/msg/_csv_file_s.c.o[0m
[ 79%] [32mBuilding C object CMakeFiles/mainspace__rosidl_generator_py.dir/rosidl_generator_py/mainspace/msg/_command_s.c.o[0m
[ 80%] [32mBuilding C object CMakeFiles/mainspace__rosidl_generator_py.dir/rosidl_generator_py/mainspace/msg/_pause_s.c.o[0m
[ 81%] [32m[1mLinking C shared library rosidl_generator_py/mainspace/libmainspace__rosidl_generator_py.so[0m
[ 81%] Built target mainspace__rosidl_generator_py
[35m[1mConsolidate compiler generated dependencies of target mainspace__rosidl_typesupport_fastrtps_c__pyext[0m
[35m[1mConsolidate compiler generated dependencies of target mainspace__rosidl_typesupport_introspection_c__pyext[0m
[ 82%] [32mBuilding C object CMakeFiles/mainspace__rosidl_typesupport_fastrtps_c__pyext.dir/rosidl_generator_py/mainspace/_mainspace_s.ep.rosidl_typesupport_fastrtps_c.c.o[0m
[ 83%] [32mBuilding C object CMakeFiles/mainspace__rosidl_typesupport_introspection_c__pyext.dir/rosidl_generator_py/mainspace/_mainspace_s.ep.rosidl_typesupport_introspection_c.c.o[0m
[ 84%] [32m[1mLinking C shared library rosidl_generator_py/mainspace/mainspace_s__rosidl_typesupport_fastrtps_c.cpython-310-aarch64-linux-gnu.so[0m
[ 85%] [32m[1mLinking C shared library rosidl_generator_py/mainspace/mainspace_s__rosidl_typesupport_introspection_c.cpython-310-aarch64-linux-gnu.so[0m
[ 85%] Built target mainspace__rosidl_typesupport_fastrtps_c__pyext
[ 85%] Built target mainspace__rosidl_typesupport_introspection_c__pyext
[35m[1mConsolidate compiler generated dependencies of target mainspace__rosidl_typesupport_c__pyext[0m
[ 86%] [32mBuilding C object CMakeFiles/mainspace__rosidl_typesupport_c__pyext.dir/rosidl_generator_py/mainspace/_mainspace_s.ep.rosidl_typesupport_c.c.o[0m
[ 87%] [32m[1mLinking C shared library rosidl_generator_py/mainspace/mainspace_s__rosidl_typesupport_c.cpython-310-aarch64-linux-gnu.so[0m
[ 87%] Built target mainspace__rosidl_typesupport_c__pyext
[ 89%] [32m[1mLinking CXX shared library libnavigator_lib.so[0m
[ 89%] Built target navigator_lib
[ 90%] [32mBuilding CXX object CMakeFiles/Stage3.dir/src/Stage3.cpp.o[0m
[ 92%] [32mBuilding CXX object CMakeFiles/Stage4.dir/src/Stage4.cpp.o[0m
[ 92%] [32mBuilding CXX object CMakeFiles/Stage2.dir/src/Stage2.cpp.o[0m
[ 93%] [32mBuilding CXX object CMakeFiles/navigator_main.dir/src/navigator_main.cpp.o[0m
[ 94%] [32m[1mLinking CXX executable navigator_main[0m
[ 94%] Built target navigator_main
[ 95%] [32mBuilding CXX object CMakeFiles/StageManager.dir/src/StageManager.cpp.o[0m
[ 96%] [32m[1mLinking CXX executable Stage4[0m
[ 97%] [32m[1mLinking CXX executable Stage3[0m
[ 97%] Built target Stage3
[ 97%] Built target Stage4
[ 98%] [32m[1mLinking CXX executable StageManager[0m
[ 98%] Built target StageManager
[100%] [32m[1mLinking CXX executable Stage2[0m
[100%] Built target Stage2
-- Install configuration: ""
-- Installing: /home/fu941/TDK_ros/install/mainspace/share/ament_index/resource_index/rosidl_interfaces/mainspace
-- Installing: /home/fu941/TDK_ros/install/mainspace/include/mainspace/mainspace
-- Installing: /home/fu941/TDK_ros/install/mainspace/include/mainspace/mainspace/msg
-- Installing: /home/fu941/TDK_ros/install/mainspace/include/mainspace/mainspace/msg/position.h
-- Installing: /home/fu941/TDK_ros/install/mainspace/include/mainspace/mainspace/msg/encoder_speed.h
-- Installing: /home/fu941/TDK_ros/install/mainspace/include/mainspace/mainspace/msg/command.h
-- Installing: /home/fu941/TDK_ros/install/mainspace/include/mainspace/mainspace/msg/pause.h
-- Installing: /home/fu941/TDK_ros/install/mainspace/include/mainspace/mainspace/msg/desk.h
-- Installing: /home/fu941/TDK_ros/install/mainspace/include/mainspace/mainspace/msg/csv_file.h
-- Installing: /home/fu941/TDK_ros/install/mainspace/include/mainspace/mainspace/msg/to_stm_speed.h
-- Installing: /home/fu941/TDK_ros/install/mainspace/include/mainspace/mainspace/msg/rosidl_generator_c__visibility_control.h
-- Installing: /home/fu941/TDK_ros/install/mainspace/include/mainspace/mainspace/msg/detail
-- Installing: /home/fu941/TDK_ros/install/mainspace/include/mainspace/mainspace/msg/detail/desk__functions.c
-- Installing: /home/fu941/TDK_ros/install/mainspace/include/mainspace/mainspace/msg/detail/coffee__functions.c
-- Installing: /home/fu941/TDK_ros/install/mainspace/include/mainspace/mainspace/msg/detail/to_stm_speed__functions.h
-- Installing: /home/fu941/TDK_ros/install/mainspace/include/mainspace/mainspace/msg/detail/pause__functions.h
-- Installing: /home/fu941/TDK_ros/install/mainspace/include/mainspace/mainspace/msg/detail/command__functions.c
-- Installing: /home/fu941/TDK_ros/install/mainspace/include/mainspace/mainspace/msg/detail/position__functions.h
-- Installing: /home/fu941/TDK_ros/install/mainspace/include/mainspace/mainspace/msg/detail/desk__type_support.h
-- Installing: /home/fu941/TDK_ros/install/mainspace/include/mainspace/mainspace/msg/detail/to_stm_speed__type_support.h
-- Installing: /home/fu941/TDK_ros/install/mainspace/include/mainspace/mainspace/msg/detail/desk__functions.h
-- Installing: /home/fu941/TDK_ros/install/mainspace/include/mainspace/mainspace/msg/detail/coffee__type_support.h
-- Installing: /home/fu941/TDK_ros/install/mainspace/include/mainspace/mainspace/msg/detail/position__struct.h
-- Installing: /home/fu941/TDK_ros/install/mainspace/include/mainspace/mainspace/msg/detail/pause__functions.c
-- Installing: /home/fu941/TDK_ros/install/mainspace/include/mainspace/mainspace/msg/detail/position__functions.c
-- Installing: /home/fu941/TDK_ros/install/mainspace/include/mainspace/mainspace/msg/detail/coffee__struct.h
-- Installing: /home/fu941/TDK_ros/install/mainspace/include/mainspace/mainspace/msg/detail/csv_file__type_support.h
-- Installing: /home/fu941/TDK_ros/install/mainspace/include/mainspace/mainspace/msg/detail/position__type_support.h
-- Installing: /home/fu941/TDK_ros/install/mainspace/include/mainspace/mainspace/msg/detail/command__struct.h
-- Installing: /home/fu941/TDK_ros/install/mainspace/include/mainspace/mainspace/msg/detail/csv_file__functions.h
-- Installing: /home/fu941/TDK_ros/install/mainspace/include/mainspace/mainspace/msg/detail/command__type_support.h
-- Installing: /home/fu941/TDK_ros/install/mainspace/include/mainspace/mainspace/msg/detail/command__functions.h
-- Installing: /home/fu941/TDK_ros/install/mainspace/include/mainspace/mainspace/msg/detail/encoder_speed__struct.h
-- Installing: /home/fu941/TDK_ros/install/mainspace/include/mainspace/mainspace/msg/detail/encoder_speed__functions.c
-- Installing: /home/fu941/TDK_ros/install/mainspace/include/mainspace/mainspace/msg/detail/desk__struct.h
-- Installing: /home/fu941/TDK_ros/install/mainspace/include/mainspace/mainspace/msg/detail/encoder_speed__functions.h
-- Installing: /home/fu941/TDK_ros/install/mainspace/include/mainspace/mainspace/msg/detail/encoder_speed__type_support.h
-- Installing: /home/fu941/TDK_ros/install/mainspace/include/mainspace/mainspace/msg/detail/coffee__functions.h
-- Installing: /home/fu941/TDK_ros/install/mainspace/include/mainspace/mainspace/msg/detail/pause__struct.h
-- Installing: /home/fu941/TDK_ros/install/mainspace/include/mainspace/mainspace/msg/detail/to_stm_speed__functions.c
-- Installing: /home/fu941/TDK_ros/install/mainspace/include/mainspace/mainspace/msg/detail/csv_file__functions.c
-- Installing: /home/fu941/TDK_ros/install/mainspace/include/mainspace/mainspace/msg/detail/csv_file__struct.h
-- Installing: /home/fu941/TDK_ros/install/mainspace/include/mainspace/mainspace/msg/detail/to_stm_speed__struct.h
-- Installing: /home/fu941/TDK_ros/install/mainspace/include/mainspace/mainspace/msg/detail/pause__type_support.h
-- Installing: /home/fu941/TDK_ros/install/mainspace/include/mainspace/mainspace/msg/coffee.h
-- Installing: /home/fu941/TDK_ros/install/mainspace/share/mainspace/environment/library_path.sh
-- Installing: /home/fu941/TDK_ros/install/mainspace/share/mainspace/environment/library_path.dsv
-- Installing: /home/fu941/TDK_ros/install/mainspace/lib/libmainspace__rosidl_generator_c.so
-- Set runtime path of "/home/fu941/TDK_ros/install/mainspace/lib/libmainspace__rosidl_generator_c.so" to ""
-- Up-to-date: /home/fu941/TDK_ros/install/mainspace/include/mainspace/mainspace
-- Up-to-date: /home/fu941/TDK_ros/install/mainspace/include/mainspace/mainspace/msg
-- Installing: /home/fu941/TDK_ros/install/mainspace/include/mainspace/mainspace/msg/rosidl_typesupport_fastrtps_c__visibility_control.h
-- Up-to-date: /home/fu941/TDK_ros/install/mainspace/include/mainspace/mainspace/msg/detail
-- Installing: /home/fu941/TDK_ros/install/mainspace/include/mainspace/mainspace/msg/detail/pause__rosidl_typesupport_fastrtps_c.h
-- Installing: /home/fu941/TDK_ros/install/mainspace/include/mainspace/mainspace/msg/detail/csv_file__rosidl_typesupport_fastrtps_c.h
-- Installing: /home/fu941/TDK_ros/install/mainspace/include/mainspace/mainspace/msg/detail/coffee__rosidl_typesupport_fastrtps_c.h
-- Installing: /home/fu941/TDK_ros/install/mainspace/include/mainspace/mainspace/msg/detail/encoder_speed__rosidl_typesupport_fastrtps_c.h
-- Installing: /home/fu941/TDK_ros/install/mainspace/include/mainspace/mainspace/msg/detail/desk__rosidl_typesupport_fastrtps_c.h
-- Installing: /home/fu941/TDK_ros/install/mainspace/include/mainspace/mainspace/msg/detail/command__rosidl_typesupport_fastrtps_c.h
-- Installing: /home/fu941/TDK_ros/install/mainspace/include/mainspace/mainspace/msg/detail/position__rosidl_typesupport_fastrtps_c.h
-- Installing: /home/fu941/TDK_ros/install/mainspace/include/mainspace/mainspace/msg/detail/to_stm_speed__rosidl_typesupport_fastrtps_c.h
-- Installing: /home/fu941/TDK_ros/install/mainspace/lib/libmainspace__rosidl_typesupport_fastrtps_c.so
-- Set runtime path of "/home/fu941/TDK_ros/install/mainspace/lib/libmainspace__rosidl_typesupport_fastrtps_c.so" to ""
-- Up-to-date: /home/fu941/TDK_ros/install/mainspace/include/mainspace/mainspace
-- Up-to-date: /home/fu941/TDK_ros/install/mainspace/include/mainspace/mainspace/msg
-- Installing: /home/fu941/TDK_ros/install/mainspace/include/mainspace/mainspace/msg/csv_file.hpp
-- Installing: /home/fu941/TDK_ros/install/mainspace/include/mainspace/mainspace/msg/command.hpp
-- Installing: /home/fu941/TDK_ros/install/mainspace/include/mainspace/mainspace/msg/coffee.hpp
-- Installing: /home/fu941/TDK_ros/install/mainspace/include/mainspace/mainspace/msg/to_stm_speed.hpp
-- Installing: /home/fu941/TDK_ros/install/mainspace/include/mainspace/mainspace/msg/pause.hpp
-- Installing: /home/fu941/TDK_ros/install/mainspace/include/mainspace/mainspace/msg/encoder_speed.hpp
-- Installing: /home/fu941/TDK_ros/install/mainspace/include/mainspace/mainspace/msg/position.hpp
-- Up-to-date: /home/fu941/TDK_ros/install/mainspace/include/mainspace/mainspace/msg/detail
-- Installing: /home/fu941/TDK_ros/install/mainspace/include/mainspace/mainspace/msg/detail/desk__struct.hpp
-- Installing: /home/fu941/TDK_ros/install/mainspace/include/mainspace/mainspace/msg/detail/to_stm_speed__builder.hpp
-- Installing: /home/fu941/TDK_ros/install/mainspace/include/mainspace/mainspace/msg/detail/command__builder.hpp
-- Installing: /home/fu941/TDK_ros/install/mainspace/include/mainspace/mainspace/msg/detail/pause__builder.hpp
-- Installing: /home/fu941/TDK_ros/install/mainspace/include/mainspace/mainspace/msg/detail/csv_file__traits.hpp
-- Installing: /home/fu941/TDK_ros/install/mainspace/include/mainspace/mainspace/msg/detail/desk__type_support.hpp
-- Installing: /home/fu941/TDK_ros/install/mainspace/include/mainspace/mainspace/msg/detail/position__struct.hpp
-- Installing: /home/fu941/TDK_ros/install/mainspace/include/mainspace/mainspace/msg/detail/encoder_speed__builder.hpp
-- Installing: /home/fu941/TDK_ros/install/mainspace/include/mainspace/mainspace/msg/detail/command__struct.hpp
-- Installing: /home/fu941/TDK_ros/install/mainspace/include/mainspace/mainspace/msg/detail/coffee__struct.hpp
-- Installing: /home/fu941/TDK_ros/install/mainspace/include/mainspace/mainspace/msg/detail/position__traits.hpp
-- Installing: /home/fu941/TDK_ros/install/mainspace/include/mainspace/mainspace/msg/detail/csv_file__struct.hpp
-- Installing: /home/fu941/TDK_ros/install/mainspace/include/mainspace/mainspace/msg/detail/coffee__traits.hpp
-- Installing: /home/fu941/TDK_ros/install/mainspace/include/mainspace/mainspace/msg/detail/encoder_speed__traits.hpp
-- Installing: /home/fu941/TDK_ros/install/mainspace/include/mainspace/mainspace/msg/detail/pause__traits.hpp
-- Installing: /home/fu941/TDK_ros/install/mainspace/include/mainspace/mainspace/msg/detail/command__type_support.hpp
-- Installing: /home/fu941/TDK_ros/install/mainspace/include/mainspace/mainspace/msg/detail/command__traits.hpp
-- Installing: /home/fu941/TDK_ros/install/mainspace/include/mainspace/mainspace/msg/detail/pause__type_support.hpp
-- Installing: /home/fu941/TDK_ros/install/mainspace/include/mainspace/mainspace/msg/detail/encoder_speed__struct.hpp
-- Installing: /home/fu941/TDK_ros/install/mainspace/include/mainspace/mainspace/msg/detail/csv_file__type_support.hpp
-- Installing: /home/fu941/TDK_ros/install/mainspace/include/mainspace/mainspace/msg/detail/coffee__builder.hpp
-- Installing: /home/fu941/TDK_ros/install/mainspace/include/mainspace/mainspace/msg/detail/to_stm_speed__struct.hpp
-- Installing: /home/fu941/TDK_ros/install/mainspace/include/mainspace/mainspace/msg/detail/coffee__type_support.hpp
-- Installing: /home/fu941/TDK_ros/install/mainspace/include/mainspace/mainspace/msg/detail/position__builder.hpp
-- Installing: /home/fu941/TDK_ros/install/mainspace/include/mainspace/mainspace/msg/detail/pause__struct.hpp
-- Installing: /home/fu941/TDK_ros/install/mainspace/include/mainspace/mainspace/msg/detail/position__type_support.hpp
-- Installing: /home/fu941/TDK_ros/install/mainspace/include/mainspace/mainspace/msg/detail/desk__builder.hpp
-- Installing: /home/fu941/TDK_ros/install/mainspace/include/mainspace/mainspace/msg/detail/encoder_speed__type_support.hpp
-- Installing: /home/fu941/TDK_ros/install/mainspace/include/mainspace/mainspace/msg/detail/to_stm_speed__traits.hpp
-- Installing: /home/fu941/TDK_ros/install/mainspace/include/mainspace/mainspace/msg/detail/to_stm_speed__type_support.hpp
-- Installing: /home/fu941/TDK_ros/install/mainspace/include/mainspace/mainspace/msg/detail/desk__traits.hpp
-- Installing: /home/fu941/TDK_ros/install/mainspace/include/mainspace/mainspace/msg/detail/csv_file__builder.hpp
-- Installing: /home/fu941/TDK_ros/install/mainspace/include/mainspace/mainspace/msg/rosidl_generator_cpp__visibility_control.hpp
-- Installing: /home/fu941/TDK_ros/install/mainspace/include/mainspace/mainspace/msg/desk.hpp
-- Up-to-date: /home/fu941/TDK_ros/install/mainspace/include/mainspace/mainspace
-- Up-to-date: /home/fu941/TDK_ros/install/mainspace/include/mainspace/mainspace/msg
-- Installing: /home/fu941/TDK_ros/install/mainspace/include/mainspace/mainspace/msg/rosidl_typesupport_fastrtps_cpp__visibility_control.h
-- Up-to-date: /home/fu941/TDK_ros/install/mainspace/include/mainspace/mainspace/msg/detail
-- Installing: /home/fu941/TDK_ros/install/mainspace/include/mainspace/mainspace/msg/detail/csv_file__rosidl_typesupport_fastrtps_cpp.hpp
-- Installing: /home/fu941/TDK_ros/install/mainspace/include/mainspace/mainspace/msg/detail/position__rosidl_typesupport_fastrtps_cpp.hpp
-- Installing: /home/fu941/TDK_ros/install/mainspace/include/mainspace/mainspace/msg/detail/dds_fastrtps
-- Installing: /home/fu941/TDK_ros/install/mainspace/include/mainspace/mainspace/msg/detail/desk__rosidl_typesupport_fastrtps_cpp.hpp
-- Installing: /home/fu941/TDK_ros/install/mainspace/include/mainspace/mainspace/msg/detail/pause__rosidl_typesupport_fastrtps_cpp.hpp
-- Installing: /home/fu941/TDK_ros/install/mainspace/include/mainspace/mainspace/msg/detail/to_stm_speed__rosidl_typesupport_fastrtps_cpp.hpp
-- Installing: /home/fu941/TDK_ros/install/mainspace/include/mainspace/mainspace/msg/detail/command__rosidl_typesupport_fastrtps_cpp.hpp
-- Installing: /home/fu941/TDK_ros/install/mainspace/include/mainspace/mainspace/msg/detail/coffee__rosidl_typesupport_fastrtps_cpp.hpp
-- Installing: /home/fu941/TDK_ros/install/mainspace/include/mainspace/mainspace/msg/detail/encoder_speed__rosidl_typesupport_fastrtps_cpp.hpp
-- Installing: /home/fu941/TDK_ros/install/mainspace/lib/libmainspace__rosidl_typesupport_fastrtps_cpp.so
-- Set runtime path of "/home/fu941/TDK_ros/install/mainspace/lib/libmainspace__rosidl_typesupport_fastrtps_cpp.so" to ""
-- Up-to-date: /home/fu941/TDK_ros/install/mainspace/include/mainspace/mainspace
-- Up-to-date: /home/fu941/TDK_ros/install/mainspace/include/mainspace/mainspace/msg
-- Up-to-date: /home/fu941/TDK_ros/install/mainspace/include/mainspace/mainspace/msg/detail
-- Installing: /home/fu941/TDK_ros/install/mainspace/include/mainspace/mainspace/msg/detail/csv_file__rosidl_typesupport_introspection_c.h
-- Installing: /home/fu941/TDK_ros/install/mainspace/include/mainspace/mainspace/msg/detail/position__type_support.c
-- Installing: /home/fu941/TDK_ros/install/mainspace/include/mainspace/mainspace/msg/detail/command__rosidl_typesupport_introspection_c.h
-- Installing: /home/fu941/TDK_ros/install/mainspace/include/mainspace/mainspace/msg/detail/pause__type_support.c
-- Installing: /home/fu941/TDK_ros/install/mainspace/include/mainspace/mainspace/msg/detail/position__rosidl_typesupport_introspection_c.h
-- Installing: /home/fu941/TDK_ros/install/mainspace/include/mainspace/mainspace/msg/detail/pause__rosidl_typesupport_introspection_c.h
-- Installing: /home/fu941/TDK_ros/install/mainspace/include/mainspace/mainspace/msg/detail/to_stm_speed__type_support.c
-- Installing: /home/fu941/TDK_ros/install/mainspace/include/mainspace/mainspace/msg/detail/coffee__type_support.c
-- Installing: /home/fu941/TDK_ros/install/mainspace/include/mainspace/mainspace/msg/detail/desk__type_support.c
-- Installing: /home/fu941/TDK_ros/install/mainspace/include/mainspace/mainspace/msg/detail/to_stm_speed__rosidl_typesupport_introspection_c.h
-- Installing: /home/fu941/TDK_ros/install/mainspace/include/mainspace/mainspace/msg/detail/coffee__rosidl_typesupport_introspection_c.h
-- Installing: /home/fu941/TDK_ros/install/mainspace/include/mainspace/mainspace/msg/detail/command__type_support.c
-- Installing: /home/fu941/TDK_ros/install/mainspace/include/mainspace/mainspace/msg/detail/desk__rosidl_typesupport_introspection_c.h
-- Installing: /home/fu941/TDK_ros/install/mainspace/include/mainspace/mainspace/msg/detail/csv_file__type_support.c
-- Installing: /home/fu941/TDK_ros/install/mainspace/include/mainspace/mainspace/msg/detail/encoder_speed__rosidl_typesupport_introspection_c.h
-- Installing: /home/fu941/TDK_ros/install/mainspace/include/mainspace/mainspace/msg/detail/encoder_speed__type_support.c
-- Installing: /home/fu941/TDK_ros/install/mainspace/include/mainspace/mainspace/msg/rosidl_typesupport_introspection_c__visibility_control.h
-- Installing: /home/fu941/TDK_ros/install/mainspace/lib/libmainspace__rosidl_typesupport_introspection_c.so
-- Set runtime path of "/home/fu941/TDK_ros/install/mainspace/lib/libmainspace__rosidl_typesupport_introspection_c.so" to ""
-- Installing: /home/fu941/TDK_ros/install/mainspace/lib/libmainspace__rosidl_typesupport_c.so
-- Set runtime path of "/home/fu941/TDK_ros/install/mainspace/lib/libmainspace__rosidl_typesupport_c.so" to ""
-- Up-to-date: /home/fu941/TDK_ros/install/mainspace/include/mainspace/mainspace
-- Up-to-date: /home/fu941/TDK_ros/install/mainspace/include/mainspace/mainspace/msg
-- Up-to-date: /home/fu941/TDK_ros/install/mainspace/include/mainspace/mainspace/msg/detail
-- Installing: /home/fu941/TDK_ros/install/mainspace/include/mainspace/mainspace/msg/detail/encoder_speed__type_support.cpp
-- Installing: /home/fu941/TDK_ros/install/mainspace/include/mainspace/mainspace/msg/detail/to_stm_speed__type_support.cpp
-- Installing: /home/fu941/TDK_ros/install/mainspace/include/mainspace/mainspace/msg/detail/csv_file__rosidl_typesupport_introspection_cpp.hpp
-- Installing: /home/fu941/TDK_ros/install/mainspace/include/mainspace/mainspace/msg/detail/pause__type_support.cpp
-- Installing: /home/fu941/TDK_ros/install/mainspace/include/mainspace/mainspace/msg/detail/position__rosidl_typesupport_introspection_cpp.hpp
-- Installing: /home/fu941/TDK_ros/install/mainspace/include/mainspace/mainspace/msg/detail/command__rosidl_typesupport_introspection_cpp.hpp
-- Installing: /home/fu941/TDK_ros/install/mainspace/include/mainspace/mainspace/msg/detail/coffee__type_support.cpp
-- Installing: /home/fu941/TDK_ros/install/mainspace/include/mainspace/mainspace/msg/detail/pause__rosidl_typesupport_introspection_cpp.hpp
-- Installing: /home/fu941/TDK_ros/install/mainspace/include/mainspace/mainspace/msg/detail/desk__type_support.cpp
-- Installing: /home/fu941/TDK_ros/install/mainspace/include/mainspace/mainspace/msg/detail/to_stm_speed__rosidl_typesupport_introspection_cpp.hpp
-- Installing: /home/fu941/TDK_ros/install/mainspace/include/mainspace/mainspace/msg/detail/coffee__rosidl_typesupport_introspection_cpp.hpp
-- Installing: /home/fu941/TDK_ros/install/mainspace/include/mainspace/mainspace/msg/detail/encoder_speed__rosidl_typesupport_introspection_cpp.hpp
-- Installing: /home/fu941/TDK_ros/install/mainspace/include/mainspace/mainspace/msg/detail/csv_file__type_support.cpp
-- Installing: /home/fu941/TDK_ros/install/mainspace/include/mainspace/mainspace/msg/detail/position__type_support.cpp
-- Installing: /home/fu941/TDK_ros/install/mainspace/include/mainspace/mainspace/msg/detail/command__type_support.cpp
-- Installing: /home/fu941/TDK_ros/install/mainspace/include/mainspace/mainspace/msg/detail/desk__rosidl_typesupport_introspection_cpp.hpp
-- Installing: /home/fu941/TDK_ros/install/mainspace/lib/libmainspace__rosidl_typesupport_introspection_cpp.so
-- Set runtime path of "/home/fu941/TDK_ros/install/mainspace/lib/libmainspace__rosidl_typesupport_introspection_cpp.so" to ""
-- Installing: /home/fu941/TDK_ros/install/mainspace/lib/libmainspace__rosidl_typesupport_cpp.so
-- Set runtime path of "/home/fu941/TDK_ros/install/mainspace/lib/libmainspace__rosidl_typesupport_cpp.so" to ""
-- Installing: /home/fu941/TDK_ros/install/mainspace/share/mainspace/environment/pythonpath.sh
-- Installing: /home/fu941/TDK_ros/install/mainspace/share/mainspace/environment/pythonpath.dsv
-- Installing: /home/fu941/TDK_ros/install/mainspace/local/lib/python3.10/dist-packages/mainspace-0.0.0-py3.10.egg-info
-- Installing: /home/fu941/TDK_ros/install/mainspace/local/lib/python3.10/dist-packages/mainspace-0.0.0-py3.10.egg-info/PKG-INFO
-- Installing: /home/fu941/TDK_ros/install/mainspace/local/lib/python3.10/dist-packages/mainspace-0.0.0-py3.10.egg-info/top_level.txt
-- Installing: /home/fu941/TDK_ros/install/mainspace/local/lib/python3.10/dist-packages/mainspace-0.0.0-py3.10.egg-info/SOURCES.txt
-- Installing: /home/fu941/TDK_ros/install/mainspace/local/lib/python3.10/dist-packages/mainspace-0.0.0-py3.10.egg-info/dependency_links.txt
-- Installing: /home/fu941/TDK_ros/install/mainspace/local/lib/python3.10/dist-packages/mainspace
-- Installing: /home/fu941/TDK_ros/install/mainspace/local/lib/python3.10/dist-packages/mainspace/__init__.py
-- Installing: /home/fu941/TDK_ros/install/mainspace/local/lib/python3.10/dist-packages/mainspace/mainspace_s__rosidl_typesupport_c.cpython-310-aarch64-linux-gnu.so
-- Installing: /home/fu941/TDK_ros/install/mainspace/local/lib/python3.10/dist-packages/mainspace/_mainspace_s.ep.rosidl_typesupport_fastrtps_c.c
-- Installing: /home/fu941/TDK_ros/install/mainspace/local/lib/python3.10/dist-packages/mainspace/_mainspace_s.ep.rosidl_typesupport_c.c
-- Installing: /home/fu941/TDK_ros/install/mainspace/local/lib/python3.10/dist-packages/mainspace/_mainspace_s.ep.rosidl_typesupport_introspection_c.c
-- Installing: /home/fu941/TDK_ros/install/mainspace/local/lib/python3.10/dist-packages/mainspace/libmainspace__rosidl_generator_py.so
-- Installing: /home/fu941/TDK_ros/install/mainspace/local/lib/python3.10/dist-packages/mainspace/msg
-- Installing: /home/fu941/TDK_ros/install/mainspace/local/lib/python3.10/dist-packages/mainspace/msg/_coffee.py
-- Installing: /home/fu941/TDK_ros/install/mainspace/local/lib/python3.10/dist-packages/mainspace/msg/__init__.py
-- Installing: /home/fu941/TDK_ros/install/mainspace/local/lib/python3.10/dist-packages/mainspace/msg/_command_s.c
-- Installing: /home/fu941/TDK_ros/install/mainspace/local/lib/python3.10/dist-packages/mainspace/msg/_csv_file_s.c
-- Installing: /home/fu941/TDK_ros/install/mainspace/local/lib/python3.10/dist-packages/mainspace/msg/_encoder_speed.py
-- Installing: /home/fu941/TDK_ros/install/mainspace/local/lib/python3.10/dist-packages/mainspace/msg/_desk.py
-- Installing: /home/fu941/TDK_ros/install/mainspace/local/lib/python3.10/dist-packages/mainspace/msg/_pause.py
-- Installing: /home/fu941/TDK_ros/install/mainspace/local/lib/python3.10/dist-packages/mainspace/msg/_to_stm_speed.py
-- Installing: /home/fu941/TDK_ros/install/mainspace/local/lib/python3.10/dist-packages/mainspace/msg/_command.py
-- Installing: /home/fu941/TDK_ros/install/mainspace/local/lib/python3.10/dist-packages/mainspace/msg/_desk_s.c
-- Installing: /home/fu941/TDK_ros/install/mainspace/local/lib/python3.10/dist-packages/mainspace/msg/_pause_s.c
-- Installing: /home/fu941/TDK_ros/install/mainspace/local/lib/python3.10/dist-packages/mainspace/msg/_csv_file.py
-- Installing: /home/fu941/TDK_ros/install/mainspace/local/lib/python3.10/dist-packages/mainspace/msg/_position_s.c
-- Installing: /home/fu941/TDK_ros/install/mainspace/local/lib/python3.10/dist-packages/mainspace/msg/_coffee_s.c
-- Installing: /home/fu941/TDK_ros/install/mainspace/local/lib/python3.10/dist-packages/mainspace/msg/_encoder_speed_s.c
-- Installing: /home/fu941/TDK_ros/install/mainspace/local/lib/python3.10/dist-packages/mainspace/msg/_to_stm_speed_s.c
-- Installing: /home/fu941/TDK_ros/install/mainspace/local/lib/python3.10/dist-packages/mainspace/msg/_position.py
-- Installing: /home/fu941/TDK_ros/install/mainspace/local/lib/python3.10/dist-packages/mainspace/mainspace_s__rosidl_typesupport_introspection_c.cpython-310-aarch64-linux-gnu.so
-- Installing: /home/fu941/TDK_ros/install/mainspace/local/lib/python3.10/dist-packages/mainspace/mainspace_s__rosidl_typesupport_fastrtps_c.cpython-310-aarch64-linux-gnu.so
Listing '/home/fu941/TDK_ros/install/mainspace/local/lib/python3.10/dist-packages/mainspace'...
Compiling '/home/fu941/TDK_ros/install/mainspace/local/lib/python3.10/dist-packages/mainspace/__init__.py'...
Listing '/home/fu941/TDK_ros/install/mainspace/local/lib/python3.10/dist-packages/mainspace/msg'...
Compiling '/home/fu941/TDK_ros/install/mainspace/local/lib/python3.10/dist-packages/mainspace/msg/__init__.py'...
Compiling '/home/fu941/TDK_ros/install/mainspace/local/lib/python3.10/dist-packages/mainspace/msg/_coffee.py'...
Compiling '/home/fu941/TDK_ros/install/mainspace/local/lib/python3.10/dist-packages/mainspace/msg/_command.py'...
Compiling '/home/fu941/TDK_ros/install/mainspace/local/lib/python3.10/dist-packages/mainspace/msg/_csv_file.py'...
Compiling '/home/fu941/TDK_ros/install/mainspace/local/lib/python3.10/dist-packages/mainspace/msg/_desk.py'...
Compiling '/home/fu941/TDK_ros/install/mainspace/local/lib/python3.10/dist-packages/mainspace/msg/_encoder_speed.py'...
Compiling '/home/fu941/TDK_ros/install/mainspace/local/lib/python3.10/dist-packages/mainspace/msg/_pause.py'...
Compiling '/home/fu941/TDK_ros/install/mainspace/local/lib/python3.10/dist-packages/mainspace/msg/_position.py'...
Compiling '/home/fu941/TDK_ros/install/mainspace/local/lib/python3.10/dist-packages/mainspace/msg/_to_stm_speed.py'...
-- Installing: /home/fu941/TDK_ros/install/mainspace/local/lib/python3.10/dist-packages/mainspace/mainspace_s__rosidl_typesupport_fastrtps_c.cpython-310-aarch64-linux-gnu.so
-- Set runtime path of "/home/fu941/TDK_ros/install/mainspace/local/lib/python3.10/dist-packages/mainspace/mainspace_s__rosidl_typesupport_fastrtps_c.cpython-310-aarch64-linux-gnu.so" to ""
-- Installing: /home/fu941/TDK_ros/install/mainspace/local/lib/python3.10/dist-packages/mainspace/mainspace_s__rosidl_typesupport_introspection_c.cpython-310-aarch64-linux-gnu.so
-- Set runtime path of "/home/fu941/TDK_ros/install/mainspace/local/lib/python3.10/dist-packages/mainspace/mainspace_s__rosidl_typesupport_introspection_c.cpython-310-aarch64-linux-gnu.so" to ""
-- Installing: /home/fu941/TDK_ros/install/mainspace/local/lib/python3.10/dist-packages/mainspace/mainspace_s__rosidl_typesupport_c.cpython-310-aarch64-linux-gnu.so
-- Set runtime path of "/home/fu941/TDK_ros/install/mainspace/local/lib/python3.10/dist-packages/mainspace/mainspace_s__rosidl_typesupport_c.cpython-310-aarch64-linux-gnu.so" to ""
-- Installing: /home/fu941/TDK_ros/install/mainspace/lib/libmainspace__rosidl_generator_py.so
-- Set runtime path of "/home/fu941/TDK_ros/install/mainspace/lib/libmainspace__rosidl_generator_py.so" to ""
-- Installing: /home/fu941/TDK_ros/install/mainspace/share/mainspace/msg/ToStmSpeed.idl
-- Installing: /home/fu941/TDK_ros/install/mainspace/share/mainspace/msg/Position.idl
-- Installing: /home/fu941/TDK_ros/install/mainspace/share/mainspace/msg/Desk.idl
-- Installing: /home/fu941/TDK_ros/install/mainspace/share/mainspace/msg/Coffee.idl
-- Installing: /home/fu941/TDK_ros/install/mainspace/share/mainspace/msg/CsvFile.idl
-- Installing: /home/fu941/TDK_ros/install/mainspace/share/mainspace/msg/Command.idl
-- Installing: /home/fu941/TDK_ros/install/mainspace/share/mainspace/msg/Pause.idl
-- Installing: /home/fu941/TDK_ros/install/mainspace/share/mainspace/msg/ToStmSpeed.msg
-- Installing: /home/fu941/TDK_ros/install/mainspace/share/mainspace/msg/Position.msg
-- Installing: /home/fu941/TDK_ros/install/mainspace/share/mainspace/msg/Desk.msg
-- Installing: /home/fu941/TDK_ros/install/mainspace/share/mainspace/msg/Coffee.msg
-- Installing: /home/fu941/TDK_ros/install/mainspace/share/mainspace/msg/CsvFile.msg
-- Installing: /home/fu941/TDK_ros/install/mainspace/share/mainspace/msg/Command.msg
-- Installing: /home/fu941/TDK_ros/install/mainspace/share/mainspace/msg/Pause.msg
-- Up-to-date: /home/fu941/TDK_ros/install/mainspace/include/
-- Up-to-date: /home/fu941/TDK_ros/install/mainspace/include//mainspace
-- Installing: /home/fu941/TDK_ros/install/mainspace/include//mainspace/navigator.hpp
-- Installing: /home/fu941/TDK_ros/install/mainspace/lib/libnavigator_lib.so
-- Set runtime path of "/home/fu941/TDK_ros/install/mainspace/lib/libnavigator_lib.so" to ""
-- Installing: /home/fu941/TDK_ros/install/mainspace/lib/mainspace/navigator_main
-- Set runtime path of "/home/fu941/TDK_ros/install/mainspace/lib/mainspace/navigator_main" to ""
-- Installing: /home/fu941/TDK_ros/install/mainspace/lib/mainspace/Stage2
-- Set runtime path of "/home/fu941/TDK_ros/install/mainspace/lib/mainspace/Stage2" to ""
-- Installing: /home/fu941/TDK_ros/install/mainspace/lib/mainspace/Stage3
-- Set runtime path of "/home/fu941/TDK_ros/install/mainspace/lib/mainspace/Stage3" to ""
-- Installing: /home/fu941/TDK_ros/install/mainspace/lib/mainspace/Stage4
-- Set runtime path of "/home/fu941/TDK_ros/install/mainspace/lib/mainspace/Stage4" to ""
-- Installing: /home/fu941/TDK_ros/install/mainspace/lib/mainspace/StageManager
-- Set runtime path of "/home/fu941/TDK_ros/install/mainspace/lib/mainspace/StageManager" to ""
-- Installing: /home/fu941/TDK_ros/install/mainspace/share/mainspace/MainPath_csv
-- Installing: /home/fu941/TDK_ros/install/mainspace/share/mainspace/MainPath_csv/Stage3.csv
-- Installing: /home/fu941/TDK_ros/install/mainspace/share/mainspace/MainPath_csv/Stage4.csv
-- Installing: /home/fu941/TDK_ros/install/mainspace/share/mainspace/MainPath_csv/Stage2.csv
-- Installing: /home/fu941/TDK_ros/install/mainspace/share/mainspace/Stage2Path_csv
-- Installing: /home/fu941/TDK_ros/install/mainspace/share/mainspace/Stage2Path_csv/desk4.csv
-- Installing: /home/fu941/TDK_ros/install/mainspace/share/mainspace/Stage2Path_csv/coffee1.csv
-- Installing: /home/fu941/TDK_ros/install/mainspace/share/mainspace/Stage2Path_csv/coffee2.csv
-- Installing: /home/fu941/TDK_ros/install/mainspace/share/mainspace/Stage2Path_csv/coffee4.csv
-- Installing: /home/fu941/TDK_ros/install/mainspace/share/mainspace/Stage2Path_csv/desk2.csv
-- Installing: /home/fu941/TDK_ros/install/mainspace/share/mainspace/Stage2Path_csv/desk3.csv
-- Installing: /home/fu941/TDK_ros/install/mainspace/share/mainspace/Stage2Path_csv/desk1.csv
-- Installing: /home/fu941/TDK_ros/install/mainspace/share/mainspace/Stage2Path_csv/coffee3.csv
-- Installing: /home/fu941/TDK_ros/install/mainspace/share/mainspace/launch
-- Installing: /home/fu941/TDK_ros/install/mainspace/share/mainspace/launch/rviz.launch.py
-- Installing: /home/fu941/TDK_ros/install/mainspace/share/mainspace/launch/mainNodes.launch.py
-- Installing: /home/fu941/TDK_ros/install/mainspace/share/mainspace/rviz
-- Installing: /home/fu941/TDK_ros/install/mainspace/share/mainspace/rviz/BasePosition.rviz
-- Installing: /home/fu941/TDK_ros/install/mainspace/share/ament_index/resource_index/package_run_dependencies/mainspace
-- Installing: /home/fu941/TDK_ros/install/mainspace/share/ament_index/resource_index/parent_prefix_path/mainspace
-- Installing: /home/fu941/TDK_ros/install/mainspace/share/mainspace/environment/ament_prefix_path.sh
-- Installing: /home/fu941/TDK_ros/install/mainspace/share/mainspace/environment/ament_prefix_path.dsv
-- Installing: /home/fu941/TDK_ros/install/mainspace/share/mainspace/environment/path.sh
-- Installing: /home/fu941/TDK_ros/install/mainspace/share/mainspace/environment/path.dsv
-- Installing: /home/fu941/TDK_ros/install/mainspace/share/mainspace/local_setup.bash
-- Installing: /home/fu941/TDK_ros/install/mainspace/share/mainspace/local_setup.sh
-- Installing: /home/fu941/TDK_ros/install/mainspace/share/mainspace/local_setup.zsh
-- Installing: /home/fu941/TDK_ros/install/mainspace/share/mainspace/local_setup.dsv
-- Installing: /home/fu941/TDK_ros/install/mainspace/share/mainspace/package.dsv
-- Installing: /home/fu941/TDK_ros/install/mainspace/share/ament_index/resource_index/packages/mainspace
-- Installing: /home/fu941/TDK_ros/install/mainspace/share/mainspace/cmake/export_mainspace__rosidl_generator_cExport.cmake
-- Installing: /home/fu941/TDK_ros/install/mainspace/share/mainspace/cmake/export_mainspace__rosidl_generator_cExport-noconfig.cmake
-- Installing: /home/fu941/TDK_ros/install/mainspace/share/mainspace/cmake/export_mainspace__rosidl_typesupport_fastrtps_cExport.cmake
-- Installing: /home/fu941/TDK_ros/install/mainspace/share/mainspace/cmake/export_mainspace__rosidl_typesupport_fastrtps_cExport-noconfig.cmake
-- Installing: /home/fu941/TDK_ros/install/mainspace/share/mainspace/cmake/export_mainspace__rosidl_generator_cppExport.cmake
-- Installing: /home/fu941/TDK_ros/install/mainspace/share/mainspace/cmake/export_mainspace__rosidl_typesupport_fastrtps_cppExport.cmake
-- Installing: /home/fu941/TDK_ros/install/mainspace/share/mainspace/cmake/export_mainspace__rosidl_typesupport_fastrtps_cppExport-noconfig.cmake
-- Installing: /home/fu941/TDK_ros/install/mainspace/share/mainspace/cmake/mainspace__rosidl_typesupport_introspection_cExport.cmake
-- Installing: /home/fu941/TDK_ros/install/mainspace/share/mainspace/cmake/mainspace__rosidl_typesupport_introspection_cExport-noconfig.cmake
-- Installing: /home/fu941/TDK_ros/install/mainspace/share/mainspace/cmake/mainspace__rosidl_typesupport_cExport.cmake
-- Installing: /home/fu941/TDK_ros/install/mainspace/share/mainspace/cmake/mainspace__rosidl_typesupport_cExport-noconfig.cmake
-- Installing: /home/fu941/TDK_ros/install/mainspace/share/mainspace/cmake/mainspace__rosidl_typesupport_introspection_cppExport.cmake
-- Installing: /home/fu941/TDK_ros/install/mainspace/share/mainspace/cmake/mainspace__rosidl_typesupport_introspection_cppExport-noconfig.cmake
-- Installing: /home/fu941/TDK_ros/install/mainspace/share/mainspace/cmake/mainspace__rosidl_typesupport_cppExport.cmake
-- Installing: /home/fu941/TDK_ros/install/mainspace/share/mainspace/cmake/mainspace__rosidl_typesupport_cppExport-noconfig.cmake
-- Installing: /home/fu941/TDK_ros/install/mainspace/share/mainspace/cmake/export_mainspace__rosidl_generator_pyExport.cmake
-- Installing: /home/fu941/TDK_ros/install/mainspace/share/mainspace/cmake/export_mainspace__rosidl_generator_pyExport-noconfig.cmake
-- Installing: /home/fu941/TDK_ros/install/mainspace/share/mainspace/cmake/rosidl_cmake-extras.cmake
-- Installing: /home/fu941/TDK_ros/install/mainspace/share/mainspace/cmake/ament_cmake_export_dependencies-extras.cmake
-- Installing: /home/fu941/TDK_ros/install/mainspace/share/mainspace/cmake/ament_cmake_export_include_directories-extras.cmake
-- Installing: /home/fu941/TDK_ros/install/mainspace/share/mainspace/cmake/ament_cmake_export_libraries-extras.cmake
-- Installing: /home/fu941/TDK_ros/install/mainspace/share/mainspace/cmake/ament_cmake_export_targets-extras.cmake
-- Installing: /home/fu941/TDK_ros/install/mainspace/share/mainspace/cmake/rosidl_cmake_export_typesupport_targets-extras.cmake
-- Installing: /home/fu941/TDK_ros/install/mainspace/share/mainspace/cmake/rosidl_cmake_export_typesupport_libraries-extras.cmake
-- Installing: /home/fu941/TDK_ros/install/mainspace/share/mainspace/cmake/mainspaceConfig.cmake
-- Installing: /home/fu941/TDK_ros/install/mainspace/share/mainspace/cmake/mainspaceConfig-version.cmake
-- Installing: /home/fu941/TDK_ros/install/mainspace/share/mainspace/package.xml
