[0.158s] Invoking command in '/home/fu941/TDK_ros/build/mainspace': CMAKE_PREFIX_PATH=/opt/ros/humble /usr/bin/cmake --build /home/fu941/TDK_ros/build/mainspace -- -j4 -l4
[0.766s] -- Found ament_cmake: 1.3.12 (/opt/ros/humble/share/ament_cmake/cmake)
[1.641s] -- Found rclcpp: 16.0.14 (/opt/ros/humble/share/rclcpp/cmake)
[1.877s] -- Found rosidl_generator_c: 3.1.7 (/opt/ros/humble/share/rosidl_generator_c/cmake)
[1.898s] -- Found rosidl_adapter: 3.1.7 (/opt/ros/humble/share/rosidl_adapter/cmake)
[1.940s] -- Found rosidl_generator_cpp: 3.1.7 (/opt/ros/humble/share/rosidl_generator_cpp/cmake)
[2.006s] -- Using all available rosidl_typesupport_c: rosidl_typesupport_fastrtps_c;rosidl_typesupport_introspection_c
[2.081s] -- Using all available rosidl_typesupport_cpp: rosidl_typesupport_fastrtps_cpp;rosidl_typesupport_introspection_cpp
[2.292s] -- Found rmw_implementation_cmake: 6.1.2 (/opt/ros/humble/share/rmw_implementation_cmake/cmake)
[2.303s] -- Found rmw_fastrtps_cpp: 6.2.8 (/opt/ros/humble/share/rmw_fastrtps_cpp/cmake)
[3.192s] -- Using RMW implementation 'rmw_fastrtps_cpp' as default
[3.509s] -- Found nav_msgs: 4.9.0 (/opt/ros/humble/share/nav_msgs/cmake)
[3.664s] -- Found tf2: 0.25.15 (/opt/ros/humble/share/tf2/cmake)
[3.692s] -- Found tf2_ros: 0.25.15 (/opt/ros/humble/share/tf2_ros/cmake)
[4.140s] -- Found tf2_geometry_msgs: 0.25.15 (/opt/ros/humble/share/tf2_geometry_msgs/cmake)
[4.174s] -- Found eigen3_cmake_module: 0.1.1 (/opt/ros/humble/share/eigen3_cmake_module/cmake)
[4.182s] -- Ensuring Eigen3 include directory is part of orocos-kdl CMake target
[4.191s] -- Found rosidl_default_generators: 1.2.0 (/opt/ros/humble/share/rosidl_default_generators/cmake)
[6.512s] -- Found ament_cmake_ros: 0.10.0 (/opt/ros/humble/share/ament_cmake_ros/cmake)
[9.731s] -- Using all available rosidl_typesupport_c: rosidl_typesupport_fastrtps_c;rosidl_typesupport_introspection_c
[11.125s] -- Using all available rosidl_typesupport_cpp: rosidl_typesupport_fastrtps_cpp;rosidl_typesupport_introspection_cpp
[11.324s] -- Found python_cmake_module: 0.10.0 (/opt/ros/humble/share/python_cmake_module/cmake)
[11.468s] -- Using PYTHON_EXECUTABLE: /usr/bin/python3
[11.470s] -- Using PYTHON_INCLUDE_DIRS: /usr/include/python3.10
[11.472s] -- Using PYTHON_LIBRARIES: /usr/lib/aarch64-linux-gnu/libpython3.10.so
[11.876s] -- Found ament_lint_auto: 0.12.14 (/opt/ros/humble/share/ament_lint_auto/cmake)
[12.125s] -- Added test 'cppcheck' to perform static code analysis on C / C++ code
[12.138s] -- Configured cppcheck include dirs: /home/fu941/TDK_ros/src/mainspace/include
[12.139s] -- Configured cppcheck exclude dirs and/or files: 
[12.150s] -- Added test 'flake8' to check Python code syntax and style conventions
[12.169s] -- Added test 'lint_cmake' to check CMake code style
[12.176s] -- Added test 'pep257' to check Python code against some of the docstring style conventions in PEP 257
[12.197s] -- Added test 'uncrustify' to check C / C++ code style
[12.198s] -- Configured uncrustify additional arguments: 
[12.203s] -- Added test 'xmllint' to check XML markup files
[12.229s] -- Configuring done
[13.093s] -- Generating done
[13.224s] -- Build files have been written to: /home/fu941/TDK_ros/build/mainspace
[13.620s] [  1%] [34m[1mGenerating C code for ROS interfaces[0m
[13.784s] [  2%] [34m[1mGenerating C++ code for ROS interfaces[0m
[13.971s] [  2%] Built target ament_cmake_python_copy_mainspace
[17.430s] running egg_info
[17.439s] writing mainspace.egg-info/PKG-INFO
[17.446s] writing dependency_links to mainspace.egg-info/dependency_links.txt
[17.449s] writing top-level names to mainspace.egg-info/top_level.txt
[17.470s] reading manifest file 'mainspace.egg-info/SOURCES.txt'
[17.480s] writing manifest file 'mainspace.egg-info/SOURCES.txt'
[17.757s] [  2%] Built target ament_cmake_python_build_mainspace_egg
[21.400s] [  2%] Built target mainspace__cpp
[21.547s] [  3%] [34m[1mGenerating C++ type support dispatch for ROS interfaces[0m
[21.772s] [  4%] [34m[1mGenerating C++ type support for eProsima Fast-RTPS[0m
[21.972s] [  5%] [34m[1mGenerating C++ introspection for ROS interfaces[0m
[22.015s] [35m[1mConsolidate compiler generated dependencies of target mainspace__rosidl_generator_c[0m
[22.174s] [  6%] [32mBuilding C object CMakeFiles/mainspace__rosidl_generator_c.dir/rosidl_generator_c/mainspace/msg/detail/to_stm_speed__functions.c.o[0m
[23.754s] [  7%] [32mBuilding C object CMakeFiles/mainspace__rosidl_generator_c.dir/rosidl_generator_c/mainspace/msg/detail/position__functions.c.o[0m
[24.473s] [  8%] [32mBuilding C object CMakeFiles/mainspace__rosidl_generator_c.dir/rosidl_generator_c/mainspace/msg/detail/desk__functions.c.o[0m
[25.261s] [  9%] [32mBuilding C object CMakeFiles/mainspace__rosidl_generator_c.dir/rosidl_generator_c/mainspace/msg/detail/coffee__functions.c.o[0m
[26.224s] [ 10%] [32mBuilding C object CMakeFiles/mainspace__rosidl_generator_c.dir/rosidl_generator_c/mainspace/msg/detail/csv_file__functions.c.o[0m
[26.844s] [35m[1mConsolidate compiler generated dependencies of target mainspace__rosidl_typesupport_cpp[0m
[26.999s] [ 12%] [32mBuilding CXX object CMakeFiles/mainspace__rosidl_typesupport_cpp.dir/rosidl_typesupport_cpp/mainspace/msg/to_stm_speed__type_support.cpp.o[0m
[27.028s] [ 13%] [32mBuilding C object CMakeFiles/mainspace__rosidl_generator_c.dir/rosidl_generator_c/mainspace/msg/detail/command__functions.c.o[0m
[27.773s] [ 14%] [32mBuilding C object CMakeFiles/mainspace__rosidl_generator_c.dir/rosidl_generator_c/mainspace/msg/detail/pause__functions.c.o[0m
[27.970s] [35m[1mConsolidate compiler generated dependencies of target mainspace__rosidl_typesupport_introspection_cpp[0m
[28.241s] [ 15%] [32mBuilding CXX object CMakeFiles/mainspace__rosidl_typesupport_introspection_cpp.dir/rosidl_typesupport_introspection_cpp/mainspace/msg/detail/to_stm_speed__type_support.cpp.o[0m
[28.444s] [ 16%] [32m[1mLinking C shared library libmainspace__rosidl_generator_c.so[0m
[28.996s] [35m[1mConsolidate compiler generated dependencies of target mainspace__rosidl_typesupport_fastrtps_cpp[0m
[29.135s] [ 16%] Built target mainspace__rosidl_generator_c
[29.266s] [ 17%] [32mBuilding CXX object CMakeFiles/mainspace__rosidl_typesupport_fastrtps_cpp.dir/rosidl_typesupport_fastrtps_cpp/mainspace/msg/detail/dds_fastrtps/to_stm_speed__type_support.cpp.o[0m
[29.273s] [ 18%] [34m[1mGenerating C type support for eProsima Fast-RTPS[0m
[32.393s] [ 19%] [32mBuilding CXX object CMakeFiles/mainspace__rosidl_typesupport_cpp.dir/rosidl_typesupport_cpp/mainspace/msg/position__type_support.cpp.o[0m
[33.866s] [ 20%] [32mBuilding CXX object CMakeFiles/mainspace__rosidl_typesupport_introspection_cpp.dir/rosidl_typesupport_introspection_cpp/mainspace/msg/detail/position__type_support.cpp.o[0m
[35.350s] [ 21%] [32mBuilding CXX object CMakeFiles/mainspace__rosidl_typesupport_fastrtps_cpp.dir/rosidl_typesupport_fastrtps_cpp/mainspace/msg/detail/dds_fastrtps/position__type_support.cpp.o[0m
[36.607s] [ 23%] [32mBuilding CXX object CMakeFiles/mainspace__rosidl_typesupport_cpp.dir/rosidl_typesupport_cpp/mainspace/msg/desk__type_support.cpp.o[0m
[36.755s] [35m[1mConsolidate compiler generated dependencies of target mainspace__rosidl_typesupport_fastrtps_c[0m
[37.025s] [ 24%] [32mBuilding CXX object CMakeFiles/mainspace__rosidl_typesupport_fastrtps_c.dir/rosidl_typesupport_fastrtps_c/mainspace/msg/detail/to_stm_speed__type_support_c.cpp.o[0m
[39.665s] [ 25%] [32mBuilding CXX object CMakeFiles/mainspace__rosidl_typesupport_introspection_cpp.dir/rosidl_typesupport_introspection_cpp/mainspace/msg/detail/desk__type_support.cpp.o[0m
[40.772s] [ 26%] [32mBuilding CXX object CMakeFiles/mainspace__rosidl_typesupport_cpp.dir/rosidl_typesupport_cpp/mainspace/msg/coffee__type_support.cpp.o[0m
[41.267s] [ 27%] [32mBuilding CXX object CMakeFiles/mainspace__rosidl_typesupport_fastrtps_cpp.dir/rosidl_typesupport_fastrtps_cpp/mainspace/msg/detail/dds_fastrtps/desk__type_support.cpp.o[0m
[42.204s] [ 28%] [32mBuilding CXX object CMakeFiles/mainspace__rosidl_typesupport_fastrtps_c.dir/rosidl_typesupport_fastrtps_c/mainspace/msg/detail/position__type_support_c.cpp.o[0m
[44.408s] [ 29%] [32mBuilding CXX object CMakeFiles/mainspace__rosidl_typesupport_cpp.dir/rosidl_typesupport_cpp/mainspace/msg/csv_file__type_support.cpp.o[0m
[44.977s] [ 30%] [32mBuilding CXX object CMakeFiles/mainspace__rosidl_typesupport_introspection_cpp.dir/rosidl_typesupport_introspection_cpp/mainspace/msg/detail/coffee__type_support.cpp.o[0m
[47.163s] [ 31%] [32mBuilding CXX object CMakeFiles/mainspace__rosidl_typesupport_fastrtps_c.dir/rosidl_typesupport_fastrtps_c/mainspace/msg/detail/desk__type_support_c.cpp.o[0m
[47.560s] [ 32%] [32mBuilding CXX object CMakeFiles/mainspace__rosidl_typesupport_fastrtps_cpp.dir/rosidl_typesupport_fastrtps_cpp/mainspace/msg/detail/dds_fastrtps/coffee__type_support.cpp.o[0m
[48.758s] [ 34%] [32mBuilding CXX object CMakeFiles/mainspace__rosidl_typesupport_cpp.dir/rosidl_typesupport_cpp/mainspace/msg/command__type_support.cpp.o[0m
[50.832s] [ 35%] [32mBuilding CXX object CMakeFiles/mainspace__rosidl_typesupport_introspection_cpp.dir/rosidl_typesupport_introspection_cpp/mainspace/msg/detail/csv_file__type_support.cpp.o[0m
[51.714s] [ 36%] [32mBuilding CXX object CMakeFiles/mainspace__rosidl_typesupport_fastrtps_c.dir/rosidl_typesupport_fastrtps_c/mainspace/msg/detail/coffee__type_support_c.cpp.o[0m
[52.970s] [ 37%] [32mBuilding CXX object CMakeFiles/mainspace__rosidl_typesupport_cpp.dir/rosidl_typesupport_cpp/mainspace/msg/pause__type_support.cpp.o[0m
[53.592s] [ 38%] [32mBuilding CXX object CMakeFiles/mainspace__rosidl_typesupport_fastrtps_cpp.dir/rosidl_typesupport_fastrtps_cpp/mainspace/msg/detail/dds_fastrtps/csv_file__type_support.cpp.o[0m
[57.766s] [ 39%] [32mBuilding CXX object CMakeFiles/mainspace__rosidl_typesupport_introspection_cpp.dir/rosidl_typesupport_introspection_cpp/mainspace/msg/detail/command__type_support.cpp.o[0m
[57.827s] [ 40%] [32mBuilding CXX object CMakeFiles/mainspace__rosidl_typesupport_fastrtps_c.dir/rosidl_typesupport_fastrtps_c/mainspace/msg/detail/csv_file__type_support_c.cpp.o[0m
[57.866s] [ 41%] [32m[1mLinking CXX shared library libmainspace__rosidl_typesupport_cpp.so[0m
[58.458s] [ 41%] Built target mainspace__rosidl_typesupport_cpp
[58.590s] [ 42%] [32mBuilding CXX object CMakeFiles/mainspace__rosidl_typesupport_fastrtps_c.dir/rosidl_typesupport_fastrtps_c/mainspace/msg/detail/command__type_support_c.cpp.o[0m
[60.468s] [ 43%] [32mBuilding CXX object CMakeFiles/mainspace__rosidl_typesupport_fastrtps_cpp.dir/rosidl_typesupport_fastrtps_cpp/mainspace/msg/detail/dds_fastrtps/command__type_support.cpp.o[0m
[63.119s] [ 45%] [32mBuilding CXX object CMakeFiles/mainspace__rosidl_typesupport_fastrtps_c.dir/rosidl_typesupport_fastrtps_c/mainspace/msg/detail/pause__type_support_c.cpp.o[0m
[63.442s] [ 46%] [32mBuilding CXX object CMakeFiles/mainspace__rosidl_typesupport_introspection_cpp.dir/rosidl_typesupport_introspection_cpp/mainspace/msg/detail/pause__type_support.cpp.o[0m
[63.990s] [ 47%] [32mBuilding CXX object CMakeFiles/mainspace__rosidl_typesupport_fastrtps_cpp.dir/rosidl_typesupport_fastrtps_cpp/mainspace/msg/detail/dds_fastrtps/pause__type_support.cpp.o[0m
[66.728s] [ 48%] [34m[1mGenerating C introspection for ROS interfaces[0m
[68.121s] [ 49%] [32m[1mLinking CXX shared library libmainspace__rosidl_typesupport_fastrtps_c.so[0m
[69.034s] [ 49%] Built target mainspace__rosidl_typesupport_fastrtps_c
[69.176s] [ 50%] [34m[1mGenerating C type support dispatch for ROS interfaces[0m
[69.223s] [ 51%] [32m[1mLinking CXX shared library libmainspace__rosidl_typesupport_introspection_cpp.so[0m
[70.154s] [ 52%] [32m[1mLinking CXX shared library libmainspace__rosidl_typesupport_fastrtps_cpp.so[0m
[70.165s] [ 52%] Built target mainspace__rosidl_typesupport_introspection_cpp
[70.561s] [ 53%] [32mBuilding CXX object CMakeFiles/navigator_lib.dir/src/navigator.cpp.o[0m
[71.185s] [ 53%] Built target mainspace__rosidl_typesupport_fastrtps_cpp
[73.259s] [35m[1mConsolidate compiler generated dependencies of target mainspace__rosidl_typesupport_introspection_c[0m
[73.333s] [35m[1mConsolidate compiler generated dependencies of target mainspace__rosidl_typesupport_c[0m
[73.402s] [ 54%] [32mBuilding C object CMakeFiles/mainspace__rosidl_typesupport_introspection_c.dir/rosidl_typesupport_introspection_c/mainspace/msg/detail/to_stm_speed__type_support.c.o[0m
[73.439s] [ 56%] [32mBuilding C object CMakeFiles/mainspace__rosidl_typesupport_introspection_c.dir/rosidl_typesupport_introspection_c/mainspace/msg/detail/position__type_support.c.o[0m
[73.518s] [ 57%] [32mBuilding CXX object CMakeFiles/mainspace__rosidl_typesupport_c.dir/rosidl_typesupport_c/mainspace/msg/to_stm_speed__type_support.cpp.o[0m
[73.945s] [ 58%] [32mBuilding CXX object CMakeFiles/mainspace__rosidl_typesupport_c.dir/rosidl_typesupport_c/mainspace/msg/position__type_support.cpp.o[0m
[73.998s] [ 59%] [32mBuilding CXX object CMakeFiles/mainspace__rosidl_typesupport_c.dir/rosidl_typesupport_c/mainspace/msg/desk__type_support.cpp.o[0m
[74.024s] [ 60%] [32mBuilding C object CMakeFiles/mainspace__rosidl_typesupport_introspection_c.dir/rosidl_typesupport_introspection_c/mainspace/msg/detail/desk__type_support.c.o[0m
[74.395s] [ 61%] [32mBuilding C object CMakeFiles/mainspace__rosidl_typesupport_introspection_c.dir/rosidl_typesupport_introspection_c/mainspace/msg/detail/coffee__type_support.c.o[0m
[74.495s] [ 62%] [32mBuilding CXX object CMakeFiles/mainspace__rosidl_typesupport_c.dir/rosidl_typesupport_c/mainspace/msg/coffee__type_support.cpp.o[0m
[74.617s] [ 63%] [32mBuilding C object CMakeFiles/mainspace__rosidl_typesupport_introspection_c.dir/rosidl_typesupport_introspection_c/mainspace/msg/detail/csv_file__type_support.c.o[0m
[74.892s] [ 64%] [32mBuilding C object CMakeFiles/mainspace__rosidl_typesupport_introspection_c.dir/rosidl_typesupport_introspection_c/mainspace/msg/detail/command__type_support.c.o[0m
[74.908s] [ 65%] [32mBuilding CXX object CMakeFiles/mainspace__rosidl_typesupport_c.dir/rosidl_typesupport_c/mainspace/msg/csv_file__type_support.cpp.o[0m
[74.982s] [ 67%] [32mBuilding C object CMakeFiles/mainspace__rosidl_typesupport_introspection_c.dir/rosidl_typesupport_introspection_c/mainspace/msg/detail/pause__type_support.c.o[0m
[75.442s] [ 68%] [32mBuilding CXX object CMakeFiles/mainspace__rosidl_typesupport_c.dir/rosidl_typesupport_c/mainspace/msg/pause__type_support.cpp.o[0m
[75.478s] [ 69%] [32mBuilding CXX object CMakeFiles/mainspace__rosidl_typesupport_c.dir/rosidl_typesupport_c/mainspace/msg/command__type_support.cpp.o[0m
[75.509s] [ 70%] [32m[1mLinking C shared library libmainspace__rosidl_typesupport_introspection_c.so[0m
[75.947s] [ 70%] Built target mainspace__rosidl_typesupport_introspection_c
[75.972s] [ 71%] [32m[1mLinking CXX shared library libmainspace__rosidl_typesupport_c.so[0m
[76.453s] [ 71%] Built target mainspace__rosidl_typesupport_c
[76.667s] [ 71%] Built target mainspace
[76.846s] [ 72%] [34m[1mGenerating Python code for ROS interfaces[0m
[86.045s] [ 72%] Built target mainspace__py
[86.169s] [35m[1mConsolidate compiler generated dependencies of target mainspace__rosidl_generator_py[0m
[86.267s] [ 73%] [32mBuilding C object CMakeFiles/mainspace__rosidl_generator_py.dir/rosidl_generator_py/mainspace/msg/_to_stm_speed_s.c.o[0m
[86.290s] [ 74%] [32mBuilding C object CMakeFiles/mainspace__rosidl_generator_py.dir/rosidl_generator_py/mainspace/msg/_desk_s.c.o[0m
[86.306s] [ 75%] [32mBuilding C object CMakeFiles/mainspace__rosidl_generator_py.dir/rosidl_generator_py/mainspace/msg/_position_s.c.o[0m
[87.940s] [ 76%] [32mBuilding C object CMakeFiles/mainspace__rosidl_generator_py.dir/rosidl_generator_py/mainspace/msg/_coffee_s.c.o[0m
[87.961s] [ 78%] [32mBuilding C object CMakeFiles/mainspace__rosidl_generator_py.dir/rosidl_generator_py/mainspace/msg/_csv_file_s.c.o[0m
[88.003s] [ 79%] [32mBuilding C object CMakeFiles/mainspace__rosidl_generator_py.dir/rosidl_generator_py/mainspace/msg/_command_s.c.o[0m
[89.513s] [ 80%] [32mBuilding C object CMakeFiles/mainspace__rosidl_generator_py.dir/rosidl_generator_py/mainspace/msg/_pause_s.c.o[0m
[90.170s] [ 81%] [32m[1mLinking C shared library rosidl_generator_py/mainspace/libmainspace__rosidl_generator_py.so[0m
[90.710s] [ 81%] Built target mainspace__rosidl_generator_py
[90.840s] [35m[1mConsolidate compiler generated dependencies of target mainspace__rosidl_typesupport_fastrtps_c__pyext[0m
[90.842s] [35m[1mConsolidate compiler generated dependencies of target mainspace__rosidl_typesupport_introspection_c__pyext[0m
[91.015s] [ 82%] [32mBuilding C object CMakeFiles/mainspace__rosidl_typesupport_fastrtps_c__pyext.dir/rosidl_generator_py/mainspace/_mainspace_s.ep.rosidl_typesupport_fastrtps_c.c.o[0m
[91.083s] [ 83%] [32mBuilding C object CMakeFiles/mainspace__rosidl_typesupport_introspection_c__pyext.dir/rosidl_generator_py/mainspace/_mainspace_s.ep.rosidl_typesupport_introspection_c.c.o[0m
[92.971s] [ 84%] [32m[1mLinking C shared library rosidl_generator_py/mainspace/mainspace_s__rosidl_typesupport_fastrtps_c.cpython-310-aarch64-linux-gnu.so[0m
[93.028s] [ 85%] [32m[1mLinking C shared library rosidl_generator_py/mainspace/mainspace_s__rosidl_typesupport_introspection_c.cpython-310-aarch64-linux-gnu.so[0m
[93.457s] [ 85%] Built target mainspace__rosidl_typesupport_fastrtps_c__pyext
[93.504s] [ 85%] Built target mainspace__rosidl_typesupport_introspection_c__pyext
[93.525s] [35m[1mConsolidate compiler generated dependencies of target mainspace__rosidl_typesupport_c__pyext[0m
[93.714s] [ 86%] [32mBuilding C object CMakeFiles/mainspace__rosidl_typesupport_c__pyext.dir/rosidl_generator_py/mainspace/_mainspace_s.ep.rosidl_typesupport_c.c.o[0m
[95.415s] [ 87%] [32m[1mLinking C shared library rosidl_generator_py/mainspace/mainspace_s__rosidl_typesupport_c.cpython-310-aarch64-linux-gnu.so[0m
[95.916s] [ 87%] Built target mainspace__rosidl_typesupport_c__pyext
[159.251s] [ 89%] [32m[1mLinking CXX shared library libnavigator_lib.so[0m
[166.701s] [ 89%] Built target navigator_lib
[166.964s] [ 90%] [32mBuilding CXX object CMakeFiles/Stage3.dir/src/Stage3.cpp.o[0m
[166.983s] [ 92%] [32mBuilding CXX object CMakeFiles/Stage4.dir/src/Stage4.cpp.o[0m
[166.989s] [ 92%] [32mBuilding CXX object CMakeFiles/Stage2.dir/src/Stage2.cpp.o[0m
[166.992s] [ 93%] [32mBuilding CXX object CMakeFiles/navigator_main.dir/src/navigator_main.cpp.o[0m
[212.749s] [ 94%] [32m[1mLinking CXX executable navigator_main[0m
[218.006s] [ 94%] Built target navigator_main
[218.298s] [ 95%] [32mBuilding CXX object CMakeFiles/StageManager.dir/src/StageManager.cpp.o[0m
[232.548s] [ 96%] [32m[1mLinking CXX executable Stage4[0m
[232.939s] [ 97%] [32m[1mLinking CXX executable Stage3[0m
[239.383s] [ 97%] Built target Stage3
[239.513s] [ 97%] Built target Stage4
[295.217s] [ 98%] [32m[1mLinking CXX executable StageManager[0m
[300.636s] [ 98%] Built target StageManager
[309.738s] [100%] [32m[1mLinking CXX executable Stage2[0m
[316.817s] [100%] Built target Stage2
[316.865s] Invoked command in '/home/fu941/TDK_ros/build/mainspace' returned '0': CMAKE_PREFIX_PATH=/opt/ros/humble /usr/bin/cmake --build /home/fu941/TDK_ros/build/mainspace -- -j4 -l4
[316.908s] Invoking command in '/home/fu941/TDK_ros/build/mainspace': CMAKE_PREFIX_PATH=/opt/ros/humble /usr/bin/cmake --install /home/fu941/TDK_ros/build/mainspace
[316.937s] -- Install configuration: ""
[316.938s] -- Installing: /home/fu941/TDK_ros/install/mainspace/share/ament_index/resource_index/rosidl_interfaces/mainspace
[316.939s] -- Installing: /home/fu941/TDK_ros/install/mainspace/include/mainspace/mainspace
[316.940s] -- Installing: /home/fu941/TDK_ros/install/mainspace/include/mainspace/mainspace/msg
[316.941s] -- Installing: /home/fu941/TDK_ros/install/mainspace/include/mainspace/mainspace/msg/position.h
[316.941s] -- Installing: /home/fu941/TDK_ros/install/mainspace/include/mainspace/mainspace/msg/encoder_speed.h
[316.945s] -- Installing: /home/fu941/TDK_ros/install/mainspace/include/mainspace/mainspace/msg/command.h
[316.946s] -- Installing: /home/fu941/TDK_ros/install/mainspace/include/mainspace/mainspace/msg/pause.h
[316.947s] -- Installing: /home/fu941/TDK_ros/install/mainspace/include/mainspace/mainspace/msg/desk.h
[316.949s] -- Installing: /home/fu941/TDK_ros/install/mainspace/include/mainspace/mainspace/msg/csv_file.h
[316.950s] -- Installing: /home/fu941/TDK_ros/install/mainspace/include/mainspace/mainspace/msg/to_stm_speed.h
[316.951s] -- Installing: /home/fu941/TDK_ros/install/mainspace/include/mainspace/mainspace/msg/rosidl_generator_c__visibility_control.h
[316.952s] -- Installing: /home/fu941/TDK_ros/install/mainspace/include/mainspace/mainspace/msg/detail
[316.953s] -- Installing: /home/fu941/TDK_ros/install/mainspace/include/mainspace/mainspace/msg/detail/desk__functions.c
[316.954s] -- Installing: /home/fu941/TDK_ros/install/mainspace/include/mainspace/mainspace/msg/detail/coffee__functions.c
[316.956s] -- Installing: /home/fu941/TDK_ros/install/mainspace/include/mainspace/mainspace/msg/detail/to_stm_speed__functions.h
[316.957s] -- Installing: /home/fu941/TDK_ros/install/mainspace/include/mainspace/mainspace/msg/detail/pause__functions.h
[316.958s] -- Installing: /home/fu941/TDK_ros/install/mainspace/include/mainspace/mainspace/msg/detail/command__functions.c
[316.960s] -- Installing: /home/fu941/TDK_ros/install/mainspace/include/mainspace/mainspace/msg/detail/position__functions.h
[316.961s] -- Installing: /home/fu941/TDK_ros/install/mainspace/include/mainspace/mainspace/msg/detail/desk__type_support.h
[316.962s] -- Installing: /home/fu941/TDK_ros/install/mainspace/include/mainspace/mainspace/msg/detail/to_stm_speed__type_support.h
[316.963s] -- Installing: /home/fu941/TDK_ros/install/mainspace/include/mainspace/mainspace/msg/detail/desk__functions.h
[316.964s] -- Installing: /home/fu941/TDK_ros/install/mainspace/include/mainspace/mainspace/msg/detail/coffee__type_support.h
[316.965s] -- Installing: /home/fu941/TDK_ros/install/mainspace/include/mainspace/mainspace/msg/detail/position__struct.h
[316.966s] -- Installing: /home/fu941/TDK_ros/install/mainspace/include/mainspace/mainspace/msg/detail/pause__functions.c
[316.967s] -- Installing: /home/fu941/TDK_ros/install/mainspace/include/mainspace/mainspace/msg/detail/position__functions.c
[316.968s] -- Installing: /home/fu941/TDK_ros/install/mainspace/include/mainspace/mainspace/msg/detail/coffee__struct.h
[316.969s] -- Installing: /home/fu941/TDK_ros/install/mainspace/include/mainspace/mainspace/msg/detail/csv_file__type_support.h
[316.970s] -- Installing: /home/fu941/TDK_ros/install/mainspace/include/mainspace/mainspace/msg/detail/position__type_support.h
[316.972s] -- Installing: /home/fu941/TDK_ros/install/mainspace/include/mainspace/mainspace/msg/detail/command__struct.h
[316.972s] -- Installing: /home/fu941/TDK_ros/install/mainspace/include/mainspace/mainspace/msg/detail/csv_file__functions.h
[316.973s] -- Installing: /home/fu941/TDK_ros/install/mainspace/include/mainspace/mainspace/msg/detail/command__type_support.h
[316.975s] -- Installing: /home/fu941/TDK_ros/install/mainspace/include/mainspace/mainspace/msg/detail/command__functions.h
[316.976s] -- Installing: /home/fu941/TDK_ros/install/mainspace/include/mainspace/mainspace/msg/detail/encoder_speed__struct.h
[316.979s] -- Installing: /home/fu941/TDK_ros/install/mainspace/include/mainspace/mainspace/msg/detail/encoder_speed__functions.c
[316.981s] -- Installing: /home/fu941/TDK_ros/install/mainspace/include/mainspace/mainspace/msg/detail/desk__struct.h
[316.982s] -- Installing: /home/fu941/TDK_ros/install/mainspace/include/mainspace/mainspace/msg/detail/encoder_speed__functions.h
[316.984s] -- Installing: /home/fu941/TDK_ros/install/mainspace/include/mainspace/mainspace/msg/detail/encoder_speed__type_support.h
[316.985s] -- Installing: /home/fu941/TDK_ros/install/mainspace/include/mainspace/mainspace/msg/detail/coffee__functions.h
[316.986s] -- Installing: /home/fu941/TDK_ros/install/mainspace/include/mainspace/mainspace/msg/detail/pause__struct.h
[316.987s] -- Installing: /home/fu941/TDK_ros/install/mainspace/include/mainspace/mainspace/msg/detail/to_stm_speed__functions.c
[316.989s] -- Installing: /home/fu941/TDK_ros/install/mainspace/include/mainspace/mainspace/msg/detail/csv_file__functions.c
[316.990s] -- Installing: /home/fu941/TDK_ros/install/mainspace/include/mainspace/mainspace/msg/detail/csv_file__struct.h
[316.991s] -- Installing: /home/fu941/TDK_ros/install/mainspace/include/mainspace/mainspace/msg/detail/to_stm_speed__struct.h
[316.992s] -- Installing: /home/fu941/TDK_ros/install/mainspace/include/mainspace/mainspace/msg/detail/pause__type_support.h
[316.993s] -- Installing: /home/fu941/TDK_ros/install/mainspace/include/mainspace/mainspace/msg/coffee.h
[316.995s] -- Installing: /home/fu941/TDK_ros/install/mainspace/share/mainspace/environment/library_path.sh
[316.996s] -- Installing: /home/fu941/TDK_ros/install/mainspace/share/mainspace/environment/library_path.dsv
[316.997s] -- Installing: /home/fu941/TDK_ros/install/mainspace/lib/libmainspace__rosidl_generator_c.so
[317.001s] -- Set runtime path of "/home/fu941/TDK_ros/install/mainspace/lib/libmainspace__rosidl_generator_c.so" to ""
[317.001s] -- Up-to-date: /home/fu941/TDK_ros/install/mainspace/include/mainspace/mainspace
[317.002s] -- Up-to-date: /home/fu941/TDK_ros/install/mainspace/include/mainspace/mainspace/msg
[317.002s] -- Installing: /home/fu941/TDK_ros/install/mainspace/include/mainspace/mainspace/msg/rosidl_typesupport_fastrtps_c__visibility_control.h
[317.003s] -- Up-to-date: /home/fu941/TDK_ros/install/mainspace/include/mainspace/mainspace/msg/detail
[317.004s] -- Installing: /home/fu941/TDK_ros/install/mainspace/include/mainspace/mainspace/msg/detail/pause__rosidl_typesupport_fastrtps_c.h
[317.005s] -- Installing: /home/fu941/TDK_ros/install/mainspace/include/mainspace/mainspace/msg/detail/csv_file__rosidl_typesupport_fastrtps_c.h
[317.006s] -- Installing: /home/fu941/TDK_ros/install/mainspace/include/mainspace/mainspace/msg/detail/coffee__rosidl_typesupport_fastrtps_c.h
[317.007s] -- Installing: /home/fu941/TDK_ros/install/mainspace/include/mainspace/mainspace/msg/detail/encoder_speed__rosidl_typesupport_fastrtps_c.h
[317.011s] -- Installing: /home/fu941/TDK_ros/install/mainspace/include/mainspace/mainspace/msg/detail/desk__rosidl_typesupport_fastrtps_c.h
[317.012s] -- Installing: /home/fu941/TDK_ros/install/mainspace/include/mainspace/mainspace/msg/detail/command__rosidl_typesupport_fastrtps_c.h
[317.014s] -- Installing: /home/fu941/TDK_ros/install/mainspace/include/mainspace/mainspace/msg/detail/position__rosidl_typesupport_fastrtps_c.h
[317.015s] -- Installing: /home/fu941/TDK_ros/install/mainspace/include/mainspace/mainspace/msg/detail/to_stm_speed__rosidl_typesupport_fastrtps_c.h
[317.017s] -- Installing: /home/fu941/TDK_ros/install/mainspace/lib/libmainspace__rosidl_typesupport_fastrtps_c.so
[317.020s] -- Set runtime path of "/home/fu941/TDK_ros/install/mainspace/lib/libmainspace__rosidl_typesupport_fastrtps_c.so" to ""
[317.021s] -- Up-to-date: /home/fu941/TDK_ros/install/mainspace/include/mainspace/mainspace
[317.021s] -- Up-to-date: /home/fu941/TDK_ros/install/mainspace/include/mainspace/mainspace/msg
[317.022s] -- Installing: /home/fu941/TDK_ros/install/mainspace/include/mainspace/mainspace/msg/csv_file.hpp
[317.022s] -- Installing: /home/fu941/TDK_ros/install/mainspace/include/mainspace/mainspace/msg/command.hpp
[317.023s] -- Installing: /home/fu941/TDK_ros/install/mainspace/include/mainspace/mainspace/msg/coffee.hpp
[317.024s] -- Installing: /home/fu941/TDK_ros/install/mainspace/include/mainspace/mainspace/msg/to_stm_speed.hpp
[317.025s] -- Installing: /home/fu941/TDK_ros/install/mainspace/include/mainspace/mainspace/msg/pause.hpp
[317.026s] -- Installing: /home/fu941/TDK_ros/install/mainspace/include/mainspace/mainspace/msg/encoder_speed.hpp
[317.030s] -- Installing: /home/fu941/TDK_ros/install/mainspace/include/mainspace/mainspace/msg/position.hpp
[317.030s] -- Up-to-date: /home/fu941/TDK_ros/install/mainspace/include/mainspace/mainspace/msg/detail
[317.031s] -- Installing: /home/fu941/TDK_ros/install/mainspace/include/mainspace/mainspace/msg/detail/desk__struct.hpp
[317.032s] -- Installing: /home/fu941/TDK_ros/install/mainspace/include/mainspace/mainspace/msg/detail/to_stm_speed__builder.hpp
[317.033s] -- Installing: /home/fu941/TDK_ros/install/mainspace/include/mainspace/mainspace/msg/detail/command__builder.hpp
[317.035s] -- Installing: /home/fu941/TDK_ros/install/mainspace/include/mainspace/mainspace/msg/detail/pause__builder.hpp
[317.036s] -- Installing: /home/fu941/TDK_ros/install/mainspace/include/mainspace/mainspace/msg/detail/csv_file__traits.hpp
[317.037s] -- Installing: /home/fu941/TDK_ros/install/mainspace/include/mainspace/mainspace/msg/detail/desk__type_support.hpp
[317.038s] -- Installing: /home/fu941/TDK_ros/install/mainspace/include/mainspace/mainspace/msg/detail/position__struct.hpp
[317.040s] -- Installing: /home/fu941/TDK_ros/install/mainspace/include/mainspace/mainspace/msg/detail/encoder_speed__builder.hpp
[317.043s] -- Installing: /home/fu941/TDK_ros/install/mainspace/include/mainspace/mainspace/msg/detail/command__struct.hpp
[317.044s] -- Installing: /home/fu941/TDK_ros/install/mainspace/include/mainspace/mainspace/msg/detail/coffee__struct.hpp
[317.045s] -- Installing: /home/fu941/TDK_ros/install/mainspace/include/mainspace/mainspace/msg/detail/position__traits.hpp
[317.046s] -- Installing: /home/fu941/TDK_ros/install/mainspace/include/mainspace/mainspace/msg/detail/csv_file__struct.hpp
[317.047s] -- Installing: /home/fu941/TDK_ros/install/mainspace/include/mainspace/mainspace/msg/detail/coffee__traits.hpp
[317.049s] -- Installing: /home/fu941/TDK_ros/install/mainspace/include/mainspace/mainspace/msg/detail/encoder_speed__traits.hpp
[317.050s] -- Installing: /home/fu941/TDK_ros/install/mainspace/include/mainspace/mainspace/msg/detail/pause__traits.hpp
[317.051s] -- Installing: /home/fu941/TDK_ros/install/mainspace/include/mainspace/mainspace/msg/detail/command__type_support.hpp
[317.054s] -- Installing: /home/fu941/TDK_ros/install/mainspace/include/mainspace/mainspace/msg/detail/command__traits.hpp
[317.056s] -- Installing: /home/fu941/TDK_ros/install/mainspace/include/mainspace/mainspace/msg/detail/pause__type_support.hpp
[317.059s] -- Installing: /home/fu941/TDK_ros/install/mainspace/include/mainspace/mainspace/msg/detail/encoder_speed__struct.hpp
[317.065s] -- Installing: /home/fu941/TDK_ros/install/mainspace/include/mainspace/mainspace/msg/detail/csv_file__type_support.hpp
[317.068s] -- Installing: /home/fu941/TDK_ros/install/mainspace/include/mainspace/mainspace/msg/detail/coffee__builder.hpp
[317.071s] -- Installing: /home/fu941/TDK_ros/install/mainspace/include/mainspace/mainspace/msg/detail/to_stm_speed__struct.hpp
[317.074s] -- Installing: /home/fu941/TDK_ros/install/mainspace/include/mainspace/mainspace/msg/detail/coffee__type_support.hpp
[317.077s] -- Installing: /home/fu941/TDK_ros/install/mainspace/include/mainspace/mainspace/msg/detail/position__builder.hpp
[317.080s] -- Installing: /home/fu941/TDK_ros/install/mainspace/include/mainspace/mainspace/msg/detail/pause__struct.hpp
[317.083s] -- Installing: /home/fu941/TDK_ros/install/mainspace/include/mainspace/mainspace/msg/detail/position__type_support.hpp
[317.086s] -- Installing: /home/fu941/TDK_ros/install/mainspace/include/mainspace/mainspace/msg/detail/desk__builder.hpp
[317.088s] -- Installing: /home/fu941/TDK_ros/install/mainspace/include/mainspace/mainspace/msg/detail/encoder_speed__type_support.hpp
[317.094s] -- Installing: /home/fu941/TDK_ros/install/mainspace/include/mainspace/mainspace/msg/detail/to_stm_speed__traits.hpp
[317.097s] -- Installing: /home/fu941/TDK_ros/install/mainspace/include/mainspace/mainspace/msg/detail/to_stm_speed__type_support.hpp
[317.100s] -- Installing: /home/fu941/TDK_ros/install/mainspace/include/mainspace/mainspace/msg/detail/desk__traits.hpp
[317.103s] -- Installing: /home/fu941/TDK_ros/install/mainspace/include/mainspace/mainspace/msg/detail/csv_file__builder.hpp
[317.106s] -- Installing: /home/fu941/TDK_ros/install/mainspace/include/mainspace/mainspace/msg/rosidl_generator_cpp__visibility_control.hpp
[317.109s] -- Installing: /home/fu941/TDK_ros/install/mainspace/include/mainspace/mainspace/msg/desk.hpp
[317.112s] -- Up-to-date: /home/fu941/TDK_ros/install/mainspace/include/mainspace/mainspace
[317.114s] -- Up-to-date: /home/fu941/TDK_ros/install/mainspace/include/mainspace/mainspace/msg
[317.115s] -- Installing: /home/fu941/TDK_ros/install/mainspace/include/mainspace/mainspace/msg/rosidl_typesupport_fastrtps_cpp__visibility_control.h
[317.117s] -- Up-to-date: /home/fu941/TDK_ros/install/mainspace/include/mainspace/mainspace/msg/detail
[317.119s] -- Installing: /home/fu941/TDK_ros/install/mainspace/include/mainspace/mainspace/msg/detail/csv_file__rosidl_typesupport_fastrtps_cpp.hpp
[317.122s] -- Installing: /home/fu941/TDK_ros/install/mainspace/include/mainspace/mainspace/msg/detail/position__rosidl_typesupport_fastrtps_cpp.hpp
[317.125s] -- Installing: /home/fu941/TDK_ros/install/mainspace/include/mainspace/mainspace/msg/detail/dds_fastrtps
[317.127s] -- Installing: /home/fu941/TDK_ros/install/mainspace/include/mainspace/mainspace/msg/detail/desk__rosidl_typesupport_fastrtps_cpp.hpp
[317.131s] -- Installing: /home/fu941/TDK_ros/install/mainspace/include/mainspace/mainspace/msg/detail/pause__rosidl_typesupport_fastrtps_cpp.hpp
[317.134s] -- Installing: /home/fu941/TDK_ros/install/mainspace/include/mainspace/mainspace/msg/detail/to_stm_speed__rosidl_typesupport_fastrtps_cpp.hpp
[317.137s] -- Installing: /home/fu941/TDK_ros/install/mainspace/include/mainspace/mainspace/msg/detail/command__rosidl_typesupport_fastrtps_cpp.hpp
[317.140s] -- Installing: /home/fu941/TDK_ros/install/mainspace/include/mainspace/mainspace/msg/detail/coffee__rosidl_typesupport_fastrtps_cpp.hpp
[317.144s] -- Installing: /home/fu941/TDK_ros/install/mainspace/include/mainspace/mainspace/msg/detail/encoder_speed__rosidl_typesupport_fastrtps_cpp.hpp
[317.152s] -- Installing: /home/fu941/TDK_ros/install/mainspace/lib/libmainspace__rosidl_typesupport_fastrtps_cpp.so
[317.160s] -- Set runtime path of "/home/fu941/TDK_ros/install/mainspace/lib/libmainspace__rosidl_typesupport_fastrtps_cpp.so" to ""
[317.161s] -- Up-to-date: /home/fu941/TDK_ros/install/mainspace/include/mainspace/mainspace
[317.162s] -- Up-to-date: /home/fu941/TDK_ros/install/mainspace/include/mainspace/mainspace/msg
[317.163s] -- Up-to-date: /home/fu941/TDK_ros/install/mainspace/include/mainspace/mainspace/msg/detail
[317.164s] -- Installing: /home/fu941/TDK_ros/install/mainspace/include/mainspace/mainspace/msg/detail/csv_file__rosidl_typesupport_introspection_c.h
[317.169s] -- Installing: /home/fu941/TDK_ros/install/mainspace/include/mainspace/mainspace/msg/detail/position__type_support.c
[317.171s] -- Installing: /home/fu941/TDK_ros/install/mainspace/include/mainspace/mainspace/msg/detail/command__rosidl_typesupport_introspection_c.h
[317.174s] -- Installing: /home/fu941/TDK_ros/install/mainspace/include/mainspace/mainspace/msg/detail/pause__type_support.c
[317.177s] -- Installing: /home/fu941/TDK_ros/install/mainspace/include/mainspace/mainspace/msg/detail/position__rosidl_typesupport_introspection_c.h
[317.181s] -- Installing: /home/fu941/TDK_ros/install/mainspace/include/mainspace/mainspace/msg/detail/pause__rosidl_typesupport_introspection_c.h
[317.184s] -- Installing: /home/fu941/TDK_ros/install/mainspace/include/mainspace/mainspace/msg/detail/to_stm_speed__type_support.c
[317.187s] -- Installing: /home/fu941/TDK_ros/install/mainspace/include/mainspace/mainspace/msg/detail/coffee__type_support.c
[317.190s] -- Installing: /home/fu941/TDK_ros/install/mainspace/include/mainspace/mainspace/msg/detail/desk__type_support.c
[317.193s] -- Installing: /home/fu941/TDK_ros/install/mainspace/include/mainspace/mainspace/msg/detail/to_stm_speed__rosidl_typesupport_introspection_c.h
[317.197s] -- Installing: /home/fu941/TDK_ros/install/mainspace/include/mainspace/mainspace/msg/detail/coffee__rosidl_typesupport_introspection_c.h
[317.200s] -- Installing: /home/fu941/TDK_ros/install/mainspace/include/mainspace/mainspace/msg/detail/command__type_support.c
[317.203s] -- Installing: /home/fu941/TDK_ros/install/mainspace/include/mainspace/mainspace/msg/detail/desk__rosidl_typesupport_introspection_c.h
[317.206s] -- Installing: /home/fu941/TDK_ros/install/mainspace/include/mainspace/mainspace/msg/detail/csv_file__type_support.c
[317.210s] -- Installing: /home/fu941/TDK_ros/install/mainspace/include/mainspace/mainspace/msg/detail/encoder_speed__rosidl_typesupport_introspection_c.h
[317.215s] -- Installing: /home/fu941/TDK_ros/install/mainspace/include/mainspace/mainspace/msg/detail/encoder_speed__type_support.c
[317.220s] -- Installing: /home/fu941/TDK_ros/install/mainspace/include/mainspace/mainspace/msg/rosidl_typesupport_introspection_c__visibility_control.h
[317.224s] -- Installing: /home/fu941/TDK_ros/install/mainspace/lib/libmainspace__rosidl_typesupport_introspection_c.so
[317.231s] -- Set runtime path of "/home/fu941/TDK_ros/install/mainspace/lib/libmainspace__rosidl_typesupport_introspection_c.so" to ""
[317.232s] -- Installing: /home/fu941/TDK_ros/install/mainspace/lib/libmainspace__rosidl_typesupport_c.so
[317.238s] -- Set runtime path of "/home/fu941/TDK_ros/install/mainspace/lib/libmainspace__rosidl_typesupport_c.so" to ""
[317.240s] -- Up-to-date: /home/fu941/TDK_ros/install/mainspace/include/mainspace/mainspace
[317.241s] -- Up-to-date: /home/fu941/TDK_ros/install/mainspace/include/mainspace/mainspace/msg
[317.243s] -- Up-to-date: /home/fu941/TDK_ros/install/mainspace/include/mainspace/mainspace/msg/detail
[317.244s] -- Installing: /home/fu941/TDK_ros/install/mainspace/include/mainspace/mainspace/msg/detail/encoder_speed__type_support.cpp
[317.248s] -- Installing: /home/fu941/TDK_ros/install/mainspace/include/mainspace/mainspace/msg/detail/to_stm_speed__type_support.cpp
[317.253s] -- Installing: /home/fu941/TDK_ros/install/mainspace/include/mainspace/mainspace/msg/detail/csv_file__rosidl_typesupport_introspection_cpp.hpp
[317.256s] -- Installing: /home/fu941/TDK_ros/install/mainspace/include/mainspace/mainspace/msg/detail/pause__type_support.cpp
[317.259s] -- Installing: /home/fu941/TDK_ros/install/mainspace/include/mainspace/mainspace/msg/detail/position__rosidl_typesupport_introspection_cpp.hpp
[317.262s] -- Installing: /home/fu941/TDK_ros/install/mainspace/include/mainspace/mainspace/msg/detail/command__rosidl_typesupport_introspection_cpp.hpp
[317.265s] -- Installing: /home/fu941/TDK_ros/install/mainspace/include/mainspace/mainspace/msg/detail/coffee__type_support.cpp
[317.269s] -- Installing: /home/fu941/TDK_ros/install/mainspace/include/mainspace/mainspace/msg/detail/pause__rosidl_typesupport_introspection_cpp.hpp
[317.272s] -- Installing: /home/fu941/TDK_ros/install/mainspace/include/mainspace/mainspace/msg/detail/desk__type_support.cpp
[317.275s] -- Installing: /home/fu941/TDK_ros/install/mainspace/include/mainspace/mainspace/msg/detail/to_stm_speed__rosidl_typesupport_introspection_cpp.hpp
[317.279s] -- Installing: /home/fu941/TDK_ros/install/mainspace/include/mainspace/mainspace/msg/detail/coffee__rosidl_typesupport_introspection_cpp.hpp
[317.283s] -- Installing: /home/fu941/TDK_ros/install/mainspace/include/mainspace/mainspace/msg/detail/encoder_speed__rosidl_typesupport_introspection_cpp.hpp
[317.288s] -- Installing: /home/fu941/TDK_ros/install/mainspace/include/mainspace/mainspace/msg/detail/csv_file__type_support.cpp
[317.291s] -- Installing: /home/fu941/TDK_ros/install/mainspace/include/mainspace/mainspace/msg/detail/position__type_support.cpp
[317.294s] -- Installing: /home/fu941/TDK_ros/install/mainspace/include/mainspace/mainspace/msg/detail/command__type_support.cpp
[317.297s] -- Installing: /home/fu941/TDK_ros/install/mainspace/include/mainspace/mainspace/msg/detail/desk__rosidl_typesupport_introspection_cpp.hpp
[317.301s] -- Installing: /home/fu941/TDK_ros/install/mainspace/lib/libmainspace__rosidl_typesupport_introspection_cpp.so
[317.311s] -- Set runtime path of "/home/fu941/TDK_ros/install/mainspace/lib/libmainspace__rosidl_typesupport_introspection_cpp.so" to ""
[317.312s] -- Installing: /home/fu941/TDK_ros/install/mainspace/lib/libmainspace__rosidl_typesupport_cpp.so
[317.318s] -- Set runtime path of "/home/fu941/TDK_ros/install/mainspace/lib/libmainspace__rosidl_typesupport_cpp.so" to ""
[317.319s] -- Installing: /home/fu941/TDK_ros/install/mainspace/share/mainspace/environment/pythonpath.sh
[317.322s] -- Installing: /home/fu941/TDK_ros/install/mainspace/share/mainspace/environment/pythonpath.dsv
[317.325s] -- Installing: /home/fu941/TDK_ros/install/mainspace/local/lib/python3.10/dist-packages/mainspace-0.0.0-py3.10.egg-info
[317.328s] -- Installing: /home/fu941/TDK_ros/install/mainspace/local/lib/python3.10/dist-packages/mainspace-0.0.0-py3.10.egg-info/PKG-INFO
[317.331s] -- Installing: /home/fu941/TDK_ros/install/mainspace/local/lib/python3.10/dist-packages/mainspace-0.0.0-py3.10.egg-info/top_level.txt
[317.334s] -- Installing: /home/fu941/TDK_ros/install/mainspace/local/lib/python3.10/dist-packages/mainspace-0.0.0-py3.10.egg-info/SOURCES.txt
[317.337s] -- Installing: /home/fu941/TDK_ros/install/mainspace/local/lib/python3.10/dist-packages/mainspace-0.0.0-py3.10.egg-info/dependency_links.txt
[317.340s] -- Installing: /home/fu941/TDK_ros/install/mainspace/local/lib/python3.10/dist-packages/mainspace
[317.342s] -- Installing: /home/fu941/TDK_ros/install/mainspace/local/lib/python3.10/dist-packages/mainspace/__init__.py
[317.345s] -- Installing: /home/fu941/TDK_ros/install/mainspace/local/lib/python3.10/dist-packages/mainspace/mainspace_s__rosidl_typesupport_c.cpython-310-aarch64-linux-gnu.so
[317.349s] -- Installing: /home/fu941/TDK_ros/install/mainspace/local/lib/python3.10/dist-packages/mainspace/_mainspace_s.ep.rosidl_typesupport_fastrtps_c.c
[317.353s] -- Installing: /home/fu941/TDK_ros/install/mainspace/local/lib/python3.10/dist-packages/mainspace/_mainspace_s.ep.rosidl_typesupport_c.c
[317.357s] -- Installing: /home/fu941/TDK_ros/install/mainspace/local/lib/python3.10/dist-packages/mainspace/_mainspace_s.ep.rosidl_typesupport_introspection_c.c
[317.361s] -- Installing: /home/fu941/TDK_ros/install/mainspace/local/lib/python3.10/dist-packages/mainspace/libmainspace__rosidl_generator_py.so
[317.364s] -- Installing: /home/fu941/TDK_ros/install/mainspace/local/lib/python3.10/dist-packages/mainspace/msg
[317.367s] -- Installing: /home/fu941/TDK_ros/install/mainspace/local/lib/python3.10/dist-packages/mainspace/msg/_coffee.py
[317.370s] -- Installing: /home/fu941/TDK_ros/install/mainspace/local/lib/python3.10/dist-packages/mainspace/msg/__init__.py
[317.373s] -- Installing: /home/fu941/TDK_ros/install/mainspace/local/lib/python3.10/dist-packages/mainspace/msg/_command_s.c
[317.376s] -- Installing: /home/fu941/TDK_ros/install/mainspace/local/lib/python3.10/dist-packages/mainspace/msg/_csv_file_s.c
[317.378s] -- Installing: /home/fu941/TDK_ros/install/mainspace/local/lib/python3.10/dist-packages/mainspace/msg/_encoder_speed.py
[317.381s] -- Installing: /home/fu941/TDK_ros/install/mainspace/local/lib/python3.10/dist-packages/mainspace/msg/_desk.py
[317.384s] -- Installing: /home/fu941/TDK_ros/install/mainspace/local/lib/python3.10/dist-packages/mainspace/msg/_pause.py
[317.388s] -- Installing: /home/fu941/TDK_ros/install/mainspace/local/lib/python3.10/dist-packages/mainspace/msg/_to_stm_speed.py
[317.391s] -- Installing: /home/fu941/TDK_ros/install/mainspace/local/lib/python3.10/dist-packages/mainspace/msg/_command.py
[317.393s] -- Installing: /home/fu941/TDK_ros/install/mainspace/local/lib/python3.10/dist-packages/mainspace/msg/_desk_s.c
[317.396s] -- Installing: /home/fu941/TDK_ros/install/mainspace/local/lib/python3.10/dist-packages/mainspace/msg/_pause_s.c
[317.399s] -- Installing: /home/fu941/TDK_ros/install/mainspace/local/lib/python3.10/dist-packages/mainspace/msg/_csv_file.py
[317.402s] -- Installing: /home/fu941/TDK_ros/install/mainspace/local/lib/python3.10/dist-packages/mainspace/msg/_position_s.c
[317.405s] -- Installing: /home/fu941/TDK_ros/install/mainspace/local/lib/python3.10/dist-packages/mainspace/msg/_coffee_s.c
[317.408s] -- Installing: /home/fu941/TDK_ros/install/mainspace/local/lib/python3.10/dist-packages/mainspace/msg/_encoder_speed_s.c
[317.410s] -- Installing: /home/fu941/TDK_ros/install/mainspace/local/lib/python3.10/dist-packages/mainspace/msg/_to_stm_speed_s.c
[317.413s] -- Installing: /home/fu941/TDK_ros/install/mainspace/local/lib/python3.10/dist-packages/mainspace/msg/_position.py
[317.416s] -- Installing: /home/fu941/TDK_ros/install/mainspace/local/lib/python3.10/dist-packages/mainspace/mainspace_s__rosidl_typesupport_introspection_c.cpython-310-aarch64-linux-gnu.so
[317.422s] -- Installing: /home/fu941/TDK_ros/install/mainspace/local/lib/python3.10/dist-packages/mainspace/mainspace_s__rosidl_typesupport_fastrtps_c.cpython-310-aarch64-linux-gnu.so
[317.885s] Listing '/home/fu941/TDK_ros/install/mainspace/local/lib/python3.10/dist-packages/mainspace'...
[317.888s] Compiling '/home/fu941/TDK_ros/install/mainspace/local/lib/python3.10/dist-packages/mainspace/__init__.py'...
[317.890s] Listing '/home/fu941/TDK_ros/install/mainspace/local/lib/python3.10/dist-packages/mainspace/msg'...
[317.893s] Compiling '/home/fu941/TDK_ros/install/mainspace/local/lib/python3.10/dist-packages/mainspace/msg/__init__.py'...
[317.896s] Compiling '/home/fu941/TDK_ros/install/mainspace/local/lib/python3.10/dist-packages/mainspace/msg/_coffee.py'...
[317.898s] Compiling '/home/fu941/TDK_ros/install/mainspace/local/lib/python3.10/dist-packages/mainspace/msg/_command.py'...
[317.900s] Compiling '/home/fu941/TDK_ros/install/mainspace/local/lib/python3.10/dist-packages/mainspace/msg/_csv_file.py'...
[317.902s] Compiling '/home/fu941/TDK_ros/install/mainspace/local/lib/python3.10/dist-packages/mainspace/msg/_desk.py'...
[317.905s] Compiling '/home/fu941/TDK_ros/install/mainspace/local/lib/python3.10/dist-packages/mainspace/msg/_encoder_speed.py'...
[317.907s] Compiling '/home/fu941/TDK_ros/install/mainspace/local/lib/python3.10/dist-packages/mainspace/msg/_pause.py'...
[317.909s] Compiling '/home/fu941/TDK_ros/install/mainspace/local/lib/python3.10/dist-packages/mainspace/msg/_position.py'...
[317.911s] Compiling '/home/fu941/TDK_ros/install/mainspace/local/lib/python3.10/dist-packages/mainspace/msg/_to_stm_speed.py'...
[317.942s] -- Installing: /home/fu941/TDK_ros/install/mainspace/local/lib/python3.10/dist-packages/mainspace/mainspace_s__rosidl_typesupport_fastrtps_c.cpython-310-aarch64-linux-gnu.so
[317.950s] -- Set runtime path of "/home/fu941/TDK_ros/install/mainspace/local/lib/python3.10/dist-packages/mainspace/mainspace_s__rosidl_typesupport_fastrtps_c.cpython-310-aarch64-linux-gnu.so" to ""
[317.954s] -- Installing: /home/fu941/TDK_ros/install/mainspace/local/lib/python3.10/dist-packages/mainspace/mainspace_s__rosidl_typesupport_introspection_c.cpython-310-aarch64-linux-gnu.so
[317.962s] -- Set runtime path of "/home/fu941/TDK_ros/install/mainspace/local/lib/python3.10/dist-packages/mainspace/mainspace_s__rosidl_typesupport_introspection_c.cpython-310-aarch64-linux-gnu.so" to ""
[317.967s] -- Installing: /home/fu941/TDK_ros/install/mainspace/local/lib/python3.10/dist-packages/mainspace/mainspace_s__rosidl_typesupport_c.cpython-310-aarch64-linux-gnu.so
[317.974s] -- Set runtime path of "/home/fu941/TDK_ros/install/mainspace/local/lib/python3.10/dist-packages/mainspace/mainspace_s__rosidl_typesupport_c.cpython-310-aarch64-linux-gnu.so" to ""
[317.976s] -- Installing: /home/fu941/TDK_ros/install/mainspace/lib/libmainspace__rosidl_generator_py.so
[317.984s] -- Set runtime path of "/home/fu941/TDK_ros/install/mainspace/lib/libmainspace__rosidl_generator_py.so" to ""
[317.985s] -- Installing: /home/fu941/TDK_ros/install/mainspace/share/mainspace/msg/ToStmSpeed.idl
[317.988s] -- Installing: /home/fu941/TDK_ros/install/mainspace/share/mainspace/msg/Position.idl
[317.992s] -- Installing: /home/fu941/TDK_ros/install/mainspace/share/mainspace/msg/Desk.idl
[317.995s] -- Installing: /home/fu941/TDK_ros/install/mainspace/share/mainspace/msg/Coffee.idl
[317.998s] -- Installing: /home/fu941/TDK_ros/install/mainspace/share/mainspace/msg/CsvFile.idl
[318.000s] -- Installing: /home/fu941/TDK_ros/install/mainspace/share/mainspace/msg/Command.idl
[318.003s] -- Installing: /home/fu941/TDK_ros/install/mainspace/share/mainspace/msg/Pause.idl
[318.006s] -- Installing: /home/fu941/TDK_ros/install/mainspace/share/mainspace/msg/ToStmSpeed.msg
[318.009s] -- Installing: /home/fu941/TDK_ros/install/mainspace/share/mainspace/msg/Position.msg
[318.012s] -- Installing: /home/fu941/TDK_ros/install/mainspace/share/mainspace/msg/Desk.msg
[318.014s] -- Installing: /home/fu941/TDK_ros/install/mainspace/share/mainspace/msg/Coffee.msg
[318.017s] -- Installing: /home/fu941/TDK_ros/install/mainspace/share/mainspace/msg/CsvFile.msg
[318.020s] -- Installing: /home/fu941/TDK_ros/install/mainspace/share/mainspace/msg/Command.msg
[318.023s] -- Installing: /home/fu941/TDK_ros/install/mainspace/share/mainspace/msg/Pause.msg
[318.025s] -- Up-to-date: /home/fu941/TDK_ros/install/mainspace/include/
[318.027s] -- Up-to-date: /home/fu941/TDK_ros/install/mainspace/include//mainspace
[318.028s] -- Installing: /home/fu941/TDK_ros/install/mainspace/include//mainspace/navigator.hpp
[318.030s] -- Installing: /home/fu941/TDK_ros/install/mainspace/lib/libnavigator_lib.so
[318.336s] -- Set runtime path of "/home/fu941/TDK_ros/install/mainspace/lib/libnavigator_lib.so" to ""
[318.338s] -- Installing: /home/fu941/TDK_ros/install/mainspace/lib/mainspace/navigator_main
[318.346s] -- Set runtime path of "/home/fu941/TDK_ros/install/mainspace/lib/mainspace/navigator_main" to ""
[318.347s] -- Installing: /home/fu941/TDK_ros/install/mainspace/lib/mainspace/Stage2
[318.425s] -- Set runtime path of "/home/fu941/TDK_ros/install/mainspace/lib/mainspace/Stage2" to ""
[318.425s] -- Installing: /home/fu941/TDK_ros/install/mainspace/lib/mainspace/Stage3
[318.438s] -- Set runtime path of "/home/fu941/TDK_ros/install/mainspace/lib/mainspace/Stage3" to ""
[318.438s] -- Installing: /home/fu941/TDK_ros/install/mainspace/lib/mainspace/Stage4
[318.450s] -- Set runtime path of "/home/fu941/TDK_ros/install/mainspace/lib/mainspace/Stage4" to ""
[318.451s] -- Installing: /home/fu941/TDK_ros/install/mainspace/lib/mainspace/StageManager
[318.564s] -- Set runtime path of "/home/fu941/TDK_ros/install/mainspace/lib/mainspace/StageManager" to ""
[318.565s] -- Installing: /home/fu941/TDK_ros/install/mainspace/share/mainspace/MainPath_csv
[318.566s] -- Installing: /home/fu941/TDK_ros/install/mainspace/share/mainspace/MainPath_csv/Stage3.csv
[318.568s] -- Installing: /home/fu941/TDK_ros/install/mainspace/share/mainspace/MainPath_csv/Stage4.csv
[318.570s] -- Installing: /home/fu941/TDK_ros/install/mainspace/share/mainspace/MainPath_csv/Stage2.csv
[318.573s] -- Installing: /home/fu941/TDK_ros/install/mainspace/share/mainspace/Stage2Path_csv
[318.574s] -- Installing: /home/fu941/TDK_ros/install/mainspace/share/mainspace/Stage2Path_csv/desk4.csv
[318.577s] -- Installing: /home/fu941/TDK_ros/install/mainspace/share/mainspace/Stage2Path_csv/coffee1.csv
[318.581s] -- Installing: /home/fu941/TDK_ros/install/mainspace/share/mainspace/Stage2Path_csv/coffee2.csv
[318.583s] -- Installing: /home/fu941/TDK_ros/install/mainspace/share/mainspace/Stage2Path_csv/coffee4.csv
[318.585s] -- Installing: /home/fu941/TDK_ros/install/mainspace/share/mainspace/Stage2Path_csv/desk2.csv
[318.587s] -- Installing: /home/fu941/TDK_ros/install/mainspace/share/mainspace/Stage2Path_csv/desk3.csv
[318.590s] -- Installing: /home/fu941/TDK_ros/install/mainspace/share/mainspace/Stage2Path_csv/desk1.csv
[318.593s] -- Installing: /home/fu941/TDK_ros/install/mainspace/share/mainspace/Stage2Path_csv/coffee3.csv
[318.595s] -- Installing: /home/fu941/TDK_ros/install/mainspace/share/mainspace/launch
[318.597s] -- Installing: /home/fu941/TDK_ros/install/mainspace/share/mainspace/launch/rviz.launch.py
[318.599s] -- Installing: /home/fu941/TDK_ros/install/mainspace/share/mainspace/launch/mainNodes.launch.py
[318.602s] -- Installing: /home/fu941/TDK_ros/install/mainspace/share/mainspace/rviz
[318.604s] -- Installing: /home/fu941/TDK_ros/install/mainspace/share/mainspace/rviz/BasePosition.rviz
[318.608s] -- Installing: /home/fu941/TDK_ros/install/mainspace/share/ament_index/resource_index/package_run_dependencies/mainspace
[318.612s] -- Installing: /home/fu941/TDK_ros/install/mainspace/share/ament_index/resource_index/parent_prefix_path/mainspace
[318.616s] -- Installing: /home/fu941/TDK_ros/install/mainspace/share/mainspace/environment/ament_prefix_path.sh
[318.620s] -- Installing: /home/fu941/TDK_ros/install/mainspace/share/mainspace/environment/ament_prefix_path.dsv
[318.624s] -- Installing: /home/fu941/TDK_ros/install/mainspace/share/mainspace/environment/path.sh
[318.627s] -- Installing: /home/fu941/TDK_ros/install/mainspace/share/mainspace/environment/path.dsv
[318.630s] -- Installing: /home/fu941/TDK_ros/install/mainspace/share/mainspace/local_setup.bash
[318.633s] -- Installing: /home/fu941/TDK_ros/install/mainspace/share/mainspace/local_setup.sh
[318.636s] -- Installing: /home/fu941/TDK_ros/install/mainspace/share/mainspace/local_setup.zsh
[318.639s] -- Installing: /home/fu941/TDK_ros/install/mainspace/share/mainspace/local_setup.dsv
[318.642s] -- Installing: /home/fu941/TDK_ros/install/mainspace/share/mainspace/package.dsv
[318.648s] -- Installing: /home/fu941/TDK_ros/install/mainspace/share/ament_index/resource_index/packages/mainspace
[318.651s] -- Installing: /home/fu941/TDK_ros/install/mainspace/share/mainspace/cmake/export_mainspace__rosidl_generator_cExport.cmake
[318.655s] -- Installing: /home/fu941/TDK_ros/install/mainspace/share/mainspace/cmake/export_mainspace__rosidl_generator_cExport-noconfig.cmake
[318.659s] -- Installing: /home/fu941/TDK_ros/install/mainspace/share/mainspace/cmake/export_mainspace__rosidl_typesupport_fastrtps_cExport.cmake
[318.663s] -- Installing: /home/fu941/TDK_ros/install/mainspace/share/mainspace/cmake/export_mainspace__rosidl_typesupport_fastrtps_cExport-noconfig.cmake
[318.667s] -- Installing: /home/fu941/TDK_ros/install/mainspace/share/mainspace/cmake/export_mainspace__rosidl_generator_cppExport.cmake
[318.670s] -- Installing: /home/fu941/TDK_ros/install/mainspace/share/mainspace/cmake/export_mainspace__rosidl_typesupport_fastrtps_cppExport.cmake
[318.674s] -- Installing: /home/fu941/TDK_ros/install/mainspace/share/mainspace/cmake/export_mainspace__rosidl_typesupport_fastrtps_cppExport-noconfig.cmake
[318.678s] -- Installing: /home/fu941/TDK_ros/install/mainspace/share/mainspace/cmake/mainspace__rosidl_typesupport_introspection_cExport.cmake
[318.682s] -- Installing: /home/fu941/TDK_ros/install/mainspace/share/mainspace/cmake/mainspace__rosidl_typesupport_introspection_cExport-noconfig.cmake
[318.686s] -- Installing: /home/fu941/TDK_ros/install/mainspace/share/mainspace/cmake/mainspace__rosidl_typesupport_cExport.cmake
[318.690s] -- Installing: /home/fu941/TDK_ros/install/mainspace/share/mainspace/cmake/mainspace__rosidl_typesupport_cExport-noconfig.cmake
[318.695s] -- Installing: /home/fu941/TDK_ros/install/mainspace/share/mainspace/cmake/mainspace__rosidl_typesupport_introspection_cppExport.cmake
[318.699s] -- Installing: /home/fu941/TDK_ros/install/mainspace/share/mainspace/cmake/mainspace__rosidl_typesupport_introspection_cppExport-noconfig.cmake
[318.703s] -- Installing: /home/fu941/TDK_ros/install/mainspace/share/mainspace/cmake/mainspace__rosidl_typesupport_cppExport.cmake
[318.707s] -- Installing: /home/fu941/TDK_ros/install/mainspace/share/mainspace/cmake/mainspace__rosidl_typesupport_cppExport-noconfig.cmake
[318.711s] -- Installing: /home/fu941/TDK_ros/install/mainspace/share/mainspace/cmake/export_mainspace__rosidl_generator_pyExport.cmake
[318.715s] -- Installing: /home/fu941/TDK_ros/install/mainspace/share/mainspace/cmake/export_mainspace__rosidl_generator_pyExport-noconfig.cmake
[318.719s] -- Installing: /home/fu941/TDK_ros/install/mainspace/share/mainspace/cmake/rosidl_cmake-extras.cmake
[318.722s] -- Installing: /home/fu941/TDK_ros/install/mainspace/share/mainspace/cmake/ament_cmake_export_dependencies-extras.cmake
[318.726s] -- Installing: /home/fu941/TDK_ros/install/mainspace/share/mainspace/cmake/ament_cmake_export_include_directories-extras.cmake
[318.730s] -- Installing: /home/fu941/TDK_ros/install/mainspace/share/mainspace/cmake/ament_cmake_export_libraries-extras.cmake
[318.734s] -- Installing: /home/fu941/TDK_ros/install/mainspace/share/mainspace/cmake/ament_cmake_export_targets-extras.cmake
[318.737s] -- Installing: /home/fu941/TDK_ros/install/mainspace/share/mainspace/cmake/rosidl_cmake_export_typesupport_targets-extras.cmake
[318.741s] -- Installing: /home/fu941/TDK_ros/install/mainspace/share/mainspace/cmake/rosidl_cmake_export_typesupport_libraries-extras.cmake
[318.745s] -- Installing: /home/fu941/TDK_ros/install/mainspace/share/mainspace/cmake/mainspaceConfig.cmake
[318.747s] -- Installing: /home/fu941/TDK_ros/install/mainspace/share/mainspace/cmake/mainspaceConfig-version.cmake
[318.751s] -- Installing: /home/fu941/TDK_ros/install/mainspace/share/mainspace/package.xml
[318.773s] Invoked command in '/home/fu941/TDK_ros/build/mainspace' returned '0': CMAKE_PREFIX_PATH=/opt/ros/humble /usr/bin/cmake --install /home/fu941/TDK_ros/build/mainspace
