[0.418s] DEBUG:colcon:Command line arguments: ['/usr/bin/colcon', 'build', '--packages-select', 'camera']
[0.418s] DEBUG:colcon:Parsed command line arguments: Namespace(log_base=None, log_level=None, verb_name='build', build_base='build', install_base='install', merge_install=False, symlink_install=False, test_result_base=None, continue_on_error=False, executor='parallel', parallel_workers=4, event_handlers=None, ignore_user_meta=False, metas=['./colcon.meta'], base_paths=['.'], packages_ignore=None, packages_ignore_regex=None, paths=None, packages_up_to=None, packages_up_to_regex=None, packages_above=None, packages_above_and_dependencies=None, packages_above_depth=None, packages_select_by_dep=None, packages_skip_by_dep=None, packages_skip_up_to=None, packages_select_build_failed=False, packages_skip_build_finished=False, packages_select_test_failures=False, packages_skip_test_passed=False, packages_select=['camera'], packages_skip=None, packages_select_regex=None, packages_skip_regex=None, packages_start=None, packages_end=None, allow_overriding=[], cmake_args=None, cmake_target=None, cmake_target_skip_unavailable=False, cmake_clean_cache=False, cmake_clean_first=False, cmake_force_configure=False, ament_cmake_args=None, catkin_cmake_args=None, catkin_skip_building_tests=False, verb_parser=<colcon_defaults.argument_parser.defaults.DefaultArgumentsDecorator object at 0xffff99812f80>, verb_extension=<colcon_core.verb.build.BuildVerb object at 0xffff99948430>, main=<bound method BuildVerb.main of <colcon_core.verb.build.BuildVerb object at 0xffff99948430>>)
[1.151s] Level 1:colcon.colcon_core.package_discovery:discover_packages(colcon_meta) check parameters
[1.152s] Level 1:colcon.colcon_core.package_discovery:discover_packages(recursive) check parameters
[1.152s] Level 1:colcon.colcon_core.package_discovery:discover_packages(ignore) check parameters
[1.152s] Level 1:colcon.colcon_core.package_discovery:discover_packages(path) check parameters
[1.152s] Level 1:colcon.colcon_core.package_discovery:discover_packages(colcon_meta) discover
[1.153s] Level 1:colcon.colcon_core.package_discovery:discover_packages(recursive) discover
[1.153s] INFO:colcon.colcon_core.package_discovery:Crawling recursively for packages in '/home/fu941/TDK_ros'
[1.153s] Level 1:colcon.colcon_core.package_identification:_identify(.) by extensions ['ignore', 'ignore_ament_install']
[1.153s] Level 1:colcon.colcon_core.package_identification:_identify(.) by extension 'ignore'
[1.154s] Level 1:colcon.colcon_core.package_identification:_identify(.) by extension 'ignore_ament_install'
[1.154s] Level 1:colcon.colcon_core.package_identification:_identify(.) by extensions ['colcon_pkg']
[1.154s] Level 1:colcon.colcon_core.package_identification:_identify(.) by extension 'colcon_pkg'
[1.154s] Level 1:colcon.colcon_core.package_identification:_identify(.) by extensions ['colcon_meta']
[1.154s] Level 1:colcon.colcon_core.package_identification:_identify(.) by extension 'colcon_meta'
[1.154s] Level 1:colcon.colcon_core.package_identification:_identify(.) by extensions ['ros']
[1.155s] Level 1:colcon.colcon_core.package_identification:_identify(.) by extension 'ros'
[1.201s] Level 1:colcon.colcon_core.package_identification:_identify(.) by extensions ['cmake', 'python']
[1.201s] Level 1:colcon.colcon_core.package_identification:_identify(.) by extension 'cmake'
[1.202s] Level 1:colcon.colcon_core.package_identification:_identify(.) by extension 'python'
[1.202s] Level 1:colcon.colcon_core.package_identification:_identify(.) by extensions ['python_setup_py']
[1.202s] Level 1:colcon.colcon_core.package_identification:_identify(.) by extension 'python_setup_py'
[1.202s] Level 1:colcon.colcon_core.package_identification:_identify(build) by extensions ['ignore', 'ignore_ament_install']
[1.203s] Level 1:colcon.colcon_core.package_identification:_identify(build) by extension 'ignore'
[1.203s] Level 1:colcon.colcon_core.package_identification:_identify(build) ignored
[1.204s] Level 1:colcon.colcon_core.package_identification:_identify(install) by extensions ['ignore', 'ignore_ament_install']
[1.204s] Level 1:colcon.colcon_core.package_identification:_identify(install) by extension 'ignore'
[1.204s] Level 1:colcon.colcon_core.package_identification:_identify(install) ignored
[1.205s] Level 1:colcon.colcon_core.package_identification:_identify(log) by extensions ['ignore', 'ignore_ament_install']
[1.205s] Level 1:colcon.colcon_core.package_identification:_identify(log) by extension 'ignore'
[1.205s] Level 1:colcon.colcon_core.package_identification:_identify(log) ignored
[1.205s] Level 1:colcon.colcon_core.package_identification:_identify(src) by extensions ['ignore', 'ignore_ament_install']
[1.206s] Level 1:colcon.colcon_core.package_identification:_identify(src) by extension 'ignore'
[1.206s] Level 1:colcon.colcon_core.package_identification:_identify(src) by extension 'ignore_ament_install'
[1.206s] Level 1:colcon.colcon_core.package_identification:_identify(src) by extensions ['colcon_pkg']
[1.206s] Level 1:colcon.colcon_core.package_identification:_identify(src) by extension 'colcon_pkg'
[1.206s] Level 1:colcon.colcon_core.package_identification:_identify(src) by extensions ['colcon_meta']
[1.206s] Level 1:colcon.colcon_core.package_identification:_identify(src) by extension 'colcon_meta'
[1.207s] Level 1:colcon.colcon_core.package_identification:_identify(src) by extensions ['ros']
[1.207s] Level 1:colcon.colcon_core.package_identification:_identify(src) by extension 'ros'
[1.207s] Level 1:colcon.colcon_core.package_identification:_identify(src) by extensions ['cmake', 'python']
[1.207s] Level 1:colcon.colcon_core.package_identification:_identify(src) by extension 'cmake'
[1.207s] Level 1:colcon.colcon_core.package_identification:_identify(src) by extension 'python'
[1.207s] Level 1:colcon.colcon_core.package_identification:_identify(src) by extensions ['python_setup_py']
[1.208s] Level 1:colcon.colcon_core.package_identification:_identify(src) by extension 'python_setup_py'
[1.208s] Level 1:colcon.colcon_core.package_identification:_identify(src/SerialTest) by extensions ['ignore', 'ignore_ament_install']
[1.208s] Level 1:colcon.colcon_core.package_identification:_identify(src/SerialTest) by extension 'ignore'
[1.209s] Level 1:colcon.colcon_core.package_identification:_identify(src/SerialTest) by extension 'ignore_ament_install'
[1.209s] Level 1:colcon.colcon_core.package_identification:_identify(src/SerialTest) by extensions ['colcon_pkg']
[1.209s] Level 1:colcon.colcon_core.package_identification:_identify(src/SerialTest) by extension 'colcon_pkg'
[1.209s] Level 1:colcon.colcon_core.package_identification:_identify(src/SerialTest) by extensions ['colcon_meta']
[1.209s] Level 1:colcon.colcon_core.package_identification:_identify(src/SerialTest) by extension 'colcon_meta'
[1.209s] Level 1:colcon.colcon_core.package_identification:_identify(src/SerialTest) by extensions ['ros']
[1.209s] Level 1:colcon.colcon_core.package_identification:_identify(src/SerialTest) by extension 'ros'
[1.218s] DEBUG:colcon.colcon_core.package_identification:Package 'src/SerialTest' with type 'ros.ament_python' and name 'SerialTest'
[1.218s] Level 1:colcon.colcon_core.package_identification:_identify(src/camera) by extensions ['ignore', 'ignore_ament_install']
[1.219s] Level 1:colcon.colcon_core.package_identification:_identify(src/camera) by extension 'ignore'
[1.219s] Level 1:colcon.colcon_core.package_identification:_identify(src/camera) by extension 'ignore_ament_install'
[1.219s] Level 1:colcon.colcon_core.package_identification:_identify(src/camera) by extensions ['colcon_pkg']
[1.219s] Level 1:colcon.colcon_core.package_identification:_identify(src/camera) by extension 'colcon_pkg'
[1.219s] Level 1:colcon.colcon_core.package_identification:_identify(src/camera) by extensions ['colcon_meta']
[1.219s] Level 1:colcon.colcon_core.package_identification:_identify(src/camera) by extension 'colcon_meta'
[1.220s] Level 1:colcon.colcon_core.package_identification:_identify(src/camera) by extensions ['ros']
[1.220s] Level 1:colcon.colcon_core.package_identification:_identify(src/camera) by extension 'ros'
[1.222s] DEBUG:colcon.colcon_core.package_identification:Package 'src/camera' with type 'ros.ament_cmake' and name 'camera'
[1.223s] Level 1:colcon.colcon_core.package_identification:_identify(src/mainspace) by extensions ['ignore', 'ignore_ament_install']
[1.223s] Level 1:colcon.colcon_core.package_identification:_identify(src/mainspace) by extension 'ignore'
[1.223s] Level 1:colcon.colcon_core.package_identification:_identify(src/mainspace) by extension 'ignore_ament_install'
[1.223s] Level 1:colcon.colcon_core.package_identification:_identify(src/mainspace) by extensions ['colcon_pkg']
[1.224s] Level 1:colcon.colcon_core.package_identification:_identify(src/mainspace) by extension 'colcon_pkg'
[1.224s] Level 1:colcon.colcon_core.package_identification:_identify(src/mainspace) by extensions ['colcon_meta']
[1.224s] Level 1:colcon.colcon_core.package_identification:_identify(src/mainspace) by extension 'colcon_meta'
[1.224s] Level 1:colcon.colcon_core.package_identification:_identify(src/mainspace) by extensions ['ros']
[1.224s] Level 1:colcon.colcon_core.package_identification:_identify(src/mainspace) by extension 'ros'
[1.227s] DEBUG:colcon.colcon_core.package_identification:Package 'src/mainspace' with type 'ros.ament_cmake' and name 'mainspace'
[1.227s] Level 1:colcon.colcon_core.package_discovery:discover_packages(recursive) using defaults
[1.228s] Level 1:colcon.colcon_core.package_discovery:discover_packages(ignore) discover
[1.228s] Level 1:colcon.colcon_core.package_discovery:discover_packages(ignore) using defaults
[1.228s] Level 1:colcon.colcon_core.package_discovery:discover_packages(path) discover
[1.228s] Level 1:colcon.colcon_core.package_discovery:discover_packages(path) using defaults
[1.302s] INFO:colcon.colcon_core.package_selection:Skipping not selected package 'mainspace' in 'src/mainspace'
[1.302s] INFO:colcon.colcon_core.package_selection:Skipping not selected package 'SerialTest' in 'src/SerialTest'
[1.303s] Level 1:colcon.colcon_core.package_discovery:discover_packages(prefix_path) check parameters
[1.304s] Level 1:colcon.colcon_core.package_discovery:discover_packages(prefix_path) discover
[1.317s] DEBUG:colcon.colcon_installed_package_information.package_discovery:Found 271 installed packages in /opt/ros/humble
[1.327s] Level 1:colcon.colcon_core.package_discovery:discover_packages(prefix_path) using defaults
[1.522s] Level 5:colcon.colcon_core.verb:set package 'camera' build argument 'cmake_args' from command line to 'None'
[1.522s] Level 5:colcon.colcon_core.verb:set package 'camera' build argument 'cmake_target' from command line to 'None'
[1.522s] Level 5:colcon.colcon_core.verb:set package 'camera' build argument 'cmake_target_skip_unavailable' from command line to 'False'
[1.522s] Level 5:colcon.colcon_core.verb:set package 'camera' build argument 'cmake_clean_cache' from command line to 'False'
[1.522s] Level 5:colcon.colcon_core.verb:set package 'camera' build argument 'cmake_clean_first' from command line to 'False'
[1.522s] Level 5:colcon.colcon_core.verb:set package 'camera' build argument 'cmake_force_configure' from command line to 'False'
[1.522s] Level 5:colcon.colcon_core.verb:set package 'camera' build argument 'ament_cmake_args' from command line to 'None'
[1.522s] Level 5:colcon.colcon_core.verb:set package 'camera' build argument 'catkin_cmake_args' from command line to 'None'
[1.522s] Level 5:colcon.colcon_core.verb:set package 'camera' build argument 'catkin_skip_building_tests' from command line to 'False'
[1.523s] DEBUG:colcon.colcon_core.verb:Building package 'camera' with the following arguments: {'ament_cmake_args': None, 'build_base': '/home/fu941/TDK_ros/build/camera', 'catkin_cmake_args': None, 'catkin_skip_building_tests': False, 'cmake_args': None, 'cmake_clean_cache': False, 'cmake_clean_first': False, 'cmake_force_configure': False, 'cmake_target': None, 'cmake_target_skip_unavailable': False, 'install_base': '/home/fu941/TDK_ros/install/camera', 'merge_install': False, 'path': '/home/fu941/TDK_ros/src/camera', 'symlink_install': False, 'test_result_base': None}
[1.523s] INFO:colcon.colcon_core.executor:Executing jobs using 'parallel' executor
[1.526s] DEBUG:colcon.colcon_parallel_executor.executor.parallel:run_until_complete
[1.527s] INFO:colcon.colcon_ros.task.ament_cmake.build:Building ROS package in '/home/fu941/TDK_ros/src/camera' with build type 'ament_cmake'
[1.528s] INFO:colcon.colcon_cmake.task.cmake.build:Building CMake package in '/home/fu941/TDK_ros/src/camera'
[1.536s] INFO:colcon.colcon_core.plugin_system:Skipping extension 'colcon_core.shell.bat': Not used on non-Windows systems
[1.537s] INFO:colcon.colcon_core.shell:Skip shell extension 'powershell' for command environment: Not usable outside of PowerShell
[1.537s] DEBUG:colcon.colcon_core.shell:Skip shell extension 'dsv' for command environment
[1.572s] DEBUG:colcon.colcon_core.event_handler.log_command:Invoking command in '/home/fu941/TDK_ros/build/camera': CMAKE_PREFIX_PATH=/opt/ros/humble /usr/bin/cmake /home/fu941/TDK_ros/src/camera -DCMAKE_INSTALL_PREFIX=/home/fu941/TDK_ros/install/camera
[4.565s] DEBUG:colcon.colcon_core.event_handler.log_command:Invoked command in '/home/fu941/TDK_ros/build/camera' returned '0': CMAKE_PREFIX_PATH=/opt/ros/humble /usr/bin/cmake /home/fu941/TDK_ros/src/camera -DCMAKE_INSTALL_PREFIX=/home/fu941/TDK_ros/install/camera
[4.575s] DEBUG:colcon.colcon_core.event_handler.log_command:Invoking command in '/home/fu941/TDK_ros/build/camera': CMAKE_PREFIX_PATH=/opt/ros/humble /usr/bin/cmake --build /home/fu941/TDK_ros/build/camera -- -j4 -l4
[50.259s] DEBUG:colcon.colcon_core.event_handler.log_command:Invoked command in '/home/fu941/TDK_ros/build/camera' returned '0': CMAKE_PREFIX_PATH=/opt/ros/humble /usr/bin/cmake --build /home/fu941/TDK_ros/build/camera -- -j4 -l4
[50.349s] DEBUG:colcon.colcon_core.event_handler.log_command:Invoking command in '/home/fu941/TDK_ros/build/camera': CMAKE_PREFIX_PATH=/opt/ros/humble /usr/bin/cmake --install /home/fu941/TDK_ros/build/camera
[50.485s] Level 1:colcon.colcon_core.environment:create_environment_scripts_only(camera)
[50.488s] DEBUG:colcon.colcon_core.event_handler.log_command:Invoked command in '/home/fu941/TDK_ros/build/camera' returned '0': CMAKE_PREFIX_PATH=/opt/ros/humble /usr/bin/cmake --install /home/fu941/TDK_ros/build/camera
[50.505s] Level 1:colcon.colcon_core.environment:checking '/home/fu941/TDK_ros/install/camera' for CMake module files
[50.508s] Level 1:colcon.colcon_core.environment:checking '/home/fu941/TDK_ros/install/camera' for CMake config files
[50.509s] Level 1:colcon.colcon_core.shell:create_environment_hook('camera', 'cmake_prefix_path')
[50.510s] INFO:colcon.colcon_core.shell:Creating environment hook '/home/fu941/TDK_ros/install/camera/share/camera/hook/cmake_prefix_path.ps1'
[50.513s] INFO:colcon.colcon_core.shell:Creating environment descriptor '/home/fu941/TDK_ros/install/camera/share/camera/hook/cmake_prefix_path.dsv'
[50.515s] INFO:colcon.colcon_core.shell:Creating environment hook '/home/fu941/TDK_ros/install/camera/share/camera/hook/cmake_prefix_path.sh'
[50.518s] Level 1:colcon.colcon_core.environment:checking '/home/fu941/TDK_ros/install/camera/lib'
[50.519s] Level 1:colcon.colcon_core.environment:checking '/home/fu941/TDK_ros/install/camera/bin'
[50.519s] Level 1:colcon.colcon_core.environment:checking '/home/fu941/TDK_ros/install/camera/lib/pkgconfig/camera.pc'
[50.520s] Level 1:colcon.colcon_core.environment:checking '/home/fu941/TDK_ros/install/camera/lib/python3.10/site-packages'
[50.521s] Level 1:colcon.colcon_core.environment:checking '/home/fu941/TDK_ros/install/camera/bin'
[50.522s] INFO:colcon.colcon_core.shell:Creating package script '/home/fu941/TDK_ros/install/camera/share/camera/package.ps1'
[50.525s] INFO:colcon.colcon_core.shell:Creating package descriptor '/home/fu941/TDK_ros/install/camera/share/camera/package.dsv'
[50.527s] INFO:colcon.colcon_core.shell:Creating package script '/home/fu941/TDK_ros/install/camera/share/camera/package.sh'
[50.530s] INFO:colcon.colcon_core.shell:Creating package script '/home/fu941/TDK_ros/install/camera/share/camera/package.bash'
[50.533s] INFO:colcon.colcon_core.shell:Creating package script '/home/fu941/TDK_ros/install/camera/share/camera/package.zsh'
[50.536s] Level 1:colcon.colcon_core.environment:create_file_with_runtime_dependencies(/home/fu941/TDK_ros/install/camera/share/colcon-core/packages/camera)
[50.538s] Level 1:colcon.colcon_core.environment:create_environment_scripts_only(camera)
[50.539s] Level 1:colcon.colcon_core.environment:checking '/home/fu941/TDK_ros/install/camera' for CMake module files
[50.542s] Level 1:colcon.colcon_core.environment:checking '/home/fu941/TDK_ros/install/camera' for CMake config files
[50.543s] Level 1:colcon.colcon_core.shell:create_environment_hook('camera', 'cmake_prefix_path')
[50.544s] INFO:colcon.colcon_core.shell:Creating environment hook '/home/fu941/TDK_ros/install/camera/share/camera/hook/cmake_prefix_path.ps1'
[50.546s] INFO:colcon.colcon_core.shell:Creating environment descriptor '/home/fu941/TDK_ros/install/camera/share/camera/hook/cmake_prefix_path.dsv'
[50.547s] INFO:colcon.colcon_core.shell:Creating environment hook '/home/fu941/TDK_ros/install/camera/share/camera/hook/cmake_prefix_path.sh'
[50.550s] Level 1:colcon.colcon_core.environment:checking '/home/fu941/TDK_ros/install/camera/lib'
[50.550s] Level 1:colcon.colcon_core.environment:checking '/home/fu941/TDK_ros/install/camera/bin'
[50.551s] Level 1:colcon.colcon_core.environment:checking '/home/fu941/TDK_ros/install/camera/lib/pkgconfig/camera.pc'
[50.551s] Level 1:colcon.colcon_core.environment:checking '/home/fu941/TDK_ros/install/camera/lib/python3.10/site-packages'
[50.552s] Level 1:colcon.colcon_core.environment:checking '/home/fu941/TDK_ros/install/camera/bin'
[50.554s] INFO:colcon.colcon_core.shell:Creating package script '/home/fu941/TDK_ros/install/camera/share/camera/package.ps1'
[50.556s] INFO:colcon.colcon_core.shell:Creating package descriptor '/home/fu941/TDK_ros/install/camera/share/camera/package.dsv'
[50.558s] INFO:colcon.colcon_core.shell:Creating package script '/home/fu941/TDK_ros/install/camera/share/camera/package.sh'
[50.560s] INFO:colcon.colcon_core.shell:Creating package script '/home/fu941/TDK_ros/install/camera/share/camera/package.bash'
[50.562s] INFO:colcon.colcon_core.shell:Creating package script '/home/fu941/TDK_ros/install/camera/share/camera/package.zsh'
[50.564s] Level 1:colcon.colcon_core.environment:create_file_with_runtime_dependencies(/home/fu941/TDK_ros/install/camera/share/colcon-core/packages/camera)
[50.565s] DEBUG:colcon.colcon_parallel_executor.executor.parallel:closing loop
[50.566s] DEBUG:colcon.colcon_parallel_executor.executor.parallel:loop closed
[50.567s] DEBUG:colcon.colcon_parallel_executor.executor.parallel:run_until_complete finished with '0'
[50.567s] DEBUG:colcon.colcon_core.event_reactor:joining thread
[50.589s] INFO:colcon.colcon_core.plugin_system:Skipping extension 'colcon_notification.desktop_notification.notify_send': Could not find 'notify-send'
[50.590s] INFO:colcon.colcon_core.plugin_system:Skipping extension 'colcon_notification.desktop_notification.terminal_notifier': Not used on non-Darwin systems
[50.590s] INFO:colcon.colcon_core.plugin_system:Skipping extension 'colcon_notification.desktop_notification.win32': Not used on non-Windows systems
[50.590s] INFO:colcon.colcon_notification.desktop_notification:Sending desktop notification using 'notify2'
[50.593s] DEBUG:colcon.colcon_notification.desktop_notification.notify2:Failed to initialize notify2: org.freedesktop.DBus.Error.ServiceUnknown: The name org.freedesktop.Notifications was not provided by any .service files
[50.593s] DEBUG:colcon.colcon_core.event_reactor:joined thread
[50.594s] INFO:colcon.colcon_core.shell:Creating prefix script '/home/fu941/TDK_ros/install/local_setup.ps1'
[50.598s] INFO:colcon.colcon_core.shell:Creating prefix util module '/home/fu941/TDK_ros/install/_local_setup_util_ps1.py'
[50.605s] INFO:colcon.colcon_core.shell:Creating prefix chain script '/home/fu941/TDK_ros/install/setup.ps1'
[50.611s] INFO:colcon.colcon_core.shell:Creating prefix script '/home/fu941/TDK_ros/install/local_setup.sh'
[50.613s] INFO:colcon.colcon_core.shell:Creating prefix util module '/home/fu941/TDK_ros/install/_local_setup_util_sh.py'
[50.616s] INFO:colcon.colcon_core.shell:Creating prefix chain script '/home/fu941/TDK_ros/install/setup.sh'
[50.620s] INFO:colcon.colcon_core.shell:Creating prefix script '/home/fu941/TDK_ros/install/local_setup.bash'
[50.622s] INFO:colcon.colcon_core.shell:Creating prefix chain script '/home/fu941/TDK_ros/install/setup.bash'
[50.626s] INFO:colcon.colcon_core.shell:Creating prefix script '/home/fu941/TDK_ros/install/local_setup.zsh'
[50.628s] INFO:colcon.colcon_core.shell:Creating prefix chain script '/home/fu941/TDK_ros/install/setup.zsh'
