[0.047s] Invoking command in '/home/fu941/TDK_ros/build/mainspace': CMAKE_PREFIX_PATH=${CMAKE_PREFIX_PATH}:/home/fu941/TDK_ros/install/SerialTest:/opt/ros/humble /usr/bin/cmake --build /home/fu941/TDK_ros/build/mainspace -- -j4 -l4
[0.608s] [  1%] Built target mainspace__cpp
[0.673s] [ 10%] Built target mainspace__rosidl_generator_c
[0.963s] [ 10%] Built target ament_cmake_python_copy_mainspace
[1.020s] [ 20%] Built target mainspace__rosidl_typesupport_cpp
[1.056s] [ 30%] Built target mainspace__rosidl_typesupport_fastrtps_cpp
[1.160s] [ 40%] Built target mainspace__rosidl_typesupport_introspection_cpp
[1.365s] [ 50%] Built target mainspace__rosidl_typesupport_fastrtps_c
[1.417s] [ 60%] Built target mainspace__rosidl_typesupport_c
[1.458s] [ 70%] Built target mainspace__rosidl_typesupport_introspection_c
[1.709s] [ 70%] Built target mainspace
[1.744s] [ 71%] [32mBuilding CXX object CMakeFiles/navigator_lib.dir/src/navigator.cpp.o[0m
[1.985s] [ 72%] Built target mainspace__py
[2.309s] [ 81%] Built target mainspace__rosidl_generator_py
[2.638s] [ 83%] Built target mainspace__rosidl_typesupport_fastrtps_c__pyext
[2.690s] [ 85%] Built target mainspace__rosidl_typesupport_introspection_c__pyext
[2.947s] [ 87%] Built target mainspace__rosidl_typesupport_c__pyext
[4.915s] running egg_info
[4.921s] writing mainspace.egg-info/PKG-INFO
[4.925s] writing dependency_links to mainspace.egg-info/dependency_links.txt
[4.927s] writing top-level names to mainspace.egg-info/top_level.txt
[4.954s] reading manifest file 'mainspace.egg-info/SOURCES.txt'
[4.962s] writing manifest file 'mainspace.egg-info/SOURCES.txt'
[5.236s] [ 87%] Built target ament_cmake_python_build_mainspace_egg
[32.413s] [01m[K/home/fu941/TDK_ros/src/mainspace/src/navigator.cpp:[m[K In member function ‘[01m[Kbool NavigatorNode::ArriveAtWaypoint()[m[K’:
[32.415s] [01m[K/home/fu941/TDK_ros/src/mainspace/src/navigator.cpp:146:33:[m[K [01;31m[Kerror: [m[K‘[01m[Kclass std::vector<WayPoint>[m[K’ has no member named ‘[01m[Ktheta[m[K’
[32.416s]   146 |     last_pos.theta = waypoints_.[01;31m[Ktheta[m[K;
[32.417s]       |                                 [01;31m[K^~~~~[m[K
[77.777s] gmake[2]: *** [CMakeFiles/navigator_lib.dir/build.make:76: CMakeFiles/navigator_lib.dir/src/navigator.cpp.o] Error 1
[77.781s] gmake[1]: *** [CMakeFiles/Makefile2:603: CMakeFiles/navigator_lib.dir/all] Error 2
[77.787s] gmake: *** [Makefile:146: all] Error 2
[77.801s] Invoked command in '/home/fu941/TDK_ros/build/mainspace' returned '2': CMAKE_PREFIX_PATH=${CMAKE_PREFIX_PATH}:/home/fu941/TDK_ros/install/SerialTest:/opt/ros/humble /usr/bin/cmake --build /home/fu941/TDK_ros/build/mainspace -- -j4 -l4
