[0.141s] Invoking command in '/home/fu941/TDK_ros/build/mainspace': CMAKE_PREFIX_PATH=${CMAKE_PREFIX_PATH}:/home/fu941/TDK_ros/install/SerialTest:/opt/ros/humble /usr/bin/cmake --build /home/fu941/TDK_ros/build/mainspace -- -j4 -l4
[0.798s] [  1%] Built target mainspace__cpp
[0.838s] [ 10%] Built target mainspace__rosidl_generator_c
[1.019s] [ 10%] Built target ament_cmake_python_copy_mainspace
[1.274s] [ 20%] Built target mainspace__rosidl_typesupport_cpp
[1.301s] [ 30%] Built target mainspace__rosidl_typesupport_introspection_cpp
[1.344s] [ 40%] Built target mainspace__rosidl_typesupport_fastrtps_cpp
[1.391s] [ 50%] Built target mainspace__rosidl_typesupport_fastrtps_c
[1.598s] [35m[1mConsolidate compiler generated dependencies of target navigator_lib[0m
[1.743s] [ 60%] Built target mainspace__rosidl_typesupport_c
[1.786s] [ 70%] Built target mainspace__rosidl_typesupport_introspection_c
[2.109s] [ 72%] Built target navigator_lib
[2.115s] [ 72%] Built target mainspace
[2.357s] [35m[1mConsolidate compiler generated dependencies of target Stage2[0m
[2.654s] [ 74%] Built target navigator_main
[2.723s] [ 76%] Built target Stage3
[3.042s] [ 79%] Built target Stage2
[3.113s] [ 81%] Built target StageManager
[3.180s] [ 83%] Built target Stage4
[3.297s] [ 84%] Built target mainspace__py
[3.548s] [ 93%] Built target mainspace__rosidl_generator_py
[3.972s] [ 95%] Built target mainspace__rosidl_typesupport_c__pyext
[3.978s] [ 97%] Built target mainspace__rosidl_typesupport_fastrtps_c__pyext
[4.014s] [100%] Built target mainspace__rosidl_typesupport_introspection_c__pyext
[4.885s] running egg_info
[4.891s] writing mainspace.egg-info/PKG-INFO
[4.894s] writing dependency_links to mainspace.egg-info/dependency_links.txt
[4.898s] writing top-level names to mainspace.egg-info/top_level.txt
[4.921s] reading manifest file 'mainspace.egg-info/SOURCES.txt'
[4.930s] writing manifest file 'mainspace.egg-info/SOURCES.txt'
[5.192s] [100%] Built target ament_cmake_python_build_mainspace_egg
[5.317s] Invoked command in '/home/fu941/TDK_ros/build/mainspace' returned '0': CMAKE_PREFIX_PATH=${CMAKE_PREFIX_PATH}:/home/fu941/TDK_ros/install/SerialTest:/opt/ros/humble /usr/bin/cmake --build /home/fu941/TDK_ros/build/mainspace -- -j4 -l4
[5.412s] Invoking command in '/home/fu941/TDK_ros/build/mainspace': CMAKE_PREFIX_PATH=${CMAKE_PREFIX_PATH}:/home/fu941/TDK_ros/install/SerialTest:/opt/ros/humble /usr/bin/cmake --install /home/fu941/TDK_ros/build/mainspace
[5.493s] -- Install configuration: ""
[5.494s] -- Up-to-date: /home/fu941/TDK_ros/install/mainspace/share/ament_index/resource_index/rosidl_interfaces/mainspace
[5.496s] -- Up-to-date: /home/fu941/TDK_ros/install/mainspace/include/mainspace/mainspace
[5.499s] -- Up-to-date: /home/fu941/TDK_ros/install/mainspace/include/mainspace/mainspace/msg
[5.502s] -- Up-to-date: /home/fu941/TDK_ros/install/mainspace/include/mainspace/mainspace/msg/position.h
[5.504s] -- Up-to-date: /home/fu941/TDK_ros/install/mainspace/include/mainspace/mainspace/msg/encoder_speed.h
[5.507s] -- Up-to-date: /home/fu941/TDK_ros/install/mainspace/include/mainspace/mainspace/msg/command.h
[5.510s] -- Up-to-date: /home/fu941/TDK_ros/install/mainspace/include/mainspace/mainspace/msg/pause.h
[5.511s] -- Up-to-date: /home/fu941/TDK_ros/install/mainspace/include/mainspace/mainspace/msg/desk.h
[5.513s] -- Up-to-date: /home/fu941/TDK_ros/install/mainspace/include/mainspace/mainspace/msg/csv_file.h
[5.514s] -- Up-to-date: /home/fu941/TDK_ros/install/mainspace/include/mainspace/mainspace/msg/to_stm_speed.h
[5.515s] -- Up-to-date: /home/fu941/TDK_ros/install/mainspace/include/mainspace/mainspace/msg/rosidl_generator_c__visibility_control.h
[5.516s] -- Up-to-date: /home/fu941/TDK_ros/install/mainspace/include/mainspace/mainspace/msg/detail
[5.517s] -- Up-to-date: /home/fu941/TDK_ros/install/mainspace/include/mainspace/mainspace/msg/detail/desk__functions.c
[5.519s] -- Up-to-date: /home/fu941/TDK_ros/install/mainspace/include/mainspace/mainspace/msg/detail/coffee__functions.c
[5.520s] -- Up-to-date: /home/fu941/TDK_ros/install/mainspace/include/mainspace/mainspace/msg/detail/to_stm_speed__functions.h
[5.521s] -- Up-to-date: /home/fu941/TDK_ros/install/mainspace/include/mainspace/mainspace/msg/detail/pause__functions.h
[5.522s] -- Up-to-date: /home/fu941/TDK_ros/install/mainspace/include/mainspace/mainspace/msg/detail/command__functions.c
[5.523s] -- Up-to-date: /home/fu941/TDK_ros/install/mainspace/include/mainspace/mainspace/msg/detail/position__functions.h
[5.525s] -- Up-to-date: /home/fu941/TDK_ros/install/mainspace/include/mainspace/mainspace/msg/detail/desk__type_support.h
[5.527s] -- Up-to-date: /home/fu941/TDK_ros/install/mainspace/include/mainspace/mainspace/msg/detail/to_stm_speed__type_support.h
[5.530s] -- Up-to-date: /home/fu941/TDK_ros/install/mainspace/include/mainspace/mainspace/msg/detail/desk__functions.h
[5.534s] -- Up-to-date: /home/fu941/TDK_ros/install/mainspace/include/mainspace/mainspace/msg/detail/coffee__type_support.h
[5.536s] -- Up-to-date: /home/fu941/TDK_ros/install/mainspace/include/mainspace/mainspace/msg/detail/position__struct.h
[5.537s] -- Up-to-date: /home/fu941/TDK_ros/install/mainspace/include/mainspace/mainspace/msg/detail/pause__functions.c
[5.539s] -- Up-to-date: /home/fu941/TDK_ros/install/mainspace/include/mainspace/mainspace/msg/detail/position__functions.c
[5.540s] -- Up-to-date: /home/fu941/TDK_ros/install/mainspace/include/mainspace/mainspace/msg/detail/coffee__struct.h
[5.542s] -- Up-to-date: /home/fu941/TDK_ros/install/mainspace/include/mainspace/mainspace/msg/detail/csv_file__type_support.h
[5.544s] -- Up-to-date: /home/fu941/TDK_ros/install/mainspace/include/mainspace/mainspace/msg/detail/position__type_support.h
[5.553s] -- Up-to-date: /home/fu941/TDK_ros/install/mainspace/include/mainspace/mainspace/msg/detail/command__struct.h
[5.555s] -- Up-to-date: /home/fu941/TDK_ros/install/mainspace/include/mainspace/mainspace/msg/detail/csv_file__functions.h
[5.556s] -- Up-to-date: /home/fu941/TDK_ros/install/mainspace/include/mainspace/mainspace/msg/detail/command__type_support.h
[5.557s] -- Up-to-date: /home/fu941/TDK_ros/install/mainspace/include/mainspace/mainspace/msg/detail/command__functions.h
[5.558s] -- Up-to-date: /home/fu941/TDK_ros/install/mainspace/include/mainspace/mainspace/msg/detail/encoder_speed__struct.h
[5.559s] -- Up-to-date: /home/fu941/TDK_ros/install/mainspace/include/mainspace/mainspace/msg/detail/encoder_speed__functions.c
[5.560s] -- Up-to-date: /home/fu941/TDK_ros/install/mainspace/include/mainspace/mainspace/msg/detail/desk__struct.h
[5.562s] -- Up-to-date: /home/fu941/TDK_ros/install/mainspace/include/mainspace/mainspace/msg/detail/encoder_speed__functions.h
[5.564s] -- Up-to-date: /home/fu941/TDK_ros/install/mainspace/include/mainspace/mainspace/msg/detail/encoder_speed__type_support.h
[5.565s] -- Up-to-date: /home/fu941/TDK_ros/install/mainspace/include/mainspace/mainspace/msg/detail/coffee__functions.h
[5.567s] -- Up-to-date: /home/fu941/TDK_ros/install/mainspace/include/mainspace/mainspace/msg/detail/pause__struct.h
[5.568s] -- Up-to-date: /home/fu941/TDK_ros/install/mainspace/include/mainspace/mainspace/msg/detail/to_stm_speed__functions.c
[5.569s] -- Up-to-date: /home/fu941/TDK_ros/install/mainspace/include/mainspace/mainspace/msg/detail/csv_file__functions.c
[5.570s] -- Up-to-date: /home/fu941/TDK_ros/install/mainspace/include/mainspace/mainspace/msg/detail/csv_file__struct.h
[5.572s] -- Up-to-date: /home/fu941/TDK_ros/install/mainspace/include/mainspace/mainspace/msg/detail/to_stm_speed__struct.h
[5.573s] -- Up-to-date: /home/fu941/TDK_ros/install/mainspace/include/mainspace/mainspace/msg/detail/pause__type_support.h
[5.575s] -- Up-to-date: /home/fu941/TDK_ros/install/mainspace/include/mainspace/mainspace/msg/coffee.h
[5.576s] -- Up-to-date: /home/fu941/TDK_ros/install/mainspace/share/mainspace/environment/library_path.sh
[5.579s] -- Up-to-date: /home/fu941/TDK_ros/install/mainspace/share/mainspace/environment/library_path.dsv
[5.581s] -- Up-to-date: /home/fu941/TDK_ros/install/mainspace/lib/libmainspace__rosidl_generator_c.so
[5.582s] -- Up-to-date: /home/fu941/TDK_ros/install/mainspace/include/mainspace/mainspace
[5.583s] -- Up-to-date: /home/fu941/TDK_ros/install/mainspace/include/mainspace/mainspace/msg
[5.585s] -- Up-to-date: /home/fu941/TDK_ros/install/mainspace/include/mainspace/mainspace/msg/rosidl_typesupport_fastrtps_c__visibility_control.h
[5.586s] -- Up-to-date: /home/fu941/TDK_ros/install/mainspace/include/mainspace/mainspace/msg/detail
[5.587s] -- Up-to-date: /home/fu941/TDK_ros/install/mainspace/include/mainspace/mainspace/msg/detail/pause__rosidl_typesupport_fastrtps_c.h
[5.590s] -- Up-to-date: /home/fu941/TDK_ros/install/mainspace/include/mainspace/mainspace/msg/detail/csv_file__rosidl_typesupport_fastrtps_c.h
[5.593s] -- Up-to-date: /home/fu941/TDK_ros/install/mainspace/include/mainspace/mainspace/msg/detail/coffee__rosidl_typesupport_fastrtps_c.h
[5.595s] -- Up-to-date: /home/fu941/TDK_ros/install/mainspace/include/mainspace/mainspace/msg/detail/encoder_speed__rosidl_typesupport_fastrtps_c.h
[5.615s] -- Up-to-date: /home/fu941/TDK_ros/install/mainspace/include/mainspace/mainspace/msg/detail/desk__rosidl_typesupport_fastrtps_c.h
[5.617s] -- Up-to-date: /home/fu941/TDK_ros/install/mainspace/include/mainspace/mainspace/msg/detail/command__rosidl_typesupport_fastrtps_c.h
[5.630s] -- Up-to-date: /home/fu941/TDK_ros/install/mainspace/include/mainspace/mainspace/msg/detail/position__rosidl_typesupport_fastrtps_c.h
[5.632s] -- Up-to-date: /home/fu941/TDK_ros/install/mainspace/include/mainspace/mainspace/msg/detail/to_stm_speed__rosidl_typesupport_fastrtps_c.h
[5.634s] -- Up-to-date: /home/fu941/TDK_ros/install/mainspace/lib/libmainspace__rosidl_typesupport_fastrtps_c.so
[5.636s] -- Up-to-date: /home/fu941/TDK_ros/install/mainspace/include/mainspace/mainspace
[5.637s] -- Up-to-date: /home/fu941/TDK_ros/install/mainspace/include/mainspace/mainspace/msg
[5.638s] -- Up-to-date: /home/fu941/TDK_ros/install/mainspace/include/mainspace/mainspace/msg/csv_file.hpp
[5.640s] -- Up-to-date: /home/fu941/TDK_ros/install/mainspace/include/mainspace/mainspace/msg/command.hpp
[5.642s] -- Up-to-date: /home/fu941/TDK_ros/install/mainspace/include/mainspace/mainspace/msg/coffee.hpp
[5.643s] -- Up-to-date: /home/fu941/TDK_ros/install/mainspace/include/mainspace/mainspace/msg/to_stm_speed.hpp
[5.644s] -- Up-to-date: /home/fu941/TDK_ros/install/mainspace/include/mainspace/mainspace/msg/pause.hpp
[5.646s] -- Up-to-date: /home/fu941/TDK_ros/install/mainspace/include/mainspace/mainspace/msg/encoder_speed.hpp
[5.648s] -- Up-to-date: /home/fu941/TDK_ros/install/mainspace/include/mainspace/mainspace/msg/position.hpp
[5.650s] -- Up-to-date: /home/fu941/TDK_ros/install/mainspace/include/mainspace/mainspace/msg/detail
[5.651s] -- Up-to-date: /home/fu941/TDK_ros/install/mainspace/include/mainspace/mainspace/msg/detail/desk__struct.hpp
[5.652s] -- Up-to-date: /home/fu941/TDK_ros/install/mainspace/include/mainspace/mainspace/msg/detail/to_stm_speed__builder.hpp
[5.654s] -- Up-to-date: /home/fu941/TDK_ros/install/mainspace/include/mainspace/mainspace/msg/detail/command__builder.hpp
[5.655s] -- Up-to-date: /home/fu941/TDK_ros/install/mainspace/include/mainspace/mainspace/msg/detail/pause__builder.hpp
[5.656s] -- Up-to-date: /home/fu941/TDK_ros/install/mainspace/include/mainspace/mainspace/msg/detail/csv_file__traits.hpp
[5.657s] -- Up-to-date: /home/fu941/TDK_ros/install/mainspace/include/mainspace/mainspace/msg/detail/desk__type_support.hpp
[5.659s] -- Up-to-date: /home/fu941/TDK_ros/install/mainspace/include/mainspace/mainspace/msg/detail/position__struct.hpp
[5.660s] -- Up-to-date: /home/fu941/TDK_ros/install/mainspace/include/mainspace/mainspace/msg/detail/encoder_speed__builder.hpp
[5.661s] -- Up-to-date: /home/fu941/TDK_ros/install/mainspace/include/mainspace/mainspace/msg/detail/command__struct.hpp
[5.662s] -- Up-to-date: /home/fu941/TDK_ros/install/mainspace/include/mainspace/mainspace/msg/detail/coffee__struct.hpp
[5.663s] -- Up-to-date: /home/fu941/TDK_ros/install/mainspace/include/mainspace/mainspace/msg/detail/position__traits.hpp
[5.665s] -- Up-to-date: /home/fu941/TDK_ros/install/mainspace/include/mainspace/mainspace/msg/detail/csv_file__struct.hpp
[5.666s] -- Up-to-date: /home/fu941/TDK_ros/install/mainspace/include/mainspace/mainspace/msg/detail/coffee__traits.hpp
[5.667s] -- Up-to-date: /home/fu941/TDK_ros/install/mainspace/include/mainspace/mainspace/msg/detail/encoder_speed__traits.hpp
[5.668s] -- Up-to-date: /home/fu941/TDK_ros/install/mainspace/include/mainspace/mainspace/msg/detail/pause__traits.hpp
[5.670s] -- Up-to-date: /home/fu941/TDK_ros/install/mainspace/include/mainspace/mainspace/msg/detail/command__type_support.hpp
[5.671s] -- Up-to-date: /home/fu941/TDK_ros/install/mainspace/include/mainspace/mainspace/msg/detail/command__traits.hpp
[5.672s] -- Up-to-date: /home/fu941/TDK_ros/install/mainspace/include/mainspace/mainspace/msg/detail/pause__type_support.hpp
[5.674s] -- Up-to-date: /home/fu941/TDK_ros/install/mainspace/include/mainspace/mainspace/msg/detail/encoder_speed__struct.hpp
[5.675s] -- Up-to-date: /home/fu941/TDK_ros/install/mainspace/include/mainspace/mainspace/msg/detail/csv_file__type_support.hpp
[5.676s] -- Up-to-date: /home/fu941/TDK_ros/install/mainspace/include/mainspace/mainspace/msg/detail/coffee__builder.hpp
[5.678s] -- Up-to-date: /home/fu941/TDK_ros/install/mainspace/include/mainspace/mainspace/msg/detail/to_stm_speed__struct.hpp
[5.682s] -- Up-to-date: /home/fu941/TDK_ros/install/mainspace/include/mainspace/mainspace/msg/detail/coffee__type_support.hpp
[5.684s] -- Up-to-date: /home/fu941/TDK_ros/install/mainspace/include/mainspace/mainspace/msg/detail/position__builder.hpp
[5.690s] -- Up-to-date: /home/fu941/TDK_ros/install/mainspace/include/mainspace/mainspace/msg/detail/pause__struct.hpp
[5.691s] -- Up-to-date: /home/fu941/TDK_ros/install/mainspace/include/mainspace/mainspace/msg/detail/position__type_support.hpp
[5.692s] -- Up-to-date: /home/fu941/TDK_ros/install/mainspace/include/mainspace/mainspace/msg/detail/desk__builder.hpp
[5.693s] -- Up-to-date: /home/fu941/TDK_ros/install/mainspace/include/mainspace/mainspace/msg/detail/encoder_speed__type_support.hpp
[5.694s] -- Up-to-date: /home/fu941/TDK_ros/install/mainspace/include/mainspace/mainspace/msg/detail/to_stm_speed__traits.hpp
[5.695s] -- Up-to-date: /home/fu941/TDK_ros/install/mainspace/include/mainspace/mainspace/msg/detail/to_stm_speed__type_support.hpp
[5.696s] -- Up-to-date: /home/fu941/TDK_ros/install/mainspace/include/mainspace/mainspace/msg/detail/desk__traits.hpp
[5.697s] -- Up-to-date: /home/fu941/TDK_ros/install/mainspace/include/mainspace/mainspace/msg/detail/csv_file__builder.hpp
[5.698s] -- Up-to-date: /home/fu941/TDK_ros/install/mainspace/include/mainspace/mainspace/msg/rosidl_generator_cpp__visibility_control.hpp
[5.699s] -- Up-to-date: /home/fu941/TDK_ros/install/mainspace/include/mainspace/mainspace/msg/desk.hpp
[5.700s] -- Up-to-date: /home/fu941/TDK_ros/install/mainspace/include/mainspace/mainspace
[5.702s] -- Up-to-date: /home/fu941/TDK_ros/install/mainspace/include/mainspace/mainspace/msg
[5.703s] -- Up-to-date: /home/fu941/TDK_ros/install/mainspace/include/mainspace/mainspace/msg/rosidl_typesupport_fastrtps_cpp__visibility_control.h
[5.704s] -- Up-to-date: /home/fu941/TDK_ros/install/mainspace/include/mainspace/mainspace/msg/detail
[5.706s] -- Up-to-date: /home/fu941/TDK_ros/install/mainspace/include/mainspace/mainspace/msg/detail/csv_file__rosidl_typesupport_fastrtps_cpp.hpp
[5.707s] -- Up-to-date: /home/fu941/TDK_ros/install/mainspace/include/mainspace/mainspace/msg/detail/position__rosidl_typesupport_fastrtps_cpp.hpp
[5.709s] -- Up-to-date: /home/fu941/TDK_ros/install/mainspace/include/mainspace/mainspace/msg/detail/dds_fastrtps
[5.710s] -- Up-to-date: /home/fu941/TDK_ros/install/mainspace/include/mainspace/mainspace/msg/detail/desk__rosidl_typesupport_fastrtps_cpp.hpp
[5.711s] -- Up-to-date: /home/fu941/TDK_ros/install/mainspace/include/mainspace/mainspace/msg/detail/pause__rosidl_typesupport_fastrtps_cpp.hpp
[5.713s] -- Up-to-date: /home/fu941/TDK_ros/install/mainspace/include/mainspace/mainspace/msg/detail/to_stm_speed__rosidl_typesupport_fastrtps_cpp.hpp
[5.714s] -- Up-to-date: /home/fu941/TDK_ros/install/mainspace/include/mainspace/mainspace/msg/detail/command__rosidl_typesupport_fastrtps_cpp.hpp
[5.717s] -- Up-to-date: /home/fu941/TDK_ros/install/mainspace/include/mainspace/mainspace/msg/detail/coffee__rosidl_typesupport_fastrtps_cpp.hpp
[5.718s] -- Up-to-date: /home/fu941/TDK_ros/install/mainspace/include/mainspace/mainspace/msg/detail/encoder_speed__rosidl_typesupport_fastrtps_cpp.hpp
[5.720s] -- Up-to-date: /home/fu941/TDK_ros/install/mainspace/lib/libmainspace__rosidl_typesupport_fastrtps_cpp.so
[5.721s] -- Up-to-date: /home/fu941/TDK_ros/install/mainspace/include/mainspace/mainspace
[5.722s] -- Up-to-date: /home/fu941/TDK_ros/install/mainspace/include/mainspace/mainspace/msg
[5.723s] -- Up-to-date: /home/fu941/TDK_ros/install/mainspace/include/mainspace/mainspace/msg/detail
[5.724s] -- Up-to-date: /home/fu941/TDK_ros/install/mainspace/include/mainspace/mainspace/msg/detail/csv_file__rosidl_typesupport_introspection_c.h
[5.725s] -- Up-to-date: /home/fu941/TDK_ros/install/mainspace/include/mainspace/mainspace/msg/detail/position__type_support.c
[5.727s] -- Up-to-date: /home/fu941/TDK_ros/install/mainspace/include/mainspace/mainspace/msg/detail/command__rosidl_typesupport_introspection_c.h
[5.728s] -- Up-to-date: /home/fu941/TDK_ros/install/mainspace/include/mainspace/mainspace/msg/detail/pause__type_support.c
[5.729s] -- Up-to-date: /home/fu941/TDK_ros/install/mainspace/include/mainspace/mainspace/msg/detail/position__rosidl_typesupport_introspection_c.h
[5.730s] -- Up-to-date: /home/fu941/TDK_ros/install/mainspace/include/mainspace/mainspace/msg/detail/pause__rosidl_typesupport_introspection_c.h
[5.731s] -- Up-to-date: /home/fu941/TDK_ros/install/mainspace/include/mainspace/mainspace/msg/detail/to_stm_speed__type_support.c
[5.732s] -- Up-to-date: /home/fu941/TDK_ros/install/mainspace/include/mainspace/mainspace/msg/detail/coffee__type_support.c
[5.733s] -- Up-to-date: /home/fu941/TDK_ros/install/mainspace/include/mainspace/mainspace/msg/detail/desk__type_support.c
[5.734s] -- Up-to-date: /home/fu941/TDK_ros/install/mainspace/include/mainspace/mainspace/msg/detail/to_stm_speed__rosidl_typesupport_introspection_c.h
[5.735s] -- Up-to-date: /home/fu941/TDK_ros/install/mainspace/include/mainspace/mainspace/msg/detail/coffee__rosidl_typesupport_introspection_c.h
[5.736s] -- Up-to-date: /home/fu941/TDK_ros/install/mainspace/include/mainspace/mainspace/msg/detail/command__type_support.c
[5.737s] -- Up-to-date: /home/fu941/TDK_ros/install/mainspace/include/mainspace/mainspace/msg/detail/desk__rosidl_typesupport_introspection_c.h
[5.738s] -- Up-to-date: /home/fu941/TDK_ros/install/mainspace/include/mainspace/mainspace/msg/detail/csv_file__type_support.c
[5.739s] -- Up-to-date: /home/fu941/TDK_ros/install/mainspace/include/mainspace/mainspace/msg/detail/encoder_speed__rosidl_typesupport_introspection_c.h
[5.740s] -- Up-to-date: /home/fu941/TDK_ros/install/mainspace/include/mainspace/mainspace/msg/detail/encoder_speed__type_support.c
[5.741s] -- Up-to-date: /home/fu941/TDK_ros/install/mainspace/include/mainspace/mainspace/msg/rosidl_typesupport_introspection_c__visibility_control.h
[5.742s] -- Up-to-date: /home/fu941/TDK_ros/install/mainspace/lib/libmainspace__rosidl_typesupport_introspection_c.so
[5.743s] -- Up-to-date: /home/fu941/TDK_ros/install/mainspace/lib/libmainspace__rosidl_typesupport_c.so
[5.744s] -- Up-to-date: /home/fu941/TDK_ros/install/mainspace/include/mainspace/mainspace
[5.746s] -- Up-to-date: /home/fu941/TDK_ros/install/mainspace/include/mainspace/mainspace/msg
[5.747s] -- Up-to-date: /home/fu941/TDK_ros/install/mainspace/include/mainspace/mainspace/msg/detail
[5.748s] -- Up-to-date: /home/fu941/TDK_ros/install/mainspace/include/mainspace/mainspace/msg/detail/encoder_speed__type_support.cpp
[5.749s] -- Up-to-date: /home/fu941/TDK_ros/install/mainspace/include/mainspace/mainspace/msg/detail/to_stm_speed__type_support.cpp
[5.750s] -- Up-to-date: /home/fu941/TDK_ros/install/mainspace/include/mainspace/mainspace/msg/detail/csv_file__rosidl_typesupport_introspection_cpp.hpp
[5.751s] -- Up-to-date: /home/fu941/TDK_ros/install/mainspace/include/mainspace/mainspace/msg/detail/pause__type_support.cpp
[5.752s] -- Up-to-date: /home/fu941/TDK_ros/install/mainspace/include/mainspace/mainspace/msg/detail/position__rosidl_typesupport_introspection_cpp.hpp
[5.753s] -- Up-to-date: /home/fu941/TDK_ros/install/mainspace/include/mainspace/mainspace/msg/detail/command__rosidl_typesupport_introspection_cpp.hpp
[5.754s] -- Up-to-date: /home/fu941/TDK_ros/install/mainspace/include/mainspace/mainspace/msg/detail/coffee__type_support.cpp
[5.755s] -- Up-to-date: /home/fu941/TDK_ros/install/mainspace/include/mainspace/mainspace/msg/detail/pause__rosidl_typesupport_introspection_cpp.hpp
[5.759s] -- Up-to-date: /home/fu941/TDK_ros/install/mainspace/include/mainspace/mainspace/msg/detail/desk__type_support.cpp
[5.760s] -- Up-to-date: /home/fu941/TDK_ros/install/mainspace/include/mainspace/mainspace/msg/detail/to_stm_speed__rosidl_typesupport_introspection_cpp.hpp
[5.761s] -- Up-to-date: /home/fu941/TDK_ros/install/mainspace/include/mainspace/mainspace/msg/detail/coffee__rosidl_typesupport_introspection_cpp.hpp
[5.762s] -- Up-to-date: /home/fu941/TDK_ros/install/mainspace/include/mainspace/mainspace/msg/detail/encoder_speed__rosidl_typesupport_introspection_cpp.hpp
[5.764s] -- Up-to-date: /home/fu941/TDK_ros/install/mainspace/include/mainspace/mainspace/msg/detail/csv_file__type_support.cpp
[5.765s] -- Up-to-date: /home/fu941/TDK_ros/install/mainspace/include/mainspace/mainspace/msg/detail/position__type_support.cpp
[5.767s] -- Up-to-date: /home/fu941/TDK_ros/install/mainspace/include/mainspace/mainspace/msg/detail/command__type_support.cpp
[5.769s] -- Up-to-date: /home/fu941/TDK_ros/install/mainspace/include/mainspace/mainspace/msg/detail/desk__rosidl_typesupport_introspection_cpp.hpp
[5.770s] -- Up-to-date: /home/fu941/TDK_ros/install/mainspace/lib/libmainspace__rosidl_typesupport_introspection_cpp.so
[5.771s] -- Up-to-date: /home/fu941/TDK_ros/install/mainspace/lib/libmainspace__rosidl_typesupport_cpp.so
[5.773s] -- Up-to-date: /home/fu941/TDK_ros/install/mainspace/share/mainspace/environment/pythonpath.sh
[5.775s] -- Up-to-date: /home/fu941/TDK_ros/install/mainspace/share/mainspace/environment/pythonpath.dsv
[5.777s] -- Up-to-date: /home/fu941/TDK_ros/install/mainspace/local/lib/python3.10/dist-packages/mainspace-0.0.0-py3.10.egg-info
[5.779s] -- Installing: /home/fu941/TDK_ros/install/mainspace/local/lib/python3.10/dist-packages/mainspace-0.0.0-py3.10.egg-info/PKG-INFO
[5.781s] -- Installing: /home/fu941/TDK_ros/install/mainspace/local/lib/python3.10/dist-packages/mainspace-0.0.0-py3.10.egg-info/top_level.txt
[5.783s] -- Installing: /home/fu941/TDK_ros/install/mainspace/local/lib/python3.10/dist-packages/mainspace-0.0.0-py3.10.egg-info/SOURCES.txt
[5.785s] -- Installing: /home/fu941/TDK_ros/install/mainspace/local/lib/python3.10/dist-packages/mainspace-0.0.0-py3.10.egg-info/dependency_links.txt
[5.786s] -- Up-to-date: /home/fu941/TDK_ros/install/mainspace/local/lib/python3.10/dist-packages/mainspace
[5.787s] -- Up-to-date: /home/fu941/TDK_ros/install/mainspace/local/lib/python3.10/dist-packages/mainspace/__init__.py
[5.789s] -- Up-to-date: /home/fu941/TDK_ros/install/mainspace/local/lib/python3.10/dist-packages/mainspace/mainspace_s__rosidl_typesupport_c.cpython-310-aarch64-linux-gnu.so
[5.791s] -- Up-to-date: /home/fu941/TDK_ros/install/mainspace/local/lib/python3.10/dist-packages/mainspace/_mainspace_s.ep.rosidl_typesupport_fastrtps_c.c
[5.792s] -- Up-to-date: /home/fu941/TDK_ros/install/mainspace/local/lib/python3.10/dist-packages/mainspace/_mainspace_s.ep.rosidl_typesupport_c.c
[5.793s] -- Up-to-date: /home/fu941/TDK_ros/install/mainspace/local/lib/python3.10/dist-packages/mainspace/_mainspace_s.ep.rosidl_typesupport_introspection_c.c
[5.794s] -- Up-to-date: /home/fu941/TDK_ros/install/mainspace/local/lib/python3.10/dist-packages/mainspace/libmainspace__rosidl_generator_py.so
[5.795s] -- Up-to-date: /home/fu941/TDK_ros/install/mainspace/local/lib/python3.10/dist-packages/mainspace/msg
[5.795s] -- Up-to-date: /home/fu941/TDK_ros/install/mainspace/local/lib/python3.10/dist-packages/mainspace/msg/_coffee.py
[5.796s] -- Up-to-date: /home/fu941/TDK_ros/install/mainspace/local/lib/python3.10/dist-packages/mainspace/msg/__init__.py
[5.797s] -- Up-to-date: /home/fu941/TDK_ros/install/mainspace/local/lib/python3.10/dist-packages/mainspace/msg/_command_s.c
[5.798s] -- Up-to-date: /home/fu941/TDK_ros/install/mainspace/local/lib/python3.10/dist-packages/mainspace/msg/_csv_file_s.c
[5.799s] -- Up-to-date: /home/fu941/TDK_ros/install/mainspace/local/lib/python3.10/dist-packages/mainspace/msg/_encoder_speed.py
[5.800s] -- Up-to-date: /home/fu941/TDK_ros/install/mainspace/local/lib/python3.10/dist-packages/mainspace/msg/_desk.py
[5.801s] -- Up-to-date: /home/fu941/TDK_ros/install/mainspace/local/lib/python3.10/dist-packages/mainspace/msg/_pause.py
[5.802s] -- Up-to-date: /home/fu941/TDK_ros/install/mainspace/local/lib/python3.10/dist-packages/mainspace/msg/_to_stm_speed.py
[5.803s] -- Up-to-date: /home/fu941/TDK_ros/install/mainspace/local/lib/python3.10/dist-packages/mainspace/msg/_command.py
[5.804s] -- Up-to-date: /home/fu941/TDK_ros/install/mainspace/local/lib/python3.10/dist-packages/mainspace/msg/_desk_s.c
[5.804s] -- Up-to-date: /home/fu941/TDK_ros/install/mainspace/local/lib/python3.10/dist-packages/mainspace/msg/_pause_s.c
[5.805s] -- Up-to-date: /home/fu941/TDK_ros/install/mainspace/local/lib/python3.10/dist-packages/mainspace/msg/_csv_file.py
[5.806s] -- Up-to-date: /home/fu941/TDK_ros/install/mainspace/local/lib/python3.10/dist-packages/mainspace/msg/_position_s.c
[5.807s] -- Up-to-date: /home/fu941/TDK_ros/install/mainspace/local/lib/python3.10/dist-packages/mainspace/msg/_coffee_s.c
[5.809s] -- Up-to-date: /home/fu941/TDK_ros/install/mainspace/local/lib/python3.10/dist-packages/mainspace/msg/_encoder_speed_s.c
[5.810s] -- Up-to-date: /home/fu941/TDK_ros/install/mainspace/local/lib/python3.10/dist-packages/mainspace/msg/_to_stm_speed_s.c
[5.811s] -- Up-to-date: /home/fu941/TDK_ros/install/mainspace/local/lib/python3.10/dist-packages/mainspace/msg/_position.py
[5.812s] -- Up-to-date: /home/fu941/TDK_ros/install/mainspace/local/lib/python3.10/dist-packages/mainspace/mainspace_s__rosidl_typesupport_introspection_c.cpython-310-aarch64-linux-gnu.so
[5.813s] -- Up-to-date: /home/fu941/TDK_ros/install/mainspace/local/lib/python3.10/dist-packages/mainspace/mainspace_s__rosidl_typesupport_fastrtps_c.cpython-310-aarch64-linux-gnu.so
[6.180s] Listing '/home/fu941/TDK_ros/install/mainspace/local/lib/python3.10/dist-packages/mainspace'...
[6.183s] Listing '/home/fu941/TDK_ros/install/mainspace/local/lib/python3.10/dist-packages/mainspace/msg'...
[6.232s] -- Up-to-date: /home/fu941/TDK_ros/install/mainspace/local/lib/python3.10/dist-packages/mainspace/mainspace_s__rosidl_typesupport_fastrtps_c.cpython-310-aarch64-linux-gnu.so
[6.239s] -- Up-to-date: /home/fu941/TDK_ros/install/mainspace/local/lib/python3.10/dist-packages/mainspace/mainspace_s__rosidl_typesupport_introspection_c.cpython-310-aarch64-linux-gnu.so
[6.246s] -- Up-to-date: /home/fu941/TDK_ros/install/mainspace/local/lib/python3.10/dist-packages/mainspace/mainspace_s__rosidl_typesupport_c.cpython-310-aarch64-linux-gnu.so
[6.252s] -- Up-to-date: /home/fu941/TDK_ros/install/mainspace/lib/libmainspace__rosidl_generator_py.so
[6.257s] -- Up-to-date: /home/fu941/TDK_ros/install/mainspace/share/mainspace/msg/ToStmSpeed.idl
[6.260s] -- Up-to-date: /home/fu941/TDK_ros/install/mainspace/share/mainspace/msg/Position.idl
[6.262s] -- Up-to-date: /home/fu941/TDK_ros/install/mainspace/share/mainspace/msg/Desk.idl
[6.266s] -- Up-to-date: /home/fu941/TDK_ros/install/mainspace/share/mainspace/msg/Coffee.idl
[6.269s] -- Up-to-date: /home/fu941/TDK_ros/install/mainspace/share/mainspace/msg/CsvFile.idl
[6.271s] -- Up-to-date: /home/fu941/TDK_ros/install/mainspace/share/mainspace/msg/Command.idl
[6.274s] -- Up-to-date: /home/fu941/TDK_ros/install/mainspace/share/mainspace/msg/Pause.idl
[6.275s] -- Up-to-date: /home/fu941/TDK_ros/install/mainspace/share/mainspace/msg/ToStmSpeed.msg
[6.276s] -- Up-to-date: /home/fu941/TDK_ros/install/mainspace/share/mainspace/msg/Position.msg
[6.278s] -- Up-to-date: /home/fu941/TDK_ros/install/mainspace/share/mainspace/msg/Desk.msg
[6.279s] -- Up-to-date: /home/fu941/TDK_ros/install/mainspace/share/mainspace/msg/Coffee.msg
[6.280s] -- Up-to-date: /home/fu941/TDK_ros/install/mainspace/share/mainspace/msg/CsvFile.msg
[6.282s] -- Up-to-date: /home/fu941/TDK_ros/install/mainspace/share/mainspace/msg/Command.msg
[6.283s] -- Up-to-date: /home/fu941/TDK_ros/install/mainspace/share/mainspace/msg/Pause.msg
[6.288s] -- Up-to-date: /home/fu941/TDK_ros/install/mainspace/include/
[6.290s] -- Up-to-date: /home/fu941/TDK_ros/install/mainspace/include//mainspace
[6.293s] -- Up-to-date: /home/fu941/TDK_ros/install/mainspace/include//mainspace/navigator.hpp
[6.295s] -- Up-to-date: /home/fu941/TDK_ros/install/mainspace/lib/libnavigator_lib.so
[6.296s] -- Up-to-date: /home/fu941/TDK_ros/install/mainspace/lib/mainspace/navigator_main
[6.297s] -- Up-to-date: /home/fu941/TDK_ros/install/mainspace/lib/mainspace/Stage2
[6.298s] -- Up-to-date: /home/fu941/TDK_ros/install/mainspace/lib/mainspace/Stage3
[6.305s] -- Up-to-date: /home/fu941/TDK_ros/install/mainspace/lib/mainspace/Stage4
[6.312s] -- Up-to-date: /home/fu941/TDK_ros/install/mainspace/lib/mainspace/StageManager
[6.317s] -- Up-to-date: /home/fu941/TDK_ros/install/mainspace/share/mainspace/MainPath_csv
[6.321s] -- Up-to-date: /home/fu941/TDK_ros/install/mainspace/share/mainspace/MainPath_csv/Stage3.csv
[6.324s] -- Up-to-date: /home/fu941/TDK_ros/install/mainspace/share/mainspace/MainPath_csv/Stage4.csv
[6.327s] -- Up-to-date: /home/fu941/TDK_ros/install/mainspace/share/mainspace/MainPath_csv/Stage2.csv
[6.328s] -- Up-to-date: /home/fu941/TDK_ros/install/mainspace/share/mainspace/Stage2Path_csv
[6.330s] -- Up-to-date: /home/fu941/TDK_ros/install/mainspace/share/mainspace/Stage2Path_csv/desk4.csv
[6.332s] -- Up-to-date: /home/fu941/TDK_ros/install/mainspace/share/mainspace/Stage2Path_csv/coffee1.csv
[6.334s] -- Up-to-date: /home/fu941/TDK_ros/install/mainspace/share/mainspace/Stage2Path_csv/coffee2.csv
[6.336s] -- Up-to-date: /home/fu941/TDK_ros/install/mainspace/share/mainspace/Stage2Path_csv/coffee4.csv
[6.338s] -- Up-to-date: /home/fu941/TDK_ros/install/mainspace/share/mainspace/Stage2Path_csv/desk2.csv
[6.340s] -- Up-to-date: /home/fu941/TDK_ros/install/mainspace/share/mainspace/Stage2Path_csv/desk3.csv
[6.343s] -- Up-to-date: /home/fu941/TDK_ros/install/mainspace/share/mainspace/Stage2Path_csv/desk1.csv
[6.344s] -- Up-to-date: /home/fu941/TDK_ros/install/mainspace/share/mainspace/Stage2Path_csv/coffee3.csv
[6.346s] -- Up-to-date: /home/fu941/TDK_ros/install/mainspace/share/mainspace/launch
[6.348s] -- Up-to-date: /home/fu941/TDK_ros/install/mainspace/share/mainspace/launch/rviz.launch.py
[6.349s] -- Installing: /home/fu941/TDK_ros/install/mainspace/share/mainspace/launch/mainNodes.launch.py
[6.351s] -- Up-to-date: /home/fu941/TDK_ros/install/mainspace/share/mainspace/rviz
[6.354s] -- Up-to-date: /home/fu941/TDK_ros/install/mainspace/share/mainspace/rviz/BasePosition.rviz
[6.356s] -- Up-to-date: /home/fu941/TDK_ros/install/mainspace/share/ament_index/resource_index/package_run_dependencies/mainspace
[6.358s] -- Up-to-date: /home/fu941/TDK_ros/install/mainspace/share/ament_index/resource_index/parent_prefix_path/mainspace
[6.360s] -- Up-to-date: /home/fu941/TDK_ros/install/mainspace/share/mainspace/environment/ament_prefix_path.sh
[6.362s] -- Up-to-date: /home/fu941/TDK_ros/install/mainspace/share/mainspace/environment/ament_prefix_path.dsv
[6.363s] -- Up-to-date: /home/fu941/TDK_ros/install/mainspace/share/mainspace/environment/path.sh
[6.365s] -- Up-to-date: /home/fu941/TDK_ros/install/mainspace/share/mainspace/environment/path.dsv
[6.370s] -- Up-to-date: /home/fu941/TDK_ros/install/mainspace/share/mainspace/local_setup.bash
[6.372s] -- Up-to-date: /home/fu941/TDK_ros/install/mainspace/share/mainspace/local_setup.sh
[6.374s] -- Up-to-date: /home/fu941/TDK_ros/install/mainspace/share/mainspace/local_setup.zsh
[6.376s] -- Up-to-date: /home/fu941/TDK_ros/install/mainspace/share/mainspace/local_setup.dsv
[6.378s] -- Installing: /home/fu941/TDK_ros/install/mainspace/share/mainspace/package.dsv
[6.379s] -- Up-to-date: /home/fu941/TDK_ros/install/mainspace/share/ament_index/resource_index/packages/mainspace
[6.381s] -- Up-to-date: /home/fu941/TDK_ros/install/mainspace/share/mainspace/cmake/export_mainspace__rosidl_generator_cExport.cmake
[6.384s] -- Up-to-date: /home/fu941/TDK_ros/install/mainspace/share/mainspace/cmake/export_mainspace__rosidl_generator_cExport-noconfig.cmake
[6.385s] -- Up-to-date: /home/fu941/TDK_ros/install/mainspace/share/mainspace/cmake/export_mainspace__rosidl_typesupport_fastrtps_cExport.cmake
[6.389s] -- Up-to-date: /home/fu941/TDK_ros/install/mainspace/share/mainspace/cmake/export_mainspace__rosidl_typesupport_fastrtps_cExport-noconfig.cmake
[6.391s] -- Up-to-date: /home/fu941/TDK_ros/install/mainspace/share/mainspace/cmake/export_mainspace__rosidl_generator_cppExport.cmake
[6.397s] -- Up-to-date: /home/fu941/TDK_ros/install/mainspace/share/mainspace/cmake/export_mainspace__rosidl_typesupport_fastrtps_cppExport.cmake
[6.398s] -- Up-to-date: /home/fu941/TDK_ros/install/mainspace/share/mainspace/cmake/export_mainspace__rosidl_typesupport_fastrtps_cppExport-noconfig.cmake
[6.399s] -- Up-to-date: /home/fu941/TDK_ros/install/mainspace/share/mainspace/cmake/mainspace__rosidl_typesupport_introspection_cExport.cmake
[6.401s] -- Up-to-date: /home/fu941/TDK_ros/install/mainspace/share/mainspace/cmake/mainspace__rosidl_typesupport_introspection_cExport-noconfig.cmake
[6.402s] -- Up-to-date: /home/fu941/TDK_ros/install/mainspace/share/mainspace/cmake/mainspace__rosidl_typesupport_cExport.cmake
[6.403s] -- Up-to-date: /home/fu941/TDK_ros/install/mainspace/share/mainspace/cmake/mainspace__rosidl_typesupport_cExport-noconfig.cmake
[6.404s] -- Up-to-date: /home/fu941/TDK_ros/install/mainspace/share/mainspace/cmake/mainspace__rosidl_typesupport_introspection_cppExport.cmake
[6.406s] -- Up-to-date: /home/fu941/TDK_ros/install/mainspace/share/mainspace/cmake/mainspace__rosidl_typesupport_introspection_cppExport-noconfig.cmake
[6.408s] -- Up-to-date: /home/fu941/TDK_ros/install/mainspace/share/mainspace/cmake/mainspace__rosidl_typesupport_cppExport.cmake
[6.415s] -- Up-to-date: /home/fu941/TDK_ros/install/mainspace/share/mainspace/cmake/mainspace__rosidl_typesupport_cppExport-noconfig.cmake
[6.418s] -- Up-to-date: /home/fu941/TDK_ros/install/mainspace/share/mainspace/cmake/export_mainspace__rosidl_generator_pyExport.cmake
[6.420s] -- Up-to-date: /home/fu941/TDK_ros/install/mainspace/share/mainspace/cmake/export_mainspace__rosidl_generator_pyExport-noconfig.cmake
[6.421s] -- Up-to-date: /home/fu941/TDK_ros/install/mainspace/share/mainspace/cmake/rosidl_cmake-extras.cmake
[6.428s] -- Up-to-date: /home/fu941/TDK_ros/install/mainspace/share/mainspace/cmake/ament_cmake_export_dependencies-extras.cmake
[6.432s] -- Up-to-date: /home/fu941/TDK_ros/install/mainspace/share/mainspace/cmake/ament_cmake_export_include_directories-extras.cmake
[6.434s] -- Up-to-date: /home/fu941/TDK_ros/install/mainspace/share/mainspace/cmake/ament_cmake_export_libraries-extras.cmake
[6.435s] -- Up-to-date: /home/fu941/TDK_ros/install/mainspace/share/mainspace/cmake/ament_cmake_export_targets-extras.cmake
[6.437s] -- Up-to-date: /home/fu941/TDK_ros/install/mainspace/share/mainspace/cmake/rosidl_cmake_export_typesupport_targets-extras.cmake
[6.440s] -- Up-to-date: /home/fu941/TDK_ros/install/mainspace/share/mainspace/cmake/rosidl_cmake_export_typesupport_libraries-extras.cmake
[6.442s] -- Up-to-date: /home/fu941/TDK_ros/install/mainspace/share/mainspace/cmake/mainspaceConfig.cmake
[6.444s] -- Up-to-date: /home/fu941/TDK_ros/install/mainspace/share/mainspace/cmake/mainspaceConfig-version.cmake
[6.447s] -- Up-to-date: /home/fu941/TDK_ros/install/mainspace/share/mainspace/package.xml
[6.449s] Invoked command in '/home/fu941/TDK_ros/build/mainspace' returned '0': CMAKE_PREFIX_PATH=${CMAKE_PREFIX_PATH}:/home/fu941/TDK_ros/install/SerialTest:/opt/ros/humble /usr/bin/cmake --install /home/fu941/TDK_ros/build/mainspace
