[1.031s] DEBUG:colcon:Command line arguments: ['/usr/bin/colcon', 'build']
[1.031s] DEBUG:colcon:Parsed command line arguments: Namespace(log_base=None, log_level=None, verb_name='build', build_base='build', install_base='install', merge_install=False, symlink_install=False, test_result_base=None, continue_on_error=False, executor='parallel', parallel_workers=4, event_handlers=None, ignore_user_meta=False, metas=['./colcon.meta'], base_paths=['.'], packages_ignore=None, packages_ignore_regex=None, paths=None, packages_up_to=None, packages_up_to_regex=None, packages_above=None, packages_above_and_dependencies=None, packages_above_depth=None, packages_select_by_dep=None, packages_skip_by_dep=None, packages_skip_up_to=None, packages_select_build_failed=False, packages_skip_build_finished=False, packages_select_test_failures=False, packages_skip_test_passed=False, packages_select=None, packages_skip=None, packages_select_regex=None, packages_skip_regex=None, packages_start=None, packages_end=None, allow_overriding=[], cmake_args=None, cmake_target=None, cmake_target_skip_unavailable=False, cmake_clean_cache=False, cmake_clean_first=False, cmake_force_configure=False, ament_cmake_args=None, catkin_cmake_args=None, catkin_skip_building_tests=False, verb_parser=<colcon_defaults.argument_parser.defaults.DefaultArgumentsDecorator object at 0xffffa1e433d0>, verb_extension=<colcon_core.verb.build.BuildVerb object at 0xffffa1f88880>, main=<bound method BuildVerb.main of <colcon_core.verb.build.BuildVerb object at 0xffffa1f88880>>)
[2.267s] Level 1:colcon.colcon_core.package_discovery:discover_packages(colcon_meta) check parameters
[2.268s] Level 1:colcon.colcon_core.package_discovery:discover_packages(recursive) check parameters
[2.268s] Level 1:colcon.colcon_core.package_discovery:discover_packages(ignore) check parameters
[2.268s] Level 1:colcon.colcon_core.package_discovery:discover_packages(path) check parameters
[2.269s] Level 1:colcon.colcon_core.package_discovery:discover_packages(colcon_meta) discover
[2.269s] Level 1:colcon.colcon_core.package_discovery:discover_packages(recursive) discover
[2.269s] INFO:colcon.colcon_core.package_discovery:Crawling recursively for packages in '/home/fu941/TDK_ros'
[2.270s] Level 1:colcon.colcon_core.package_identification:_identify(.) by extensions ['ignore', 'ignore_ament_install']
[2.270s] Level 1:colcon.colcon_core.package_identification:_identify(.) by extension 'ignore'
[2.271s] Level 1:colcon.colcon_core.package_identification:_identify(.) by extension 'ignore_ament_install'
[2.272s] Level 1:colcon.colcon_core.package_identification:_identify(.) by extensions ['colcon_pkg']
[2.272s] Level 1:colcon.colcon_core.package_identification:_identify(.) by extension 'colcon_pkg'
[2.273s] Level 1:colcon.colcon_core.package_identification:_identify(.) by extensions ['colcon_meta']
[2.273s] Level 1:colcon.colcon_core.package_identification:_identify(.) by extension 'colcon_meta'
[2.273s] Level 1:colcon.colcon_core.package_identification:_identify(.) by extensions ['ros']
[2.274s] Level 1:colcon.colcon_core.package_identification:_identify(.) by extension 'ros'
[2.403s] Level 1:colcon.colcon_core.package_identification:_identify(.) by extensions ['cmake', 'python']
[2.404s] Level 1:colcon.colcon_core.package_identification:_identify(.) by extension 'cmake'
[2.405s] Level 1:colcon.colcon_core.package_identification:_identify(.) by extension 'python'
[2.406s] Level 1:colcon.colcon_core.package_identification:_identify(.) by extensions ['python_setup_py']
[2.406s] Level 1:colcon.colcon_core.package_identification:_identify(.) by extension 'python_setup_py'
[2.407s] Level 1:colcon.colcon_core.package_identification:_identify(build) by extensions ['ignore', 'ignore_ament_install']
[2.410s] Level 1:colcon.colcon_core.package_identification:_identify(build) by extension 'ignore'
[2.411s] Level 1:colcon.colcon_core.package_identification:_identify(build) ignored
[2.412s] Level 1:colcon.colcon_core.package_identification:_identify(install) by extensions ['ignore', 'ignore_ament_install']
[2.414s] Level 1:colcon.colcon_core.package_identification:_identify(install) by extension 'ignore'
[2.414s] Level 1:colcon.colcon_core.package_identification:_identify(install) ignored
[2.416s] Level 1:colcon.colcon_core.package_identification:_identify(log) by extensions ['ignore', 'ignore_ament_install']
[2.417s] Level 1:colcon.colcon_core.package_identification:_identify(log) by extension 'ignore'
[2.418s] Level 1:colcon.colcon_core.package_identification:_identify(log) ignored
[2.419s] Level 1:colcon.colcon_core.package_identification:_identify(src) by extensions ['ignore', 'ignore_ament_install']
[2.420s] Level 1:colcon.colcon_core.package_identification:_identify(src) by extension 'ignore'
[2.421s] Level 1:colcon.colcon_core.package_identification:_identify(src) by extension 'ignore_ament_install'
[2.422s] Level 1:colcon.colcon_core.package_identification:_identify(src) by extensions ['colcon_pkg']
[2.422s] Level 1:colcon.colcon_core.package_identification:_identify(src) by extension 'colcon_pkg'
[2.423s] Level 1:colcon.colcon_core.package_identification:_identify(src) by extensions ['colcon_meta']
[2.423s] Level 1:colcon.colcon_core.package_identification:_identify(src) by extension 'colcon_meta'
[2.424s] Level 1:colcon.colcon_core.package_identification:_identify(src) by extensions ['ros']
[2.424s] Level 1:colcon.colcon_core.package_identification:_identify(src) by extension 'ros'
[2.425s] Level 1:colcon.colcon_core.package_identification:_identify(src) by extensions ['cmake', 'python']
[2.426s] Level 1:colcon.colcon_core.package_identification:_identify(src) by extension 'cmake'
[2.427s] Level 1:colcon.colcon_core.package_identification:_identify(src) by extension 'python'
[2.427s] Level 1:colcon.colcon_core.package_identification:_identify(src) by extensions ['python_setup_py']
[2.428s] Level 1:colcon.colcon_core.package_identification:_identify(src) by extension 'python_setup_py'
[2.429s] Level 1:colcon.colcon_core.package_identification:_identify(src/SerialTest) by extensions ['ignore', 'ignore_ament_install']
[2.430s] Level 1:colcon.colcon_core.package_identification:_identify(src/SerialTest) by extension 'ignore'
[2.431s] Level 1:colcon.colcon_core.package_identification:_identify(src/SerialTest) by extension 'ignore_ament_install'
[2.432s] Level 1:colcon.colcon_core.package_identification:_identify(src/SerialTest) by extensions ['colcon_pkg']
[2.433s] Level 1:colcon.colcon_core.package_identification:_identify(src/SerialTest) by extension 'colcon_pkg'
[2.434s] Level 1:colcon.colcon_core.package_identification:_identify(src/SerialTest) by extensions ['colcon_meta']
[2.434s] Level 1:colcon.colcon_core.package_identification:_identify(src/SerialTest) by extension 'colcon_meta'
[2.435s] Level 1:colcon.colcon_core.package_identification:_identify(src/SerialTest) by extensions ['ros']
[2.436s] Level 1:colcon.colcon_core.package_identification:_identify(src/SerialTest) by extension 'ros'
[2.469s] DEBUG:colcon.colcon_core.package_identification:Package 'src/SerialTest' with type 'ros.ament_python' and name 'SerialTest'
[2.470s] Level 1:colcon.colcon_core.package_identification:_identify(src/camera) by extensions ['ignore', 'ignore_ament_install']
[2.471s] Level 1:colcon.colcon_core.package_identification:_identify(src/camera) by extension 'ignore'
[2.472s] Level 1:colcon.colcon_core.package_identification:_identify(src/camera) by extension 'ignore_ament_install'
[2.473s] Level 1:colcon.colcon_core.package_identification:_identify(src/camera) by extensions ['colcon_pkg']
[2.474s] Level 1:colcon.colcon_core.package_identification:_identify(src/camera) by extension 'colcon_pkg'
[2.474s] Level 1:colcon.colcon_core.package_identification:_identify(src/camera) by extensions ['colcon_meta']
[2.475s] Level 1:colcon.colcon_core.package_identification:_identify(src/camera) by extension 'colcon_meta'
[2.476s] Level 1:colcon.colcon_core.package_identification:_identify(src/camera) by extensions ['ros']
[2.476s] Level 1:colcon.colcon_core.package_identification:_identify(src/camera) by extension 'ros'
[2.485s] DEBUG:colcon.colcon_core.package_identification:Package 'src/camera' with type 'ros.ament_cmake' and name 'camera'
[2.487s] Level 1:colcon.colcon_core.package_identification:_identify(src/mainspace) by extensions ['ignore', 'ignore_ament_install']
[2.488s] Level 1:colcon.colcon_core.package_identification:_identify(src/mainspace) by extension 'ignore'
[2.489s] Level 1:colcon.colcon_core.package_identification:_identify(src/mainspace) by extension 'ignore_ament_install'
[2.490s] Level 1:colcon.colcon_core.package_identification:_identify(src/mainspace) by extensions ['colcon_pkg']
[2.490s] Level 1:colcon.colcon_core.package_identification:_identify(src/mainspace) by extension 'colcon_pkg'
[2.491s] Level 1:colcon.colcon_core.package_identification:_identify(src/mainspace) by extensions ['colcon_meta']
[2.491s] Level 1:colcon.colcon_core.package_identification:_identify(src/mainspace) by extension 'colcon_meta'
[2.492s] Level 1:colcon.colcon_core.package_identification:_identify(src/mainspace) by extensions ['ros']
[2.493s] Level 1:colcon.colcon_core.package_identification:_identify(src/mainspace) by extension 'ros'
[2.502s] DEBUG:colcon.colcon_core.package_identification:Package 'src/mainspace' with type 'ros.ament_cmake' and name 'mainspace'
[2.503s] Level 1:colcon.colcon_core.package_discovery:discover_packages(recursive) using defaults
[2.504s] Level 1:colcon.colcon_core.package_discovery:discover_packages(ignore) discover
[2.504s] Level 1:colcon.colcon_core.package_discovery:discover_packages(ignore) using defaults
[2.504s] Level 1:colcon.colcon_core.package_discovery:discover_packages(path) discover
[2.505s] Level 1:colcon.colcon_core.package_discovery:discover_packages(path) using defaults
[2.796s] Level 1:colcon.colcon_core.package_discovery:discover_packages(prefix_path) check parameters
[2.797s] Level 1:colcon.colcon_core.package_discovery:discover_packages(prefix_path) discover
[2.850s] DEBUG:colcon.colcon_installed_package_information.package_discovery:Found 271 installed packages in /opt/ros/humble
[2.877s] Level 1:colcon.colcon_core.package_discovery:discover_packages(prefix_path) using defaults
[3.509s] Level 5:colcon.colcon_core.verb:set package 'mainspace' build argument 'cmake_args' from command line to 'None'
[3.510s] Level 5:colcon.colcon_core.verb:set package 'mainspace' build argument 'cmake_target' from command line to 'None'
[3.510s] Level 5:colcon.colcon_core.verb:set package 'mainspace' build argument 'cmake_target_skip_unavailable' from command line to 'False'
[3.511s] Level 5:colcon.colcon_core.verb:set package 'mainspace' build argument 'cmake_clean_cache' from command line to 'False'
[3.511s] Level 5:colcon.colcon_core.verb:set package 'mainspace' build argument 'cmake_clean_first' from command line to 'False'
[3.511s] Level 5:colcon.colcon_core.verb:set package 'mainspace' build argument 'cmake_force_configure' from command line to 'False'
[3.512s] Level 5:colcon.colcon_core.verb:set package 'mainspace' build argument 'ament_cmake_args' from command line to 'None'
[3.512s] Level 5:colcon.colcon_core.verb:set package 'mainspace' build argument 'catkin_cmake_args' from command line to 'None'
[3.512s] Level 5:colcon.colcon_core.verb:set package 'mainspace' build argument 'catkin_skip_building_tests' from command line to 'False'
[3.513s] DEBUG:colcon.colcon_core.verb:Building package 'mainspace' with the following arguments: {'ament_cmake_args': None, 'build_base': '/home/fu941/TDK_ros/build/mainspace', 'catkin_cmake_args': None, 'catkin_skip_building_tests': False, 'cmake_args': None, 'cmake_clean_cache': False, 'cmake_clean_first': False, 'cmake_force_configure': False, 'cmake_target': None, 'cmake_target_skip_unavailable': False, 'install_base': '/home/fu941/TDK_ros/install/mainspace', 'merge_install': False, 'path': '/home/fu941/TDK_ros/src/mainspace', 'symlink_install': False, 'test_result_base': None}
[3.517s] Level 5:colcon.colcon_core.verb:set package 'camera' build argument 'cmake_args' from command line to 'None'
[3.518s] Level 5:colcon.colcon_core.verb:set package 'camera' build argument 'cmake_target' from command line to 'None'
[3.518s] Level 5:colcon.colcon_core.verb:set package 'camera' build argument 'cmake_target_skip_unavailable' from command line to 'False'
[3.518s] Level 5:colcon.colcon_core.verb:set package 'camera' build argument 'cmake_clean_cache' from command line to 'False'
[3.519s] Level 5:colcon.colcon_core.verb:set package 'camera' build argument 'cmake_clean_first' from command line to 'False'
[3.519s] Level 5:colcon.colcon_core.verb:set package 'camera' build argument 'cmake_force_configure' from command line to 'False'
[3.519s] Level 5:colcon.colcon_core.verb:set package 'camera' build argument 'ament_cmake_args' from command line to 'None'
[3.520s] Level 5:colcon.colcon_core.verb:set package 'camera' build argument 'catkin_cmake_args' from command line to 'None'
[3.520s] Level 5:colcon.colcon_core.verb:set package 'camera' build argument 'catkin_skip_building_tests' from command line to 'False'
[3.520s] DEBUG:colcon.colcon_core.verb:Building package 'camera' with the following arguments: {'ament_cmake_args': None, 'build_base': '/home/fu941/TDK_ros/build/camera', 'catkin_cmake_args': None, 'catkin_skip_building_tests': False, 'cmake_args': None, 'cmake_clean_cache': False, 'cmake_clean_first': False, 'cmake_force_configure': False, 'cmake_target': None, 'cmake_target_skip_unavailable': False, 'install_base': '/home/fu941/TDK_ros/install/camera', 'merge_install': False, 'path': '/home/fu941/TDK_ros/src/camera', 'symlink_install': False, 'test_result_base': None}
[3.524s] Level 5:colcon.colcon_core.verb:set package 'SerialTest' build argument 'cmake_args' from command line to 'None'
[3.525s] Level 5:colcon.colcon_core.verb:set package 'SerialTest' build argument 'cmake_target' from command line to 'None'
[3.525s] Level 5:colcon.colcon_core.verb:set package 'SerialTest' build argument 'cmake_target_skip_unavailable' from command line to 'False'
[3.526s] Level 5:colcon.colcon_core.verb:set package 'SerialTest' build argument 'cmake_clean_cache' from command line to 'False'
[3.526s] Level 5:colcon.colcon_core.verb:set package 'SerialTest' build argument 'cmake_clean_first' from command line to 'False'
[3.526s] Level 5:colcon.colcon_core.verb:set package 'SerialTest' build argument 'cmake_force_configure' from command line to 'False'
[3.527s] Level 5:colcon.colcon_core.verb:set package 'SerialTest' build argument 'ament_cmake_args' from command line to 'None'
[3.527s] Level 5:colcon.colcon_core.verb:set package 'SerialTest' build argument 'catkin_cmake_args' from command line to 'None'
[3.527s] Level 5:colcon.colcon_core.verb:set package 'SerialTest' build argument 'catkin_skip_building_tests' from command line to 'False'
[3.528s] DEBUG:colcon.colcon_core.verb:Building package 'SerialTest' with the following arguments: {'ament_cmake_args': None, 'build_base': '/home/fu941/TDK_ros/build/SerialTest', 'catkin_cmake_args': None, 'catkin_skip_building_tests': False, 'cmake_args': None, 'cmake_clean_cache': False, 'cmake_clean_first': False, 'cmake_force_configure': False, 'cmake_target': None, 'cmake_target_skip_unavailable': False, 'install_base': '/home/fu941/TDK_ros/install/SerialTest', 'merge_install': False, 'path': '/home/fu941/TDK_ros/src/SerialTest', 'symlink_install': False, 'test_result_base': None}
[3.529s] INFO:colcon.colcon_core.executor:Executing jobs using 'parallel' executor
[3.538s] DEBUG:colcon.colcon_parallel_executor.executor.parallel:run_until_complete
[3.539s] INFO:colcon.colcon_ros.task.ament_cmake.build:Building ROS package in '/home/fu941/TDK_ros/src/mainspace' with build type 'ament_cmake'
[3.541s] INFO:colcon.colcon_cmake.task.cmake.build:Building CMake package in '/home/fu941/TDK_ros/src/mainspace'
[3.587s] INFO:colcon.colcon_core.plugin_system:Skipping extension 'colcon_core.shell.bat': Not used on non-Windows systems
[3.590s] INFO:colcon.colcon_core.shell:Skip shell extension 'powershell' for command environment: Not usable outside of PowerShell
[3.591s] DEBUG:colcon.colcon_core.shell:Skip shell extension 'dsv' for command environment
[3.715s] DEBUG:colcon.colcon_core.event_handler.log_command:Invoking command in '/home/fu941/TDK_ros/build/mainspace': CMAKE_PREFIX_PATH=/opt/ros/humble /usr/bin/cmake --build /home/fu941/TDK_ros/build/mainspace -- -j4 -l4
[320.410s] DEBUG:colcon.colcon_core.event_handler.log_command:Invoked command in '/home/fu941/TDK_ros/build/mainspace' returned '0': CMAKE_PREFIX_PATH=/opt/ros/humble /usr/bin/cmake --build /home/fu941/TDK_ros/build/mainspace -- -j4 -l4
[320.454s] DEBUG:colcon.colcon_core.event_handler.log_command:Invoking command in '/home/fu941/TDK_ros/build/mainspace': CMAKE_PREFIX_PATH=/opt/ros/humble /usr/bin/cmake --install /home/fu941/TDK_ros/build/mainspace
[322.314s] Level 1:colcon.colcon_core.environment:create_environment_scripts_only(mainspace)
[322.319s] DEBUG:colcon.colcon_core.event_handler.log_command:Invoked command in '/home/fu941/TDK_ros/build/mainspace' returned '0': CMAKE_PREFIX_PATH=/opt/ros/humble /usr/bin/cmake --install /home/fu941/TDK_ros/build/mainspace
[322.371s] Level 1:colcon.colcon_core.environment:checking '/home/fu941/TDK_ros/install/mainspace' for CMake module files
[322.384s] Level 1:colcon.colcon_core.environment:checking '/home/fu941/TDK_ros/install/mainspace' for CMake config files
[322.394s] Level 1:colcon.colcon_core.shell:create_environment_hook('mainspace', 'cmake_prefix_path')
[322.397s] INFO:colcon.colcon_core.shell:Creating environment hook '/home/fu941/TDK_ros/install/mainspace/share/mainspace/hook/cmake_prefix_path.ps1'
[322.409s] INFO:colcon.colcon_core.shell:Creating environment descriptor '/home/fu941/TDK_ros/install/mainspace/share/mainspace/hook/cmake_prefix_path.dsv'
[322.417s] INFO:colcon.colcon_core.shell:Creating environment hook '/home/fu941/TDK_ros/install/mainspace/share/mainspace/hook/cmake_prefix_path.sh'
[322.427s] Level 1:colcon.colcon_core.environment:checking '/home/fu941/TDK_ros/install/mainspace/lib'
[322.430s] Level 1:colcon.colcon_core.shell:create_environment_hook('mainspace', 'ld_library_path_lib')
[322.432s] INFO:colcon.colcon_core.shell:Creating environment hook '/home/fu941/TDK_ros/install/mainspace/share/mainspace/hook/ld_library_path_lib.ps1'
[322.437s] INFO:colcon.colcon_core.shell:Creating environment descriptor '/home/fu941/TDK_ros/install/mainspace/share/mainspace/hook/ld_library_path_lib.dsv'
[322.442s] INFO:colcon.colcon_core.shell:Creating environment hook '/home/fu941/TDK_ros/install/mainspace/share/mainspace/hook/ld_library_path_lib.sh'
[322.446s] Level 1:colcon.colcon_core.environment:checking '/home/fu941/TDK_ros/install/mainspace/bin'
[322.447s] Level 1:colcon.colcon_core.environment:checking '/home/fu941/TDK_ros/install/mainspace/lib/pkgconfig/mainspace.pc'
[322.450s] Level 1:colcon.colcon_core.environment:checking '/home/fu941/TDK_ros/install/mainspace/lib/python3.10/site-packages'
[322.453s] Level 1:colcon.colcon_core.environment:checking '/home/fu941/TDK_ros/install/mainspace/bin'
[322.456s] INFO:colcon.colcon_core.shell:Creating package script '/home/fu941/TDK_ros/install/mainspace/share/mainspace/package.ps1'
[322.468s] INFO:colcon.colcon_core.shell:Creating package descriptor '/home/fu941/TDK_ros/install/mainspace/share/mainspace/package.dsv'
[322.476s] INFO:colcon.colcon_core.shell:Creating package script '/home/fu941/TDK_ros/install/mainspace/share/mainspace/package.sh'
[322.485s] INFO:colcon.colcon_core.shell:Creating package script '/home/fu941/TDK_ros/install/mainspace/share/mainspace/package.bash'
[322.497s] INFO:colcon.colcon_core.shell:Creating package script '/home/fu941/TDK_ros/install/mainspace/share/mainspace/package.zsh'
[322.509s] Level 1:colcon.colcon_core.environment:create_file_with_runtime_dependencies(/home/fu941/TDK_ros/install/mainspace/share/colcon-core/packages/mainspace)
[322.517s] Level 1:colcon.colcon_core.environment:create_environment_scripts_only(mainspace)
[322.519s] Level 1:colcon.colcon_core.environment:checking '/home/fu941/TDK_ros/install/mainspace' for CMake module files
[322.532s] Level 1:colcon.colcon_core.environment:checking '/home/fu941/TDK_ros/install/mainspace' for CMake config files
[322.541s] Level 1:colcon.colcon_core.shell:create_environment_hook('mainspace', 'cmake_prefix_path')
[322.544s] INFO:colcon.colcon_core.shell:Creating environment hook '/home/fu941/TDK_ros/install/mainspace/share/mainspace/hook/cmake_prefix_path.ps1'
[322.548s] INFO:colcon.colcon_core.shell:Creating environment descriptor '/home/fu941/TDK_ros/install/mainspace/share/mainspace/hook/cmake_prefix_path.dsv'
[322.552s] INFO:colcon.colcon_core.shell:Creating environment hook '/home/fu941/TDK_ros/install/mainspace/share/mainspace/hook/cmake_prefix_path.sh'
[322.558s] Level 1:colcon.colcon_core.environment:checking '/home/fu941/TDK_ros/install/mainspace/lib'
[322.560s] Level 1:colcon.colcon_core.shell:create_environment_hook('mainspace', 'ld_library_path_lib')
[322.562s] INFO:colcon.colcon_core.shell:Creating environment hook '/home/fu941/TDK_ros/install/mainspace/share/mainspace/hook/ld_library_path_lib.ps1'
[322.566s] INFO:colcon.colcon_core.shell:Creating environment descriptor '/home/fu941/TDK_ros/install/mainspace/share/mainspace/hook/ld_library_path_lib.dsv'
[322.571s] INFO:colcon.colcon_core.shell:Creating environment hook '/home/fu941/TDK_ros/install/mainspace/share/mainspace/hook/ld_library_path_lib.sh'
[322.575s] Level 1:colcon.colcon_core.environment:checking '/home/fu941/TDK_ros/install/mainspace/bin'
[322.576s] Level 1:colcon.colcon_core.environment:checking '/home/fu941/TDK_ros/install/mainspace/lib/pkgconfig/mainspace.pc'
[322.579s] Level 1:colcon.colcon_core.environment:checking '/home/fu941/TDK_ros/install/mainspace/lib/python3.10/site-packages'
[322.581s] Level 1:colcon.colcon_core.environment:checking '/home/fu941/TDK_ros/install/mainspace/bin'
[322.584s] INFO:colcon.colcon_core.shell:Creating package script '/home/fu941/TDK_ros/install/mainspace/share/mainspace/package.ps1'
[322.590s] INFO:colcon.colcon_core.shell:Creating package descriptor '/home/fu941/TDK_ros/install/mainspace/share/mainspace/package.dsv'
[322.596s] INFO:colcon.colcon_core.shell:Creating package script '/home/fu941/TDK_ros/install/mainspace/share/mainspace/package.sh'
[322.601s] INFO:colcon.colcon_core.shell:Creating package script '/home/fu941/TDK_ros/install/mainspace/share/mainspace/package.bash'
[322.606s] INFO:colcon.colcon_core.shell:Creating package script '/home/fu941/TDK_ros/install/mainspace/share/mainspace/package.zsh'
[322.612s] Level 1:colcon.colcon_core.environment:create_file_with_runtime_dependencies(/home/fu941/TDK_ros/install/mainspace/share/colcon-core/packages/mainspace)
[322.615s] INFO:colcon.colcon_ros.task.ament_cmake.build:Building ROS package in '/home/fu941/TDK_ros/src/camera' with build type 'ament_cmake'
[322.617s] INFO:colcon.colcon_cmake.task.cmake.build:Building CMake package in '/home/fu941/TDK_ros/src/camera'
[322.620s] INFO:colcon.colcon_core.shell:Skip shell extension 'powershell' for command environment: Not usable outside of PowerShell
[322.621s] DEBUG:colcon.colcon_core.shell:Skip shell extension 'dsv' for command environment
[322.743s] DEBUG:colcon.colcon_core.event_handler.log_command:Invoking command in '/home/fu941/TDK_ros/build/camera': AMENT_PREFIX_PATH=/home/fu941/TDK_ros/install/mainspace:${AMENT_PREFIX_PATH} CMAKE_PREFIX_PATH=/home/fu941/TDK_ros/install/mainspace:/opt/ros/humble LD_LIBRARY_PATH=/home/fu941/TDK_ros/install/mainspace/lib:${LD_LIBRARY_PATH} PYTHONPATH=/home/fu941/TDK_ros/install/mainspace/local/lib/python3.10/dist-packages:${PYTHONPATH} /usr/bin/cmake --build /home/fu941/TDK_ros/build/camera -- -j4 -l4
[441.575s] DEBUG:colcon.colcon_core.event_handler.log_command:Invoked command in '/home/fu941/TDK_ros/build/camera' returned '0': AMENT_PREFIX_PATH=/home/fu941/TDK_ros/install/mainspace:${AMENT_PREFIX_PATH} CMAKE_PREFIX_PATH=/home/fu941/TDK_ros/install/mainspace:/opt/ros/humble LD_LIBRARY_PATH=/home/fu941/TDK_ros/install/mainspace/lib:${LD_LIBRARY_PATH} PYTHONPATH=/home/fu941/TDK_ros/install/mainspace/local/lib/python3.10/dist-packages:${PYTHONPATH} /usr/bin/cmake --build /home/fu941/TDK_ros/build/camera -- -j4 -l4
[441.596s] DEBUG:colcon.colcon_core.event_handler.log_command:Invoking command in '/home/fu941/TDK_ros/build/camera': AMENT_PREFIX_PATH=/home/fu941/TDK_ros/install/mainspace:${AMENT_PREFIX_PATH} CMAKE_PREFIX_PATH=/home/fu941/TDK_ros/install/mainspace:/opt/ros/humble LD_LIBRARY_PATH=/home/fu941/TDK_ros/install/mainspace/lib:${LD_LIBRARY_PATH} PYTHONPATH=/home/fu941/TDK_ros/install/mainspace/local/lib/python3.10/dist-packages:${PYTHONPATH} /usr/bin/cmake --install /home/fu941/TDK_ros/build/camera
[441.776s] Level 1:colcon.colcon_core.environment:create_environment_scripts_only(camera)
[441.777s] Level 1:colcon.colcon_core.environment:checking '/home/fu941/TDK_ros/install/camera' for CMake module files
[441.779s] DEBUG:colcon.colcon_core.event_handler.log_command:Invoked command in '/home/fu941/TDK_ros/build/camera' returned '0': AMENT_PREFIX_PATH=/home/fu941/TDK_ros/install/mainspace:${AMENT_PREFIX_PATH} CMAKE_PREFIX_PATH=/home/fu941/TDK_ros/install/mainspace:/opt/ros/humble LD_LIBRARY_PATH=/home/fu941/TDK_ros/install/mainspace/lib:${LD_LIBRARY_PATH} PYTHONPATH=/home/fu941/TDK_ros/install/mainspace/local/lib/python3.10/dist-packages:${PYTHONPATH} /usr/bin/cmake --install /home/fu941/TDK_ros/build/camera
[441.785s] Level 1:colcon.colcon_core.environment:checking '/home/fu941/TDK_ros/install/camera' for CMake config files
[441.789s] Level 1:colcon.colcon_core.shell:create_environment_hook('camera', 'cmake_prefix_path')
[441.791s] INFO:colcon.colcon_core.shell:Creating environment hook '/home/fu941/TDK_ros/install/camera/share/camera/hook/cmake_prefix_path.ps1'
[441.796s] INFO:colcon.colcon_core.shell:Creating environment descriptor '/home/fu941/TDK_ros/install/camera/share/camera/hook/cmake_prefix_path.dsv'
[441.801s] INFO:colcon.colcon_core.shell:Creating environment hook '/home/fu941/TDK_ros/install/camera/share/camera/hook/cmake_prefix_path.sh'
[441.808s] Level 1:colcon.colcon_core.environment:checking '/home/fu941/TDK_ros/install/camera/lib'
[441.809s] Level 1:colcon.colcon_core.environment:checking '/home/fu941/TDK_ros/install/camera/bin'
[441.810s] Level 1:colcon.colcon_core.environment:checking '/home/fu941/TDK_ros/install/camera/lib/pkgconfig/camera.pc'
[441.812s] Level 1:colcon.colcon_core.environment:checking '/home/fu941/TDK_ros/install/camera/lib/python3.10/site-packages'
[441.815s] Level 1:colcon.colcon_core.environment:checking '/home/fu941/TDK_ros/install/camera/bin'
[441.818s] INFO:colcon.colcon_core.shell:Creating package script '/home/fu941/TDK_ros/install/camera/share/camera/package.ps1'
[441.823s] INFO:colcon.colcon_core.shell:Creating package descriptor '/home/fu941/TDK_ros/install/camera/share/camera/package.dsv'
[441.827s] INFO:colcon.colcon_core.shell:Creating package script '/home/fu941/TDK_ros/install/camera/share/camera/package.sh'
[441.832s] INFO:colcon.colcon_core.shell:Creating package script '/home/fu941/TDK_ros/install/camera/share/camera/package.bash'
[441.837s] INFO:colcon.colcon_core.shell:Creating package script '/home/fu941/TDK_ros/install/camera/share/camera/package.zsh'
[441.841s] Level 1:colcon.colcon_core.environment:create_file_with_runtime_dependencies(/home/fu941/TDK_ros/install/camera/share/colcon-core/packages/camera)
[441.847s] Level 1:colcon.colcon_core.environment:create_environment_scripts_only(camera)
[441.850s] Level 1:colcon.colcon_core.environment:checking '/home/fu941/TDK_ros/install/camera' for CMake module files
[441.857s] Level 1:colcon.colcon_core.environment:checking '/home/fu941/TDK_ros/install/camera' for CMake config files
[441.861s] Level 1:colcon.colcon_core.shell:create_environment_hook('camera', 'cmake_prefix_path')
[441.863s] INFO:colcon.colcon_core.shell:Creating environment hook '/home/fu941/TDK_ros/install/camera/share/camera/hook/cmake_prefix_path.ps1'
[441.868s] INFO:colcon.colcon_core.shell:Creating environment descriptor '/home/fu941/TDK_ros/install/camera/share/camera/hook/cmake_prefix_path.dsv'
[441.872s] INFO:colcon.colcon_core.shell:Creating environment hook '/home/fu941/TDK_ros/install/camera/share/camera/hook/cmake_prefix_path.sh'
[441.878s] Level 1:colcon.colcon_core.environment:checking '/home/fu941/TDK_ros/install/camera/lib'
[441.879s] Level 1:colcon.colcon_core.environment:checking '/home/fu941/TDK_ros/install/camera/bin'
[441.880s] Level 1:colcon.colcon_core.environment:checking '/home/fu941/TDK_ros/install/camera/lib/pkgconfig/camera.pc'
[441.883s] Level 1:colcon.colcon_core.environment:checking '/home/fu941/TDK_ros/install/camera/lib/python3.10/site-packages'
[441.885s] Level 1:colcon.colcon_core.environment:checking '/home/fu941/TDK_ros/install/camera/bin'
[441.888s] INFO:colcon.colcon_core.shell:Creating package script '/home/fu941/TDK_ros/install/camera/share/camera/package.ps1'
[441.893s] INFO:colcon.colcon_core.shell:Creating package descriptor '/home/fu941/TDK_ros/install/camera/share/camera/package.dsv'
[441.898s] INFO:colcon.colcon_core.shell:Creating package script '/home/fu941/TDK_ros/install/camera/share/camera/package.sh'
[441.905s] INFO:colcon.colcon_core.shell:Creating package script '/home/fu941/TDK_ros/install/camera/share/camera/package.bash'
[441.910s] INFO:colcon.colcon_core.shell:Creating package script '/home/fu941/TDK_ros/install/camera/share/camera/package.zsh'
[441.915s] Level 1:colcon.colcon_core.environment:create_file_with_runtime_dependencies(/home/fu941/TDK_ros/install/camera/share/colcon-core/packages/camera)
[441.918s] INFO:colcon.colcon_ros.task.ament_python.build:Building ROS package in '/home/fu941/TDK_ros/src/SerialTest' with build type 'ament_python'
[441.919s] Level 1:colcon.colcon_core.shell:create_environment_hook('SerialTest', 'ament_prefix_path')
[441.922s] INFO:colcon.colcon_core.shell:Creating environment hook '/home/fu941/TDK_ros/install/SerialTest/share/SerialTest/hook/ament_prefix_path.ps1'
[441.929s] INFO:colcon.colcon_core.shell:Creating environment descriptor '/home/fu941/TDK_ros/install/SerialTest/share/SerialTest/hook/ament_prefix_path.dsv'
[441.935s] INFO:colcon.colcon_core.shell:Creating environment hook '/home/fu941/TDK_ros/install/SerialTest/share/SerialTest/hook/ament_prefix_path.sh'
[441.942s] INFO:colcon.colcon_core.shell:Skip shell extension 'powershell' for command environment: Not usable outside of PowerShell
[441.943s] DEBUG:colcon.colcon_core.shell:Skip shell extension 'dsv' for command environment
[444.192s] INFO:colcon.colcon_core.task.python.build:Building Python package in '/home/fu941/TDK_ros/src/SerialTest'
[444.193s] INFO:colcon.colcon_core.shell:Skip shell extension 'powershell' for command environment: Not usable outside of PowerShell
[444.194s] DEBUG:colcon.colcon_core.shell:Skip shell extension 'dsv' for command environment
[446.422s] DEBUG:colcon.colcon_core.event_handler.log_command:Invoking command in '/home/fu941/TDK_ros/src/SerialTest': AMENT_PREFIX_PATH=/home/fu941/TDK_ros/install/camera:/home/fu941/TDK_ros/install/mainspace:${AMENT_PREFIX_PATH} CMAKE_PREFIX_PATH=/home/fu941/TDK_ros/install/camera:/home/fu941/TDK_ros/install/mainspace LD_LIBRARY_PATH=/home/fu941/TDK_ros/install/mainspace/lib:${LD_LIBRARY_PATH} PYTHONPATH=/home/fu941/TDK_ros/build/SerialTest/prefix_override:/usr/lib/python3/dist-packages/colcon_core/task/python/colcon_distutils_commands:/home/fu941/TDK_ros/install/SerialTest/lib/python3.10/site-packages:/home/fu941/TDK_ros/install/mainspace/local/lib/python3.10/dist-packages:${PYTHONPATH} /usr/bin/python3 -W ignore:setup.py install is deprecated -W ignore:easy_install command is deprecated setup.py egg_info --egg-base ../../build/SerialTest build --build-base /home/fu941/TDK_ros/build/SerialTest/build install --record /home/fu941/TDK_ros/build/SerialTest/install.log --single-version-externally-managed install_data
[447.993s] Level 1:colcon.colcon_core.environment:checking '/home/fu941/TDK_ros/install/SerialTest' for CMake module files
[448.000s] DEBUG:colcon.colcon_core.event_handler.log_command:Invoked command in '/home/fu941/TDK_ros/src/SerialTest' returned '0': AMENT_PREFIX_PATH=/home/fu941/TDK_ros/install/camera:/home/fu941/TDK_ros/install/mainspace:${AMENT_PREFIX_PATH} CMAKE_PREFIX_PATH=/home/fu941/TDK_ros/install/camera:/home/fu941/TDK_ros/install/mainspace LD_LIBRARY_PATH=/home/fu941/TDK_ros/install/mainspace/lib:${LD_LIBRARY_PATH} PYTHONPATH=/home/fu941/TDK_ros/build/SerialTest/prefix_override:/usr/lib/python3/dist-packages/colcon_core/task/python/colcon_distutils_commands:/home/fu941/TDK_ros/install/SerialTest/lib/python3.10/site-packages:/home/fu941/TDK_ros/install/mainspace/local/lib/python3.10/dist-packages:${PYTHONPATH} /usr/bin/python3 -W ignore:setup.py install is deprecated -W ignore:easy_install command is deprecated setup.py egg_info --egg-base ../../build/SerialTest build --build-base /home/fu941/TDK_ros/build/SerialTest/build install --record /home/fu941/TDK_ros/build/SerialTest/install.log --single-version-externally-managed install_data
[448.006s] Level 1:colcon.colcon_core.environment:checking '/home/fu941/TDK_ros/install/SerialTest' for CMake config files
[448.015s] Level 1:colcon.colcon_core.environment:checking '/home/fu941/TDK_ros/install/SerialTest/lib'
[448.017s] Level 1:colcon.colcon_core.environment:checking '/home/fu941/TDK_ros/install/SerialTest/bin'
[448.018s] Level 1:colcon.colcon_core.environment:checking '/home/fu941/TDK_ros/install/SerialTest/lib/pkgconfig/SerialTest.pc'
[448.020s] Level 1:colcon.colcon_core.environment:checking '/home/fu941/TDK_ros/install/SerialTest/lib/python3.10/site-packages'
[448.021s] Level 1:colcon.colcon_core.shell:create_environment_hook('SerialTest', 'pythonpath')
[448.023s] INFO:colcon.colcon_core.shell:Creating environment hook '/home/fu941/TDK_ros/install/SerialTest/share/SerialTest/hook/pythonpath.ps1'
[448.028s] INFO:colcon.colcon_core.shell:Creating environment descriptor '/home/fu941/TDK_ros/install/SerialTest/share/SerialTest/hook/pythonpath.dsv'
[448.032s] INFO:colcon.colcon_core.shell:Creating environment hook '/home/fu941/TDK_ros/install/SerialTest/share/SerialTest/hook/pythonpath.sh'
[448.039s] Level 1:colcon.colcon_core.environment:checking '/home/fu941/TDK_ros/install/SerialTest/bin'
[448.040s] Level 1:colcon.colcon_core.environment:create_environment_scripts_only(SerialTest)
[448.043s] INFO:colcon.colcon_core.shell:Creating package script '/home/fu941/TDK_ros/install/SerialTest/share/SerialTest/package.ps1'
[448.048s] INFO:colcon.colcon_core.shell:Creating package descriptor '/home/fu941/TDK_ros/install/SerialTest/share/SerialTest/package.dsv'
[448.054s] INFO:colcon.colcon_core.shell:Creating package script '/home/fu941/TDK_ros/install/SerialTest/share/SerialTest/package.sh'
[448.060s] INFO:colcon.colcon_core.shell:Creating package script '/home/fu941/TDK_ros/install/SerialTest/share/SerialTest/package.bash'
[448.065s] INFO:colcon.colcon_core.shell:Creating package script '/home/fu941/TDK_ros/install/SerialTest/share/SerialTest/package.zsh'
[448.070s] Level 1:colcon.colcon_core.environment:create_file_with_runtime_dependencies(/home/fu941/TDK_ros/install/SerialTest/share/colcon-core/packages/SerialTest)
[448.072s] DEBUG:colcon.colcon_parallel_executor.executor.parallel:closing loop
[448.075s] DEBUG:colcon.colcon_parallel_executor.executor.parallel:loop closed
[448.076s] DEBUG:colcon.colcon_parallel_executor.executor.parallel:run_until_complete finished with '0'
[448.077s] DEBUG:colcon.colcon_core.event_reactor:joining thread
[448.135s] INFO:colcon.colcon_core.plugin_system:Skipping extension 'colcon_notification.desktop_notification.notify_send': Could not find 'notify-send'
[448.136s] INFO:colcon.colcon_core.plugin_system:Skipping extension 'colcon_notification.desktop_notification.terminal_notifier': Not used on non-Darwin systems
[448.136s] INFO:colcon.colcon_core.plugin_system:Skipping extension 'colcon_notification.desktop_notification.win32': Not used on non-Windows systems
[448.137s] INFO:colcon.colcon_notification.desktop_notification:Sending desktop notification using 'notify2'
[448.230s] DEBUG:colcon.colcon_notification.desktop_notification.notify2:Failed to initialize notify2: org.freedesktop.DBus.Error.ServiceUnknown: The name org.freedesktop.Notifications was not provided by any .service files
[448.231s] DEBUG:colcon.colcon_core.event_reactor:joined thread
[448.233s] INFO:colcon.colcon_core.shell:Creating prefix script '/home/fu941/TDK_ros/install/local_setup.ps1'
[448.247s] INFO:colcon.colcon_core.shell:Creating prefix util module '/home/fu941/TDK_ros/install/_local_setup_util_ps1.py'
[448.297s] INFO:colcon.colcon_core.shell:Creating prefix chain script '/home/fu941/TDK_ros/install/setup.ps1'
[448.308s] INFO:colcon.colcon_core.shell:Creating prefix script '/home/fu941/TDK_ros/install/local_setup.sh'
[448.316s] INFO:colcon.colcon_core.shell:Creating prefix util module '/home/fu941/TDK_ros/install/_local_setup_util_sh.py'
[448.323s] INFO:colcon.colcon_core.shell:Creating prefix chain script '/home/fu941/TDK_ros/install/setup.sh'
[448.332s] INFO:colcon.colcon_core.shell:Creating prefix script '/home/fu941/TDK_ros/install/local_setup.bash'
[448.335s] INFO:colcon.colcon_core.shell:Creating prefix chain script '/home/fu941/TDK_ros/install/setup.bash'
[448.339s] INFO:colcon.colcon_core.shell:Creating prefix script '/home/fu941/TDK_ros/install/local_setup.zsh'
[448.343s] INFO:colcon.colcon_core.shell:Creating prefix chain script '/home/fu941/TDK_ros/install/setup.zsh'
