-- Found ament_cmake: 1.3.12 (/opt/ros/humble/share/ament_cmake/cmake)
-- Found rclcpp: 16.0.14 (/opt/ros/humble/share/rclcpp/cmake)
-- Found rosidl_generator_c: 3.1.7 (/opt/ros/humble/share/rosidl_generator_c/cmake)
-- Found rosidl_adapter: 3.1.7 (/opt/ros/humble/share/rosidl_adapter/cmake)
-- Found rosidl_generator_cpp: 3.1.7 (/opt/ros/humble/share/rosidl_generator_cpp/cmake)
-- Using all available rosidl_typesupport_c: rosidl_typesupport_fastrtps_c;rosidl_typesupport_introspection_c
-- Using all available rosidl_typesupport_cpp: rosidl_typesupport_fastrtps_cpp;rosidl_typesupport_introspection_cpp
-- Found rmw_implementation_cmake: 6.1.2 (/opt/ros/humble/share/rmw_implementation_cmake/cmake)
-- Found rmw_fastrtps_cpp: 6.2.8 (/opt/ros/humble/share/rmw_fastrtps_cpp/cmake)
-- Found OpenSSL: /usr/lib/aarch64-linux-gnu/libcrypto.so (found version "3.0.2")  
-- Found FastRTPS: /opt/ros/humble/include  
-- Using RMW implementation 'rmw_fastrtps_cpp' as default
-- Looking for pthread.h
-- Looking for pthread.h - found
-- Performing Test CMAKE_HAVE_LIBC_PTHREAD
-- Performing Test CMAKE_HAVE_LIBC_PTHREAD - Success
-- Found Threads: TRUE  
-- Found mainspace: 0.0.0 (/home/fu941/TDK_ros/install/mainspace/share/mainspace/cmake)
-- Found rosidl_default_generators: 1.2.0 (/opt/ros/humble/share/rosidl_default_generators/cmake)
-- Found ament_lint_auto: 0.12.14 (/opt/ros/humble/share/ament_lint_auto/cmake)
-- Added test 'cppcheck' to perform static code analysis on C / C++ code
-- Configured cppcheck include dirs: /home/fu941/TDK_ros/src/camera/include
-- Configured cppcheck exclude dirs and/or files: 
-- Added test 'lint_cmake' to check CMake code style
-- Added test 'uncrustify' to check C / C++ code style
-- Configured uncrustify additional arguments: 
-- Added test 'xmllint' to check XML markup files
-- Configuring done
-- Generating done
-- Build files have been written to: /home/fu941/TDK_ros/build/camera
[35m[1mConsolidate compiler generated dependencies of target cameraStage3[0m
[35m[1mConsolidate compiler generated dependencies of target cameraDesk2[0m
[ 11%] [32mBuilding CXX object CMakeFiles/cameraCoffee2.dir/src/cameraBackground.cpp.o[0m
[ 22%] [32mBuilding CXX object CMakeFiles/cameraCoffee2.dir/src/cameraCoffee2.cpp.o[0m
[ 33%] [32mBuilding CXX object CMakeFiles/cameraDesk2.dir/src/cameraDesk2.cpp.o[0m
[ 44%] [32mBuilding CXX object CMakeFiles/cameraStage3.dir/src/cameraStage3.cpp.o[0m
[01m[K/home/fu941/TDK_ros/src/camera/src/cameraStage3.cpp:[m[K In function ‘[01m[Kint main(int, char**)[m[K’:
[01m[K/home/fu941/TDK_ros/src/camera/src/cameraStage3.cpp:66:14:[m[K [01;35m[Kwarning: [m[Kunused parameter ‘[01m[Kargc[m[K’ [[01;35m[K]8;;https://gcc.gnu.org/onlinedocs/gcc/Warning-Options.html#index-Wunused-parameter-Wunused-parameter]8;;[m[K]
   66 | int main([01;35m[Kint argc[m[K, char **argv) {
      |          [01;35m[K~~~~^~~~[m[K
[01m[K/home/fu941/TDK_ros/src/camera/src/cameraStage3.cpp:66:27:[m[K [01;35m[Kwarning: [m[Kunused parameter ‘[01m[Kargv[m[K’ [[01;35m[K]8;;https://gcc.gnu.org/onlinedocs/gcc/Warning-Options.html#index-Wunused-parameter-Wunused-parameter]8;;[m[K]
   66 | int main(int argc, [01;35m[Kchar **argv[m[K) {
      |                    [01;35m[K~~~~~~~^~~~[m[K
[ 55%] [32mBuilding CXX object CMakeFiles/cameraStage3.dir/src/cameraBackground.cpp.o[0m
[ 66%] [32mBuilding CXX object CMakeFiles/cameraDesk2.dir/src/cameraBackground.cpp.o[0m
[ 77%] [32m[1mLinking CXX executable cameraCoffee2[0m
[ 77%] Built target cameraCoffee2
[ 88%] [32m[1mLinking CXX executable cameraStage3[0m
[100%] [32m[1mLinking CXX executable cameraDesk2[0m
[100%] Built target cameraStage3
[100%] Built target cameraDesk2
-- Install configuration: ""
-- Up-to-date: /home/fu941/TDK_ros/install/camera/include/
-- Up-to-date: /home/fu941/TDK_ros/install/camera/include//camera
-- Installing: /home/fu941/TDK_ros/install/camera/include//camera/cameraBackground.hpp
-- Installing: /home/fu941/TDK_ros/install/camera/lib/camera/cameraCoffee2
-- Set runtime path of "/home/fu941/TDK_ros/install/camera/lib/camera/cameraCoffee2" to ""
-- Installing: /home/fu941/TDK_ros/install/camera/lib/camera/cameraDesk2
-- Set runtime path of "/home/fu941/TDK_ros/install/camera/lib/camera/cameraDesk2" to ""
-- Installing: /home/fu941/TDK_ros/install/camera/lib/camera/cameraStage3
-- Set runtime path of "/home/fu941/TDK_ros/install/camera/lib/camera/cameraStage3" to ""
-- Installing: /home/fu941/TDK_ros/install/camera/share/ament_index/resource_index/package_run_dependencies/camera
-- Installing: /home/fu941/TDK_ros/install/camera/share/ament_index/resource_index/parent_prefix_path/camera
-- Up-to-date: /home/fu941/TDK_ros/install/camera/share/camera/environment/ament_prefix_path.sh
-- Installing: /home/fu941/TDK_ros/install/camera/share/camera/environment/ament_prefix_path.dsv
-- Up-to-date: /home/fu941/TDK_ros/install/camera/share/camera/environment/path.sh
-- Installing: /home/fu941/TDK_ros/install/camera/share/camera/environment/path.dsv
-- Up-to-date: /home/fu941/TDK_ros/install/camera/share/camera/local_setup.bash
-- Up-to-date: /home/fu941/TDK_ros/install/camera/share/camera/local_setup.sh
-- Up-to-date: /home/fu941/TDK_ros/install/camera/share/camera/local_setup.zsh
-- Installing: /home/fu941/TDK_ros/install/camera/share/camera/local_setup.dsv
-- Installing: /home/fu941/TDK_ros/install/camera/share/camera/package.dsv
-- Up-to-date: /home/fu941/TDK_ros/install/camera/share/ament_index/resource_index/packages/camera
-- Up-to-date: /home/fu941/TDK_ros/install/camera/share/camera/cmake/cameraConfig.cmake
-- Up-to-date: /home/fu941/TDK_ros/install/camera/share/camera/cmake/cameraConfig-version.cmake
-- Installing: /home/fu941/TDK_ros/install/camera/share/camera/package.xml
