[1.164s] DEBUG:colcon:Command line arguments: ['/usr/bin/colcon', 'build']
[1.164s] DEBUG:colcon:Parsed command line arguments: Namespace(log_base=None, log_level=None, verb_name='build', build_base='build', install_base='install', merge_install=False, symlink_install=False, test_result_base=None, continue_on_error=False, executor='parallel', parallel_workers=4, event_handlers=None, ignore_user_meta=False, metas=['./colcon.meta'], base_paths=['.'], packages_ignore=None, packages_ignore_regex=None, paths=None, packages_up_to=None, packages_up_to_regex=None, packages_above=None, packages_above_and_dependencies=None, packages_above_depth=None, packages_select_by_dep=None, packages_skip_by_dep=None, packages_skip_up_to=None, packages_select_build_failed=False, packages_skip_build_finished=False, packages_select_test_failures=False, packages_skip_test_passed=False, packages_select=None, packages_skip=None, packages_select_regex=None, packages_skip_regex=None, packages_start=None, packages_end=None, allow_overriding=[], cmake_args=None, cmake_target=None, cmake_target_skip_unavailable=False, cmake_clean_cache=False, cmake_clean_first=False, cmake_force_configure=False, ament_cmake_args=None, catkin_cmake_args=None, catkin_skip_building_tests=False, verb_parser=<colcon_defaults.argument_parser.defaults.DefaultArgumentsDecorator object at 0xffff8e6d3940>, verb_extension=<colcon_core.verb.build.BuildVerb object at 0xffff8e80ccd0>, main=<bound method BuildVerb.main of <colcon_core.verb.build.BuildVerb object at 0xffff8e80ccd0>>)
[3.402s] Level 1:colcon.colcon_core.package_discovery:discover_packages(colcon_meta) check parameters
[3.403s] Level 1:colcon.colcon_core.package_discovery:discover_packages(recursive) check parameters
[3.404s] Level 1:colcon.colcon_core.package_discovery:discover_packages(ignore) check parameters
[3.404s] Level 1:colcon.colcon_core.package_discovery:discover_packages(path) check parameters
[3.405s] Level 1:colcon.colcon_core.package_discovery:discover_packages(colcon_meta) discover
[3.405s] Level 1:colcon.colcon_core.package_discovery:discover_packages(recursive) discover
[3.406s] INFO:colcon.colcon_core.package_discovery:Crawling recursively for packages in '/home/fu941/TDK_ros'
[3.407s] Level 1:colcon.colcon_core.package_identification:_identify(.) by extensions ['ignore', 'ignore_ament_install']
[3.409s] Level 1:colcon.colcon_core.package_identification:_identify(.) by extension 'ignore'
[3.410s] Level 1:colcon.colcon_core.package_identification:_identify(.) by extension 'ignore_ament_install'
[3.411s] Level 1:colcon.colcon_core.package_identification:_identify(.) by extensions ['colcon_pkg']
[3.411s] Level 1:colcon.colcon_core.package_identification:_identify(.) by extension 'colcon_pkg'
[3.412s] Level 1:colcon.colcon_core.package_identification:_identify(.) by extensions ['colcon_meta']
[3.412s] Level 1:colcon.colcon_core.package_identification:_identify(.) by extension 'colcon_meta'
[3.413s] Level 1:colcon.colcon_core.package_identification:_identify(.) by extensions ['ros']
[3.413s] Level 1:colcon.colcon_core.package_identification:_identify(.) by extension 'ros'
[3.545s] Level 1:colcon.colcon_core.package_identification:_identify(.) by extensions ['cmake', 'python']
[3.550s] Level 1:colcon.colcon_core.package_identification:_identify(.) by extension 'cmake'
[3.551s] Level 1:colcon.colcon_core.package_identification:_identify(.) by extension 'python'
[3.553s] Level 1:colcon.colcon_core.package_identification:_identify(.) by extensions ['python_setup_py']
[3.553s] Level 1:colcon.colcon_core.package_identification:_identify(.) by extension 'python_setup_py'
[3.555s] Level 1:colcon.colcon_core.package_identification:_identify(build) by extensions ['ignore', 'ignore_ament_install']
[3.556s] Level 1:colcon.colcon_core.package_identification:_identify(build) by extension 'ignore'
[3.557s] Level 1:colcon.colcon_core.package_identification:_identify(build) ignored
[3.559s] Level 1:colcon.colcon_core.package_identification:_identify(install) by extensions ['ignore', 'ignore_ament_install']
[3.561s] Level 1:colcon.colcon_core.package_identification:_identify(install) by extension 'ignore'
[3.562s] Level 1:colcon.colcon_core.package_identification:_identify(install) ignored
[3.564s] Level 1:colcon.colcon_core.package_identification:_identify(log) by extensions ['ignore', 'ignore_ament_install']
[3.565s] Level 1:colcon.colcon_core.package_identification:_identify(log) by extension 'ignore'
[3.566s] Level 1:colcon.colcon_core.package_identification:_identify(log) ignored
[3.567s] Level 1:colcon.colcon_core.package_identification:_identify(src) by extensions ['ignore', 'ignore_ament_install']
[3.568s] Level 1:colcon.colcon_core.package_identification:_identify(src) by extension 'ignore'
[3.569s] Level 1:colcon.colcon_core.package_identification:_identify(src) by extension 'ignore_ament_install'
[3.570s] Level 1:colcon.colcon_core.package_identification:_identify(src) by extensions ['colcon_pkg']
[3.571s] Level 1:colcon.colcon_core.package_identification:_identify(src) by extension 'colcon_pkg'
[3.571s] Level 1:colcon.colcon_core.package_identification:_identify(src) by extensions ['colcon_meta']
[3.572s] Level 1:colcon.colcon_core.package_identification:_identify(src) by extension 'colcon_meta'
[3.573s] Level 1:colcon.colcon_core.package_identification:_identify(src) by extensions ['ros']
[3.573s] Level 1:colcon.colcon_core.package_identification:_identify(src) by extension 'ros'
[3.575s] Level 1:colcon.colcon_core.package_identification:_identify(src) by extensions ['cmake', 'python']
[3.575s] Level 1:colcon.colcon_core.package_identification:_identify(src) by extension 'cmake'
[3.576s] Level 1:colcon.colcon_core.package_identification:_identify(src) by extension 'python'
[3.577s] Level 1:colcon.colcon_core.package_identification:_identify(src) by extensions ['python_setup_py']
[3.577s] Level 1:colcon.colcon_core.package_identification:_identify(src) by extension 'python_setup_py'
[3.579s] Level 1:colcon.colcon_core.package_identification:_identify(src/SerialTest) by extensions ['ignore', 'ignore_ament_install']
[3.580s] Level 1:colcon.colcon_core.package_identification:_identify(src/SerialTest) by extension 'ignore'
[3.581s] Level 1:colcon.colcon_core.package_identification:_identify(src/SerialTest) by extension 'ignore_ament_install'
[3.582s] Level 1:colcon.colcon_core.package_identification:_identify(src/SerialTest) by extensions ['colcon_pkg']
[3.583s] Level 1:colcon.colcon_core.package_identification:_identify(src/SerialTest) by extension 'colcon_pkg'
[3.584s] Level 1:colcon.colcon_core.package_identification:_identify(src/SerialTest) by extensions ['colcon_meta']
[3.584s] Level 1:colcon.colcon_core.package_identification:_identify(src/SerialTest) by extension 'colcon_meta'
[3.585s] Level 1:colcon.colcon_core.package_identification:_identify(src/SerialTest) by extensions ['ros']
[3.586s] Level 1:colcon.colcon_core.package_identification:_identify(src/SerialTest) by extension 'ros'
[3.611s] DEBUG:colcon.colcon_core.package_identification:Package 'src/SerialTest' with type 'ros.ament_python' and name 'SerialTest'
[3.613s] Level 1:colcon.colcon_core.package_identification:_identify(src/camera) by extensions ['ignore', 'ignore_ament_install']
[3.614s] Level 1:colcon.colcon_core.package_identification:_identify(src/camera) by extension 'ignore'
[3.615s] Level 1:colcon.colcon_core.package_identification:_identify(src/camera) by extension 'ignore_ament_install'
[3.616s] Level 1:colcon.colcon_core.package_identification:_identify(src/camera) by extensions ['colcon_pkg']
[3.616s] Level 1:colcon.colcon_core.package_identification:_identify(src/camera) by extension 'colcon_pkg'
[3.617s] Level 1:colcon.colcon_core.package_identification:_identify(src/camera) by extensions ['colcon_meta']
[3.618s] Level 1:colcon.colcon_core.package_identification:_identify(src/camera) by extension 'colcon_meta'
[3.618s] Level 1:colcon.colcon_core.package_identification:_identify(src/camera) by extensions ['ros']
[3.619s] Level 1:colcon.colcon_core.package_identification:_identify(src/camera) by extension 'ros'
[3.629s] DEBUG:colcon.colcon_core.package_identification:Package 'src/camera' with type 'ros.ament_cmake' and name 'camera'
[3.631s] Level 1:colcon.colcon_core.package_identification:_identify(src/mainspace) by extensions ['ignore', 'ignore_ament_install']
[3.633s] Level 1:colcon.colcon_core.package_identification:_identify(src/mainspace) by extension 'ignore'
[3.634s] Level 1:colcon.colcon_core.package_identification:_identify(src/mainspace) by extension 'ignore_ament_install'
[3.635s] Level 1:colcon.colcon_core.package_identification:_identify(src/mainspace) by extensions ['colcon_pkg']
[3.635s] Level 1:colcon.colcon_core.package_identification:_identify(src/mainspace) by extension 'colcon_pkg'
[3.636s] Level 1:colcon.colcon_core.package_identification:_identify(src/mainspace) by extensions ['colcon_meta']
[3.637s] Level 1:colcon.colcon_core.package_identification:_identify(src/mainspace) by extension 'colcon_meta'
[3.638s] Level 1:colcon.colcon_core.package_identification:_identify(src/mainspace) by extensions ['ros']
[3.638s] Level 1:colcon.colcon_core.package_identification:_identify(src/mainspace) by extension 'ros'
[3.648s] DEBUG:colcon.colcon_core.package_identification:Package 'src/mainspace' with type 'ros.ament_cmake' and name 'mainspace'
[3.648s] Level 1:colcon.colcon_core.package_discovery:discover_packages(recursive) using defaults
[3.649s] Level 1:colcon.colcon_core.package_discovery:discover_packages(ignore) discover
[3.649s] Level 1:colcon.colcon_core.package_discovery:discover_packages(ignore) using defaults
[3.650s] Level 1:colcon.colcon_core.package_discovery:discover_packages(path) discover
[3.650s] Level 1:colcon.colcon_core.package_discovery:discover_packages(path) using defaults
[3.887s] Level 1:colcon.colcon_core.package_discovery:discover_packages(prefix_path) check parameters
[3.888s] Level 1:colcon.colcon_core.package_discovery:discover_packages(prefix_path) discover
[3.913s] DEBUG:colcon.colcon_installed_package_information.package_discovery:Found 3 installed packages in /home/fu941/TDK_ros/install
[3.939s] DEBUG:colcon.colcon_installed_package_information.package_discovery:Found 271 installed packages in /opt/ros/humble
[3.966s] Level 1:colcon.colcon_core.package_discovery:discover_packages(prefix_path) using defaults
[4.583s] Level 5:colcon.colcon_core.verb:set package 'mainspace' build argument 'cmake_args' from command line to 'None'
[4.584s] Level 5:colcon.colcon_core.verb:set package 'mainspace' build argument 'cmake_target' from command line to 'None'
[4.584s] Level 5:colcon.colcon_core.verb:set package 'mainspace' build argument 'cmake_target_skip_unavailable' from command line to 'False'
[4.585s] Level 5:colcon.colcon_core.verb:set package 'mainspace' build argument 'cmake_clean_cache' from command line to 'False'
[4.585s] Level 5:colcon.colcon_core.verb:set package 'mainspace' build argument 'cmake_clean_first' from command line to 'False'
[4.585s] Level 5:colcon.colcon_core.verb:set package 'mainspace' build argument 'cmake_force_configure' from command line to 'False'
[4.586s] Level 5:colcon.colcon_core.verb:set package 'mainspace' build argument 'ament_cmake_args' from command line to 'None'
[4.586s] Level 5:colcon.colcon_core.verb:set package 'mainspace' build argument 'catkin_cmake_args' from command line to 'None'
[4.587s] Level 5:colcon.colcon_core.verb:set package 'mainspace' build argument 'catkin_skip_building_tests' from command line to 'False'
[4.587s] DEBUG:colcon.colcon_core.verb:Building package 'mainspace' with the following arguments: {'ament_cmake_args': None, 'build_base': '/home/fu941/TDK_ros/build/mainspace', 'catkin_cmake_args': None, 'catkin_skip_building_tests': False, 'cmake_args': None, 'cmake_clean_cache': False, 'cmake_clean_first': False, 'cmake_force_configure': False, 'cmake_target': None, 'cmake_target_skip_unavailable': False, 'install_base': '/home/fu941/TDK_ros/install/mainspace', 'merge_install': False, 'path': '/home/fu941/TDK_ros/src/mainspace', 'symlink_install': False, 'test_result_base': None}
[4.592s] Level 5:colcon.colcon_core.verb:set package 'camera' build argument 'cmake_args' from command line to 'None'
[4.592s] Level 5:colcon.colcon_core.verb:set package 'camera' build argument 'cmake_target' from command line to 'None'
[4.593s] Level 5:colcon.colcon_core.verb:set package 'camera' build argument 'cmake_target_skip_unavailable' from command line to 'False'
[4.593s] Level 5:colcon.colcon_core.verb:set package 'camera' build argument 'cmake_clean_cache' from command line to 'False'
[4.594s] Level 5:colcon.colcon_core.verb:set package 'camera' build argument 'cmake_clean_first' from command line to 'False'
[4.594s] Level 5:colcon.colcon_core.verb:set package 'camera' build argument 'cmake_force_configure' from command line to 'False'
[4.594s] Level 5:colcon.colcon_core.verb:set package 'camera' build argument 'ament_cmake_args' from command line to 'None'
[4.595s] Level 5:colcon.colcon_core.verb:set package 'camera' build argument 'catkin_cmake_args' from command line to 'None'
[4.595s] Level 5:colcon.colcon_core.verb:set package 'camera' build argument 'catkin_skip_building_tests' from command line to 'False'
[4.595s] DEBUG:colcon.colcon_core.verb:Building package 'camera' with the following arguments: {'ament_cmake_args': None, 'build_base': '/home/fu941/TDK_ros/build/camera', 'catkin_cmake_args': None, 'catkin_skip_building_tests': False, 'cmake_args': None, 'cmake_clean_cache': False, 'cmake_clean_first': False, 'cmake_force_configure': False, 'cmake_target': None, 'cmake_target_skip_unavailable': False, 'install_base': '/home/fu941/TDK_ros/install/camera', 'merge_install': False, 'path': '/home/fu941/TDK_ros/src/camera', 'symlink_install': False, 'test_result_base': None}
[4.600s] Level 5:colcon.colcon_core.verb:set package 'SerialTest' build argument 'cmake_args' from command line to 'None'
[4.601s] Level 5:colcon.colcon_core.verb:set package 'SerialTest' build argument 'cmake_target' from command line to 'None'
[4.601s] Level 5:colcon.colcon_core.verb:set package 'SerialTest' build argument 'cmake_target_skip_unavailable' from command line to 'False'
[4.601s] Level 5:colcon.colcon_core.verb:set package 'SerialTest' build argument 'cmake_clean_cache' from command line to 'False'
[4.602s] Level 5:colcon.colcon_core.verb:set package 'SerialTest' build argument 'cmake_clean_first' from command line to 'False'
[4.602s] Level 5:colcon.colcon_core.verb:set package 'SerialTest' build argument 'cmake_force_configure' from command line to 'False'
[4.603s] Level 5:colcon.colcon_core.verb:set package 'SerialTest' build argument 'ament_cmake_args' from command line to 'None'
[4.603s] Level 5:colcon.colcon_core.verb:set package 'SerialTest' build argument 'catkin_cmake_args' from command line to 'None'
[4.603s] Level 5:colcon.colcon_core.verb:set package 'SerialTest' build argument 'catkin_skip_building_tests' from command line to 'False'
[4.604s] DEBUG:colcon.colcon_core.verb:Building package 'SerialTest' with the following arguments: {'ament_cmake_args': None, 'build_base': '/home/fu941/TDK_ros/build/SerialTest', 'catkin_cmake_args': None, 'catkin_skip_building_tests': False, 'cmake_args': None, 'cmake_clean_cache': False, 'cmake_clean_first': False, 'cmake_force_configure': False, 'cmake_target': None, 'cmake_target_skip_unavailable': False, 'install_base': '/home/fu941/TDK_ros/install/SerialTest', 'merge_install': False, 'path': '/home/fu941/TDK_ros/src/SerialTest', 'symlink_install': False, 'test_result_base': None}
[4.605s] INFO:colcon.colcon_core.executor:Executing jobs using 'parallel' executor
[4.613s] DEBUG:colcon.colcon_parallel_executor.executor.parallel:run_until_complete
[4.615s] INFO:colcon.colcon_ros.task.ament_cmake.build:Building ROS package in '/home/fu941/TDK_ros/src/mainspace' with build type 'ament_cmake'
[4.617s] INFO:colcon.colcon_cmake.task.cmake.build:Building CMake package in '/home/fu941/TDK_ros/src/mainspace'
[4.644s] INFO:colcon.colcon_core.plugin_system:Skipping extension 'colcon_core.shell.bat': Not used on non-Windows systems
[4.647s] INFO:colcon.colcon_core.shell:Skip shell extension 'powershell' for command environment: Not usable outside of PowerShell
[4.647s] DEBUG:colcon.colcon_core.shell:Skip shell extension 'dsv' for command environment
[4.761s] DEBUG:colcon.colcon_core.event_handler.log_command:Invoking command in '/home/fu941/TDK_ros/build/mainspace': CMAKE_PREFIX_PATH=${CMAKE_PREFIX_PATH}:/home/fu941/TDK_ros/install/SerialTest:/opt/ros/humble /usr/bin/cmake --build /home/fu941/TDK_ros/build/mainspace -- -j4 -l4
[10.303s] DEBUG:colcon.colcon_core.event_handler.log_command:Invoked command in '/home/fu941/TDK_ros/build/mainspace' returned '0': CMAKE_PREFIX_PATH=${CMAKE_PREFIX_PATH}:/home/fu941/TDK_ros/install/SerialTest:/opt/ros/humble /usr/bin/cmake --build /home/fu941/TDK_ros/build/mainspace -- -j4 -l4
[10.369s] DEBUG:colcon.colcon_core.event_handler.log_command:Invoking command in '/home/fu941/TDK_ros/build/mainspace': CMAKE_PREFIX_PATH=${CMAKE_PREFIX_PATH}:/home/fu941/TDK_ros/install/SerialTest:/opt/ros/humble /usr/bin/cmake --install /home/fu941/TDK_ros/build/mainspace
[11.315s] Level 1:colcon.colcon_core.environment:create_environment_scripts_only(mainspace)
[11.326s] DEBUG:colcon.colcon_core.event_handler.log_command:Invoked command in '/home/fu941/TDK_ros/build/mainspace' returned '0': CMAKE_PREFIX_PATH=${CMAKE_PREFIX_PATH}:/home/fu941/TDK_ros/install/SerialTest:/opt/ros/humble /usr/bin/cmake --install /home/fu941/TDK_ros/build/mainspace
[11.356s] Level 1:colcon.colcon_core.environment:checking '/home/fu941/TDK_ros/install/mainspace' for CMake module files
[11.371s] Level 1:colcon.colcon_core.environment:checking '/home/fu941/TDK_ros/install/mainspace' for CMake config files
[11.381s] Level 1:colcon.colcon_core.shell:create_environment_hook('mainspace', 'cmake_prefix_path')
[11.385s] INFO:colcon.colcon_core.shell:Creating environment hook '/home/fu941/TDK_ros/install/mainspace/share/mainspace/hook/cmake_prefix_path.ps1'
[11.392s] INFO:colcon.colcon_core.shell:Creating environment descriptor '/home/fu941/TDK_ros/install/mainspace/share/mainspace/hook/cmake_prefix_path.dsv'
[11.399s] INFO:colcon.colcon_core.shell:Creating environment hook '/home/fu941/TDK_ros/install/mainspace/share/mainspace/hook/cmake_prefix_path.sh'
[11.413s] Level 1:colcon.colcon_core.environment:checking '/home/fu941/TDK_ros/install/mainspace/lib'
[11.415s] Level 1:colcon.colcon_core.shell:create_environment_hook('mainspace', 'ld_library_path_lib')
[11.419s] INFO:colcon.colcon_core.shell:Creating environment hook '/home/fu941/TDK_ros/install/mainspace/share/mainspace/hook/ld_library_path_lib.ps1'
[11.425s] INFO:colcon.colcon_core.shell:Creating environment descriptor '/home/fu941/TDK_ros/install/mainspace/share/mainspace/hook/ld_library_path_lib.dsv'
[11.431s] INFO:colcon.colcon_core.shell:Creating environment hook '/home/fu941/TDK_ros/install/mainspace/share/mainspace/hook/ld_library_path_lib.sh'
[11.437s] Level 1:colcon.colcon_core.environment:checking '/home/fu941/TDK_ros/install/mainspace/bin'
[11.438s] Level 1:colcon.colcon_core.environment:checking '/home/fu941/TDK_ros/install/mainspace/lib/pkgconfig/mainspace.pc'
[11.441s] Level 1:colcon.colcon_core.environment:checking '/home/fu941/TDK_ros/install/mainspace/lib/python3.10/site-packages'
[11.444s] Level 1:colcon.colcon_core.environment:checking '/home/fu941/TDK_ros/install/mainspace/bin'
[11.447s] INFO:colcon.colcon_core.shell:Creating package script '/home/fu941/TDK_ros/install/mainspace/share/mainspace/package.ps1'
[11.457s] INFO:colcon.colcon_core.shell:Creating package descriptor '/home/fu941/TDK_ros/install/mainspace/share/mainspace/package.dsv'
[11.465s] INFO:colcon.colcon_core.shell:Creating package script '/home/fu941/TDK_ros/install/mainspace/share/mainspace/package.sh'
[11.474s] INFO:colcon.colcon_core.shell:Creating package script '/home/fu941/TDK_ros/install/mainspace/share/mainspace/package.bash'
[11.484s] INFO:colcon.colcon_core.shell:Creating package script '/home/fu941/TDK_ros/install/mainspace/share/mainspace/package.zsh'
[11.494s] Level 1:colcon.colcon_core.environment:create_file_with_runtime_dependencies(/home/fu941/TDK_ros/install/mainspace/share/colcon-core/packages/mainspace)
[11.503s] Level 1:colcon.colcon_core.environment:create_environment_scripts_only(mainspace)
[11.505s] Level 1:colcon.colcon_core.environment:checking '/home/fu941/TDK_ros/install/mainspace' for CMake module files
[11.521s] Level 1:colcon.colcon_core.environment:checking '/home/fu941/TDK_ros/install/mainspace' for CMake config files
[11.530s] Level 1:colcon.colcon_core.shell:create_environment_hook('mainspace', 'cmake_prefix_path')
[11.533s] INFO:colcon.colcon_core.shell:Creating environment hook '/home/fu941/TDK_ros/install/mainspace/share/mainspace/hook/cmake_prefix_path.ps1'
[11.539s] INFO:colcon.colcon_core.shell:Creating environment descriptor '/home/fu941/TDK_ros/install/mainspace/share/mainspace/hook/cmake_prefix_path.dsv'
[11.544s] INFO:colcon.colcon_core.shell:Creating environment hook '/home/fu941/TDK_ros/install/mainspace/share/mainspace/hook/cmake_prefix_path.sh'
[11.551s] Level 1:colcon.colcon_core.environment:checking '/home/fu941/TDK_ros/install/mainspace/lib'
[11.553s] Level 1:colcon.colcon_core.shell:create_environment_hook('mainspace', 'ld_library_path_lib')
[11.555s] INFO:colcon.colcon_core.shell:Creating environment hook '/home/fu941/TDK_ros/install/mainspace/share/mainspace/hook/ld_library_path_lib.ps1'
[11.560s] INFO:colcon.colcon_core.shell:Creating environment descriptor '/home/fu941/TDK_ros/install/mainspace/share/mainspace/hook/ld_library_path_lib.dsv'
[11.566s] INFO:colcon.colcon_core.shell:Creating environment hook '/home/fu941/TDK_ros/install/mainspace/share/mainspace/hook/ld_library_path_lib.sh'
[11.571s] Level 1:colcon.colcon_core.environment:checking '/home/fu941/TDK_ros/install/mainspace/bin'
[11.572s] Level 1:colcon.colcon_core.environment:checking '/home/fu941/TDK_ros/install/mainspace/lib/pkgconfig/mainspace.pc'
[11.576s] Level 1:colcon.colcon_core.environment:checking '/home/fu941/TDK_ros/install/mainspace/lib/python3.10/site-packages'
[11.579s] Level 1:colcon.colcon_core.environment:checking '/home/fu941/TDK_ros/install/mainspace/bin'
[11.582s] INFO:colcon.colcon_core.shell:Creating package script '/home/fu941/TDK_ros/install/mainspace/share/mainspace/package.ps1'
[11.589s] INFO:colcon.colcon_core.shell:Creating package descriptor '/home/fu941/TDK_ros/install/mainspace/share/mainspace/package.dsv'
[11.596s] INFO:colcon.colcon_core.shell:Creating package script '/home/fu941/TDK_ros/install/mainspace/share/mainspace/package.sh'
[11.602s] INFO:colcon.colcon_core.shell:Creating package script '/home/fu941/TDK_ros/install/mainspace/share/mainspace/package.bash'
[11.608s] INFO:colcon.colcon_core.shell:Creating package script '/home/fu941/TDK_ros/install/mainspace/share/mainspace/package.zsh'
[11.615s] Level 1:colcon.colcon_core.environment:create_file_with_runtime_dependencies(/home/fu941/TDK_ros/install/mainspace/share/colcon-core/packages/mainspace)
[11.620s] INFO:colcon.colcon_ros.task.ament_cmake.build:Building ROS package in '/home/fu941/TDK_ros/src/camera' with build type 'ament_cmake'
[11.621s] INFO:colcon.colcon_cmake.task.cmake.build:Building CMake package in '/home/fu941/TDK_ros/src/camera'
[11.624s] INFO:colcon.colcon_core.shell:Skip shell extension 'powershell' for command environment: Not usable outside of PowerShell
[11.625s] DEBUG:colcon.colcon_core.shell:Skip shell extension 'dsv' for command environment
[11.772s] DEBUG:colcon.colcon_core.event_handler.log_command:Invoking command in '/home/fu941/TDK_ros/build/camera': CMAKE_PREFIX_PATH=/home/fu941/TDK_ros/install/mainspace:/home/fu941/TDK_ros/install/camera:/home/fu941/TDK_ros/install/SerialTest:/opt/ros/humble /usr/bin/cmake --build /home/fu941/TDK_ros/build/camera -- -j4 -l4
[12.820s] DEBUG:colcon.colcon_core.event_handler.log_command:Invoked command in '/home/fu941/TDK_ros/build/camera' returned '0': CMAKE_PREFIX_PATH=/home/fu941/TDK_ros/install/mainspace:/home/fu941/TDK_ros/install/camera:/home/fu941/TDK_ros/install/SerialTest:/opt/ros/humble /usr/bin/cmake --build /home/fu941/TDK_ros/build/camera -- -j4 -l4
[12.843s] DEBUG:colcon.colcon_core.event_handler.log_command:Invoking command in '/home/fu941/TDK_ros/build/camera': CMAKE_PREFIX_PATH=/home/fu941/TDK_ros/install/mainspace:/home/fu941/TDK_ros/install/camera:/home/fu941/TDK_ros/install/SerialTest:/opt/ros/humble /usr/bin/cmake --install /home/fu941/TDK_ros/build/camera
[12.971s] Level 1:colcon.colcon_core.environment:create_environment_scripts_only(camera)
[12.973s] Level 1:colcon.colcon_core.environment:checking '/home/fu941/TDK_ros/install/camera' for CMake module files
[12.978s] DEBUG:colcon.colcon_core.event_handler.log_command:Invoked command in '/home/fu941/TDK_ros/build/camera' returned '0': CMAKE_PREFIX_PATH=/home/fu941/TDK_ros/install/mainspace:/home/fu941/TDK_ros/install/camera:/home/fu941/TDK_ros/install/SerialTest:/opt/ros/humble /usr/bin/cmake --install /home/fu941/TDK_ros/build/camera
[12.985s] Level 1:colcon.colcon_core.environment:checking '/home/fu941/TDK_ros/install/camera' for CMake config files
[12.988s] Level 1:colcon.colcon_core.shell:create_environment_hook('camera', 'cmake_prefix_path')
[12.991s] INFO:colcon.colcon_core.shell:Creating environment hook '/home/fu941/TDK_ros/install/camera/share/camera/hook/cmake_prefix_path.ps1'
[12.996s] INFO:colcon.colcon_core.shell:Creating environment descriptor '/home/fu941/TDK_ros/install/camera/share/camera/hook/cmake_prefix_path.dsv'
[13.000s] INFO:colcon.colcon_core.shell:Creating environment hook '/home/fu941/TDK_ros/install/camera/share/camera/hook/cmake_prefix_path.sh'
[13.008s] Level 1:colcon.colcon_core.environment:checking '/home/fu941/TDK_ros/install/camera/lib'
[13.009s] Level 1:colcon.colcon_core.environment:checking '/home/fu941/TDK_ros/install/camera/bin'
[13.010s] Level 1:colcon.colcon_core.environment:checking '/home/fu941/TDK_ros/install/camera/lib/pkgconfig/camera.pc'
[13.013s] Level 1:colcon.colcon_core.environment:checking '/home/fu941/TDK_ros/install/camera/lib/python3.10/site-packages'
[13.015s] Level 1:colcon.colcon_core.environment:checking '/home/fu941/TDK_ros/install/camera/bin'
[13.018s] INFO:colcon.colcon_core.shell:Creating package script '/home/fu941/TDK_ros/install/camera/share/camera/package.ps1'
[13.025s] INFO:colcon.colcon_core.shell:Creating package descriptor '/home/fu941/TDK_ros/install/camera/share/camera/package.dsv'
[13.030s] INFO:colcon.colcon_core.shell:Creating package script '/home/fu941/TDK_ros/install/camera/share/camera/package.sh'
[13.036s] INFO:colcon.colcon_core.shell:Creating package script '/home/fu941/TDK_ros/install/camera/share/camera/package.bash'
[13.040s] INFO:colcon.colcon_core.shell:Creating package script '/home/fu941/TDK_ros/install/camera/share/camera/package.zsh'
[13.045s] Level 1:colcon.colcon_core.environment:create_file_with_runtime_dependencies(/home/fu941/TDK_ros/install/camera/share/colcon-core/packages/camera)
[13.051s] Level 1:colcon.colcon_core.environment:create_environment_scripts_only(camera)
[13.054s] Level 1:colcon.colcon_core.environment:checking '/home/fu941/TDK_ros/install/camera' for CMake module files
[13.062s] Level 1:colcon.colcon_core.environment:checking '/home/fu941/TDK_ros/install/camera' for CMake config files
[13.066s] Level 1:colcon.colcon_core.shell:create_environment_hook('camera', 'cmake_prefix_path')
[13.068s] INFO:colcon.colcon_core.shell:Creating environment hook '/home/fu941/TDK_ros/install/camera/share/camera/hook/cmake_prefix_path.ps1'
[13.072s] INFO:colcon.colcon_core.shell:Creating environment descriptor '/home/fu941/TDK_ros/install/camera/share/camera/hook/cmake_prefix_path.dsv'
[13.077s] INFO:colcon.colcon_core.shell:Creating environment hook '/home/fu941/TDK_ros/install/camera/share/camera/hook/cmake_prefix_path.sh'
[13.083s] Level 1:colcon.colcon_core.environment:checking '/home/fu941/TDK_ros/install/camera/lib'
[13.084s] Level 1:colcon.colcon_core.environment:checking '/home/fu941/TDK_ros/install/camera/bin'
[13.084s] Level 1:colcon.colcon_core.environment:checking '/home/fu941/TDK_ros/install/camera/lib/pkgconfig/camera.pc'
[13.087s] Level 1:colcon.colcon_core.environment:checking '/home/fu941/TDK_ros/install/camera/lib/python3.10/site-packages'
[13.089s] Level 1:colcon.colcon_core.environment:checking '/home/fu941/TDK_ros/install/camera/bin'
[13.092s] INFO:colcon.colcon_core.shell:Creating package script '/home/fu941/TDK_ros/install/camera/share/camera/package.ps1'
[13.097s] INFO:colcon.colcon_core.shell:Creating package descriptor '/home/fu941/TDK_ros/install/camera/share/camera/package.dsv'
[13.103s] INFO:colcon.colcon_core.shell:Creating package script '/home/fu941/TDK_ros/install/camera/share/camera/package.sh'
[13.108s] INFO:colcon.colcon_core.shell:Creating package script '/home/fu941/TDK_ros/install/camera/share/camera/package.bash'
[13.113s] INFO:colcon.colcon_core.shell:Creating package script '/home/fu941/TDK_ros/install/camera/share/camera/package.zsh'
[13.118s] Level 1:colcon.colcon_core.environment:create_file_with_runtime_dependencies(/home/fu941/TDK_ros/install/camera/share/colcon-core/packages/camera)
[13.121s] INFO:colcon.colcon_ros.task.ament_python.build:Building ROS package in '/home/fu941/TDK_ros/src/SerialTest' with build type 'ament_python'
[13.123s] Level 1:colcon.colcon_core.shell:create_environment_hook('SerialTest', 'ament_prefix_path')
[13.125s] INFO:colcon.colcon_core.shell:Creating environment hook '/home/fu941/TDK_ros/install/SerialTest/share/SerialTest/hook/ament_prefix_path.ps1'
[13.132s] INFO:colcon.colcon_core.shell:Creating environment descriptor '/home/fu941/TDK_ros/install/SerialTest/share/SerialTest/hook/ament_prefix_path.dsv'
[13.139s] INFO:colcon.colcon_core.shell:Creating environment hook '/home/fu941/TDK_ros/install/SerialTest/share/SerialTest/hook/ament_prefix_path.sh'
[13.146s] INFO:colcon.colcon_core.shell:Skip shell extension 'powershell' for command environment: Not usable outside of PowerShell
[13.146s] DEBUG:colcon.colcon_core.shell:Skip shell extension 'dsv' for command environment
[16.223s] INFO:colcon.colcon_core.task.python.build:Building Python package in '/home/fu941/TDK_ros/src/SerialTest'
[16.226s] INFO:colcon.colcon_core.shell:Skip shell extension 'powershell' for command environment: Not usable outside of PowerShell
[16.227s] DEBUG:colcon.colcon_core.shell:Skip shell extension 'dsv' for command environment
[20.303s] DEBUG:colcon.colcon_core.event_handler.log_command:Invoking command in '/home/fu941/TDK_ros/src/SerialTest': PYTHONPATH=/home/fu941/TDK_ros/build/SerialTest/prefix_override:/usr/lib/python3/dist-packages/colcon_core/task/python/colcon_distutils_commands:/home/fu941/TDK_ros/install/SerialTest/lib/python3.10/site-packages:${PYTHONPATH} /usr/bin/python3 -W ignore:setup.py install is deprecated -W ignore:easy_install command is deprecated setup.py egg_info --egg-base ../../build/SerialTest build --build-base /home/fu941/TDK_ros/build/SerialTest/build install --record /home/fu941/TDK_ros/build/SerialTest/install.log --single-version-externally-managed install_data
[23.723s] Level 1:colcon.colcon_core.environment:checking '/home/fu941/TDK_ros/install/SerialTest' for CMake module files
[23.728s] DEBUG:colcon.colcon_core.event_handler.log_command:Invoked command in '/home/fu941/TDK_ros/src/SerialTest' returned '0': PYTHONPATH=/home/fu941/TDK_ros/build/SerialTest/prefix_override:/usr/lib/python3/dist-packages/colcon_core/task/python/colcon_distutils_commands:/home/fu941/TDK_ros/install/SerialTest/lib/python3.10/site-packages:${PYTHONPATH} /usr/bin/python3 -W ignore:setup.py install is deprecated -W ignore:easy_install command is deprecated setup.py egg_info --egg-base ../../build/SerialTest build --build-base /home/fu941/TDK_ros/build/SerialTest/build install --record /home/fu941/TDK_ros/build/SerialTest/install.log --single-version-externally-managed install_data
[23.733s] Level 1:colcon.colcon_core.environment:checking '/home/fu941/TDK_ros/install/SerialTest' for CMake config files
[23.742s] Level 1:colcon.colcon_core.environment:checking '/home/fu941/TDK_ros/install/SerialTest/lib'
[23.743s] Level 1:colcon.colcon_core.environment:checking '/home/fu941/TDK_ros/install/SerialTest/bin'
[23.744s] Level 1:colcon.colcon_core.environment:checking '/home/fu941/TDK_ros/install/SerialTest/lib/pkgconfig/SerialTest.pc'
[23.747s] Level 1:colcon.colcon_core.environment:checking '/home/fu941/TDK_ros/install/SerialTest/lib/python3.10/site-packages'
[23.747s] Level 1:colcon.colcon_core.shell:create_environment_hook('SerialTest', 'pythonpath')
[23.749s] INFO:colcon.colcon_core.shell:Creating environment hook '/home/fu941/TDK_ros/install/SerialTest/share/SerialTest/hook/pythonpath.ps1'
[23.754s] INFO:colcon.colcon_core.shell:Creating environment descriptor '/home/fu941/TDK_ros/install/SerialTest/share/SerialTest/hook/pythonpath.dsv'
[23.758s] INFO:colcon.colcon_core.shell:Creating environment hook '/home/fu941/TDK_ros/install/SerialTest/share/SerialTest/hook/pythonpath.sh'
[23.764s] Level 1:colcon.colcon_core.environment:checking '/home/fu941/TDK_ros/install/SerialTest/bin'
[23.765s] Level 1:colcon.colcon_core.environment:create_environment_scripts_only(SerialTest)
[23.768s] INFO:colcon.colcon_core.shell:Creating package script '/home/fu941/TDK_ros/install/SerialTest/share/SerialTest/package.ps1'
[23.774s] INFO:colcon.colcon_core.shell:Creating package descriptor '/home/fu941/TDK_ros/install/SerialTest/share/SerialTest/package.dsv'
[23.779s] INFO:colcon.colcon_core.shell:Creating package script '/home/fu941/TDK_ros/install/SerialTest/share/SerialTest/package.sh'
[23.787s] INFO:colcon.colcon_core.shell:Creating package script '/home/fu941/TDK_ros/install/SerialTest/share/SerialTest/package.bash'
[23.793s] INFO:colcon.colcon_core.shell:Creating package script '/home/fu941/TDK_ros/install/SerialTest/share/SerialTest/package.zsh'
[23.797s] Level 1:colcon.colcon_core.environment:create_file_with_runtime_dependencies(/home/fu941/TDK_ros/install/SerialTest/share/colcon-core/packages/SerialTest)
[23.801s] DEBUG:colcon.colcon_parallel_executor.executor.parallel:closing loop
[23.805s] DEBUG:colcon.colcon_parallel_executor.executor.parallel:loop closed
[23.806s] DEBUG:colcon.colcon_parallel_executor.executor.parallel:run_until_complete finished with '0'
[23.806s] DEBUG:colcon.colcon_core.event_reactor:joining thread
[23.861s] INFO:colcon.colcon_core.plugin_system:Skipping extension 'colcon_notification.desktop_notification.notify_send': Could not find 'notify-send'
[23.862s] INFO:colcon.colcon_core.plugin_system:Skipping extension 'colcon_notification.desktop_notification.terminal_notifier': Not used on non-Darwin systems
[23.863s] INFO:colcon.colcon_core.plugin_system:Skipping extension 'colcon_notification.desktop_notification.win32': Not used on non-Windows systems
[23.863s] INFO:colcon.colcon_notification.desktop_notification:Sending desktop notification using 'notify2'
[23.870s] DEBUG:colcon.colcon_notification.desktop_notification.notify2:Failed to initialize notify2: org.freedesktop.DBus.Error.ServiceUnknown: The name org.freedesktop.Notifications was not provided by any .service files
[23.871s] DEBUG:colcon.colcon_core.event_reactor:joined thread
[23.873s] INFO:colcon.colcon_core.shell:Creating prefix script '/home/fu941/TDK_ros/install/local_setup.ps1'
[23.883s] INFO:colcon.colcon_core.shell:Creating prefix util module '/home/fu941/TDK_ros/install/_local_setup_util_ps1.py'
[23.899s] INFO:colcon.colcon_core.shell:Creating prefix chain script '/home/fu941/TDK_ros/install/setup.ps1'
[23.912s] INFO:colcon.colcon_core.shell:Creating prefix script '/home/fu941/TDK_ros/install/local_setup.sh'
[23.918s] INFO:colcon.colcon_core.shell:Creating prefix util module '/home/fu941/TDK_ros/install/_local_setup_util_sh.py'
[23.925s] INFO:colcon.colcon_core.shell:Creating prefix chain script '/home/fu941/TDK_ros/install/setup.sh'
[23.938s] INFO:colcon.colcon_core.shell:Creating prefix script '/home/fu941/TDK_ros/install/local_setup.bash'
[23.944s] INFO:colcon.colcon_core.shell:Creating prefix chain script '/home/fu941/TDK_ros/install/setup.bash'
[23.958s] INFO:colcon.colcon_core.shell:Creating prefix script '/home/fu941/TDK_ros/install/local_setup.zsh'
[23.964s] INFO:colcon.colcon_core.shell:Creating prefix chain script '/home/fu941/TDK_ros/install/setup.zsh'
